ERROR - 2022-08-13 07:33:52 --> Error connecting to the database: No connection could be made because the target machine actively refused it.

CRITICAL - 2022-08-13 07:33:52 --> Unable to connect to the database.
Main connection [MySQLi]: No connection could be made because the target machine actively refused it.

#0 C:\Users\XIANGLU\Desktop\Rakha\projectRakha\system\Database\BaseConnection.php(577): CodeIgniter\Database\BaseConnection->initialize()
#1 C:\Users\XIANGLU\Desktop\Rakha\projectRakha\system\Database\BaseBuilder.php(1455): CodeIgniter\Database\BaseConnection->query('SELECT *\nFROM `...', Array, false)
#2 C:\Users\XIANGLU\Desktop\Rakha\projectRakha\system\Model.php(183): CodeIgniter\Database\BaseBuilder->get()
#3 C:\Users\XIANGLU\Desktop\Rakha\projectRakha\system\BaseModel.php(584): CodeIgniter\Model->doFindAll(0, 0)
#4 C:\Users\XIANGLU\Desktop\Rakha\projectRakha\app\Models\AccountModel.php(31): CodeIgniter\BaseModel->findAll()
#5 C:\Users\XIANGLU\Desktop\Rakha\projectRakha\app\Controllers\Admin.php(17): App\Models\AccountModel->getAdmin()
#6 C:\Users\XIANGLU\Desktop\Rakha\projectRakha\system\CodeIgniter.php(832): App\Controllers\Admin->index()
#7 C:\Users\XIANGLU\Desktop\Rakha\projectRakha\system\CodeIgniter.php(419): CodeIgniter\CodeIgniter->runController(Object(App\Controllers\Admin))
#8 C:\Users\XIANGLU\Desktop\Rakha\projectRakha\system\CodeIgniter.php(326): CodeIgniter\CodeIgniter->handleRequest(NULL, Object(Config\Cache), false)
#9 C:\Users\XIANGLU\Desktop\Rakha\projectRakha\public\index.php(37): CodeIgniter\CodeIgniter->run()
#10 C:\Users\XIANGLU\Desktop\Rakha\projectRakha\system\Commands\Server\rewrite.php(43): require_once('C:\\Users\\XIANGL...')
#11 {main}
ERROR - 2022-08-13 07:34:57 --> Error connecting to the database: No connection could be made because the target machine actively refused it.

CRITICAL - 2022-08-13 07:34:57 --> Unable to connect to the database.
Main connection [MySQLi]: No connection could be made because the target machine actively refused it.

#0 C:\Users\XIANGLU\Desktop\Rakha\projectRakha\system\Database\BaseConnection.php(577): CodeIgniter\Database\BaseConnection->initialize()
#1 C:\Users\XIANGLU\Desktop\Rakha\projectRakha\system\Database\BaseBuilder.php(1455): CodeIgniter\Database\BaseConnection->query('SELECT *\nFROM `...', Array, false)
#2 C:\Users\XIANGLU\Desktop\Rakha\projectRakha\system\Model.php(183): CodeIgniter\Database\BaseBuilder->get()
#3 C:\Users\XIANGLU\Desktop\Rakha\projectRakha\system\BaseModel.php(584): CodeIgniter\Model->doFindAll(0, 0)
#4 C:\Users\XIANGLU\Desktop\Rakha\projectRakha\app\Models\AccountModel.php(31): CodeIgniter\BaseModel->findAll()
#5 C:\Users\XIANGLU\Desktop\Rakha\projectRakha\app\Controllers\Admin.php(17): App\Models\AccountModel->getAdmin()
#6 C:\Users\XIANGLU\Desktop\Rakha\projectRakha\system\CodeIgniter.php(832): App\Controllers\Admin->index()
#7 C:\Users\XIANGLU\Desktop\Rakha\projectRakha\system\CodeIgniter.php(419): CodeIgniter\CodeIgniter->runController(Object(App\Controllers\Admin))
#8 C:\Users\XIANGLU\Desktop\Rakha\projectRakha\system\CodeIgniter.php(326): CodeIgniter\CodeIgniter->handleRequest(NULL, Object(Config\Cache), false)
#9 C:\Users\XIANGLU\Desktop\Rakha\projectRakha\public\index.php(37): CodeIgniter\CodeIgniter->run()
#10 C:\Users\XIANGLU\Desktop\Rakha\projectRakha\system\Commands\Server\rewrite.php(43): require_once('C:\\Users\\XIANGL...')
#11 {main}
