CRITICAL - 2022-08-19 05:11:40 --> Undefined index: nik
#0 C:\Users\XIANGLU\Desktop\project kak eka\sidekat\app\Views\pages\adminView.php(52): CodeIgniter\Debug\Exceptions->errorHandler(8, 'Undefined index...', 'C:\\Users\\XIANGL...', 52, Array)
#1 C:\Users\XIANGLU\Desktop\project kak eka\sidekat\system\View\View.php(210): include('C:\\Users\\XIANGL...')
#2 C:\Users\XIANGLU\Desktop\project kak eka\sidekat\system\View\View.php(213): CodeIgniter\View\View->CodeIgniter\View\{closure}()
#3 C:\Users\XIANGLU\Desktop\project kak eka\sidekat\system\Common.php(1089): CodeIgniter\View\View->render('pages/adminView', Array, true)
#4 C:\Users\XIANGLU\Desktop\project kak eka\sidekat\app\Controllers\Admin.php(21): view('pages/adminView', Array)
#5 C:\Users\XIANGLU\Desktop\project kak eka\sidekat\system\CodeIgniter.php(832): App\Controllers\Admin->index()
#6 C:\Users\XIANGLU\Desktop\project kak eka\sidekat\system\CodeIgniter.php(419): CodeIgniter\CodeIgniter->runController(Object(App\Controllers\Admin))
#7 C:\Users\XIANGLU\Desktop\project kak eka\sidekat\system\CodeIgniter.php(326): CodeIgniter\CodeIgniter->handleRequest(NULL, Object(Config\Cache), false)
#8 C:\Users\XIANGLU\Desktop\project kak eka\sidekat\public\index.php(37): CodeIgniter\CodeIgniter->run()
#9 C:\Users\XIANGLU\Desktop\project kak eka\sidekat\system\Commands\Server\rewrite.php(43): require_once('C:\\Users\\XIANGL...')
#10 {main}
CRITICAL - 2022-08-19 05:12:04 --> Undefined index: nipk
#0 C:\Users\XIANGLU\Desktop\project kak eka\sidekat\app\Views\pages\adminView.php(52): CodeIgniter\Debug\Exceptions->errorHandler(8, 'Undefined index...', 'C:\\Users\\XIANGL...', 52, Array)
#1 C:\Users\XIANGLU\Desktop\project kak eka\sidekat\system\View\View.php(210): include('C:\\Users\\XIANGL...')
#2 C:\Users\XIANGLU\Desktop\project kak eka\sidekat\system\View\View.php(213): CodeIgniter\View\View->CodeIgniter\View\{closure}()
#3 C:\Users\XIANGLU\Desktop\project kak eka\sidekat\system\Common.php(1089): CodeIgniter\View\View->render('pages/adminView', Array, true)
#4 C:\Users\XIANGLU\Desktop\project kak eka\sidekat\app\Controllers\Admin.php(21): view('pages/adminView', Array)
#5 C:\Users\XIANGLU\Desktop\project kak eka\sidekat\system\CodeIgniter.php(832): App\Controllers\Admin->index()
#6 C:\Users\XIANGLU\Desktop\project kak eka\sidekat\system\CodeIgniter.php(419): CodeIgniter\CodeIgniter->runController(Object(App\Controllers\Admin))
#7 C:\Users\XIANGLU\Desktop\project kak eka\sidekat\system\CodeIgniter.php(326): CodeIgniter\CodeIgniter->handleRequest(NULL, Object(Config\Cache), false)
#8 C:\Users\XIANGLU\Desktop\project kak eka\sidekat\public\index.php(37): CodeIgniter\CodeIgniter->run()
#9 C:\Users\XIANGLU\Desktop\project kak eka\sidekat\system\Commands\Server\rewrite.php(43): require_once('C:\\Users\\XIANGL...')
#10 {main}
CRITICAL - 2022-08-19 05:12:14 --> Undefined index: nik
#0 C:\Users\XIANGLU\Desktop\project kak eka\sidekat\app\Views\pages\profileView.php(36): CodeIgniter\Debug\Exceptions->errorHandler(8, 'Undefined index...', 'C:\\Users\\XIANGL...', 36, Array)
#1 C:\Users\XIANGLU\Desktop\project kak eka\sidekat\system\View\View.php(210): include('C:\\Users\\XIANGL...')
#2 C:\Users\XIANGLU\Desktop\project kak eka\sidekat\system\View\View.php(213): CodeIgniter\View\View->CodeIgniter\View\{closure}()
#3 C:\Users\XIANGLU\Desktop\project kak eka\sidekat\system\Common.php(1089): CodeIgniter\View\View->render('pages/profileVi...', Array, true)
#4 C:\Users\XIANGLU\Desktop\project kak eka\sidekat\app\Controllers\Profile.php(17): view('pages/profileVi...', Array)
#5 C:\Users\XIANGLU\Desktop\project kak eka\sidekat\system\CodeIgniter.php(832): App\Controllers\Profile->index('21')
#6 C:\Users\XIANGLU\Desktop\project kak eka\sidekat\system\CodeIgniter.php(419): CodeIgniter\CodeIgniter->runController(Object(App\Controllers\Profile))
#7 C:\Users\XIANGLU\Desktop\project kak eka\sidekat\system\CodeIgniter.php(326): CodeIgniter\CodeIgniter->handleRequest(NULL, Object(Config\Cache), false)
#8 C:\Users\XIANGLU\Desktop\project kak eka\sidekat\public\index.php(37): CodeIgniter\CodeIgniter->run()
#9 C:\Users\XIANGLU\Desktop\project kak eka\sidekat\system\Commands\Server\rewrite.php(43): require_once('C:\\Users\\XIANGL...')
#10 {main}
CRITICAL - 2022-08-19 05:12:36 --> Undefined index: nik
#0 C:\Users\XIANGLU\Desktop\project kak eka\sidekat\app\Views\pages\accountDetail.php(36): CodeIgniter\Debug\Exceptions->errorHandler(8, 'Undefined index...', 'C:\\Users\\XIANGL...', 36, Array)
#1 C:\Users\XIANGLU\Desktop\project kak eka\sidekat\system\View\View.php(210): include('C:\\Users\\XIANGL...')
#2 C:\Users\XIANGLU\Desktop\project kak eka\sidekat\system\View\View.php(213): CodeIgniter\View\View->CodeIgniter\View\{closure}()
#3 C:\Users\XIANGLU\Desktop\project kak eka\sidekat\system\Common.php(1089): CodeIgniter\View\View->render('pages/accountDe...', Array, true)
#4 C:\Users\XIANGLU\Desktop\project kak eka\sidekat\app\Controllers\Admin.php(33): view('pages/accountDe...', Array)
#5 C:\Users\XIANGLU\Desktop\project kak eka\sidekat\system\CodeIgniter.php(832): App\Controllers\Admin->detail('21')
#6 C:\Users\XIANGLU\Desktop\project kak eka\sidekat\system\CodeIgniter.php(419): CodeIgniter\CodeIgniter->runController(Object(App\Controllers\Admin))
#7 C:\Users\XIANGLU\Desktop\project kak eka\sidekat\system\CodeIgniter.php(326): CodeIgniter\CodeIgniter->handleRequest(NULL, Object(Config\Cache), false)
#8 C:\Users\XIANGLU\Desktop\project kak eka\sidekat\public\index.php(37): CodeIgniter\CodeIgniter->run()
#9 C:\Users\XIANGLU\Desktop\project kak eka\sidekat\system\Commands\Server\rewrite.php(43): require_once('C:\\Users\\XIANGL...')
#10 {main}
CRITICAL - 2022-08-19 05:19:16 --> Undefined index: nip  
#0 C:\Users\XIANGLU\Desktop\project kak eka\sidekat\app\Views\pages\profileView.php(34): CodeIgniter\Debug\Exceptions->errorHandler(8, 'Undefined index...', 'C:\\Users\\XIANGL...', 34, Array)
#1 C:\Users\XIANGLU\Desktop\project kak eka\sidekat\system\View\View.php(210): include('C:\\Users\\XIANGL...')
#2 C:\Users\XIANGLU\Desktop\project kak eka\sidekat\system\View\View.php(213): CodeIgniter\View\View->CodeIgniter\View\{closure}()
#3 C:\Users\XIANGLU\Desktop\project kak eka\sidekat\system\Common.php(1089): CodeIgniter\View\View->render('pages/profileVi...', Array, true)
#4 C:\Users\XIANGLU\Desktop\project kak eka\sidekat\app\Controllers\Profile.php(17): view('pages/profileVi...', Array)
#5 C:\Users\XIANGLU\Desktop\project kak eka\sidekat\system\CodeIgniter.php(832): App\Controllers\Profile->index('21')
#6 C:\Users\XIANGLU\Desktop\project kak eka\sidekat\system\CodeIgniter.php(419): CodeIgniter\CodeIgniter->runController(Object(App\Controllers\Profile))
#7 C:\Users\XIANGLU\Desktop\project kak eka\sidekat\system\CodeIgniter.php(326): CodeIgniter\CodeIgniter->handleRequest(NULL, Object(Config\Cache), false)
#8 C:\Users\XIANGLU\Desktop\project kak eka\sidekat\public\index.php(37): CodeIgniter\CodeIgniter->run()
#9 C:\Users\XIANGLU\Desktop\project kak eka\sidekat\system\Commands\Server\rewrite.php(43): require_once('C:\\Users\\XIANGL...')
#10 {main}
CRITICAL - 2022-08-19 05:21:11 --> Undefined variable: user
#0 C:\Users\XIANGLU\Desktop\project kak eka\sidekat\app\Views\pages\accountDetail.php(20): CodeIgniter\Debug\Exceptions->errorHandler(8, 'Undefined varia...', 'C:\\Users\\XIANGL...', 20, Array)
#1 C:\Users\XIANGLU\Desktop\project kak eka\sidekat\system\View\View.php(210): include('C:\\Users\\XIANGL...')
#2 C:\Users\XIANGLU\Desktop\project kak eka\sidekat\system\View\View.php(213): CodeIgniter\View\View->CodeIgniter\View\{closure}()
#3 C:\Users\XIANGLU\Desktop\project kak eka\sidekat\system\Common.php(1089): CodeIgniter\View\View->render('pages/accountDe...', Array, true)
#4 C:\Users\XIANGLU\Desktop\project kak eka\sidekat\app\Controllers\Admin.php(33): view('pages/accountDe...', Array)
#5 C:\Users\XIANGLU\Desktop\project kak eka\sidekat\system\CodeIgniter.php(832): App\Controllers\Admin->detail('21')
#6 C:\Users\XIANGLU\Desktop\project kak eka\sidekat\system\CodeIgniter.php(419): CodeIgniter\CodeIgniter->runController(Object(App\Controllers\Admin))
#7 C:\Users\XIANGLU\Desktop\project kak eka\sidekat\system\CodeIgniter.php(326): CodeIgniter\CodeIgniter->handleRequest(NULL, Object(Config\Cache), false)
#8 C:\Users\XIANGLU\Desktop\project kak eka\sidekat\public\index.php(37): CodeIgniter\CodeIgniter->run()
#9 C:\Users\XIANGLU\Desktop\project kak eka\sidekat\system\Commands\Server\rewrite.php(43): require_once('C:\\Users\\XIANGL...')
#10 {main}
CRITICAL - 2022-08-19 18:12:50 --> Undefined index: jeneis_kelamin
#0 C:\Users\XIANGLU\Desktop\project kak eka\sidekat\app\Views\pages\accountDetail.php(44): CodeIgniter\Debug\Exceptions->errorHandler(8, 'Undefined index...', 'C:\\Users\\XIANGL...', 44, Array)
#1 C:\Users\XIANGLU\Desktop\project kak eka\sidekat\system\View\View.php(210): include('C:\\Users\\XIANGL...')
#2 C:\Users\XIANGLU\Desktop\project kak eka\sidekat\system\View\View.php(213): CodeIgniter\View\View->CodeIgniter\View\{closure}()
#3 C:\Users\XIANGLU\Desktop\project kak eka\sidekat\system\Common.php(1089): CodeIgniter\View\View->render('pages/accountDe...', Array, true)
#4 C:\Users\XIANGLU\Desktop\project kak eka\sidekat\app\Controllers\Admin.php(33): view('pages/accountDe...', Array)
#5 C:\Users\XIANGLU\Desktop\project kak eka\sidekat\system\CodeIgniter.php(832): App\Controllers\Admin->detail('26')
#6 C:\Users\XIANGLU\Desktop\project kak eka\sidekat\system\CodeIgniter.php(419): CodeIgniter\CodeIgniter->runController(Object(App\Controllers\Admin))
#7 C:\Users\XIANGLU\Desktop\project kak eka\sidekat\system\CodeIgniter.php(326): CodeIgniter\CodeIgniter->handleRequest(NULL, Object(Config\Cache), false)
#8 C:\Users\XIANGLU\Desktop\project kak eka\sidekat\public\index.php(37): CodeIgniter\CodeIgniter->run()
#9 C:\Users\XIANGLU\Desktop\project kak eka\sidekat\system\Commands\Server\rewrite.php(43): require_once('C:\\Users\\XIANGL...')
#10 {main}
CRITICAL - 2022-08-19 18:19:48 --> Undefined index: nik
#0 C:\Users\XIANGLU\Desktop\project kak eka\sidekat\app\Views\pages\accountEdit.php(23): CodeIgniter\Debug\Exceptions->errorHandler(8, 'Undefined index...', 'C:\\Users\\XIANGL...', 23, Array)
#1 C:\Users\XIANGLU\Desktop\project kak eka\sidekat\system\View\View.php(210): include('C:\\Users\\XIANGL...')
#2 C:\Users\XIANGLU\Desktop\project kak eka\sidekat\system\View\View.php(213): CodeIgniter\View\View->CodeIgniter\View\{closure}()
#3 C:\Users\XIANGLU\Desktop\project kak eka\sidekat\system\Common.php(1089): CodeIgniter\View\View->render('pages/accountEd...', Array, true)
#4 C:\Users\XIANGLU\Desktop\project kak eka\sidekat\app\Controllers\Admin.php(150): view('pages/accountEd...', Array)
#5 C:\Users\XIANGLU\Desktop\project kak eka\sidekat\system\CodeIgniter.php(832): App\Controllers\Admin->edit('29')
#6 C:\Users\XIANGLU\Desktop\project kak eka\sidekat\system\CodeIgniter.php(419): CodeIgniter\CodeIgniter->runController(Object(App\Controllers\Admin))
#7 C:\Users\XIANGLU\Desktop\project kak eka\sidekat\system\CodeIgniter.php(326): CodeIgniter\CodeIgniter->handleRequest(NULL, Object(Config\Cache), false)
#8 C:\Users\XIANGLU\Desktop\project kak eka\sidekat\public\index.php(37): CodeIgniter\CodeIgniter->run()
#9 C:\Users\XIANGLU\Desktop\project kak eka\sidekat\system\Commands\Server\rewrite.php(43): require_once('C:\\Users\\XIANGL...')
#10 {main}
CRITICAL - 2022-08-19 18:23:14 --> Undefined variable: jabatan
#0 C:\Users\XIANGLU\Desktop\project kak eka\sidekat\app\Views\pages\accountEdit.php(43): CodeIgniter\Debug\Exceptions->errorHandler(8, 'Undefined varia...', 'C:\\Users\\XIANGL...', 43, Array)
#1 C:\Users\XIANGLU\Desktop\project kak eka\sidekat\system\View\View.php(210): include('C:\\Users\\XIANGL...')
#2 C:\Users\XIANGLU\Desktop\project kak eka\sidekat\system\View\View.php(213): CodeIgniter\View\View->CodeIgniter\View\{closure}()
#3 C:\Users\XIANGLU\Desktop\project kak eka\sidekat\system\Common.php(1089): CodeIgniter\View\View->render('pages/accountEd...', Array, true)
#4 C:\Users\XIANGLU\Desktop\project kak eka\sidekat\app\Controllers\Admin.php(150): view('pages/accountEd...', Array)
#5 C:\Users\XIANGLU\Desktop\project kak eka\sidekat\system\CodeIgniter.php(832): App\Controllers\Admin->edit('29')
#6 C:\Users\XIANGLU\Desktop\project kak eka\sidekat\system\CodeIgniter.php(419): CodeIgniter\CodeIgniter->runController(Object(App\Controllers\Admin))
#7 C:\Users\XIANGLU\Desktop\project kak eka\sidekat\system\CodeIgniter.php(326): CodeIgniter\CodeIgniter->handleRequest(NULL, Object(Config\Cache), false)
#8 C:\Users\XIANGLU\Desktop\project kak eka\sidekat\public\index.php(37): CodeIgniter\CodeIgniter->run()
#9 C:\Users\XIANGLU\Desktop\project kak eka\sidekat\system\Commands\Server\rewrite.php(43): require_once('C:\\Users\\XIANGL...')
#10 {main}
CRITICAL - 2022-08-19 18:31:32 --> Too few arguments to function App\Controllers\Admin::edit(), 0 passed in C:\Users\XIANGLU\Desktop\project kak eka\sidekat\system\CodeIgniter.php on line 832 and exactly 1 expected
#0 C:\Users\XIANGLU\Desktop\project kak eka\sidekat\system\CodeIgniter.php(832): App\Controllers\Admin->edit()
#1 C:\Users\XIANGLU\Desktop\project kak eka\sidekat\system\CodeIgniter.php(419): CodeIgniter\CodeIgniter->runController(Object(App\Controllers\Admin))
#2 C:\Users\XIANGLU\Desktop\project kak eka\sidekat\system\CodeIgniter.php(326): CodeIgniter\CodeIgniter->handleRequest(NULL, Object(Config\Cache), false)
#3 C:\Users\XIANGLU\Desktop\project kak eka\sidekat\public\index.php(37): CodeIgniter\CodeIgniter->run()
#4 C:\Users\XIANGLU\Desktop\project kak eka\sidekat\system\Commands\Server\rewrite.php(43): require_once('C:\\Users\\XIANGL...')
#5 {main}
CRITICAL - 2022-08-19 18:34:00 --> Too few arguments to function App\Controllers\Admin::edit(), 0 passed in C:\Users\XIANGLU\Desktop\project kak eka\sidekat\system\CodeIgniter.php on line 832 and exactly 1 expected
#0 C:\Users\XIANGLU\Desktop\project kak eka\sidekat\system\CodeIgniter.php(832): App\Controllers\Admin->edit()
#1 C:\Users\XIANGLU\Desktop\project kak eka\sidekat\system\CodeIgniter.php(419): CodeIgniter\CodeIgniter->runController(Object(App\Controllers\Admin))
#2 C:\Users\XIANGLU\Desktop\project kak eka\sidekat\system\CodeIgniter.php(326): CodeIgniter\CodeIgniter->handleRequest(NULL, Object(Config\Cache), false)
#3 C:\Users\XIANGLU\Desktop\project kak eka\sidekat\public\index.php(37): CodeIgniter\CodeIgniter->run()
#4 C:\Users\XIANGLU\Desktop\project kak eka\sidekat\system\Commands\Server\rewrite.php(43): require_once('C:\\Users\\XIANGL...')
#5 {main}
CRITICAL - 2022-08-19 18:40:57 --> Too few arguments to function App\Controllers\Admin::edit(), 0 passed in C:\Users\XIANGLU\Desktop\project kak eka\sidekat\system\CodeIgniter.php on line 832 and exactly 1 expected
#0 C:\Users\XIANGLU\Desktop\project kak eka\sidekat\system\CodeIgniter.php(832): App\Controllers\Admin->edit()
#1 C:\Users\XIANGLU\Desktop\project kak eka\sidekat\system\CodeIgniter.php(419): CodeIgniter\CodeIgniter->runController(Object(App\Controllers\Admin))
#2 C:\Users\XIANGLU\Desktop\project kak eka\sidekat\system\CodeIgniter.php(326): CodeIgniter\CodeIgniter->handleRequest(NULL, Object(Config\Cache), false)
#3 C:\Users\XIANGLU\Desktop\project kak eka\sidekat\public\index.php(37): CodeIgniter\CodeIgniter->run()
#4 C:\Users\XIANGLU\Desktop\project kak eka\sidekat\system\Commands\Server\rewrite.php(43): require_once('C:\\Users\\XIANGL...')
#5 {main}
CRITICAL - 2022-08-19 18:54:09 --> syntax error, unexpected '='
#0 C:\Users\XIANGLU\Desktop\project kak eka\sidekat\system\View\View.php(213): CodeIgniter\View\View->CodeIgniter\View\{closure}()
#1 C:\Users\XIANGLU\Desktop\project kak eka\sidekat\system\Common.php(1089): CodeIgniter\View\View->render('pages/accountEd...', Array, true)
#2 C:\Users\XIANGLU\Desktop\project kak eka\sidekat\app\Controllers\Admin.php(153): view('pages/accountEd...', Array)
#3 C:\Users\XIANGLU\Desktop\project kak eka\sidekat\system\CodeIgniter.php(832): App\Controllers\Admin->edit('29')
#4 C:\Users\XIANGLU\Desktop\project kak eka\sidekat\system\CodeIgniter.php(419): CodeIgniter\CodeIgniter->runController(Object(App\Controllers\Admin))
#5 C:\Users\XIANGLU\Desktop\project kak eka\sidekat\system\CodeIgniter.php(326): CodeIgniter\CodeIgniter->handleRequest(NULL, Object(Config\Cache), false)
#6 C:\Users\XIANGLU\Desktop\project kak eka\sidekat\public\index.php(37): CodeIgniter\CodeIgniter->run()
#7 C:\Users\XIANGLU\Desktop\project kak eka\sidekat\system\Commands\Server\rewrite.php(43): require_once('C:\\Users\\XIANGL...')
#8 {main}
CRITICAL - 2022-08-19 18:57:50 --> Trying to access array offset on value of type null
#0 C:\Users\XIANGLU\Desktop\project kak eka\sidekat\app\Views\pages\accountDetail.php(20): CodeIgniter\Debug\Exceptions->errorHandler(8, 'Trying to acces...', 'C:\\Users\\XIANGL...', 20, Array)
#1 C:\Users\XIANGLU\Desktop\project kak eka\sidekat\system\View\View.php(210): include('C:\\Users\\XIANGL...')
#2 C:\Users\XIANGLU\Desktop\project kak eka\sidekat\system\View\View.php(213): CodeIgniter\View\View->CodeIgniter\View\{closure}()
#3 C:\Users\XIANGLU\Desktop\project kak eka\sidekat\system\Common.php(1089): CodeIgniter\View\View->render('pages/accountDe...', Array, true)
#4 C:\Users\XIANGLU\Desktop\project kak eka\sidekat\app\Controllers\Admin.php(33): view('pages/accountDe...', Array)
#5 C:\Users\XIANGLU\Desktop\project kak eka\sidekat\system\CodeIgniter.php(832): App\Controllers\Admin->detail('29')
#6 C:\Users\XIANGLU\Desktop\project kak eka\sidekat\system\CodeIgniter.php(419): CodeIgniter\CodeIgniter->runController(Object(App\Controllers\Admin))
#7 C:\Users\XIANGLU\Desktop\project kak eka\sidekat\system\CodeIgniter.php(326): CodeIgniter\CodeIgniter->handleRequest(NULL, Object(Config\Cache), false)
#8 C:\Users\XIANGLU\Desktop\project kak eka\sidekat\public\index.php(37): CodeIgniter\CodeIgniter->run()
#9 C:\Users\XIANGLU\Desktop\project kak eka\sidekat\system\Commands\Server\rewrite.php(43): require_once('C:\\Users\\XIANGL...')
#10 {main}
CRITICAL - 2022-08-19 18:59:18 --> Trying to access array offset on value of type null
#0 C:\Users\XIANGLU\Desktop\project kak eka\sidekat\app\Views\pages\accountDetail.php(20): CodeIgniter\Debug\Exceptions->errorHandler(8, 'Trying to acces...', 'C:\\Users\\XIANGL...', 20, Array)
#1 C:\Users\XIANGLU\Desktop\project kak eka\sidekat\system\View\View.php(210): include('C:\\Users\\XIANGL...')
#2 C:\Users\XIANGLU\Desktop\project kak eka\sidekat\system\View\View.php(213): CodeIgniter\View\View->CodeIgniter\View\{closure}()
#3 C:\Users\XIANGLU\Desktop\project kak eka\sidekat\system\Common.php(1089): CodeIgniter\View\View->render('pages/accountDe...', Array, true)
#4 C:\Users\XIANGLU\Desktop\project kak eka\sidekat\app\Controllers\Admin.php(33): view('pages/accountDe...', Array)
#5 C:\Users\XIANGLU\Desktop\project kak eka\sidekat\system\CodeIgniter.php(832): App\Controllers\Admin->detail('29')
#6 C:\Users\XIANGLU\Desktop\project kak eka\sidekat\system\CodeIgniter.php(419): CodeIgniter\CodeIgniter->runController(Object(App\Controllers\Admin))
#7 C:\Users\XIANGLU\Desktop\project kak eka\sidekat\system\CodeIgniter.php(326): CodeIgniter\CodeIgniter->handleRequest(NULL, Object(Config\Cache), false)
#8 C:\Users\XIANGLU\Desktop\project kak eka\sidekat\public\index.php(37): CodeIgniter\CodeIgniter->run()
#9 C:\Users\XIANGLU\Desktop\project kak eka\sidekat\system\Commands\Server\rewrite.php(43): require_once('C:\\Users\\XIANGL...')
#10 {main}
CRITICAL - 2022-08-19 18:59:58 --> Trying to access array offset on value of type null
#0 C:\Users\XIANGLU\Desktop\project kak eka\sidekat\app\Views\pages\accountDetail.php(29): CodeIgniter\Debug\Exceptions->errorHandler(8, 'Trying to acces...', 'C:\\Users\\XIANGL...', 29, Array)
#1 C:\Users\XIANGLU\Desktop\project kak eka\sidekat\system\View\View.php(210): include('C:\\Users\\XIANGL...')
#2 C:\Users\XIANGLU\Desktop\project kak eka\sidekat\system\View\View.php(213): CodeIgniter\View\View->CodeIgniter\View\{closure}()
#3 C:\Users\XIANGLU\Desktop\project kak eka\sidekat\system\Common.php(1089): CodeIgniter\View\View->render('pages/accountDe...', Array, true)
#4 C:\Users\XIANGLU\Desktop\project kak eka\sidekat\app\Controllers\Admin.php(33): view('pages/accountDe...', Array)
#5 C:\Users\XIANGLU\Desktop\project kak eka\sidekat\system\CodeIgniter.php(832): App\Controllers\Admin->detail('29')
#6 C:\Users\XIANGLU\Desktop\project kak eka\sidekat\system\CodeIgniter.php(419): CodeIgniter\CodeIgniter->runController(Object(App\Controllers\Admin))
#7 C:\Users\XIANGLU\Desktop\project kak eka\sidekat\system\CodeIgniter.php(326): CodeIgniter\CodeIgniter->handleRequest(NULL, Object(Config\Cache), false)
#8 C:\Users\XIANGLU\Desktop\project kak eka\sidekat\public\index.php(37): CodeIgniter\CodeIgniter->run()
#9 C:\Users\XIANGLU\Desktop\project kak eka\sidekat\system\Commands\Server\rewrite.php(43): require_once('C:\\Users\\XIANGL...')
#10 {main}
CRITICAL - 2022-08-19 19:00:31 --> Trying to access array offset on value of type null
#0 C:\Users\XIANGLU\Desktop\project kak eka\sidekat\app\Views\pages\accountDetail.php(20): CodeIgniter\Debug\Exceptions->errorHandler(8, 'Trying to acces...', 'C:\\Users\\XIANGL...', 20, Array)
#1 C:\Users\XIANGLU\Desktop\project kak eka\sidekat\system\View\View.php(210): include('C:\\Users\\XIANGL...')
#2 C:\Users\XIANGLU\Desktop\project kak eka\sidekat\system\View\View.php(213): CodeIgniter\View\View->CodeIgniter\View\{closure}()
#3 C:\Users\XIANGLU\Desktop\project kak eka\sidekat\system\Common.php(1089): CodeIgniter\View\View->render('pages/accountDe...', Array, true)
#4 C:\Users\XIANGLU\Desktop\project kak eka\sidekat\app\Controllers\Admin.php(33): view('pages/accountDe...', Array)
#5 C:\Users\XIANGLU\Desktop\project kak eka\sidekat\system\CodeIgniter.php(832): App\Controllers\Admin->detail('29')
#6 C:\Users\XIANGLU\Desktop\project kak eka\sidekat\system\CodeIgniter.php(419): CodeIgniter\CodeIgniter->runController(Object(App\Controllers\Admin))
#7 C:\Users\XIANGLU\Desktop\project kak eka\sidekat\system\CodeIgniter.php(326): CodeIgniter\CodeIgniter->handleRequest(NULL, Object(Config\Cache), false)
#8 C:\Users\XIANGLU\Desktop\project kak eka\sidekat\public\index.php(37): CodeIgniter\CodeIgniter->run()
#9 C:\Users\XIANGLU\Desktop\project kak eka\sidekat\system\Commands\Server\rewrite.php(43): require_once('C:\\Users\\XIANGL...')
#10 {main}
CRITICAL - 2022-08-19 19:01:06 --> Trying to access array offset on value of type null
#0 C:\Users\XIANGLU\Desktop\project kak eka\sidekat\app\Views\pages\accountDetail.php(20): CodeIgniter\Debug\Exceptions->errorHandler(8, 'Trying to acces...', 'C:\\Users\\XIANGL...', 20, Array)
#1 C:\Users\XIANGLU\Desktop\project kak eka\sidekat\system\View\View.php(210): include('C:\\Users\\XIANGL...')
#2 C:\Users\XIANGLU\Desktop\project kak eka\sidekat\system\View\View.php(213): CodeIgniter\View\View->CodeIgniter\View\{closure}()
#3 C:\Users\XIANGLU\Desktop\project kak eka\sidekat\system\Common.php(1089): CodeIgniter\View\View->render('pages/accountDe...', Array, true)
#4 C:\Users\XIANGLU\Desktop\project kak eka\sidekat\app\Controllers\Admin.php(33): view('pages/accountDe...', Array)
#5 C:\Users\XIANGLU\Desktop\project kak eka\sidekat\system\CodeIgniter.php(832): App\Controllers\Admin->detail('29')
#6 C:\Users\XIANGLU\Desktop\project kak eka\sidekat\system\CodeIgniter.php(419): CodeIgniter\CodeIgniter->runController(Object(App\Controllers\Admin))
#7 C:\Users\XIANGLU\Desktop\project kak eka\sidekat\system\CodeIgniter.php(326): CodeIgniter\CodeIgniter->handleRequest(NULL, Object(Config\Cache), false)
#8 C:\Users\XIANGLU\Desktop\project kak eka\sidekat\public\index.php(37): CodeIgniter\CodeIgniter->run()
#9 C:\Users\XIANGLU\Desktop\project kak eka\sidekat\system\Commands\Server\rewrite.php(43): require_once('C:\\Users\\XIANGL...')
#10 {main}
CRITICAL - 2022-08-19 19:04:33 --> Trying to access array offset on value of type null
#0 C:\Users\XIANGLU\Desktop\project kak eka\sidekat\app\Views\pages\profileView.php(20): CodeIgniter\Debug\Exceptions->errorHandler(8, 'Trying to acces...', 'C:\\Users\\XIANGL...', 20, Array)
#1 C:\Users\XIANGLU\Desktop\project kak eka\sidekat\system\View\View.php(210): include('C:\\Users\\XIANGL...')
#2 C:\Users\XIANGLU\Desktop\project kak eka\sidekat\system\View\View.php(213): CodeIgniter\View\View->CodeIgniter\View\{closure}()
#3 C:\Users\XIANGLU\Desktop\project kak eka\sidekat\system\Common.php(1089): CodeIgniter\View\View->render('pages/profileVi...', Array, true)
#4 C:\Users\XIANGLU\Desktop\project kak eka\sidekat\app\Controllers\Profile.php(17): view('pages/profileVi...', Array)
#5 C:\Users\XIANGLU\Desktop\project kak eka\sidekat\system\CodeIgniter.php(832): App\Controllers\Profile->index('21')
#6 C:\Users\XIANGLU\Desktop\project kak eka\sidekat\system\CodeIgniter.php(419): CodeIgniter\CodeIgniter->runController(Object(App\Controllers\Profile))
#7 C:\Users\XIANGLU\Desktop\project kak eka\sidekat\system\CodeIgniter.php(326): CodeIgniter\CodeIgniter->handleRequest(NULL, Object(Config\Cache), false)
#8 C:\Users\XIANGLU\Desktop\project kak eka\sidekat\public\index.php(37): CodeIgniter\CodeIgniter->run()
#9 C:\Users\XIANGLU\Desktop\project kak eka\sidekat\system\Commands\Server\rewrite.php(43): require_once('C:\\Users\\XIANGL...')
#10 {main}
CRITICAL - 2022-08-19 19:10:31 --> Trying to access array offset on value of type null
#0 C:\Users\XIANGLU\Desktop\project kak eka\sidekat\app\Views\pages\profileView.php(20): CodeIgniter\Debug\Exceptions->errorHandler(8, 'Trying to acces...', 'C:\\Users\\XIANGL...', 20, Array)
#1 C:\Users\XIANGLU\Desktop\project kak eka\sidekat\system\View\View.php(210): include('C:\\Users\\XIANGL...')
#2 C:\Users\XIANGLU\Desktop\project kak eka\sidekat\system\View\View.php(213): CodeIgniter\View\View->CodeIgniter\View\{closure}()
#3 C:\Users\XIANGLU\Desktop\project kak eka\sidekat\system\Common.php(1089): CodeIgniter\View\View->render('pages/profileVi...', Array, true)
#4 C:\Users\XIANGLU\Desktop\project kak eka\sidekat\app\Controllers\Profile.php(17): view('pages/profileVi...', Array)
#5 C:\Users\XIANGLU\Desktop\project kak eka\sidekat\system\CodeIgniter.php(832): App\Controllers\Profile->index('21')
#6 C:\Users\XIANGLU\Desktop\project kak eka\sidekat\system\CodeIgniter.php(419): CodeIgniter\CodeIgniter->runController(Object(App\Controllers\Profile))
#7 C:\Users\XIANGLU\Desktop\project kak eka\sidekat\system\CodeIgniter.php(326): CodeIgniter\CodeIgniter->handleRequest(NULL, Object(Config\Cache), false)
#8 C:\Users\XIANGLU\Desktop\project kak eka\sidekat\public\index.php(37): CodeIgniter\CodeIgniter->run()
#9 C:\Users\XIANGLU\Desktop\project kak eka\sidekat\system\Commands\Server\rewrite.php(43): require_once('C:\\Users\\XIANGL...')
#10 {main}
CRITICAL - 2022-08-19 19:14:17 --> Undefined variable: admin
#0 C:\Users\XIANGLU\Desktop\project kak eka\sidekat\app\Views\pages\profileView.php(20): CodeIgniter\Debug\Exceptions->errorHandler(8, 'Undefined varia...', 'C:\\Users\\XIANGL...', 20, Array)
#1 C:\Users\XIANGLU\Desktop\project kak eka\sidekat\system\View\View.php(210): include('C:\\Users\\XIANGL...')
#2 C:\Users\XIANGLU\Desktop\project kak eka\sidekat\system\View\View.php(213): CodeIgniter\View\View->CodeIgniter\View\{closure}()
#3 C:\Users\XIANGLU\Desktop\project kak eka\sidekat\system\Common.php(1089): CodeIgniter\View\View->render('pages/profileVi...', Array, true)
#4 C:\Users\XIANGLU\Desktop\project kak eka\sidekat\app\Controllers\Profile.php(17): view('pages/profileVi...', Array)
#5 C:\Users\XIANGLU\Desktop\project kak eka\sidekat\system\CodeIgniter.php(832): App\Controllers\Profile->index('29')
#6 C:\Users\XIANGLU\Desktop\project kak eka\sidekat\system\CodeIgniter.php(419): CodeIgniter\CodeIgniter->runController(Object(App\Controllers\Profile))
#7 C:\Users\XIANGLU\Desktop\project kak eka\sidekat\system\CodeIgniter.php(326): CodeIgniter\CodeIgniter->handleRequest(NULL, Object(Config\Cache), false)
#8 C:\Users\XIANGLU\Desktop\project kak eka\sidekat\public\index.php(37): CodeIgniter\CodeIgniter->run()
#9 C:\Users\XIANGLU\Desktop\project kak eka\sidekat\system\Commands\Server\rewrite.php(43): require_once('C:\\Users\\XIANGL...')
#10 {main}
