CRITICAL - 2022-08-16 09:30:51 --> Trying to access array offset on value of type null
#0 C:\Users\XIANGLU\Desktop\Rakha\projectRakha\app\Views\pages\accountDetail.php(31): CodeIgniter\Debug\Exceptions->errorHandler(8, 'Trying to acces...', 'C:\\Users\\XIANGL...', 31, Array)
#1 C:\Users\XIANGLU\Desktop\Rakha\projectRakha\system\View\View.php(210): include('C:\\Users\\XIANGL...')
#2 C:\Users\XIANGLU\Desktop\Rakha\projectRakha\system\View\View.php(213): CodeIgniter\View\View->CodeIgniter\View\{closure}()
#3 C:\Users\XIANGLU\Desktop\Rakha\projectRakha\system\Common.php(1089): CodeIgniter\View\View->render('pages/accountDe...', Array, true)
#4 C:\Users\XIANGLU\Desktop\Rakha\projectRakha\app\Controllers\Admin.php(33): view('pages/accountDe...', Array)
#5 C:\Users\XIANGLU\Desktop\Rakha\projectRakha\system\CodeIgniter.php(832): App\Controllers\Admin->detail('20')
#6 C:\Users\XIANGLU\Desktop\Rakha\projectRakha\system\CodeIgniter.php(419): CodeIgniter\CodeIgniter->runController(Object(App\Controllers\Admin))
#7 C:\Users\XIANGLU\Desktop\Rakha\projectRakha\system\CodeIgniter.php(326): CodeIgniter\CodeIgniter->handleRequest(NULL, Object(Config\Cache), false)
#8 C:\Users\XIANGLU\Desktop\Rakha\projectRakha\public\index.php(37): CodeIgniter\CodeIgniter->run()
#9 C:\Users\XIANGLU\Desktop\Rakha\projectRakha\system\Commands\Server\rewrite.php(43): require_once('C:\\Users\\XIANGL...')
#10 {main}
CRITICAL - 2022-08-16 10:05:32 --> syntax error, unexpected 'public' (T_PUBLIC), expecting variable (T_VARIABLE)
#0 C:\Users\XIANGLU\Desktop\Rakha\projectRakha\system\Router\Router.php(175): CodeIgniter\Router\Router->autoRoute('profile')
#1 C:\Users\XIANGLU\Desktop\Rakha\projectRakha\system\CodeIgniter.php(726): CodeIgniter\Router\Router->handle('profile')
#2 C:\Users\XIANGLU\Desktop\Rakha\projectRakha\system\CodeIgniter.php(368): CodeIgniter\CodeIgniter->tryToRouteIt(Object(CodeIgniter\Router\RouteCollection))
#3 C:\Users\XIANGLU\Desktop\Rakha\projectRakha\system\CodeIgniter.php(326): CodeIgniter\CodeIgniter->handleRequest(NULL, Object(Config\Cache), false)
#4 C:\Users\XIANGLU\Desktop\Rakha\projectRakha\public\index.php(37): CodeIgniter\CodeIgniter->run()
#5 C:\Users\XIANGLU\Desktop\Rakha\projectRakha\system\Commands\Server\rewrite.php(43): require_once('C:\\Users\\XIANGL...')
#6 {main}
CRITICAL - 2022-08-16 10:05:55 --> syntax error, unexpected 'public' (T_PUBLIC), expecting variable (T_VARIABLE)
#0 C:\Users\XIANGLU\Desktop\Rakha\projectRakha\system\Router\Router.php(175): CodeIgniter\Router\Router->autoRoute('profile')
#1 C:\Users\XIANGLU\Desktop\Rakha\projectRakha\system\CodeIgniter.php(726): CodeIgniter\Router\Router->handle('profile')
#2 C:\Users\XIANGLU\Desktop\Rakha\projectRakha\system\CodeIgniter.php(368): CodeIgniter\CodeIgniter->tryToRouteIt(Object(CodeIgniter\Router\RouteCollection))
#3 C:\Users\XIANGLU\Desktop\Rakha\projectRakha\system\CodeIgniter.php(326): CodeIgniter\CodeIgniter->handleRequest(NULL, Object(Config\Cache), false)
#4 C:\Users\XIANGLU\Desktop\Rakha\projectRakha\public\index.php(37): CodeIgniter\CodeIgniter->run()
#5 C:\Users\XIANGLU\Desktop\Rakha\projectRakha\system\Commands\Server\rewrite.php(43): require_once('C:\\Users\\XIANGL...')
#6 {main}
CRITICAL - 2022-08-16 10:05:58 --> syntax error, unexpected 'public' (T_PUBLIC), expecting variable (T_VARIABLE)
#0 C:\Users\XIANGLU\Desktop\Rakha\projectRakha\system\Router\Router.php(175): CodeIgniter\Router\Router->autoRoute('Profile/18')
#1 C:\Users\XIANGLU\Desktop\Rakha\projectRakha\system\CodeIgniter.php(726): CodeIgniter\Router\Router->handle('Profile/18')
#2 C:\Users\XIANGLU\Desktop\Rakha\projectRakha\system\CodeIgniter.php(368): CodeIgniter\CodeIgniter->tryToRouteIt(Object(CodeIgniter\Router\RouteCollection))
#3 C:\Users\XIANGLU\Desktop\Rakha\projectRakha\system\CodeIgniter.php(326): CodeIgniter\CodeIgniter->handleRequest(NULL, Object(Config\Cache), false)
#4 C:\Users\XIANGLU\Desktop\Rakha\projectRakha\public\index.php(37): CodeIgniter\CodeIgniter->run()
#5 C:\Users\XIANGLU\Desktop\Rakha\projectRakha\system\Commands\Server\rewrite.php(43): require_once('C:\\Users\\XIANGL...')
#6 {main}
CRITICAL - 2022-08-16 10:06:13 --> syntax error, unexpected 'public' (T_PUBLIC), expecting variable (T_VARIABLE)
#0 C:\Users\XIANGLU\Desktop\Rakha\projectRakha\system\Router\Router.php(175): CodeIgniter\Router\Router->autoRoute('Profile/18')
#1 C:\Users\XIANGLU\Desktop\Rakha\projectRakha\system\CodeIgniter.php(726): CodeIgniter\Router\Router->handle('Profile/18')
#2 C:\Users\XIANGLU\Desktop\Rakha\projectRakha\system\CodeIgniter.php(368): CodeIgniter\CodeIgniter->tryToRouteIt(Object(CodeIgniter\Router\RouteCollection))
#3 C:\Users\XIANGLU\Desktop\Rakha\projectRakha\system\CodeIgniter.php(326): CodeIgniter\CodeIgniter->handleRequest(NULL, Object(Config\Cache), false)
#4 C:\Users\XIANGLU\Desktop\Rakha\projectRakha\public\index.php(37): CodeIgniter\CodeIgniter->run()
#5 C:\Users\XIANGLU\Desktop\Rakha\projectRakha\system\Commands\Server\rewrite.php(43): require_once('C:\\Users\\XIANGL...')
#6 {main}
CRITICAL - 2022-08-16 10:06:21 --> syntax error, unexpected 'public' (T_PUBLIC), expecting variable (T_VARIABLE)
#0 C:\Users\XIANGLU\Desktop\Rakha\projectRakha\system\Router\Router.php(175): CodeIgniter\Router\Router->autoRoute('Profile/18')
#1 C:\Users\XIANGLU\Desktop\Rakha\projectRakha\system\CodeIgniter.php(726): CodeIgniter\Router\Router->handle('Profile/18')
#2 C:\Users\XIANGLU\Desktop\Rakha\projectRakha\system\CodeIgniter.php(368): CodeIgniter\CodeIgniter->tryToRouteIt(Object(CodeIgniter\Router\RouteCollection))
#3 C:\Users\XIANGLU\Desktop\Rakha\projectRakha\system\CodeIgniter.php(326): CodeIgniter\CodeIgniter->handleRequest(NULL, Object(Config\Cache), false)
#4 C:\Users\XIANGLU\Desktop\Rakha\projectRakha\public\index.php(37): CodeIgniter\CodeIgniter->run()
#5 C:\Users\XIANGLU\Desktop\Rakha\projectRakha\system\Commands\Server\rewrite.php(43): require_once('C:\\Users\\XIANGL...')
#6 {main}
CRITICAL - 2022-08-16 10:06:25 --> syntax error, unexpected 'public' (T_PUBLIC), expecting variable (T_VARIABLE)
#0 C:\Users\XIANGLU\Desktop\Rakha\projectRakha\system\Router\Router.php(175): CodeIgniter\Router\Router->autoRoute('Profile/18')
#1 C:\Users\XIANGLU\Desktop\Rakha\projectRakha\system\CodeIgniter.php(726): CodeIgniter\Router\Router->handle('Profile/18')
#2 C:\Users\XIANGLU\Desktop\Rakha\projectRakha\system\CodeIgniter.php(368): CodeIgniter\CodeIgniter->tryToRouteIt(Object(CodeIgniter\Router\RouteCollection))
#3 C:\Users\XIANGLU\Desktop\Rakha\projectRakha\system\CodeIgniter.php(326): CodeIgniter\CodeIgniter->handleRequest(NULL, Object(Config\Cache), false)
#4 C:\Users\XIANGLU\Desktop\Rakha\projectRakha\public\index.php(37): CodeIgniter\CodeIgniter->run()
#5 C:\Users\XIANGLU\Desktop\Rakha\projectRakha\system\Commands\Server\rewrite.php(43): require_once('C:\\Users\\XIANGL...')
#6 {main}
CRITICAL - 2022-08-16 10:16:01 --> Undefined variable: admin
#0 C:\Users\XIANGLU\Desktop\Rakha\projectRakha\app\Views\pages\profileView.php(31): CodeIgniter\Debug\Exceptions->errorHandler(8, 'Undefined varia...', 'C:\\Users\\XIANGL...', 31, Array)
#1 C:\Users\XIANGLU\Desktop\Rakha\projectRakha\system\View\View.php(210): include('C:\\Users\\XIANGL...')
#2 C:\Users\XIANGLU\Desktop\Rakha\projectRakha\system\View\View.php(213): CodeIgniter\View\View->CodeIgniter\View\{closure}()
#3 C:\Users\XIANGLU\Desktop\Rakha\projectRakha\system\Common.php(1089): CodeIgniter\View\View->render('pages/profileVi...', Array, true)
#4 C:\Users\XIANGLU\Desktop\Rakha\projectRakha\app\Controllers\Profile.php(17): view('pages/profileVi...', Array)
#5 C:\Users\XIANGLU\Desktop\Rakha\projectRakha\system\CodeIgniter.php(832): App\Controllers\Profile->index('18')
#6 C:\Users\XIANGLU\Desktop\Rakha\projectRakha\system\CodeIgniter.php(419): CodeIgniter\CodeIgniter->runController(Object(App\Controllers\Profile))
#7 C:\Users\XIANGLU\Desktop\Rakha\projectRakha\system\CodeIgniter.php(326): CodeIgniter\CodeIgniter->handleRequest(NULL, Object(Config\Cache), false)
#8 C:\Users\XIANGLU\Desktop\Rakha\projectRakha\public\index.php(37): CodeIgniter\CodeIgniter->run()
#9 C:\Users\XIANGLU\Desktop\Rakha\projectRakha\system\Commands\Server\rewrite.php(43): require_once('C:\\Users\\XIANGL...')
#10 {main}
CRITICAL - 2022-08-16 10:18:17 --> Too few arguments to function App\Controllers\Profile::index(), 0 passed in C:\Users\XIANGLU\Desktop\Rakha\projectRakha\system\CodeIgniter.php on line 832 and exactly 1 expected
#0 C:\Users\XIANGLU\Desktop\Rakha\projectRakha\system\CodeIgniter.php(832): App\Controllers\Profile->index()
#1 C:\Users\XIANGLU\Desktop\Rakha\projectRakha\system\CodeIgniter.php(419): CodeIgniter\CodeIgniter->runController(Object(App\Controllers\Profile))
#2 C:\Users\XIANGLU\Desktop\Rakha\projectRakha\system\CodeIgniter.php(326): CodeIgniter\CodeIgniter->handleRequest(NULL, Object(Config\Cache), false)
#3 C:\Users\XIANGLU\Desktop\Rakha\projectRakha\public\index.php(37): CodeIgniter\CodeIgniter->run()
#4 C:\Users\XIANGLU\Desktop\Rakha\projectRakha\system\Commands\Server\rewrite.php(43): require_once('C:\\Users\\XIANGL...')
#5 {main}
CRITICAL - 2022-08-16 10:18:42 --> Too few arguments to function App\Controllers\Profile::index(), 0 passed in C:\Users\XIANGLU\Desktop\Rakha\projectRakha\system\CodeIgniter.php on line 832 and exactly 1 expected
#0 C:\Users\XIANGLU\Desktop\Rakha\projectRakha\system\CodeIgniter.php(832): App\Controllers\Profile->index()
#1 C:\Users\XIANGLU\Desktop\Rakha\projectRakha\system\CodeIgniter.php(419): CodeIgniter\CodeIgniter->runController(Object(App\Controllers\Profile))
#2 C:\Users\XIANGLU\Desktop\Rakha\projectRakha\system\CodeIgniter.php(326): CodeIgniter\CodeIgniter->handleRequest(NULL, Object(Config\Cache), false)
#3 C:\Users\XIANGLU\Desktop\Rakha\projectRakha\public\index.php(37): CodeIgniter\CodeIgniter->run()
#4 C:\Users\XIANGLU\Desktop\Rakha\projectRakha\system\Commands\Server\rewrite.php(43): require_once('C:\\Users\\XIANGL...')
#5 {main}
