ERROR - 2022-05-31 07:14:05 --> Error connecting to the database: No connection could be made because the target machine actively refused it.

CRITICAL - 2022-05-31 07:14:05 --> Unable to connect to the database.
Main connection [MySQLi]: No connection could be made because the target machine actively refused it.

#0 C:\Users\XIANGLU\Desktop\projectJayanti\system\Database\BaseConnection.php(577): CodeIgniter\Database\BaseConnection->initialize()
#1 C:\Users\XIANGLU\Desktop\projectJayanti\system\Database\BaseBuilder.php(1455): CodeIgniter\Database\BaseConnection->query('SELECT *\nFROM `...', Array, false)
#2 C:\Users\XIANGLU\Desktop\projectJayanti\system\Model.php(183): CodeIgniter\Database\BaseBuilder->get()
#3 C:\Users\XIANGLU\Desktop\projectJayanti\system\BaseModel.php(584): CodeIgniter\Model->doFindAll(0, 0)
#4 C:\Users\XIANGLU\Desktop\projectJayanti\app\Controllers\admin.php(17): CodeIgniter\BaseModel->findAll()
#5 C:\Users\XIANGLU\Desktop\projectJayanti\system\CodeIgniter.php(832): App\Controllers\admin->index()
#6 C:\Users\XIANGLU\Desktop\projectJayanti\system\CodeIgniter.php(419): CodeIgniter\CodeIgniter->runController(Object(App\Controllers\admin))
#7 C:\Users\XIANGLU\Desktop\projectJayanti\system\CodeIgniter.php(326): CodeIgniter\CodeIgniter->handleRequest(NULL, Object(Config\Cache), false)
#8 C:\Users\XIANGLU\Desktop\projectJayanti\public\index.php(37): CodeIgniter\CodeIgniter->run()
#9 C:\Users\XIANGLU\Desktop\projectJayanti\system\Commands\Server\rewrite.php(43): require_once('C:\\Users\\XIANGL...')
#10 {main}
ERROR - 2022-05-31 07:14:22 --> Error connecting to the database: No connection could be made because the target machine actively refused it.

CRITICAL - 2022-05-31 07:14:22 --> Unable to connect to the database.
Main connection [MySQLi]: No connection could be made because the target machine actively refused it.

#0 C:\Users\XIANGLU\Desktop\projectJayanti\system\Database\BaseConnection.php(577): CodeIgniter\Database\BaseConnection->initialize()
#1 C:\Users\XIANGLU\Desktop\projectJayanti\system\Database\BaseBuilder.php(1455): CodeIgniter\Database\BaseConnection->query('SELECT *\nFROM `...', Array, false)
#2 C:\Users\XIANGLU\Desktop\projectJayanti\system\Model.php(183): CodeIgniter\Database\BaseBuilder->get()
#3 C:\Users\XIANGLU\Desktop\projectJayanti\system\BaseModel.php(584): CodeIgniter\Model->doFindAll(0, 0)
#4 C:\Users\XIANGLU\Desktop\projectJayanti\app\Controllers\admin.php(17): CodeIgniter\BaseModel->findAll()
#5 C:\Users\XIANGLU\Desktop\projectJayanti\system\CodeIgniter.php(832): App\Controllers\admin->index()
#6 C:\Users\XIANGLU\Desktop\projectJayanti\system\CodeIgniter.php(419): CodeIgniter\CodeIgniter->runController(Object(App\Controllers\admin))
#7 C:\Users\XIANGLU\Desktop\projectJayanti\system\CodeIgniter.php(326): CodeIgniter\CodeIgniter->handleRequest(NULL, Object(Config\Cache), false)
#8 C:\Users\XIANGLU\Desktop\projectJayanti\public\index.php(37): CodeIgniter\CodeIgniter->run()
#9 C:\Users\XIANGLU\Desktop\projectJayanti\system\Commands\Server\rewrite.php(43): require_once('C:\\Users\\XIANGL...')
#10 {main}
CRITICAL - 2022-05-31 08:01:07 --> Invalid file: layout/templateAdmin.php
#0 C:\Users\XIANGLU\Desktop\projectJayanti\system\View\View.php(198): CodeIgniter\Exceptions\FrameworkException::forInvalidFile('layout/template...')
#1 C:\Users\XIANGLU\Desktop\projectJayanti\system\View\View.php(226): CodeIgniter\View\View->render('layout/template...', Array, true)
#2 C:\Users\XIANGLU\Desktop\projectJayanti\system\Common.php(1089): CodeIgniter\View\View->render('pages/adminView', Array, true)
#3 C:\Users\XIANGLU\Desktop\projectJayanti\app\Controllers\Admin.php(28): view('pages/adminView', Array)
#4 C:\Users\XIANGLU\Desktop\projectJayanti\system\CodeIgniter.php(832): App\Controllers\Admin->index()
#5 C:\Users\XIANGLU\Desktop\projectJayanti\system\CodeIgniter.php(419): CodeIgniter\CodeIgniter->runController(Object(App\Controllers\Admin))
#6 C:\Users\XIANGLU\Desktop\projectJayanti\system\CodeIgniter.php(326): CodeIgniter\CodeIgniter->handleRequest(NULL, Object(Config\Cache), false)
#7 C:\Users\XIANGLU\Desktop\projectJayanti\public\index.php(37): CodeIgniter\CodeIgniter->run()
#8 C:\Users\XIANGLU\Desktop\projectJayanti\system\Commands\Server\rewrite.php(43): require_once('C:\\Users\\XIANGL...')
#9 {main}
CRITICAL - 2022-05-31 08:01:21 --> Invalid file: layout/templateAdmin.php
#0 C:\Users\XIANGLU\Desktop\projectJayanti\system\View\View.php(198): CodeIgniter\Exceptions\FrameworkException::forInvalidFile('layout/template...')
#1 C:\Users\XIANGLU\Desktop\projectJayanti\system\View\View.php(226): CodeIgniter\View\View->render('layout/template...', Array, true)
#2 C:\Users\XIANGLU\Desktop\projectJayanti\system\Common.php(1089): CodeIgniter\View\View->render('pages/adminView', Array, true)
#3 C:\Users\XIANGLU\Desktop\projectJayanti\app\Controllers\Admin.php(28): view('pages/adminView', Array)
#4 C:\Users\XIANGLU\Desktop\projectJayanti\system\CodeIgniter.php(832): App\Controllers\Admin->index()
#5 C:\Users\XIANGLU\Desktop\projectJayanti\system\CodeIgniter.php(419): CodeIgniter\CodeIgniter->runController(Object(App\Controllers\Admin))
#6 C:\Users\XIANGLU\Desktop\projectJayanti\system\CodeIgniter.php(326): CodeIgniter\CodeIgniter->handleRequest(NULL, Object(Config\Cache), false)
#7 C:\Users\XIANGLU\Desktop\projectJayanti\public\index.php(37): CodeIgniter\CodeIgniter->run()
#8 C:\Users\XIANGLU\Desktop\projectJayanti\system\Commands\Server\rewrite.php(43): require_once('C:\\Users\\XIANGL...')
#9 {main}
CRITICAL - 2022-05-31 09:55:48 --> syntax error, unexpected ')'
#0 C:\Users\XIANGLU\Desktop\projectJayanti\system\View\View.php(213): CodeIgniter\View\View->CodeIgniter\View\{closure}()
#1 C:\Users\XIANGLU\Desktop\projectJayanti\system\Common.php(1089): CodeIgniter\View\View->render('pages/adminView', Array, true)
#2 C:\Users\XIANGLU\Desktop\projectJayanti\app\Controllers\Admin.php(28): view('pages/adminView', Array)
#3 C:\Users\XIANGLU\Desktop\projectJayanti\system\CodeIgniter.php(832): App\Controllers\Admin->index()
#4 C:\Users\XIANGLU\Desktop\projectJayanti\system\CodeIgniter.php(419): CodeIgniter\CodeIgniter->runController(Object(App\Controllers\Admin))
#5 C:\Users\XIANGLU\Desktop\projectJayanti\system\CodeIgniter.php(326): CodeIgniter\CodeIgniter->handleRequest(NULL, Object(Config\Cache), false)
#6 C:\Users\XIANGLU\Desktop\projectJayanti\public\index.php(37): CodeIgniter\CodeIgniter->run()
#7 C:\Users\XIANGLU\Desktop\projectJayanti\system\Commands\Server\rewrite.php(43): require_once('C:\\Users\\XIANGL...')
#8 {main}
