CRITICAL - 2022-08-21 07:03:27 --> Too few arguments to function App\Controllers\Admin::edit(), 0 passed in C:\Users\XIANGLU\Desktop\project kak eka\sidekat\system\CodeIgniter.php on line 832 and exactly 1 expected
#0 C:\Users\XIANGLU\Desktop\project kak eka\sidekat\system\CodeIgniter.php(832): App\Controllers\Admin->edit()
#1 C:\Users\XIANGLU\Desktop\project kak eka\sidekat\system\CodeIgniter.php(419): CodeIgniter\CodeIgniter->runController(Object(App\Controllers\Admin))
#2 C:\Users\XIANGLU\Desktop\project kak eka\sidekat\system\CodeIgniter.php(326): CodeIgniter\CodeIgniter->handleRequest(NULL, Object(Config\Cache), false)
#3 C:\Users\XIANGLU\Desktop\project kak eka\sidekat\public\index.php(37): CodeIgniter\CodeIgniter->run()
#4 C:\Users\XIANGLU\Desktop\project kak eka\sidekat\system\Commands\Server\rewrite.php(43): require_once('C:\\Users\\XIANGL...')
#5 {main}
CRITICAL - 2022-08-21 07:07:38 --> Undefined index: jenis_kelamin
#0 C:\Users\XIANGLU\Desktop\project kak eka\sidekat\app\Views\pages\accountEdit.php(55): CodeIgniter\Debug\Exceptions->errorHandler(8, 'Undefined index...', 'C:\\Users\\XIANGL...', 55, Array)
#1 C:\Users\XIANGLU\Desktop\project kak eka\sidekat\system\View\View.php(210): include('C:\\Users\\XIANGL...')
#2 C:\Users\XIANGLU\Desktop\project kak eka\sidekat\system\View\View.php(213): CodeIgniter\View\View->CodeIgniter\View\{closure}()
#3 C:\Users\XIANGLU\Desktop\project kak eka\sidekat\system\Common.php(1089): CodeIgniter\View\View->render('pages/accountEd...', Array, true)
#4 C:\Users\XIANGLU\Desktop\project kak eka\sidekat\app\Controllers\Admin.php(154): view('pages/accountEd...', Array)
#5 C:\Users\XIANGLU\Desktop\project kak eka\sidekat\system\CodeIgniter.php(832): App\Controllers\Admin->edit('29')
#6 C:\Users\XIANGLU\Desktop\project kak eka\sidekat\system\CodeIgniter.php(419): CodeIgniter\CodeIgniter->runController(Object(App\Controllers\Admin))
#7 C:\Users\XIANGLU\Desktop\project kak eka\sidekat\system\CodeIgniter.php(326): CodeIgniter\CodeIgniter->handleRequest(NULL, Object(Config\Cache), false)
#8 C:\Users\XIANGLU\Desktop\project kak eka\sidekat\public\index.php(37): CodeIgniter\CodeIgniter->run()
#9 C:\Users\XIANGLU\Desktop\project kak eka\sidekat\system\Commands\Server\rewrite.php(43): require_once('C:\\Users\\XIANGL...')
#10 {main}
CRITICAL - 2022-08-21 07:07:44 --> Undefined index: jenis_kelamin
#0 C:\Users\XIANGLU\Desktop\project kak eka\sidekat\app\Views\pages\accountEdit.php(55): CodeIgniter\Debug\Exceptions->errorHandler(8, 'Undefined index...', 'C:\\Users\\XIANGL...', 55, Array)
#1 C:\Users\XIANGLU\Desktop\project kak eka\sidekat\system\View\View.php(210): include('C:\\Users\\XIANGL...')
#2 C:\Users\XIANGLU\Desktop\project kak eka\sidekat\system\View\View.php(213): CodeIgniter\View\View->CodeIgniter\View\{closure}()
#3 C:\Users\XIANGLU\Desktop\project kak eka\sidekat\system\Common.php(1089): CodeIgniter\View\View->render('pages/accountEd...', Array, true)
#4 C:\Users\XIANGLU\Desktop\project kak eka\sidekat\app\Controllers\Admin.php(154): view('pages/accountEd...', Array)
#5 C:\Users\XIANGLU\Desktop\project kak eka\sidekat\system\CodeIgniter.php(832): App\Controllers\Admin->edit('29')
#6 C:\Users\XIANGLU\Desktop\project kak eka\sidekat\system\CodeIgniter.php(419): CodeIgniter\CodeIgniter->runController(Object(App\Controllers\Admin))
#7 C:\Users\XIANGLU\Desktop\project kak eka\sidekat\system\CodeIgniter.php(326): CodeIgniter\CodeIgniter->handleRequest(NULL, Object(Config\Cache), false)
#8 C:\Users\XIANGLU\Desktop\project kak eka\sidekat\public\index.php(37): CodeIgniter\CodeIgniter->run()
#9 C:\Users\XIANGLU\Desktop\project kak eka\sidekat\system\Commands\Server\rewrite.php(43): require_once('C:\\Users\\XIANGL...')
#10 {main}
CRITICAL - 2022-08-21 07:07:47 --> Undefined index: jenis_kelamin
#0 C:\Users\XIANGLU\Desktop\project kak eka\sidekat\app\Views\pages\accountEdit.php(55): CodeIgniter\Debug\Exceptions->errorHandler(8, 'Undefined index...', 'C:\\Users\\XIANGL...', 55, Array)
#1 C:\Users\XIANGLU\Desktop\project kak eka\sidekat\system\View\View.php(210): include('C:\\Users\\XIANGL...')
#2 C:\Users\XIANGLU\Desktop\project kak eka\sidekat\system\View\View.php(213): CodeIgniter\View\View->CodeIgniter\View\{closure}()
#3 C:\Users\XIANGLU\Desktop\project kak eka\sidekat\system\Common.php(1089): CodeIgniter\View\View->render('pages/accountEd...', Array, true)
#4 C:\Users\XIANGLU\Desktop\project kak eka\sidekat\app\Controllers\Admin.php(154): view('pages/accountEd...', Array)
#5 C:\Users\XIANGLU\Desktop\project kak eka\sidekat\system\CodeIgniter.php(832): App\Controllers\Admin->edit('29')
#6 C:\Users\XIANGLU\Desktop\project kak eka\sidekat\system\CodeIgniter.php(419): CodeIgniter\CodeIgniter->runController(Object(App\Controllers\Admin))
#7 C:\Users\XIANGLU\Desktop\project kak eka\sidekat\system\CodeIgniter.php(326): CodeIgniter\CodeIgniter->handleRequest(NULL, Object(Config\Cache), false)
#8 C:\Users\XIANGLU\Desktop\project kak eka\sidekat\public\index.php(37): CodeIgniter\CodeIgniter->run()
#9 C:\Users\XIANGLU\Desktop\project kak eka\sidekat\system\Commands\Server\rewrite.php(43): require_once('C:\\Users\\XIANGL...')
#10 {main}
CRITICAL - 2022-08-21 07:09:01 --> Undefined index: jenis_kelamin
#0 C:\Users\XIANGLU\Desktop\project kak eka\sidekat\app\Views\pages\accountEdit.php(55): CodeIgniter\Debug\Exceptions->errorHandler(8, 'Undefined index...', 'C:\\Users\\XIANGL...', 55, Array)
#1 C:\Users\XIANGLU\Desktop\project kak eka\sidekat\system\View\View.php(210): include('C:\\Users\\XIANGL...')
#2 C:\Users\XIANGLU\Desktop\project kak eka\sidekat\system\View\View.php(213): CodeIgniter\View\View->CodeIgniter\View\{closure}()
#3 C:\Users\XIANGLU\Desktop\project kak eka\sidekat\system\Common.php(1089): CodeIgniter\View\View->render('pages/accountEd...', Array, true)
#4 C:\Users\XIANGLU\Desktop\project kak eka\sidekat\app\Controllers\Admin.php(154): view('pages/accountEd...', Array)
#5 C:\Users\XIANGLU\Desktop\project kak eka\sidekat\system\CodeIgniter.php(832): App\Controllers\Admin->edit('29')
#6 C:\Users\XIANGLU\Desktop\project kak eka\sidekat\system\CodeIgniter.php(419): CodeIgniter\CodeIgniter->runController(Object(App\Controllers\Admin))
#7 C:\Users\XIANGLU\Desktop\project kak eka\sidekat\system\CodeIgniter.php(326): CodeIgniter\CodeIgniter->handleRequest(NULL, Object(Config\Cache), false)
#8 C:\Users\XIANGLU\Desktop\project kak eka\sidekat\public\index.php(37): CodeIgniter\CodeIgniter->run()
#9 C:\Users\XIANGLU\Desktop\project kak eka\sidekat\system\Commands\Server\rewrite.php(43): require_once('C:\\Users\\XIANGL...')
#10 {main}
CRITICAL - 2022-08-21 07:15:35 --> syntax error, unexpected ';', expecting ')'
#0 C:\Users\XIANGLU\Desktop\project kak eka\sidekat\system\View\View.php(213): CodeIgniter\View\View->CodeIgniter\View\{closure}()
#1 C:\Users\XIANGLU\Desktop\project kak eka\sidekat\system\Common.php(1089): CodeIgniter\View\View->render('pages/accountEd...', Array, true)
#2 C:\Users\XIANGLU\Desktop\project kak eka\sidekat\app\Controllers\Admin.php(154): view('pages/accountEd...', Array)
#3 C:\Users\XIANGLU\Desktop\project kak eka\sidekat\system\CodeIgniter.php(832): App\Controllers\Admin->edit('29')
#4 C:\Users\XIANGLU\Desktop\project kak eka\sidekat\system\CodeIgniter.php(419): CodeIgniter\CodeIgniter->runController(Object(App\Controllers\Admin))
#5 C:\Users\XIANGLU\Desktop\project kak eka\sidekat\system\CodeIgniter.php(326): CodeIgniter\CodeIgniter->handleRequest(NULL, Object(Config\Cache), false)
#6 C:\Users\XIANGLU\Desktop\project kak eka\sidekat\public\index.php(37): CodeIgniter\CodeIgniter->run()
#7 C:\Users\XIANGLU\Desktop\project kak eka\sidekat\system\Commands\Server\rewrite.php(43): require_once('C:\\Users\\XIANGL...')
#8 {main}
ERROR - 2022-08-21 07:25:10 --> Column 'foto_profil' cannot be null
CRITICAL - 2022-08-21 07:25:10 --> Column 'foto_profil' cannot be null
#0 C:\Users\XIANGLU\Desktop\project kak eka\sidekat\system\Database\MySQLi\Connection.php(292): mysqli->query('INSERT INTO `ac...', 0)
#1 C:\Users\XIANGLU\Desktop\project kak eka\sidekat\system\Database\BaseConnection.php(670): CodeIgniter\Database\MySQLi\Connection->execute('INSERT INTO `ac...')
#2 C:\Users\XIANGLU\Desktop\project kak eka\sidekat\system\Database\BaseConnection.php(598): CodeIgniter\Database\BaseConnection->simpleQuery('INSERT INTO `ac...')
#3 C:\Users\XIANGLU\Desktop\project kak eka\sidekat\system\Database\BaseBuilder.php(1771): CodeIgniter\Database\BaseConnection->query('INSERT INTO `ac...', Array, false)
#4 C:\Users\XIANGLU\Desktop\project kak eka\sidekat\system\Model.php(239): CodeIgniter\Database\BaseBuilder->insert()
#5 C:\Users\XIANGLU\Desktop\project kak eka\sidekat\system\BaseModel.php(738): CodeIgniter\Model->doInsert(Array)
#6 C:\Users\XIANGLU\Desktop\project kak eka\sidekat\system\Model.php(625): CodeIgniter\BaseModel->insert(Array, false)
#7 C:\Users\XIANGLU\Desktop\project kak eka\sidekat\system\BaseModel.php(658): CodeIgniter\Model->insert(Array, false)
#8 C:\Users\XIANGLU\Desktop\project kak eka\sidekat\app\Controllers\Admin.php(127): CodeIgniter\BaseModel->save(Array)
#9 C:\Users\XIANGLU\Desktop\project kak eka\sidekat\system\CodeIgniter.php(832): App\Controllers\Admin->save()
#10 C:\Users\XIANGLU\Desktop\project kak eka\sidekat\system\CodeIgniter.php(419): CodeIgniter\CodeIgniter->runController(Object(App\Controllers\Admin))
#11 C:\Users\XIANGLU\Desktop\project kak eka\sidekat\system\CodeIgniter.php(326): CodeIgniter\CodeIgniter->handleRequest(NULL, Object(Config\Cache), false)
#12 C:\Users\XIANGLU\Desktop\project kak eka\sidekat\public\index.php(37): CodeIgniter\CodeIgniter->run()
#13 C:\Users\XIANGLU\Desktop\project kak eka\sidekat\system\Commands\Server\rewrite.php(43): require_once('C:\\Users\\XIANGL...')
#14 {main}
CRITICAL - 2022-08-21 08:23:54 --> Call to a member function move() on null
#0 C:\Users\XIANGLU\Desktop\project kak eka\sidekat\system\CodeIgniter.php(832): App\Controllers\Admin->save()
#1 C:\Users\XIANGLU\Desktop\project kak eka\sidekat\system\CodeIgniter.php(419): CodeIgniter\CodeIgniter->runController(Object(App\Controllers\Admin))
#2 C:\Users\XIANGLU\Desktop\project kak eka\sidekat\system\CodeIgniter.php(326): CodeIgniter\CodeIgniter->handleRequest(NULL, Object(Config\Cache), false)
#3 C:\Users\XIANGLU\Desktop\project kak eka\sidekat\public\index.php(37): CodeIgniter\CodeIgniter->run()
#4 C:\Users\XIANGLU\Desktop\project kak eka\sidekat\system\Commands\Server\rewrite.php(43): require_once('C:\\Users\\XIANGL...')
#5 {main}
CRITICAL - 2022-08-21 08:25:28 --> Call to a member function move() on null
#0 C:\Users\XIANGLU\Desktop\project kak eka\sidekat\system\CodeIgniter.php(832): App\Controllers\Admin->save()
#1 C:\Users\XIANGLU\Desktop\project kak eka\sidekat\system\CodeIgniter.php(419): CodeIgniter\CodeIgniter->runController(Object(App\Controllers\Admin))
#2 C:\Users\XIANGLU\Desktop\project kak eka\sidekat\system\CodeIgniter.php(326): CodeIgniter\CodeIgniter->handleRequest(NULL, Object(Config\Cache), false)
#3 C:\Users\XIANGLU\Desktop\project kak eka\sidekat\public\index.php(37): CodeIgniter\CodeIgniter->run()
#4 C:\Users\XIANGLU\Desktop\project kak eka\sidekat\system\Commands\Server\rewrite.php(43): require_once('C:\\Users\\XIANGL...')
#5 {main}
CRITICAL - 2022-08-21 08:27:45 --> Call to a member function move() on null
#0 C:\Users\XIANGLU\Desktop\project kak eka\sidekat\system\CodeIgniter.php(832): App\Controllers\Admin->save()
#1 C:\Users\XIANGLU\Desktop\project kak eka\sidekat\system\CodeIgniter.php(419): CodeIgniter\CodeIgniter->runController(Object(App\Controllers\Admin))
#2 C:\Users\XIANGLU\Desktop\project kak eka\sidekat\system\CodeIgniter.php(326): CodeIgniter\CodeIgniter->handleRequest(NULL, Object(Config\Cache), false)
#3 C:\Users\XIANGLU\Desktop\project kak eka\sidekat\public\index.php(37): CodeIgniter\CodeIgniter->run()
#4 C:\Users\XIANGLU\Desktop\project kak eka\sidekat\system\Commands\Server\rewrite.php(43): require_once('C:\\Users\\XIANGL...')
#5 {main}
CRITICAL - 2022-08-21 09:21:56 --> syntax error, unexpected ';', expecting ']'
#0 C:\Users\XIANGLU\Desktop\project kak eka\sidekat\system\Router\Router.php(175): CodeIgniter\Router\Router->autoRoute('admin/save')
#1 C:\Users\XIANGLU\Desktop\project kak eka\sidekat\system\CodeIgniter.php(726): CodeIgniter\Router\Router->handle('admin/save')
#2 C:\Users\XIANGLU\Desktop\project kak eka\sidekat\system\CodeIgniter.php(368): CodeIgniter\CodeIgniter->tryToRouteIt(Object(CodeIgniter\Router\RouteCollection))
#3 C:\Users\XIANGLU\Desktop\project kak eka\sidekat\system\CodeIgniter.php(326): CodeIgniter\CodeIgniter->handleRequest(NULL, Object(Config\Cache), false)
#4 C:\Users\XIANGLU\Desktop\project kak eka\sidekat\public\index.php(37): CodeIgniter\CodeIgniter->run()
#5 C:\Users\XIANGLU\Desktop\project kak eka\sidekat\system\Commands\Server\rewrite.php(43): require_once('C:\\Users\\XIANGL...')
#6 {main}
CRITICAL - 2022-08-21 09:30:23 --> Undefined variable: namaFoto
#0 C:\Users\XIANGLU\Desktop\project kak eka\sidekat\app\Controllers\Admin.php(132): CodeIgniter\Debug\Exceptions->errorHandler(8, 'Undefined varia...', 'C:\\Users\\XIANGL...', 132, Array)
#1 C:\Users\XIANGLU\Desktop\project kak eka\sidekat\system\CodeIgniter.php(832): App\Controllers\Admin->save()
#2 C:\Users\XIANGLU\Desktop\project kak eka\sidekat\system\CodeIgniter.php(419): CodeIgniter\CodeIgniter->runController(Object(App\Controllers\Admin))
#3 C:\Users\XIANGLU\Desktop\project kak eka\sidekat\system\CodeIgniter.php(326): CodeIgniter\CodeIgniter->handleRequest(NULL, Object(Config\Cache), false)
#4 C:\Users\XIANGLU\Desktop\project kak eka\sidekat\public\index.php(37): CodeIgniter\CodeIgniter->run()
#5 C:\Users\XIANGLU\Desktop\project kak eka\sidekat\system\Commands\Server\rewrite.php(43): require_once('C:\\Users\\XIANGL...')
#6 {main}
CRITICAL - 2022-08-21 09:36:55 --> finfo_file(C:\xampp\tmp\php540D.tmp): failed to open stream: No such file or directory
#0 [internal function]: CodeIgniter\Debug\Exceptions->errorHandler(2, 'finfo_file(C:\\x...', 'C:\\Users\\XIANGL...', 109, Array)
#1 C:\Users\XIANGLU\Desktop\project kak eka\sidekat\system\Files\File.php(109): finfo_file(Resource id #148, 'C:\\xampp\\tmp\\ph...')
#2 C:\Users\XIANGLU\Desktop\project kak eka\sidekat\system\HTTP\Files\UploadedFile.php(302): CodeIgniter\Files\File->getMimeType()
#3 C:\Users\XIANGLU\Desktop\project kak eka\sidekat\system\HTTP\Files\UploadedFile.php(291): CodeIgniter\HTTP\Files\UploadedFile->guessExtension()
#4 C:\Users\XIANGLU\Desktop\project kak eka\sidekat\system\Files\File.php(121): CodeIgniter\HTTP\Files\UploadedFile->getExtension()
#5 C:\Users\XIANGLU\Desktop\project kak eka\sidekat\app\Controllers\Admin.php(122): CodeIgniter\Files\File->getRandomName()
#6 C:\Users\XIANGLU\Desktop\project kak eka\sidekat\system\CodeIgniter.php(832): App\Controllers\Admin->save()
#7 C:\Users\XIANGLU\Desktop\project kak eka\sidekat\system\CodeIgniter.php(419): CodeIgniter\CodeIgniter->runController(Object(App\Controllers\Admin))
#8 C:\Users\XIANGLU\Desktop\project kak eka\sidekat\system\CodeIgniter.php(326): CodeIgniter\CodeIgniter->handleRequest(NULL, Object(Config\Cache), false)
#9 C:\Users\XIANGLU\Desktop\project kak eka\sidekat\public\index.php(37): CodeIgniter\CodeIgniter->run()
#10 C:\Users\XIANGLU\Desktop\project kak eka\sidekat\system\Commands\Server\rewrite.php(43): require_once('C:\\Users\\XIANGL...')
#11 {main}
CRITICAL - 2022-08-21 10:37:00 --> Undefined variable: admin
#0 C:\Users\XIANGLU\Desktop\project kak eka\sidekat\app\Views\layout\navbar.php(40): CodeIgniter\Debug\Exceptions->errorHandler(8, 'Undefined varia...', 'C:\\Users\\XIANGL...', 40, Array)
#1 C:\Users\XIANGLU\Desktop\project kak eka\sidekat\system\View\View.php(210): include('C:\\Users\\XIANGL...')
#2 C:\Users\XIANGLU\Desktop\project kak eka\sidekat\system\View\View.php(213): CodeIgniter\View\View->CodeIgniter\View\{closure}()
#3 C:\Users\XIANGLU\Desktop\project kak eka\sidekat\system\View\View.php(424): CodeIgniter\View\View->render('layout/navbar', NULL, true)
#4 C:\Users\XIANGLU\Desktop\project kak eka\sidekat\app\Views\layout\template.php(50): CodeIgniter\View\View->include('layout/navbar')
#5 C:\Users\XIANGLU\Desktop\project kak eka\sidekat\system\View\View.php(210): include('C:\\Users\\XIANGL...')
#6 C:\Users\XIANGLU\Desktop\project kak eka\sidekat\system\View\View.php(213): CodeIgniter\View\View->CodeIgniter\View\{closure}()
#7 C:\Users\XIANGLU\Desktop\project kak eka\sidekat\system\View\View.php(226): CodeIgniter\View\View->render('layout/template', Array, true)
#8 C:\Users\XIANGLU\Desktop\project kak eka\sidekat\system\Common.php(1089): CodeIgniter\View\View->render('pages/adminView', Array, true)
#9 C:\Users\XIANGLU\Desktop\project kak eka\sidekat\app\Controllers\Admin.php(22): view('pages/adminView', Array)
#10 C:\Users\XIANGLU\Desktop\project kak eka\sidekat\system\CodeIgniter.php(832): App\Controllers\Admin->index()
#11 C:\Users\XIANGLU\Desktop\project kak eka\sidekat\system\CodeIgniter.php(419): CodeIgniter\CodeIgniter->runController(Object(App\Controllers\Admin))
#12 C:\Users\XIANGLU\Desktop\project kak eka\sidekat\system\CodeIgniter.php(326): CodeIgniter\CodeIgniter->handleRequest(NULL, Object(Config\Cache), false)
#13 C:\Users\XIANGLU\Desktop\project kak eka\sidekat\public\index.php(37): CodeIgniter\CodeIgniter->run()
#14 C:\Users\XIANGLU\Desktop\project kak eka\sidekat\system\Commands\Server\rewrite.php(43): require_once('C:\\Users\\XIANGL...')
#15 {main}
CRITICAL - 2022-08-21 10:37:53 --> Undefined variable: admin
#0 C:\Users\XIANGLU\Desktop\project kak eka\sidekat\app\Views\layout\navbar.php(40): CodeIgniter\Debug\Exceptions->errorHandler(8, 'Undefined varia...', 'C:\\Users\\XIANGL...', 40, Array)
#1 C:\Users\XIANGLU\Desktop\project kak eka\sidekat\system\View\View.php(210): include('C:\\Users\\XIANGL...')
#2 C:\Users\XIANGLU\Desktop\project kak eka\sidekat\system\View\View.php(213): CodeIgniter\View\View->CodeIgniter\View\{closure}()
#3 C:\Users\XIANGLU\Desktop\project kak eka\sidekat\system\View\View.php(424): CodeIgniter\View\View->render('layout/navbar', NULL, true)
#4 C:\Users\XIANGLU\Desktop\project kak eka\sidekat\app\Views\layout\template.php(50): CodeIgniter\View\View->include('layout/navbar')
#5 C:\Users\XIANGLU\Desktop\project kak eka\sidekat\system\View\View.php(210): include('C:\\Users\\XIANGL...')
#6 C:\Users\XIANGLU\Desktop\project kak eka\sidekat\system\View\View.php(213): CodeIgniter\View\View->CodeIgniter\View\{closure}()
#7 C:\Users\XIANGLU\Desktop\project kak eka\sidekat\system\View\View.php(226): CodeIgniter\View\View->render('layout/template', Array, true)
#8 C:\Users\XIANGLU\Desktop\project kak eka\sidekat\system\Common.php(1089): CodeIgniter\View\View->render('pages/profileVi...', Array, true)
#9 C:\Users\XIANGLU\Desktop\project kak eka\sidekat\app\Controllers\Profile.php(17): view('pages/profileVi...', Array)
#10 C:\Users\XIANGLU\Desktop\project kak eka\sidekat\system\CodeIgniter.php(832): App\Controllers\Profile->index('29')
#11 C:\Users\XIANGLU\Desktop\project kak eka\sidekat\system\CodeIgniter.php(419): CodeIgniter\CodeIgniter->runController(Object(App\Controllers\Profile))
#12 C:\Users\XIANGLU\Desktop\project kak eka\sidekat\system\CodeIgniter.php(326): CodeIgniter\CodeIgniter->handleRequest(NULL, Object(Config\Cache), false)
#13 C:\Users\XIANGLU\Desktop\project kak eka\sidekat\public\index.php(37): CodeIgniter\CodeIgniter->run()
#14 C:\Users\XIANGLU\Desktop\project kak eka\sidekat\system\Commands\Server\rewrite.php(43): require_once('C:\\Users\\XIANGL...')
#15 {main}
CRITICAL - 2022-08-21 10:46:27 --> Undefined variable: admin
#0 C:\Users\XIANGLU\Desktop\project kak eka\sidekat\app\Views\layout\navbar.php(40): CodeIgniter\Debug\Exceptions->errorHandler(8, 'Undefined varia...', 'C:\\Users\\XIANGL...', 40, Array)
#1 C:\Users\XIANGLU\Desktop\project kak eka\sidekat\system\View\View.php(210): include('C:\\Users\\XIANGL...')
#2 C:\Users\XIANGLU\Desktop\project kak eka\sidekat\system\View\View.php(213): CodeIgniter\View\View->CodeIgniter\View\{closure}()
#3 C:\Users\XIANGLU\Desktop\project kak eka\sidekat\system\View\View.php(424): CodeIgniter\View\View->render('layout/navbar', NULL, true)
#4 C:\Users\XIANGLU\Desktop\project kak eka\sidekat\app\Views\layout\template.php(50): CodeIgniter\View\View->include('layout/navbar')
#5 C:\Users\XIANGLU\Desktop\project kak eka\sidekat\system\View\View.php(210): include('C:\\Users\\XIANGL...')
#6 C:\Users\XIANGLU\Desktop\project kak eka\sidekat\system\View\View.php(213): CodeIgniter\View\View->CodeIgniter\View\{closure}()
#7 C:\Users\XIANGLU\Desktop\project kak eka\sidekat\system\View\View.php(226): CodeIgniter\View\View->render('layout/template', Array, true)
#8 C:\Users\XIANGLU\Desktop\project kak eka\sidekat\system\Common.php(1089): CodeIgniter\View\View->render('pages/adminView', Array, true)
#9 C:\Users\XIANGLU\Desktop\project kak eka\sidekat\app\Controllers\Admin.php(22): view('pages/adminView', Array)
#10 C:\Users\XIANGLU\Desktop\project kak eka\sidekat\system\CodeIgniter.php(832): App\Controllers\Admin->index()
#11 C:\Users\XIANGLU\Desktop\project kak eka\sidekat\system\CodeIgniter.php(419): CodeIgniter\CodeIgniter->runController(Object(App\Controllers\Admin))
#12 C:\Users\XIANGLU\Desktop\project kak eka\sidekat\system\CodeIgniter.php(326): CodeIgniter\CodeIgniter->handleRequest(NULL, Object(Config\Cache), false)
#13 C:\Users\XIANGLU\Desktop\project kak eka\sidekat\public\index.php(37): CodeIgniter\CodeIgniter->run()
#14 C:\Users\XIANGLU\Desktop\project kak eka\sidekat\system\Commands\Server\rewrite.php(43): require_once('C:\\Users\\XIANGL...')
#15 {main}
CRITICAL - 2022-08-21 10:51:30 --> Undefined variable: admin
#0 C:\Users\XIANGLU\Desktop\project kak eka\sidekat\app\Views\layout\navbar.php(40): CodeIgniter\Debug\Exceptions->errorHandler(8, 'Undefined varia...', 'C:\\Users\\XIANGL...', 40, Array)
#1 C:\Users\XIANGLU\Desktop\project kak eka\sidekat\system\View\View.php(210): include('C:\\Users\\XIANGL...')
#2 C:\Users\XIANGLU\Desktop\project kak eka\sidekat\system\View\View.php(213): CodeIgniter\View\View->CodeIgniter\View\{closure}()
#3 C:\Users\XIANGLU\Desktop\project kak eka\sidekat\system\View\View.php(424): CodeIgniter\View\View->render('layout/navbar', NULL, true)
#4 C:\Users\XIANGLU\Desktop\project kak eka\sidekat\app\Views\layout\template.php(50): CodeIgniter\View\View->include('layout/navbar')
#5 C:\Users\XIANGLU\Desktop\project kak eka\sidekat\system\View\View.php(210): include('C:\\Users\\XIANGL...')
#6 C:\Users\XIANGLU\Desktop\project kak eka\sidekat\system\View\View.php(213): CodeIgniter\View\View->CodeIgniter\View\{closure}()
#7 C:\Users\XIANGLU\Desktop\project kak eka\sidekat\system\View\View.php(226): CodeIgniter\View\View->render('layout/template', Array, true)
#8 C:\Users\XIANGLU\Desktop\project kak eka\sidekat\system\Common.php(1089): CodeIgniter\View\View->render('pages/adminView', Array, true)
#9 C:\Users\XIANGLU\Desktop\project kak eka\sidekat\app\Controllers\Admin.php(22): view('pages/adminView', Array)
#10 C:\Users\XIANGLU\Desktop\project kak eka\sidekat\system\CodeIgniter.php(832): App\Controllers\Admin->index()
#11 C:\Users\XIANGLU\Desktop\project kak eka\sidekat\system\CodeIgniter.php(419): CodeIgniter\CodeIgniter->runController(Object(App\Controllers\Admin))
#12 C:\Users\XIANGLU\Desktop\project kak eka\sidekat\system\CodeIgniter.php(326): CodeIgniter\CodeIgniter->handleRequest(NULL, Object(Config\Cache), false)
#13 C:\Users\XIANGLU\Desktop\project kak eka\sidekat\public\index.php(37): CodeIgniter\CodeIgniter->run()
#14 C:\Users\XIANGLU\Desktop\project kak eka\sidekat\system\Commands\Server\rewrite.php(43): require_once('C:\\Users\\XIANGL...')
#15 {main}
CRITICAL - 2022-08-21 10:52:29 --> Undefined variable: a
#0 C:\Users\XIANGLU\Desktop\project kak eka\sidekat\app\Views\layout\navbar.php(41): CodeIgniter\Debug\Exceptions->errorHandler(8, 'Undefined varia...', 'C:\\Users\\XIANGL...', 41, Array)
#1 C:\Users\XIANGLU\Desktop\project kak eka\sidekat\system\View\View.php(210): include('C:\\Users\\XIANGL...')
#2 C:\Users\XIANGLU\Desktop\project kak eka\sidekat\system\View\View.php(213): CodeIgniter\View\View->CodeIgniter\View\{closure}()
#3 C:\Users\XIANGLU\Desktop\project kak eka\sidekat\system\View\View.php(424): CodeIgniter\View\View->render('layout/navbar', NULL, true)
#4 C:\Users\XIANGLU\Desktop\project kak eka\sidekat\app\Views\layout\template.php(50): CodeIgniter\View\View->include('layout/navbar')
#5 C:\Users\XIANGLU\Desktop\project kak eka\sidekat\system\View\View.php(210): include('C:\\Users\\XIANGL...')
#6 C:\Users\XIANGLU\Desktop\project kak eka\sidekat\system\View\View.php(213): CodeIgniter\View\View->CodeIgniter\View\{closure}()
#7 C:\Users\XIANGLU\Desktop\project kak eka\sidekat\system\View\View.php(226): CodeIgniter\View\View->render('layout/template', Array, true)
#8 C:\Users\XIANGLU\Desktop\project kak eka\sidekat\system\Common.php(1089): CodeIgniter\View\View->render('pages/adminView', Array, true)
#9 C:\Users\XIANGLU\Desktop\project kak eka\sidekat\app\Controllers\Admin.php(22): view('pages/adminView', Array)
#10 C:\Users\XIANGLU\Desktop\project kak eka\sidekat\system\CodeIgniter.php(832): App\Controllers\Admin->index()
#11 C:\Users\XIANGLU\Desktop\project kak eka\sidekat\system\CodeIgniter.php(419): CodeIgniter\CodeIgniter->runController(Object(App\Controllers\Admin))
#12 C:\Users\XIANGLU\Desktop\project kak eka\sidekat\system\CodeIgniter.php(326): CodeIgniter\CodeIgniter->handleRequest(NULL, Object(Config\Cache), false)
#13 C:\Users\XIANGLU\Desktop\project kak eka\sidekat\public\index.php(37): CodeIgniter\CodeIgniter->run()
#14 C:\Users\XIANGLU\Desktop\project kak eka\sidekat\system\Commands\Server\rewrite.php(43): require_once('C:\\Users\\XIANGL...')
#15 {main}
CRITICAL - 2022-08-21 10:52:41 --> Trying to access array offset on value of type null
#0 C:\Users\XIANGLU\Desktop\project kak eka\sidekat\app\Views\layout\navbar.php(41): CodeIgniter\Debug\Exceptions->errorHandler(8, 'Trying to acces...', 'C:\\Users\\XIANGL...', 41, Array)
#1 C:\Users\XIANGLU\Desktop\project kak eka\sidekat\system\View\View.php(210): include('C:\\Users\\XIANGL...')
#2 C:\Users\XIANGLU\Desktop\project kak eka\sidekat\system\View\View.php(213): CodeIgniter\View\View->CodeIgniter\View\{closure}()
#3 C:\Users\XIANGLU\Desktop\project kak eka\sidekat\system\View\View.php(424): CodeIgniter\View\View->render('layout/navbar', NULL, true)
#4 C:\Users\XIANGLU\Desktop\project kak eka\sidekat\app\Views\layout\template.php(50): CodeIgniter\View\View->include('layout/navbar')
#5 C:\Users\XIANGLU\Desktop\project kak eka\sidekat\system\View\View.php(210): include('C:\\Users\\XIANGL...')
#6 C:\Users\XIANGLU\Desktop\project kak eka\sidekat\system\View\View.php(213): CodeIgniter\View\View->CodeIgniter\View\{closure}()
#7 C:\Users\XIANGLU\Desktop\project kak eka\sidekat\system\View\View.php(226): CodeIgniter\View\View->render('layout/template', Array, true)
#8 C:\Users\XIANGLU\Desktop\project kak eka\sidekat\system\Common.php(1089): CodeIgniter\View\View->render('pages/adminView', Array, true)
#9 C:\Users\XIANGLU\Desktop\project kak eka\sidekat\app\Controllers\Admin.php(22): view('pages/adminView', Array)
#10 C:\Users\XIANGLU\Desktop\project kak eka\sidekat\system\CodeIgniter.php(832): App\Controllers\Admin->index()
#11 C:\Users\XIANGLU\Desktop\project kak eka\sidekat\system\CodeIgniter.php(419): CodeIgniter\CodeIgniter->runController(Object(App\Controllers\Admin))
#12 C:\Users\XIANGLU\Desktop\project kak eka\sidekat\system\CodeIgniter.php(326): CodeIgniter\CodeIgniter->handleRequest(NULL, Object(Config\Cache), false)
#13 C:\Users\XIANGLU\Desktop\project kak eka\sidekat\public\index.php(37): CodeIgniter\CodeIgniter->run()
#14 C:\Users\XIANGLU\Desktop\project kak eka\sidekat\system\Commands\Server\rewrite.php(43): require_once('C:\\Users\\XIANGL...')
#15 {main}
CRITICAL - 2022-08-21 10:52:56 --> Trying to access array offset on value of type null
#0 C:\Users\XIANGLU\Desktop\project kak eka\sidekat\app\Views\layout\navbar.php(41): CodeIgniter\Debug\Exceptions->errorHandler(8, 'Trying to acces...', 'C:\\Users\\XIANGL...', 41, Array)
#1 C:\Users\XIANGLU\Desktop\project kak eka\sidekat\system\View\View.php(210): include('C:\\Users\\XIANGL...')
#2 C:\Users\XIANGLU\Desktop\project kak eka\sidekat\system\View\View.php(213): CodeIgniter\View\View->CodeIgniter\View\{closure}()
#3 C:\Users\XIANGLU\Desktop\project kak eka\sidekat\system\View\View.php(424): CodeIgniter\View\View->render('layout/navbar', NULL, true)
#4 C:\Users\XIANGLU\Desktop\project kak eka\sidekat\app\Views\layout\template.php(50): CodeIgniter\View\View->include('layout/navbar')
#5 C:\Users\XIANGLU\Desktop\project kak eka\sidekat\system\View\View.php(210): include('C:\\Users\\XIANGL...')
#6 C:\Users\XIANGLU\Desktop\project kak eka\sidekat\system\View\View.php(213): CodeIgniter\View\View->CodeIgniter\View\{closure}()
#7 C:\Users\XIANGLU\Desktop\project kak eka\sidekat\system\View\View.php(226): CodeIgniter\View\View->render('layout/template', Array, true)
#8 C:\Users\XIANGLU\Desktop\project kak eka\sidekat\system\Common.php(1089): CodeIgniter\View\View->render('pages/adminView', Array, true)
#9 C:\Users\XIANGLU\Desktop\project kak eka\sidekat\app\Controllers\Admin.php(22): view('pages/adminView', Array)
#10 C:\Users\XIANGLU\Desktop\project kak eka\sidekat\system\CodeIgniter.php(832): App\Controllers\Admin->index()
#11 C:\Users\XIANGLU\Desktop\project kak eka\sidekat\system\CodeIgniter.php(419): CodeIgniter\CodeIgniter->runController(Object(App\Controllers\Admin))
#12 C:\Users\XIANGLU\Desktop\project kak eka\sidekat\system\CodeIgniter.php(326): CodeIgniter\CodeIgniter->handleRequest(NULL, Object(Config\Cache), false)
#13 C:\Users\XIANGLU\Desktop\project kak eka\sidekat\public\index.php(37): CodeIgniter\CodeIgniter->run()
#14 C:\Users\XIANGLU\Desktop\project kak eka\sidekat\system\Commands\Server\rewrite.php(43): require_once('C:\\Users\\XIANGL...')
#15 {main}
CRITICAL - 2022-08-21 10:53:11 --> Undefined variable: admin
#0 C:\Users\XIANGLU\Desktop\project kak eka\sidekat\app\Views\layout\navbar.php(40): CodeIgniter\Debug\Exceptions->errorHandler(8, 'Undefined varia...', 'C:\\Users\\XIANGL...', 40, Array)
#1 C:\Users\XIANGLU\Desktop\project kak eka\sidekat\system\View\View.php(210): include('C:\\Users\\XIANGL...')
#2 C:\Users\XIANGLU\Desktop\project kak eka\sidekat\system\View\View.php(213): CodeIgniter\View\View->CodeIgniter\View\{closure}()
#3 C:\Users\XIANGLU\Desktop\project kak eka\sidekat\system\View\View.php(424): CodeIgniter\View\View->render('layout/navbar', NULL, true)
#4 C:\Users\XIANGLU\Desktop\project kak eka\sidekat\app\Views\layout\template.php(50): CodeIgniter\View\View->include('layout/navbar')
#5 C:\Users\XIANGLU\Desktop\project kak eka\sidekat\system\View\View.php(210): include('C:\\Users\\XIANGL...')
#6 C:\Users\XIANGLU\Desktop\project kak eka\sidekat\system\View\View.php(213): CodeIgniter\View\View->CodeIgniter\View\{closure}()
#7 C:\Users\XIANGLU\Desktop\project kak eka\sidekat\system\View\View.php(226): CodeIgniter\View\View->render('layout/template', Array, true)
#8 C:\Users\XIANGLU\Desktop\project kak eka\sidekat\system\Common.php(1089): CodeIgniter\View\View->render('pages/adminView', Array, true)
#9 C:\Users\XIANGLU\Desktop\project kak eka\sidekat\app\Controllers\Admin.php(22): view('pages/adminView', Array)
#10 C:\Users\XIANGLU\Desktop\project kak eka\sidekat\system\CodeIgniter.php(832): App\Controllers\Admin->index()
#11 C:\Users\XIANGLU\Desktop\project kak eka\sidekat\system\CodeIgniter.php(419): CodeIgniter\CodeIgniter->runController(Object(App\Controllers\Admin))
#12 C:\Users\XIANGLU\Desktop\project kak eka\sidekat\system\CodeIgniter.php(326): CodeIgniter\CodeIgniter->handleRequest(NULL, Object(Config\Cache), false)
#13 C:\Users\XIANGLU\Desktop\project kak eka\sidekat\public\index.php(37): CodeIgniter\CodeIgniter->run()
#14 C:\Users\XIANGLU\Desktop\project kak eka\sidekat\system\Commands\Server\rewrite.php(43): require_once('C:\\Users\\XIANGL...')
#15 {main}
CRITICAL - 2022-08-21 10:53:13 --> Undefined variable: admin
#0 C:\Users\XIANGLU\Desktop\project kak eka\sidekat\app\Views\layout\navbar.php(40): CodeIgniter\Debug\Exceptions->errorHandler(8, 'Undefined varia...', 'C:\\Users\\XIANGL...', 40, Array)
#1 C:\Users\XIANGLU\Desktop\project kak eka\sidekat\system\View\View.php(210): include('C:\\Users\\XIANGL...')
#2 C:\Users\XIANGLU\Desktop\project kak eka\sidekat\system\View\View.php(213): CodeIgniter\View\View->CodeIgniter\View\{closure}()
#3 C:\Users\XIANGLU\Desktop\project kak eka\sidekat\system\View\View.php(424): CodeIgniter\View\View->render('layout/navbar', NULL, true)
#4 C:\Users\XIANGLU\Desktop\project kak eka\sidekat\app\Views\layout\template.php(50): CodeIgniter\View\View->include('layout/navbar')
#5 C:\Users\XIANGLU\Desktop\project kak eka\sidekat\system\View\View.php(210): include('C:\\Users\\XIANGL...')
#6 C:\Users\XIANGLU\Desktop\project kak eka\sidekat\system\View\View.php(213): CodeIgniter\View\View->CodeIgniter\View\{closure}()
#7 C:\Users\XIANGLU\Desktop\project kak eka\sidekat\system\View\View.php(226): CodeIgniter\View\View->render('layout/template', Array, true)
#8 C:\Users\XIANGLU\Desktop\project kak eka\sidekat\system\Common.php(1089): CodeIgniter\View\View->render('pages/adminView', Array, true)
#9 C:\Users\XIANGLU\Desktop\project kak eka\sidekat\app\Controllers\Admin.php(22): view('pages/adminView', Array)
#10 C:\Users\XIANGLU\Desktop\project kak eka\sidekat\system\CodeIgniter.php(832): App\Controllers\Admin->index()
#11 C:\Users\XIANGLU\Desktop\project kak eka\sidekat\system\CodeIgniter.php(419): CodeIgniter\CodeIgniter->runController(Object(App\Controllers\Admin))
#12 C:\Users\XIANGLU\Desktop\project kak eka\sidekat\system\CodeIgniter.php(326): CodeIgniter\CodeIgniter->handleRequest(NULL, Object(Config\Cache), false)
#13 C:\Users\XIANGLU\Desktop\project kak eka\sidekat\public\index.php(37): CodeIgniter\CodeIgniter->run()
#14 C:\Users\XIANGLU\Desktop\project kak eka\sidekat\system\Commands\Server\rewrite.php(43): require_once('C:\\Users\\XIANGL...')
#15 {main}
CRITICAL - 2022-08-21 10:53:13 --> Undefined variable: admin
#0 C:\Users\XIANGLU\Desktop\project kak eka\sidekat\app\Views\layout\navbar.php(40): CodeIgniter\Debug\Exceptions->errorHandler(8, 'Undefined varia...', 'C:\\Users\\XIANGL...', 40, Array)
#1 C:\Users\XIANGLU\Desktop\project kak eka\sidekat\system\View\View.php(210): include('C:\\Users\\XIANGL...')
#2 C:\Users\XIANGLU\Desktop\project kak eka\sidekat\system\View\View.php(213): CodeIgniter\View\View->CodeIgniter\View\{closure}()
#3 C:\Users\XIANGLU\Desktop\project kak eka\sidekat\system\View\View.php(424): CodeIgniter\View\View->render('layout/navbar', NULL, true)
#4 C:\Users\XIANGLU\Desktop\project kak eka\sidekat\app\Views\layout\template.php(50): CodeIgniter\View\View->include('layout/navbar')
#5 C:\Users\XIANGLU\Desktop\project kak eka\sidekat\system\View\View.php(210): include('C:\\Users\\XIANGL...')
#6 C:\Users\XIANGLU\Desktop\project kak eka\sidekat\system\View\View.php(213): CodeIgniter\View\View->CodeIgniter\View\{closure}()
#7 C:\Users\XIANGLU\Desktop\project kak eka\sidekat\system\View\View.php(226): CodeIgniter\View\View->render('layout/template', Array, true)
#8 C:\Users\XIANGLU\Desktop\project kak eka\sidekat\system\Common.php(1089): CodeIgniter\View\View->render('pages/adminView', Array, true)
#9 C:\Users\XIANGLU\Desktop\project kak eka\sidekat\app\Controllers\Admin.php(22): view('pages/adminView', Array)
#10 C:\Users\XIANGLU\Desktop\project kak eka\sidekat\system\CodeIgniter.php(832): App\Controllers\Admin->index()
#11 C:\Users\XIANGLU\Desktop\project kak eka\sidekat\system\CodeIgniter.php(419): CodeIgniter\CodeIgniter->runController(Object(App\Controllers\Admin))
#12 C:\Users\XIANGLU\Desktop\project kak eka\sidekat\system\CodeIgniter.php(326): CodeIgniter\CodeIgniter->handleRequest(NULL, Object(Config\Cache), false)
#13 C:\Users\XIANGLU\Desktop\project kak eka\sidekat\public\index.php(37): CodeIgniter\CodeIgniter->run()
#14 C:\Users\XIANGLU\Desktop\project kak eka\sidekat\system\Commands\Server\rewrite.php(43): require_once('C:\\Users\\XIANGL...')
#15 {main}
