ERROR - 2022-05-29 09:28:45 --> Error connecting to the database: No connection could be made because the target machine actively refused it.

CRITICAL - 2022-05-29 09:28:45 --> Unable to connect to the database.
Main connection [MySQLi]: No connection could be made because the target machine actively refused it.

#0 C:\Users\XIANGLU\Desktop\projectJayanti\system\Database\BaseConnection.php(577): CodeIgniter\Database\BaseConnection->initialize()
#1 C:\Users\XIANGLU\Desktop\projectJayanti\system\Database\BaseBuilder.php(1455): CodeIgniter\Database\BaseConnection->query('SELECT *\nFROM `...', Array, false)
#2 C:\Users\XIANGLU\Desktop\projectJayanti\system\Model.php(183): CodeIgniter\Database\BaseBuilder->get()
#3 C:\Users\XIANGLU\Desktop\projectJayanti\system\BaseModel.php(584): CodeIgniter\Model->doFindAll(0, 0)
#4 C:\Users\XIANGLU\Desktop\projectJayanti\app\Controllers\admin.php(15): CodeIgniter\BaseModel->findAll()
#5 C:\Users\XIANGLU\Desktop\projectJayanti\system\CodeIgniter.php(832): App\Controllers\admin->index()
#6 C:\Users\XIANGLU\Desktop\projectJayanti\system\CodeIgniter.php(419): CodeIgniter\CodeIgniter->runController(Object(App\Controllers\admin))
#7 C:\Users\XIANGLU\Desktop\projectJayanti\system\CodeIgniter.php(326): CodeIgniter\CodeIgniter->handleRequest(NULL, Object(Config\Cache), false)
#8 C:\Users\XIANGLU\Desktop\projectJayanti\public\index.php(37): CodeIgniter\CodeIgniter->run()
#9 C:\Users\XIANGLU\Desktop\projectJayanti\system\Commands\Server\rewrite.php(43): require_once('C:\\Users\\XIANGL...')
#10 {main}
ERROR - 2022-05-29 09:28:49 --> Error connecting to the database: No connection could be made because the target machine actively refused it.

CRITICAL - 2022-05-29 09:28:49 --> Unable to connect to the database.
Main connection [MySQLi]: No connection could be made because the target machine actively refused it.

#0 C:\Users\XIANGLU\Desktop\projectJayanti\system\Database\BaseConnection.php(577): CodeIgniter\Database\BaseConnection->initialize()
#1 C:\Users\XIANGLU\Desktop\projectJayanti\system\Database\BaseBuilder.php(1455): CodeIgniter\Database\BaseConnection->query('SELECT *\nFROM `...', Array, false)
#2 C:\Users\XIANGLU\Desktop\projectJayanti\system\Model.php(183): CodeIgniter\Database\BaseBuilder->get()
#3 C:\Users\XIANGLU\Desktop\projectJayanti\system\BaseModel.php(584): CodeIgniter\Model->doFindAll(0, 0)
#4 C:\Users\XIANGLU\Desktop\projectJayanti\app\Controllers\admin.php(15): CodeIgniter\BaseModel->findAll()
#5 C:\Users\XIANGLU\Desktop\projectJayanti\system\CodeIgniter.php(832): App\Controllers\admin->index()
#6 C:\Users\XIANGLU\Desktop\projectJayanti\system\CodeIgniter.php(419): CodeIgniter\CodeIgniter->runController(Object(App\Controllers\admin))
#7 C:\Users\XIANGLU\Desktop\projectJayanti\system\CodeIgniter.php(326): CodeIgniter\CodeIgniter->handleRequest(NULL, Object(Config\Cache), false)
#8 C:\Users\XIANGLU\Desktop\projectJayanti\public\index.php(37): CodeIgniter\CodeIgniter->run()
#9 C:\Users\XIANGLU\Desktop\projectJayanti\system\Commands\Server\rewrite.php(43): require_once('C:\\Users\\XIANGL...')
#10 {main}
