ERROR - 2022-06-16 10:56:40 --> Column 'jenis_kelamin' cannot be null
CRITICAL - 2022-06-16 10:56:40 --> Column 'jenis_kelamin' cannot be null
#0 C:\Users\XIANGLU\Desktop\projectJayanti\system\Database\MySQLi\Connection.php(292): mysqli->query('INSERT INTO `ac...', 0)
#1 C:\Users\XIANGLU\Desktop\projectJayanti\system\Database\BaseConnection.php(670): CodeIgniter\Database\MySQLi\Connection->execute('INSERT INTO `ac...')
#2 C:\Users\XIANGLU\Desktop\projectJayanti\system\Database\BaseConnection.php(598): CodeIgniter\Database\BaseConnection->simpleQuery('INSERT INTO `ac...')
#3 C:\Users\XIANGLU\Desktop\projectJayanti\system\Database\BaseBuilder.php(1771): CodeIgniter\Database\BaseConnection->query('INSERT INTO `ac...', Array, false)
#4 C:\Users\XIANGLU\Desktop\projectJayanti\system\Model.php(239): CodeIgniter\Database\BaseBuilder->insert()
#5 C:\Users\XIANGLU\Desktop\projectJayanti\system\BaseModel.php(738): CodeIgniter\Model->doInsert(Array)
#6 C:\Users\XIANGLU\Desktop\projectJayanti\system\Model.php(625): CodeIgniter\BaseModel->insert(Array, false)
#7 C:\Users\XIANGLU\Desktop\projectJayanti\system\BaseModel.php(658): CodeIgniter\Model->insert(Array, false)
#8 C:\Users\XIANGLU\Desktop\projectJayanti\app\Controllers\Admin.php(80): CodeIgniter\BaseModel->save(Array)
#9 C:\Users\XIANGLU\Desktop\projectJayanti\system\CodeIgniter.php(832): App\Controllers\Admin->save()
#10 C:\Users\XIANGLU\Desktop\projectJayanti\system\CodeIgniter.php(419): CodeIgniter\CodeIgniter->runController(Object(App\Controllers\Admin))
#11 C:\Users\XIANGLU\Desktop\projectJayanti\system\CodeIgniter.php(326): CodeIgniter\CodeIgniter->handleRequest(NULL, Object(Config\Cache), false)
#12 C:\Users\XIANGLU\Desktop\projectJayanti\public\index.php(37): CodeIgniter\CodeIgniter->run()
#13 C:\Users\XIANGLU\Desktop\projectJayanti\system\Commands\Server\rewrite.php(43): require_once('C:\\Users\\XIANGL...')
#14 {main}
CRITICAL - 2022-06-16 12:57:56 --> Undefined variable: admin
#0 C:\Users\XIANGLU\Desktop\projectJayanti\app\Views\layout\navbar.php(3): CodeIgniter\Debug\Exceptions->errorHandler(8, 'Undefined varia...', 'C:\\Users\\XIANGL...', 3, Array)
#1 C:\Users\XIANGLU\Desktop\projectJayanti\system\View\View.php(210): include('C:\\Users\\XIANGL...')
#2 C:\Users\XIANGLU\Desktop\projectJayanti\system\View\View.php(213): CodeIgniter\View\View->CodeIgniter\View\{closure}()
#3 C:\Users\XIANGLU\Desktop\projectJayanti\system\View\View.php(424): CodeIgniter\View\View->render('layout/navbar', NULL, true)
#4 C:\Users\XIANGLU\Desktop\projectJayanti\app\Views\layout\template.php(23): CodeIgniter\View\View->include('layout/navbar')
#5 C:\Users\XIANGLU\Desktop\projectJayanti\system\View\View.php(210): include('C:\\Users\\XIANGL...')
#6 C:\Users\XIANGLU\Desktop\projectJayanti\system\View\View.php(213): CodeIgniter\View\View->CodeIgniter\View\{closure}()
#7 C:\Users\XIANGLU\Desktop\projectJayanti\system\View\View.php(226): CodeIgniter\View\View->render('layout/template', Array, true)
#8 C:\Users\XIANGLU\Desktop\projectJayanti\system\Common.php(1089): CodeIgniter\View\View->render('pages/createTic...', Array, true)
#9 C:\Users\XIANGLU\Desktop\projectJayanti\app\Controllers\CreateTicket.php(14): view('pages/createTic...', Array)
#10 C:\Users\XIANGLU\Desktop\projectJayanti\system\CodeIgniter.php(832): App\Controllers\CreateTicket->index()
#11 C:\Users\XIANGLU\Desktop\projectJayanti\system\CodeIgniter.php(419): CodeIgniter\CodeIgniter->runController(Object(App\Controllers\CreateTicket))
#12 C:\Users\XIANGLU\Desktop\projectJayanti\system\CodeIgniter.php(326): CodeIgniter\CodeIgniter->handleRequest(NULL, Object(Config\Cache), false)
#13 C:\Users\XIANGLU\Desktop\projectJayanti\public\index.php(37): CodeIgniter\CodeIgniter->run()
#14 C:\Users\XIANGLU\Desktop\projectJayanti\system\Commands\Server\rewrite.php(43): require_once('C:\\Users\\XIANGL...')
#15 {main}
CRITICAL - 2022-06-16 12:59:02 --> Undefined variable: admin
#0 C:\Users\XIANGLU\Desktop\projectJayanti\app\Views\layout\navbar.php(3): CodeIgniter\Debug\Exceptions->errorHandler(8, 'Undefined varia...', 'C:\\Users\\XIANGL...', 3, Array)
#1 C:\Users\XIANGLU\Desktop\projectJayanti\system\View\View.php(210): include('C:\\Users\\XIANGL...')
#2 C:\Users\XIANGLU\Desktop\projectJayanti\system\View\View.php(213): CodeIgniter\View\View->CodeIgniter\View\{closure}()
#3 C:\Users\XIANGLU\Desktop\projectJayanti\system\View\View.php(424): CodeIgniter\View\View->render('layout/navbar', NULL, true)
#4 C:\Users\XIANGLU\Desktop\projectJayanti\app\Views\layout\template.php(23): CodeIgniter\View\View->include('layout/navbar')
#5 C:\Users\XIANGLU\Desktop\projectJayanti\system\View\View.php(210): include('C:\\Users\\XIANGL...')
#6 C:\Users\XIANGLU\Desktop\projectJayanti\system\View\View.php(213): CodeIgniter\View\View->CodeIgniter\View\{closure}()
#7 C:\Users\XIANGLU\Desktop\projectJayanti\system\View\View.php(226): CodeIgniter\View\View->render('layout/template', Array, true)
#8 C:\Users\XIANGLU\Desktop\projectJayanti\system\Common.php(1089): CodeIgniter\View\View->render('pages/createTic...', Array, true)
#9 C:\Users\XIANGLU\Desktop\projectJayanti\app\Controllers\CreateTicket.php(14): view('pages/createTic...', Array)
#10 C:\Users\XIANGLU\Desktop\projectJayanti\system\CodeIgniter.php(832): App\Controllers\CreateTicket->index()
#11 C:\Users\XIANGLU\Desktop\projectJayanti\system\CodeIgniter.php(419): CodeIgniter\CodeIgniter->runController(Object(App\Controllers\CreateTicket))
#12 C:\Users\XIANGLU\Desktop\projectJayanti\system\CodeIgniter.php(326): CodeIgniter\CodeIgniter->handleRequest(NULL, Object(Config\Cache), false)
#13 C:\Users\XIANGLU\Desktop\projectJayanti\public\index.php(37): CodeIgniter\CodeIgniter->run()
#14 C:\Users\XIANGLU\Desktop\projectJayanti\system\Commands\Server\rewrite.php(43): require_once('C:\\Users\\XIANGL...')
#15 {main}
CRITICAL - 2022-06-16 12:59:35 --> Undefined variable: admin
#0 C:\Users\XIANGLU\Desktop\projectJayanti\app\Views\layout\navbar.php(3): CodeIgniter\Debug\Exceptions->errorHandler(8, 'Undefined varia...', 'C:\\Users\\XIANGL...', 3, Array)
#1 C:\Users\XIANGLU\Desktop\projectJayanti\system\View\View.php(210): include('C:\\Users\\XIANGL...')
#2 C:\Users\XIANGLU\Desktop\projectJayanti\system\View\View.php(213): CodeIgniter\View\View->CodeIgniter\View\{closure}()
#3 C:\Users\XIANGLU\Desktop\projectJayanti\system\View\View.php(424): CodeIgniter\View\View->render('layout/navbar', NULL, true)
#4 C:\Users\XIANGLU\Desktop\projectJayanti\app\Views\layout\template.php(23): CodeIgniter\View\View->include('layout/navbar')
#5 C:\Users\XIANGLU\Desktop\projectJayanti\system\View\View.php(210): include('C:\\Users\\XIANGL...')
#6 C:\Users\XIANGLU\Desktop\projectJayanti\system\View\View.php(213): CodeIgniter\View\View->CodeIgniter\View\{closure}()
#7 C:\Users\XIANGLU\Desktop\projectJayanti\system\View\View.php(226): CodeIgniter\View\View->render('layout/template', Array, true)
#8 C:\Users\XIANGLU\Desktop\projectJayanti\system\Common.php(1089): CodeIgniter\View\View->render('pages/createTic...', Array, true)
#9 C:\Users\XIANGLU\Desktop\projectJayanti\app\Controllers\CreateTicket.php(14): view('pages/createTic...', Array)
#10 C:\Users\XIANGLU\Desktop\projectJayanti\system\CodeIgniter.php(832): App\Controllers\CreateTicket->index()
#11 C:\Users\XIANGLU\Desktop\projectJayanti\system\CodeIgniter.php(419): CodeIgniter\CodeIgniter->runController(Object(App\Controllers\CreateTicket))
#12 C:\Users\XIANGLU\Desktop\projectJayanti\system\CodeIgniter.php(326): CodeIgniter\CodeIgniter->handleRequest(NULL, Object(Config\Cache), false)
#13 C:\Users\XIANGLU\Desktop\projectJayanti\public\index.php(37): CodeIgniter\CodeIgniter->run()
#14 C:\Users\XIANGLU\Desktop\projectJayanti\system\Commands\Server\rewrite.php(43): require_once('C:\\Users\\XIANGL...')
#15 {main}
CRITICAL - 2022-06-16 12:59:39 --> Undefined variable: admin
#0 C:\Users\XIANGLU\Desktop\projectJayanti\app\Views\layout\navbar.php(3): CodeIgniter\Debug\Exceptions->errorHandler(8, 'Undefined varia...', 'C:\\Users\\XIANGL...', 3, Array)
#1 C:\Users\XIANGLU\Desktop\projectJayanti\system\View\View.php(210): include('C:\\Users\\XIANGL...')
#2 C:\Users\XIANGLU\Desktop\projectJayanti\system\View\View.php(213): CodeIgniter\View\View->CodeIgniter\View\{closure}()
#3 C:\Users\XIANGLU\Desktop\projectJayanti\system\View\View.php(424): CodeIgniter\View\View->render('layout/navbar', NULL, true)
#4 C:\Users\XIANGLU\Desktop\projectJayanti\app\Views\layout\template.php(23): CodeIgniter\View\View->include('layout/navbar')
#5 C:\Users\XIANGLU\Desktop\projectJayanti\system\View\View.php(210): include('C:\\Users\\XIANGL...')
#6 C:\Users\XIANGLU\Desktop\projectJayanti\system\View\View.php(213): CodeIgniter\View\View->CodeIgniter\View\{closure}()
#7 C:\Users\XIANGLU\Desktop\projectJayanti\system\View\View.php(226): CodeIgniter\View\View->render('layout/template', Array, true)
#8 C:\Users\XIANGLU\Desktop\projectJayanti\system\Common.php(1089): CodeIgniter\View\View->render('pages/homeView', Array, true)
#9 C:\Users\XIANGLU\Desktop\projectJayanti\app\Controllers\Home.php(13): view('pages/homeView', Array)
#10 C:\Users\XIANGLU\Desktop\projectJayanti\system\CodeIgniter.php(832): App\Controllers\Home->index()
#11 C:\Users\XIANGLU\Desktop\projectJayanti\system\CodeIgniter.php(419): CodeIgniter\CodeIgniter->runController(Object(App\Controllers\Home))
#12 C:\Users\XIANGLU\Desktop\projectJayanti\system\CodeIgniter.php(326): CodeIgniter\CodeIgniter->handleRequest(NULL, Object(Config\Cache), false)
#13 C:\Users\XIANGLU\Desktop\projectJayanti\public\index.php(37): CodeIgniter\CodeIgniter->run()
#14 C:\Users\XIANGLU\Desktop\projectJayanti\system\Commands\Server\rewrite.php(43): require_once('C:\\Users\\XIANGL...')
#15 {main}
CRITICAL - 2022-06-16 12:59:41 --> Undefined variable: admin
#0 C:\Users\XIANGLU\Desktop\projectJayanti\app\Views\layout\navbar.php(3): CodeIgniter\Debug\Exceptions->errorHandler(8, 'Undefined varia...', 'C:\\Users\\XIANGL...', 3, Array)
#1 C:\Users\XIANGLU\Desktop\projectJayanti\system\View\View.php(210): include('C:\\Users\\XIANGL...')
#2 C:\Users\XIANGLU\Desktop\projectJayanti\system\View\View.php(213): CodeIgniter\View\View->CodeIgniter\View\{closure}()
#3 C:\Users\XIANGLU\Desktop\projectJayanti\system\View\View.php(424): CodeIgniter\View\View->render('layout/navbar', NULL, true)
#4 C:\Users\XIANGLU\Desktop\projectJayanti\app\Views\layout\template.php(23): CodeIgniter\View\View->include('layout/navbar')
#5 C:\Users\XIANGLU\Desktop\projectJayanti\system\View\View.php(210): include('C:\\Users\\XIANGL...')
#6 C:\Users\XIANGLU\Desktop\projectJayanti\system\View\View.php(213): CodeIgniter\View\View->CodeIgniter\View\{closure}()
#7 C:\Users\XIANGLU\Desktop\projectJayanti\system\View\View.php(226): CodeIgniter\View\View->render('layout/template', Array, true)
#8 C:\Users\XIANGLU\Desktop\projectJayanti\system\Common.php(1089): CodeIgniter\View\View->render('pages/createTic...', Array, true)
#9 C:\Users\XIANGLU\Desktop\projectJayanti\app\Controllers\CreateTicket.php(14): view('pages/createTic...', Array)
#10 C:\Users\XIANGLU\Desktop\projectJayanti\system\CodeIgniter.php(832): App\Controllers\CreateTicket->index()
#11 C:\Users\XIANGLU\Desktop\projectJayanti\system\CodeIgniter.php(419): CodeIgniter\CodeIgniter->runController(Object(App\Controllers\CreateTicket))
#12 C:\Users\XIANGLU\Desktop\projectJayanti\system\CodeIgniter.php(326): CodeIgniter\CodeIgniter->handleRequest(NULL, Object(Config\Cache), false)
#13 C:\Users\XIANGLU\Desktop\projectJayanti\public\index.php(37): CodeIgniter\CodeIgniter->run()
#14 C:\Users\XIANGLU\Desktop\projectJayanti\system\Commands\Server\rewrite.php(43): require_once('C:\\Users\\XIANGL...')
#15 {main}
