CRITICAL - 2022-06-12 07:51:22 --> is_uniq is not a valid rule.
#0 C:\Users\XIANGLU\Desktop\projectJayanti\system\Validation\Validation.php(300): CodeIgniter\Validation\Exceptions\ValidationException::forRuleNotFound('is_uniq')
#1 C:\Users\XIANGLU\Desktop\projectJayanti\system\Validation\Validation.php(157): CodeIgniter\Validation\Validation->processRules('nik', 'nik', '1202203', Array, Array)
#2 C:\Users\XIANGLU\Desktop\projectJayanti\system\Controller.php(160): CodeIgniter\Validation\Validation->run()
#3 C:\Users\XIANGLU\Desktop\projectJayanti\app\Controllers\Admin.php(58): CodeIgniter\Controller->validate(Array)
#4 C:\Users\XIANGLU\Desktop\projectJayanti\system\CodeIgniter.php(832): App\Controllers\Admin->save()
#5 C:\Users\XIANGLU\Desktop\projectJayanti\system\CodeIgniter.php(419): CodeIgniter\CodeIgniter->runController(Object(App\Controllers\Admin))
#6 C:\Users\XIANGLU\Desktop\projectJayanti\system\CodeIgniter.php(326): CodeIgniter\CodeIgniter->handleRequest(NULL, Object(Config\Cache), false)
#7 C:\Users\XIANGLU\Desktop\projectJayanti\public\index.php(37): CodeIgniter\CodeIgniter->run()
#8 C:\Users\XIANGLU\Desktop\projectJayanti\system\Commands\Server\rewrite.php(43): require_once('C:\\Users\\XIANGL...')
#9 {main}
ERROR - 2022-06-12 07:51:50 --> Table 'db_jayanti.admin' doesn't exist
CRITICAL - 2022-06-12 07:51:50 --> Table 'db_jayanti.admin' doesn't exist
#0 C:\Users\XIANGLU\Desktop\projectJayanti\system\Database\MySQLi\Connection.php(292): mysqli->query('SELECT 1\nFROM `...', 0)
#1 C:\Users\XIANGLU\Desktop\projectJayanti\system\Database\BaseConnection.php(670): CodeIgniter\Database\MySQLi\Connection->execute('SELECT 1\nFROM `...')
#2 C:\Users\XIANGLU\Desktop\projectJayanti\system\Database\BaseConnection.php(598): CodeIgniter\Database\BaseConnection->simpleQuery('SELECT 1\nFROM `...')
#3 C:\Users\XIANGLU\Desktop\projectJayanti\system\Database\BaseBuilder.php(1455): CodeIgniter\Database\BaseConnection->query('SELECT 1\nFROM `...', Array, false)
#4 C:\Users\XIANGLU\Desktop\projectJayanti\system\Validation\Rules.php(142): CodeIgniter\Database\BaseBuilder->get()
#5 C:\Users\XIANGLU\Desktop\projectJayanti\system\Validation\Validation.php(292): CodeIgniter\Validation\Rules->is_unique('1202203', 'nik', Array, NULL)
#6 C:\Users\XIANGLU\Desktop\projectJayanti\system\Validation\Validation.php(157): CodeIgniter\Validation\Validation->processRules('nik', 'nik', '1202203', Array, Array)
#7 C:\Users\XIANGLU\Desktop\projectJayanti\system\Controller.php(160): CodeIgniter\Validation\Validation->run()
#8 C:\Users\XIANGLU\Desktop\projectJayanti\app\Controllers\Admin.php(58): CodeIgniter\Controller->validate(Array)
#9 C:\Users\XIANGLU\Desktop\projectJayanti\system\CodeIgniter.php(832): App\Controllers\Admin->save()
#10 C:\Users\XIANGLU\Desktop\projectJayanti\system\CodeIgniter.php(419): CodeIgniter\CodeIgniter->runController(Object(App\Controllers\Admin))
#11 C:\Users\XIANGLU\Desktop\projectJayanti\system\CodeIgniter.php(326): CodeIgniter\CodeIgniter->handleRequest(NULL, Object(Config\Cache), false)
#12 C:\Users\XIANGLU\Desktop\projectJayanti\public\index.php(37): CodeIgniter\CodeIgniter->run()
#13 C:\Users\XIANGLU\Desktop\projectJayanti\system\Commands\Server\rewrite.php(43): require_once('C:\\Users\\XIANGL...')
#14 {main}
ERROR - 2022-06-12 07:52:44 --> Table 'db_jayanti.admin' doesn't exist
CRITICAL - 2022-06-12 07:52:44 --> Table 'db_jayanti.admin' doesn't exist
#0 C:\Users\XIANGLU\Desktop\projectJayanti\system\Database\MySQLi\Connection.php(292): mysqli->query('SELECT 1\nFROM `...', 0)
#1 C:\Users\XIANGLU\Desktop\projectJayanti\system\Database\BaseConnection.php(670): CodeIgniter\Database\MySQLi\Connection->execute('SELECT 1\nFROM `...')
#2 C:\Users\XIANGLU\Desktop\projectJayanti\system\Database\BaseConnection.php(598): CodeIgniter\Database\BaseConnection->simpleQuery('SELECT 1\nFROM `...')
#3 C:\Users\XIANGLU\Desktop\projectJayanti\system\Database\BaseBuilder.php(1455): CodeIgniter\Database\BaseConnection->query('SELECT 1\nFROM `...', Array, false)
#4 C:\Users\XIANGLU\Desktop\projectJayanti\system\Validation\Rules.php(142): CodeIgniter\Database\BaseBuilder->get()
#5 C:\Users\XIANGLU\Desktop\projectJayanti\system\Validation\Validation.php(292): CodeIgniter\Validation\Rules->is_unique('\t1202203', 'nik', Array, NULL)
#6 C:\Users\XIANGLU\Desktop\projectJayanti\system\Validation\Validation.php(157): CodeIgniter\Validation\Validation->processRules('nik', 'nik', '\t1202203', Array, Array)
#7 C:\Users\XIANGLU\Desktop\projectJayanti\system\Controller.php(160): CodeIgniter\Validation\Validation->run()
#8 C:\Users\XIANGLU\Desktop\projectJayanti\app\Controllers\Admin.php(58): CodeIgniter\Controller->validate(Array)
#9 C:\Users\XIANGLU\Desktop\projectJayanti\system\CodeIgniter.php(832): App\Controllers\Admin->save()
#10 C:\Users\XIANGLU\Desktop\projectJayanti\system\CodeIgniter.php(419): CodeIgniter\CodeIgniter->runController(Object(App\Controllers\Admin))
#11 C:\Users\XIANGLU\Desktop\projectJayanti\system\CodeIgniter.php(326): CodeIgniter\CodeIgniter->handleRequest(NULL, Object(Config\Cache), false)
#12 C:\Users\XIANGLU\Desktop\projectJayanti\public\index.php(37): CodeIgniter\CodeIgniter->run()
#13 C:\Users\XIANGLU\Desktop\projectJayanti\system\Commands\Server\rewrite.php(43): require_once('C:\\Users\\XIANGL...')
#14 {main}
ERROR - 2022-06-12 07:55:25 --> Column 'jenis_kelamin' cannot be null
CRITICAL - 2022-06-12 07:55:25 --> Column 'jenis_kelamin' cannot be null
#0 C:\Users\XIANGLU\Desktop\projectJayanti\system\Database\MySQLi\Connection.php(292): mysqli->query('INSERT INTO `ac...', 0)
#1 C:\Users\XIANGLU\Desktop\projectJayanti\system\Database\BaseConnection.php(670): CodeIgniter\Database\MySQLi\Connection->execute('INSERT INTO `ac...')
#2 C:\Users\XIANGLU\Desktop\projectJayanti\system\Database\BaseConnection.php(598): CodeIgniter\Database\BaseConnection->simpleQuery('INSERT INTO `ac...')
#3 C:\Users\XIANGLU\Desktop\projectJayanti\system\Database\BaseBuilder.php(1771): CodeIgniter\Database\BaseConnection->query('INSERT INTO `ac...', Array, false)
#4 C:\Users\XIANGLU\Desktop\projectJayanti\system\Model.php(239): CodeIgniter\Database\BaseBuilder->insert()
#5 C:\Users\XIANGLU\Desktop\projectJayanti\system\BaseModel.php(738): CodeIgniter\Model->doInsert(Array)
#6 C:\Users\XIANGLU\Desktop\projectJayanti\system\Model.php(625): CodeIgniter\BaseModel->insert(Array, false)
#7 C:\Users\XIANGLU\Desktop\projectJayanti\system\BaseModel.php(658): CodeIgniter\Model->insert(Array, false)
#8 C:\Users\XIANGLU\Desktop\projectJayanti\app\Controllers\Admin.php(76): CodeIgniter\BaseModel->save(Array)
#9 C:\Users\XIANGLU\Desktop\projectJayanti\system\CodeIgniter.php(832): App\Controllers\Admin->save()
#10 C:\Users\XIANGLU\Desktop\projectJayanti\system\CodeIgniter.php(419): CodeIgniter\CodeIgniter->runController(Object(App\Controllers\Admin))
#11 C:\Users\XIANGLU\Desktop\projectJayanti\system\CodeIgniter.php(326): CodeIgniter\CodeIgniter->handleRequest(NULL, Object(Config\Cache), false)
#12 C:\Users\XIANGLU\Desktop\projectJayanti\public\index.php(37): CodeIgniter\CodeIgniter->run()
#13 C:\Users\XIANGLU\Desktop\projectJayanti\system\Commands\Server\rewrite.php(43): require_once('C:\\Users\\XIANGL...')
#14 {main}
ERROR - 2022-06-12 07:55:31 --> Column 'jenis_kelamin' cannot be null
CRITICAL - 2022-06-12 07:55:31 --> Column 'jenis_kelamin' cannot be null
#0 C:\Users\XIANGLU\Desktop\projectJayanti\system\Database\MySQLi\Connection.php(292): mysqli->query('INSERT INTO `ac...', 0)
#1 C:\Users\XIANGLU\Desktop\projectJayanti\system\Database\BaseConnection.php(670): CodeIgniter\Database\MySQLi\Connection->execute('INSERT INTO `ac...')
#2 C:\Users\XIANGLU\Desktop\projectJayanti\system\Database\BaseConnection.php(598): CodeIgniter\Database\BaseConnection->simpleQuery('INSERT INTO `ac...')
#3 C:\Users\XIANGLU\Desktop\projectJayanti\system\Database\BaseBuilder.php(1771): CodeIgniter\Database\BaseConnection->query('INSERT INTO `ac...', Array, false)
#4 C:\Users\XIANGLU\Desktop\projectJayanti\system\Model.php(239): CodeIgniter\Database\BaseBuilder->insert()
#5 C:\Users\XIANGLU\Desktop\projectJayanti\system\BaseModel.php(738): CodeIgniter\Model->doInsert(Array)
#6 C:\Users\XIANGLU\Desktop\projectJayanti\system\Model.php(625): CodeIgniter\BaseModel->insert(Array, false)
#7 C:\Users\XIANGLU\Desktop\projectJayanti\system\BaseModel.php(658): CodeIgniter\Model->insert(Array, false)
#8 C:\Users\XIANGLU\Desktop\projectJayanti\app\Controllers\Admin.php(76): CodeIgniter\BaseModel->save(Array)
#9 C:\Users\XIANGLU\Desktop\projectJayanti\system\CodeIgniter.php(832): App\Controllers\Admin->save()
#10 C:\Users\XIANGLU\Desktop\projectJayanti\system\CodeIgniter.php(419): CodeIgniter\CodeIgniter->runController(Object(App\Controllers\Admin))
#11 C:\Users\XIANGLU\Desktop\projectJayanti\system\CodeIgniter.php(326): CodeIgniter\CodeIgniter->handleRequest(NULL, Object(Config\Cache), false)
#12 C:\Users\XIANGLU\Desktop\projectJayanti\public\index.php(37): CodeIgniter\CodeIgniter->run()
#13 C:\Users\XIANGLU\Desktop\projectJayanti\system\Commands\Server\rewrite.php(43): require_once('C:\\Users\\XIANGL...')
#14 {main}
ERROR - 2022-06-12 09:02:06 --> Column 'jenis_kelamin' cannot be null
CRITICAL - 2022-06-12 09:02:06 --> Column 'jenis_kelamin' cannot be null
#0 C:\Users\XIANGLU\Desktop\projectJayanti\system\Database\MySQLi\Connection.php(292): mysqli->query('INSERT INTO `ac...', 0)
#1 C:\Users\XIANGLU\Desktop\projectJayanti\system\Database\BaseConnection.php(670): CodeIgniter\Database\MySQLi\Connection->execute('INSERT INTO `ac...')
#2 C:\Users\XIANGLU\Desktop\projectJayanti\system\Database\BaseConnection.php(598): CodeIgniter\Database\BaseConnection->simpleQuery('INSERT INTO `ac...')
#3 C:\Users\XIANGLU\Desktop\projectJayanti\system\Database\BaseBuilder.php(1771): CodeIgniter\Database\BaseConnection->query('INSERT INTO `ac...', Array, false)
#4 C:\Users\XIANGLU\Desktop\projectJayanti\system\Model.php(239): CodeIgniter\Database\BaseBuilder->insert()
#5 C:\Users\XIANGLU\Desktop\projectJayanti\system\BaseModel.php(738): CodeIgniter\Model->doInsert(Array)
#6 C:\Users\XIANGLU\Desktop\projectJayanti\system\Model.php(625): CodeIgniter\BaseModel->insert(Array, false)
#7 C:\Users\XIANGLU\Desktop\projectJayanti\system\BaseModel.php(658): CodeIgniter\Model->insert(Array, false)
#8 C:\Users\XIANGLU\Desktop\projectJayanti\app\Controllers\Admin.php(76): CodeIgniter\BaseModel->save(Array)
#9 C:\Users\XIANGLU\Desktop\projectJayanti\system\CodeIgniter.php(832): App\Controllers\Admin->save()
#10 C:\Users\XIANGLU\Desktop\projectJayanti\system\CodeIgniter.php(419): CodeIgniter\CodeIgniter->runController(Object(App\Controllers\Admin))
#11 C:\Users\XIANGLU\Desktop\projectJayanti\system\CodeIgniter.php(326): CodeIgniter\CodeIgniter->handleRequest(NULL, Object(Config\Cache), false)
#12 C:\Users\XIANGLU\Desktop\projectJayanti\public\index.php(37): CodeIgniter\CodeIgniter->run()
#13 C:\Users\XIANGLU\Desktop\projectJayanti\system\Commands\Server\rewrite.php(43): require_once('C:\\Users\\XIANGL...')
#14 {main}
ERROR - 2022-06-12 09:02:52 --> Column 'jenis_kelamin' cannot be null
CRITICAL - 2022-06-12 09:02:52 --> Column 'jenis_kelamin' cannot be null
#0 C:\Users\XIANGLU\Desktop\projectJayanti\system\Database\MySQLi\Connection.php(292): mysqli->query('INSERT INTO `ac...', 0)
#1 C:\Users\XIANGLU\Desktop\projectJayanti\system\Database\BaseConnection.php(670): CodeIgniter\Database\MySQLi\Connection->execute('INSERT INTO `ac...')
#2 C:\Users\XIANGLU\Desktop\projectJayanti\system\Database\BaseConnection.php(598): CodeIgniter\Database\BaseConnection->simpleQuery('INSERT INTO `ac...')
#3 C:\Users\XIANGLU\Desktop\projectJayanti\system\Database\BaseBuilder.php(1771): CodeIgniter\Database\BaseConnection->query('INSERT INTO `ac...', Array, false)
#4 C:\Users\XIANGLU\Desktop\projectJayanti\system\Model.php(239): CodeIgniter\Database\BaseBuilder->insert()
#5 C:\Users\XIANGLU\Desktop\projectJayanti\system\BaseModel.php(738): CodeIgniter\Model->doInsert(Array)
#6 C:\Users\XIANGLU\Desktop\projectJayanti\system\Model.php(625): CodeIgniter\BaseModel->insert(Array, false)
#7 C:\Users\XIANGLU\Desktop\projectJayanti\system\BaseModel.php(658): CodeIgniter\Model->insert(Array, false)
#8 C:\Users\XIANGLU\Desktop\projectJayanti\app\Controllers\Admin.php(76): CodeIgniter\BaseModel->save(Array)
#9 C:\Users\XIANGLU\Desktop\projectJayanti\system\CodeIgniter.php(832): App\Controllers\Admin->save()
#10 C:\Users\XIANGLU\Desktop\projectJayanti\system\CodeIgniter.php(419): CodeIgniter\CodeIgniter->runController(Object(App\Controllers\Admin))
#11 C:\Users\XIANGLU\Desktop\projectJayanti\system\CodeIgniter.php(326): CodeIgniter\CodeIgniter->handleRequest(NULL, Object(Config\Cache), false)
#12 C:\Users\XIANGLU\Desktop\projectJayanti\public\index.php(37): CodeIgniter\CodeIgniter->run()
#13 C:\Users\XIANGLU\Desktop\projectJayanti\system\Commands\Server\rewrite.php(43): require_once('C:\\Users\\XIANGL...')
#14 {main}
CRITICAL - 2022-06-12 10:32:21 --> Undefined variable: valitadtion
#0 C:\Users\XIANGLU\Desktop\projectJayanti\app\Views\pages\addAccountView.php(18): CodeIgniter\Debug\Exceptions->errorHandler(8, 'Undefined varia...', 'C:\\Users\\XIANGL...', 18, Array)
#1 C:\Users\XIANGLU\Desktop\projectJayanti\system\View\View.php(210): include('C:\\Users\\XIANGL...')
#2 C:\Users\XIANGLU\Desktop\projectJayanti\system\View\View.php(213): CodeIgniter\View\View->CodeIgniter\View\{closure}()
#3 C:\Users\XIANGLU\Desktop\projectJayanti\system\Common.php(1089): CodeIgniter\View\View->render('pages/addAccoun...', Array, true)
#4 C:\Users\XIANGLU\Desktop\projectJayanti\app\Controllers\Admin.php(52): view('pages/addAccoun...', Array)
#5 C:\Users\XIANGLU\Desktop\projectJayanti\system\CodeIgniter.php(832): App\Controllers\Admin->addAccount()
#6 C:\Users\XIANGLU\Desktop\projectJayanti\system\CodeIgniter.php(419): CodeIgniter\CodeIgniter->runController(Object(App\Controllers\Admin))
#7 C:\Users\XIANGLU\Desktop\projectJayanti\system\CodeIgniter.php(326): CodeIgniter\CodeIgniter->handleRequest(NULL, Object(Config\Cache), false)
#8 C:\Users\XIANGLU\Desktop\projectJayanti\public\index.php(37): CodeIgniter\CodeIgniter->run()
#9 C:\Users\XIANGLU\Desktop\projectJayanti\system\Commands\Server\rewrite.php(43): require_once('C:\\Users\\XIANGL...')
#10 {main}
CRITICAL - 2022-06-12 10:32:30 --> Undefined variable: valitadtion
#0 C:\Users\XIANGLU\Desktop\projectJayanti\app\Views\pages\addAccountView.php(18): CodeIgniter\Debug\Exceptions->errorHandler(8, 'Undefined varia...', 'C:\\Users\\XIANGL...', 18, Array)
#1 C:\Users\XIANGLU\Desktop\projectJayanti\system\View\View.php(210): include('C:\\Users\\XIANGL...')
#2 C:\Users\XIANGLU\Desktop\projectJayanti\system\View\View.php(213): CodeIgniter\View\View->CodeIgniter\View\{closure}()
#3 C:\Users\XIANGLU\Desktop\projectJayanti\system\Common.php(1089): CodeIgniter\View\View->render('pages/addAccoun...', Array, true)
#4 C:\Users\XIANGLU\Desktop\projectJayanti\app\Controllers\Admin.php(52): view('pages/addAccoun...', Array)
#5 C:\Users\XIANGLU\Desktop\projectJayanti\system\CodeIgniter.php(832): App\Controllers\Admin->addAccount()
#6 C:\Users\XIANGLU\Desktop\projectJayanti\system\CodeIgniter.php(419): CodeIgniter\CodeIgniter->runController(Object(App\Controllers\Admin))
#7 C:\Users\XIANGLU\Desktop\projectJayanti\system\CodeIgniter.php(326): CodeIgniter\CodeIgniter->handleRequest(NULL, Object(Config\Cache), false)
#8 C:\Users\XIANGLU\Desktop\projectJayanti\public\index.php(37): CodeIgniter\CodeIgniter->run()
#9 C:\Users\XIANGLU\Desktop\projectJayanti\system\Commands\Server\rewrite.php(43): require_once('C:\\Users\\XIANGL...')
#10 {main}
ERROR - 2022-06-12 10:39:13 --> Column 'jenis_kelamin' cannot be null
CRITICAL - 2022-06-12 10:39:13 --> Column 'jenis_kelamin' cannot be null
#0 C:\Users\XIANGLU\Desktop\projectJayanti\system\Database\MySQLi\Connection.php(292): mysqli->query('INSERT INTO `ac...', 0)
#1 C:\Users\XIANGLU\Desktop\projectJayanti\system\Database\BaseConnection.php(670): CodeIgniter\Database\MySQLi\Connection->execute('INSERT INTO `ac...')
#2 C:\Users\XIANGLU\Desktop\projectJayanti\system\Database\BaseConnection.php(598): CodeIgniter\Database\BaseConnection->simpleQuery('INSERT INTO `ac...')
#3 C:\Users\XIANGLU\Desktop\projectJayanti\system\Database\BaseBuilder.php(1771): CodeIgniter\Database\BaseConnection->query('INSERT INTO `ac...', Array, false)
#4 C:\Users\XIANGLU\Desktop\projectJayanti\system\Model.php(239): CodeIgniter\Database\BaseBuilder->insert()
#5 C:\Users\XIANGLU\Desktop\projectJayanti\system\BaseModel.php(738): CodeIgniter\Model->doInsert(Array)
#6 C:\Users\XIANGLU\Desktop\projectJayanti\system\Model.php(625): CodeIgniter\BaseModel->insert(Array, false)
#7 C:\Users\XIANGLU\Desktop\projectJayanti\system\BaseModel.php(658): CodeIgniter\Model->insert(Array, false)
#8 C:\Users\XIANGLU\Desktop\projectJayanti\app\Controllers\Admin.php(76): CodeIgniter\BaseModel->save(Array)
#9 C:\Users\XIANGLU\Desktop\projectJayanti\system\CodeIgniter.php(832): App\Controllers\Admin->save()
#10 C:\Users\XIANGLU\Desktop\projectJayanti\system\CodeIgniter.php(419): CodeIgniter\CodeIgniter->runController(Object(App\Controllers\Admin))
#11 C:\Users\XIANGLU\Desktop\projectJayanti\system\CodeIgniter.php(326): CodeIgniter\CodeIgniter->handleRequest(NULL, Object(Config\Cache), false)
#12 C:\Users\XIANGLU\Desktop\projectJayanti\public\index.php(37): CodeIgniter\CodeIgniter->run()
#13 C:\Users\XIANGLU\Desktop\projectJayanti\system\Commands\Server\rewrite.php(43): require_once('C:\\Users\\XIANGL...')
#14 {main}
ERROR - 2022-06-12 10:39:20 --> Column 'jenis_kelamin' cannot be null
CRITICAL - 2022-06-12 10:39:20 --> Column 'jenis_kelamin' cannot be null
#0 C:\Users\XIANGLU\Desktop\projectJayanti\system\Database\MySQLi\Connection.php(292): mysqli->query('INSERT INTO `ac...', 0)
#1 C:\Users\XIANGLU\Desktop\projectJayanti\system\Database\BaseConnection.php(670): CodeIgniter\Database\MySQLi\Connection->execute('INSERT INTO `ac...')
#2 C:\Users\XIANGLU\Desktop\projectJayanti\system\Database\BaseConnection.php(598): CodeIgniter\Database\BaseConnection->simpleQuery('INSERT INTO `ac...')
#3 C:\Users\XIANGLU\Desktop\projectJayanti\system\Database\BaseBuilder.php(1771): CodeIgniter\Database\BaseConnection->query('INSERT INTO `ac...', Array, false)
#4 C:\Users\XIANGLU\Desktop\projectJayanti\system\Model.php(239): CodeIgniter\Database\BaseBuilder->insert()
#5 C:\Users\XIANGLU\Desktop\projectJayanti\system\BaseModel.php(738): CodeIgniter\Model->doInsert(Array)
#6 C:\Users\XIANGLU\Desktop\projectJayanti\system\Model.php(625): CodeIgniter\BaseModel->insert(Array, false)
#7 C:\Users\XIANGLU\Desktop\projectJayanti\system\BaseModel.php(658): CodeIgniter\Model->insert(Array, false)
#8 C:\Users\XIANGLU\Desktop\projectJayanti\app\Controllers\Admin.php(76): CodeIgniter\BaseModel->save(Array)
#9 C:\Users\XIANGLU\Desktop\projectJayanti\system\CodeIgniter.php(832): App\Controllers\Admin->save()
#10 C:\Users\XIANGLU\Desktop\projectJayanti\system\CodeIgniter.php(419): CodeIgniter\CodeIgniter->runController(Object(App\Controllers\Admin))
#11 C:\Users\XIANGLU\Desktop\projectJayanti\system\CodeIgniter.php(326): CodeIgniter\CodeIgniter->handleRequest(NULL, Object(Config\Cache), false)
#12 C:\Users\XIANGLU\Desktop\projectJayanti\public\index.php(37): CodeIgniter\CodeIgniter->run()
#13 C:\Users\XIANGLU\Desktop\projectJayanti\system\Commands\Server\rewrite.php(43): require_once('C:\\Users\\XIANGL...')
#14 {main}
CRITICAL - 2022-06-12 10:50:18 --> nik is not a valid rule.
#0 C:\Users\XIANGLU\Desktop\projectJayanti\system\Validation\Validation.php(300): CodeIgniter\Validation\Exceptions\ValidationException::forRuleNotFound('nik')
#1 C:\Users\XIANGLU\Desktop\projectJayanti\system\Validation\Validation.php(157): CodeIgniter\Validation\Validation->processRules('ID', 'ID', NULL, Array, Array)
#2 C:\Users\XIANGLU\Desktop\projectJayanti\system\Controller.php(160): CodeIgniter\Validation\Validation->run()
#3 C:\Users\XIANGLU\Desktop\projectJayanti\app\Controllers\Admin.php(59): CodeIgniter\Controller->validate(Array)
#4 C:\Users\XIANGLU\Desktop\projectJayanti\system\CodeIgniter.php(832): App\Controllers\Admin->save()
#5 C:\Users\XIANGLU\Desktop\projectJayanti\system\CodeIgniter.php(419): CodeIgniter\CodeIgniter->runController(Object(App\Controllers\Admin))
#6 C:\Users\XIANGLU\Desktop\projectJayanti\system\CodeIgniter.php(326): CodeIgniter\CodeIgniter->handleRequest(NULL, Object(Config\Cache), false)
#7 C:\Users\XIANGLU\Desktop\projectJayanti\public\index.php(37): CodeIgniter\CodeIgniter->run()
#8 C:\Users\XIANGLU\Desktop\projectJayanti\system\Commands\Server\rewrite.php(43): require_once('C:\\Users\\XIANGL...')
#9 {main}
CRITICAL - 2022-06-12 10:58:05 --> required\is_unique is not a valid rule.
#0 C:\Users\XIANGLU\Desktop\projectJayanti\system\Validation\Validation.php(300): CodeIgniter\Validation\Exceptions\ValidationException::forRuleNotFound('required\\is_uni...')
#1 C:\Users\XIANGLU\Desktop\projectJayanti\system\Validation\Validation.php(157): CodeIgniter\Validation\Validation->processRules('nik', 'nik', '', Array, Array)
#2 C:\Users\XIANGLU\Desktop\projectJayanti\system\Controller.php(160): CodeIgniter\Validation\Validation->run()
#3 C:\Users\XIANGLU\Desktop\projectJayanti\app\Controllers\Admin.php(60): CodeIgniter\Controller->validate(Array)
#4 C:\Users\XIANGLU\Desktop\projectJayanti\system\CodeIgniter.php(832): App\Controllers\Admin->save()
#5 C:\Users\XIANGLU\Desktop\projectJayanti\system\CodeIgniter.php(419): CodeIgniter\CodeIgniter->runController(Object(App\Controllers\Admin))
#6 C:\Users\XIANGLU\Desktop\projectJayanti\system\CodeIgniter.php(326): CodeIgniter\CodeIgniter->handleRequest(NULL, Object(Config\Cache), false)
#7 C:\Users\XIANGLU\Desktop\projectJayanti\public\index.php(37): CodeIgniter\CodeIgniter->run()
#8 C:\Users\XIANGLU\Desktop\projectJayanti\system\Commands\Server\rewrite.php(43): require_once('C:\\Users\\XIANGL...')
#9 {main}
ERROR - 2022-06-12 11:11:54 --> Unknown column 'name' in 'where clause'
CRITICAL - 2022-06-12 11:11:54 --> Unknown column 'name' in 'where clause'
#0 C:\Users\XIANGLU\Desktop\projectJayanti\system\Database\MySQLi\Connection.php(292): mysqli->query('SELECT *\nFROM `...', 0)
#1 C:\Users\XIANGLU\Desktop\projectJayanti\system\Database\BaseConnection.php(670): CodeIgniter\Database\MySQLi\Connection->execute('SELECT *\nFROM `...')
#2 C:\Users\XIANGLU\Desktop\projectJayanti\system\Database\BaseConnection.php(598): CodeIgniter\Database\BaseConnection->simpleQuery('SELECT *\nFROM `...')
#3 C:\Users\XIANGLU\Desktop\projectJayanti\system\Database\BaseBuilder.php(1455): CodeIgniter\Database\BaseConnection->query('SELECT *\nFROM `...', Array, false)
#4 C:\Users\XIANGLU\Desktop\projectJayanti\system\Model.php(210): CodeIgniter\Database\BaseBuilder->get()
#5 C:\Users\XIANGLU\Desktop\projectJayanti\system\BaseModel.php(622): CodeIgniter\Model->doFirst()
#6 C:\Users\XIANGLU\Desktop\projectJayanti\app\Models\AccountModel.php(34): CodeIgniter\BaseModel->first()
#7 C:\Users\XIANGLU\Desktop\projectJayanti\app\Controllers\Admin.php(38): App\Models\AccountModel->getAdmin('1202203')
#8 C:\Users\XIANGLU\Desktop\projectJayanti\system\CodeIgniter.php(832): App\Controllers\Admin->detail('1202203')
#9 C:\Users\XIANGLU\Desktop\projectJayanti\system\CodeIgniter.php(419): CodeIgniter\CodeIgniter->runController(Object(App\Controllers\Admin))
#10 C:\Users\XIANGLU\Desktop\projectJayanti\system\CodeIgniter.php(326): CodeIgniter\CodeIgniter->handleRequest(NULL, Object(Config\Cache), false)
#11 C:\Users\XIANGLU\Desktop\projectJayanti\public\index.php(37): CodeIgniter\CodeIgniter->run()
#12 C:\Users\XIANGLU\Desktop\projectJayanti\system\Commands\Server\rewrite.php(43): require_once('C:\\Users\\XIANGL...')
#13 {main}
ERROR - 2022-06-12 11:12:02 --> Unknown column 'name' in 'where clause'
CRITICAL - 2022-06-12 11:12:02 --> Unknown column 'name' in 'where clause'
#0 C:\Users\XIANGLU\Desktop\projectJayanti\system\Database\MySQLi\Connection.php(292): mysqli->query('SELECT *\nFROM `...', 0)
#1 C:\Users\XIANGLU\Desktop\projectJayanti\system\Database\BaseConnection.php(670): CodeIgniter\Database\MySQLi\Connection->execute('SELECT *\nFROM `...')
#2 C:\Users\XIANGLU\Desktop\projectJayanti\system\Database\BaseConnection.php(598): CodeIgniter\Database\BaseConnection->simpleQuery('SELECT *\nFROM `...')
#3 C:\Users\XIANGLU\Desktop\projectJayanti\system\Database\BaseBuilder.php(1455): CodeIgniter\Database\BaseConnection->query('SELECT *\nFROM `...', Array, false)
#4 C:\Users\XIANGLU\Desktop\projectJayanti\system\Model.php(210): CodeIgniter\Database\BaseBuilder->get()
#5 C:\Users\XIANGLU\Desktop\projectJayanti\system\BaseModel.php(622): CodeIgniter\Model->doFirst()
#6 C:\Users\XIANGLU\Desktop\projectJayanti\app\Models\AccountModel.php(34): CodeIgniter\BaseModel->first()
#7 C:\Users\XIANGLU\Desktop\projectJayanti\app\Controllers\Admin.php(38): App\Models\AccountModel->getAdmin('1202203')
#8 C:\Users\XIANGLU\Desktop\projectJayanti\system\CodeIgniter.php(832): App\Controllers\Admin->detail('1202203')
#9 C:\Users\XIANGLU\Desktop\projectJayanti\system\CodeIgniter.php(419): CodeIgniter\CodeIgniter->runController(Object(App\Controllers\Admin))
#10 C:\Users\XIANGLU\Desktop\projectJayanti\system\CodeIgniter.php(326): CodeIgniter\CodeIgniter->handleRequest(NULL, Object(Config\Cache), false)
#11 C:\Users\XIANGLU\Desktop\projectJayanti\public\index.php(37): CodeIgniter\CodeIgniter->run()
#12 C:\Users\XIANGLU\Desktop\projectJayanti\system\Commands\Server\rewrite.php(43): require_once('C:\\Users\\XIANGL...')
#13 {main}
ERROR - 2022-06-12 11:12:05 --> Unknown column 'name' in 'where clause'
CRITICAL - 2022-06-12 11:12:05 --> Unknown column 'name' in 'where clause'
#0 C:\Users\XIANGLU\Desktop\projectJayanti\system\Database\MySQLi\Connection.php(292): mysqli->query('SELECT *\nFROM `...', 0)
#1 C:\Users\XIANGLU\Desktop\projectJayanti\system\Database\BaseConnection.php(670): CodeIgniter\Database\MySQLi\Connection->execute('SELECT *\nFROM `...')
#2 C:\Users\XIANGLU\Desktop\projectJayanti\system\Database\BaseConnection.php(598): CodeIgniter\Database\BaseConnection->simpleQuery('SELECT *\nFROM `...')
#3 C:\Users\XIANGLU\Desktop\projectJayanti\system\Database\BaseBuilder.php(1455): CodeIgniter\Database\BaseConnection->query('SELECT *\nFROM `...', Array, false)
#4 C:\Users\XIANGLU\Desktop\projectJayanti\system\Model.php(210): CodeIgniter\Database\BaseBuilder->get()
#5 C:\Users\XIANGLU\Desktop\projectJayanti\system\BaseModel.php(622): CodeIgniter\Model->doFirst()
#6 C:\Users\XIANGLU\Desktop\projectJayanti\app\Models\AccountModel.php(34): CodeIgniter\BaseModel->first()
#7 C:\Users\XIANGLU\Desktop\projectJayanti\app\Controllers\Admin.php(38): App\Models\AccountModel->getAdmin('1202203')
#8 C:\Users\XIANGLU\Desktop\projectJayanti\system\CodeIgniter.php(832): App\Controllers\Admin->detail('1202203')
#9 C:\Users\XIANGLU\Desktop\projectJayanti\system\CodeIgniter.php(419): CodeIgniter\CodeIgniter->runController(Object(App\Controllers\Admin))
#10 C:\Users\XIANGLU\Desktop\projectJayanti\system\CodeIgniter.php(326): CodeIgniter\CodeIgniter->handleRequest(NULL, Object(Config\Cache), false)
#11 C:\Users\XIANGLU\Desktop\projectJayanti\public\index.php(37): CodeIgniter\CodeIgniter->run()
#12 C:\Users\XIANGLU\Desktop\projectJayanti\system\Commands\Server\rewrite.php(43): require_once('C:\\Users\\XIANGL...')
#13 {main}
ERROR - 2022-06-12 11:12:35 --> Unknown column 'name' in 'where clause'
CRITICAL - 2022-06-12 11:12:35 --> Unknown column 'name' in 'where clause'
#0 C:\Users\XIANGLU\Desktop\projectJayanti\system\Database\MySQLi\Connection.php(292): mysqli->query('SELECT *\nFROM `...', 0)
#1 C:\Users\XIANGLU\Desktop\projectJayanti\system\Database\BaseConnection.php(670): CodeIgniter\Database\MySQLi\Connection->execute('SELECT *\nFROM `...')
#2 C:\Users\XIANGLU\Desktop\projectJayanti\system\Database\BaseConnection.php(598): CodeIgniter\Database\BaseConnection->simpleQuery('SELECT *\nFROM `...')
#3 C:\Users\XIANGLU\Desktop\projectJayanti\system\Database\BaseBuilder.php(1455): CodeIgniter\Database\BaseConnection->query('SELECT *\nFROM `...', Array, false)
#4 C:\Users\XIANGLU\Desktop\projectJayanti\system\Model.php(210): CodeIgniter\Database\BaseBuilder->get()
#5 C:\Users\XIANGLU\Desktop\projectJayanti\system\BaseModel.php(622): CodeIgniter\Model->doFirst()
#6 C:\Users\XIANGLU\Desktop\projectJayanti\app\Models\AccountModel.php(34): CodeIgniter\BaseModel->first()
#7 C:\Users\XIANGLU\Desktop\projectJayanti\app\Controllers\Admin.php(38): App\Models\AccountModel->getAdmin('1202203')
#8 C:\Users\XIANGLU\Desktop\projectJayanti\system\CodeIgniter.php(832): App\Controllers\Admin->detail('1202203')
#9 C:\Users\XIANGLU\Desktop\projectJayanti\system\CodeIgniter.php(419): CodeIgniter\CodeIgniter->runController(Object(App\Controllers\Admin))
#10 C:\Users\XIANGLU\Desktop\projectJayanti\system\CodeIgniter.php(326): CodeIgniter\CodeIgniter->handleRequest(NULL, Object(Config\Cache), false)
#11 C:\Users\XIANGLU\Desktop\projectJayanti\public\index.php(37): CodeIgniter\CodeIgniter->run()
#12 C:\Users\XIANGLU\Desktop\projectJayanti\system\Commands\Server\rewrite.php(43): require_once('C:\\Users\\XIANGL...')
#13 {main}
ERROR - 2022-06-12 11:12:39 --> Unknown column 'name' in 'where clause'
CRITICAL - 2022-06-12 11:12:39 --> Unknown column 'name' in 'where clause'
#0 C:\Users\XIANGLU\Desktop\projectJayanti\system\Database\MySQLi\Connection.php(292): mysqli->query('SELECT *\nFROM `...', 0)
#1 C:\Users\XIANGLU\Desktop\projectJayanti\system\Database\BaseConnection.php(670): CodeIgniter\Database\MySQLi\Connection->execute('SELECT *\nFROM `...')
#2 C:\Users\XIANGLU\Desktop\projectJayanti\system\Database\BaseConnection.php(598): CodeIgniter\Database\BaseConnection->simpleQuery('SELECT *\nFROM `...')
#3 C:\Users\XIANGLU\Desktop\projectJayanti\system\Database\BaseBuilder.php(1455): CodeIgniter\Database\BaseConnection->query('SELECT *\nFROM `...', Array, false)
#4 C:\Users\XIANGLU\Desktop\projectJayanti\system\Model.php(210): CodeIgniter\Database\BaseBuilder->get()
#5 C:\Users\XIANGLU\Desktop\projectJayanti\system\BaseModel.php(622): CodeIgniter\Model->doFirst()
#6 C:\Users\XIANGLU\Desktop\projectJayanti\app\Models\AccountModel.php(34): CodeIgniter\BaseModel->first()
#7 C:\Users\XIANGLU\Desktop\projectJayanti\app\Controllers\Admin.php(38): App\Models\AccountModel->getAdmin('1202203')
#8 C:\Users\XIANGLU\Desktop\projectJayanti\system\CodeIgniter.php(832): App\Controllers\Admin->detail('1202203')
#9 C:\Users\XIANGLU\Desktop\projectJayanti\system\CodeIgniter.php(419): CodeIgniter\CodeIgniter->runController(Object(App\Controllers\Admin))
#10 C:\Users\XIANGLU\Desktop\projectJayanti\system\CodeIgniter.php(326): CodeIgniter\CodeIgniter->handleRequest(NULL, Object(Config\Cache), false)
#11 C:\Users\XIANGLU\Desktop\projectJayanti\public\index.php(37): CodeIgniter\CodeIgniter->run()
#12 C:\Users\XIANGLU\Desktop\projectJayanti\system\Commands\Server\rewrite.php(43): require_once('C:\\Users\\XIANGL...')
#13 {main}
ERROR - 2022-06-12 11:12:55 --> Unknown column 'name' in 'where clause'
CRITICAL - 2022-06-12 11:12:55 --> Unknown column 'name' in 'where clause'
#0 C:\Users\XIANGLU\Desktop\projectJayanti\system\Database\MySQLi\Connection.php(292): mysqli->query('SELECT *\nFROM `...', 0)
#1 C:\Users\XIANGLU\Desktop\projectJayanti\system\Database\BaseConnection.php(670): CodeIgniter\Database\MySQLi\Connection->execute('SELECT *\nFROM `...')
#2 C:\Users\XIANGLU\Desktop\projectJayanti\system\Database\BaseConnection.php(598): CodeIgniter\Database\BaseConnection->simpleQuery('SELECT *\nFROM `...')
#3 C:\Users\XIANGLU\Desktop\projectJayanti\system\Database\BaseBuilder.php(1455): CodeIgniter\Database\BaseConnection->query('SELECT *\nFROM `...', Array, false)
#4 C:\Users\XIANGLU\Desktop\projectJayanti\system\Model.php(210): CodeIgniter\Database\BaseBuilder->get()
#5 C:\Users\XIANGLU\Desktop\projectJayanti\system\BaseModel.php(622): CodeIgniter\Model->doFirst()
#6 C:\Users\XIANGLU\Desktop\projectJayanti\app\Models\AccountModel.php(34): CodeIgniter\BaseModel->first()
#7 C:\Users\XIANGLU\Desktop\projectJayanti\app\Controllers\Admin.php(38): App\Models\AccountModel->getAdmin('1202203')
#8 C:\Users\XIANGLU\Desktop\projectJayanti\system\CodeIgniter.php(832): App\Controllers\Admin->detail('1202203')
#9 C:\Users\XIANGLU\Desktop\projectJayanti\system\CodeIgniter.php(419): CodeIgniter\CodeIgniter->runController(Object(App\Controllers\Admin))
#10 C:\Users\XIANGLU\Desktop\projectJayanti\system\CodeIgniter.php(326): CodeIgniter\CodeIgniter->handleRequest(NULL, Object(Config\Cache), false)
#11 C:\Users\XIANGLU\Desktop\projectJayanti\public\index.php(37): CodeIgniter\CodeIgniter->run()
#12 C:\Users\XIANGLU\Desktop\projectJayanti\system\Commands\Server\rewrite.php(43): require_once('C:\\Users\\XIANGL...')
#13 {main}
ERROR - 2022-06-12 11:13:17 --> Unknown column 'name' in 'where clause'
CRITICAL - 2022-06-12 11:13:17 --> Unknown column 'name' in 'where clause'
#0 C:\Users\XIANGLU\Desktop\projectJayanti\system\Database\MySQLi\Connection.php(292): mysqli->query('SELECT *\nFROM `...', 0)
#1 C:\Users\XIANGLU\Desktop\projectJayanti\system\Database\BaseConnection.php(670): CodeIgniter\Database\MySQLi\Connection->execute('SELECT *\nFROM `...')
#2 C:\Users\XIANGLU\Desktop\projectJayanti\system\Database\BaseConnection.php(598): CodeIgniter\Database\BaseConnection->simpleQuery('SELECT *\nFROM `...')
#3 C:\Users\XIANGLU\Desktop\projectJayanti\system\Database\BaseBuilder.php(1455): CodeIgniter\Database\BaseConnection->query('SELECT *\nFROM `...', Array, false)
#4 C:\Users\XIANGLU\Desktop\projectJayanti\system\Model.php(210): CodeIgniter\Database\BaseBuilder->get()
#5 C:\Users\XIANGLU\Desktop\projectJayanti\system\BaseModel.php(622): CodeIgniter\Model->doFirst()
#6 C:\Users\XIANGLU\Desktop\projectJayanti\app\Models\AccountModel.php(34): CodeIgniter\BaseModel->first()
#7 C:\Users\XIANGLU\Desktop\projectJayanti\app\Controllers\Admin.php(38): App\Models\AccountModel->getAdmin('1202203')
#8 C:\Users\XIANGLU\Desktop\projectJayanti\system\CodeIgniter.php(832): App\Controllers\Admin->detail('1202203')
#9 C:\Users\XIANGLU\Desktop\projectJayanti\system\CodeIgniter.php(419): CodeIgniter\CodeIgniter->runController(Object(App\Controllers\Admin))
#10 C:\Users\XIANGLU\Desktop\projectJayanti\system\CodeIgniter.php(326): CodeIgniter\CodeIgniter->handleRequest(NULL, Object(Config\Cache), false)
#11 C:\Users\XIANGLU\Desktop\projectJayanti\public\index.php(37): CodeIgniter\CodeIgniter->run()
#12 C:\Users\XIANGLU\Desktop\projectJayanti\system\Commands\Server\rewrite.php(43): require_once('C:\\Users\\XIANGL...')
#13 {main}
CRITICAL - 2022-06-12 11:18:30 --> Trying to access array offset on value of type null
#0 C:\Users\XIANGLU\Desktop\projectJayanti\app\Views\pages\detailAccountView.php(12): CodeIgniter\Debug\Exceptions->errorHandler(8, 'Trying to acces...', 'C:\\Users\\XIANGL...', 12, Array)
#1 C:\Users\XIANGLU\Desktop\projectJayanti\system\View\View.php(210): include('C:\\Users\\XIANGL...')
#2 C:\Users\XIANGLU\Desktop\projectJayanti\system\View\View.php(213): CodeIgniter\View\View->CodeIgniter\View\{closure}()
#3 C:\Users\XIANGLU\Desktop\projectJayanti\system\Common.php(1089): CodeIgniter\View\View->render('pages/detailAcc...', Array, true)
#4 C:\Users\XIANGLU\Desktop\projectJayanti\app\Controllers\Admin.php(41): view('pages/detailAcc...', Array)
#5 C:\Users\XIANGLU\Desktop\projectJayanti\system\CodeIgniter.php(832): App\Controllers\Admin->detail('1202203')
#6 C:\Users\XIANGLU\Desktop\projectJayanti\system\CodeIgniter.php(419): CodeIgniter\CodeIgniter->runController(Object(App\Controllers\Admin))
#7 C:\Users\XIANGLU\Desktop\projectJayanti\system\CodeIgniter.php(326): CodeIgniter\CodeIgniter->handleRequest(NULL, Object(Config\Cache), false)
#8 C:\Users\XIANGLU\Desktop\projectJayanti\public\index.php(37): CodeIgniter\CodeIgniter->run()
#9 C:\Users\XIANGLU\Desktop\projectJayanti\system\Commands\Server\rewrite.php(43): require_once('C:\\Users\\XIANGL...')
#10 {main}
