CRITICAL - 2022-08-26 14:02:29 --> Call to undefined method App\Models\AccountModel::getKonstruksi
#0 C:\Users\XIANGLU\Desktop\project kak eka\sidekat\app\Controllers\Konstruksi.php(14): CodeIgniter\Model->__call('getKonstruksi', Array)
#1 C:\Users\XIANGLU\Desktop\project kak eka\sidekat\system\CodeIgniter.php(832): App\Controllers\Konstruksi->index()
#2 C:\Users\XIANGLU\Desktop\project kak eka\sidekat\system\CodeIgniter.php(419): CodeIgniter\CodeIgniter->runController(Object(App\Controllers\Konstruksi))
#3 C:\Users\XIANGLU\Desktop\project kak eka\sidekat\system\CodeIgniter.php(326): CodeIgniter\CodeIgniter->handleRequest(NULL, Object(Config\Cache), false)
#4 C:\Users\XIANGLU\Desktop\project kak eka\sidekat\public\index.php(37): CodeIgniter\CodeIgniter->run()
#5 C:\Users\XIANGLU\Desktop\project kak eka\sidekat\system\Commands\Server\rewrite.php(43): require_once('C:\\Users\\XIANGL...')
#6 {main}
CRITICAL - 2022-08-26 14:02:54 --> Call to undefined method App\Models\AccountModel::getKonstruksi
#0 C:\Users\XIANGLU\Desktop\project kak eka\sidekat\app\Controllers\Konstruksi.php(14): CodeIgniter\Model->__call('getKonstruksi', Array)
#1 C:\Users\XIANGLU\Desktop\project kak eka\sidekat\system\CodeIgniter.php(832): App\Controllers\Konstruksi->index()
#2 C:\Users\XIANGLU\Desktop\project kak eka\sidekat\system\CodeIgniter.php(419): CodeIgniter\CodeIgniter->runController(Object(App\Controllers\Konstruksi))
#3 C:\Users\XIANGLU\Desktop\project kak eka\sidekat\system\CodeIgniter.php(326): CodeIgniter\CodeIgniter->handleRequest(NULL, Object(Config\Cache), false)
#4 C:\Users\XIANGLU\Desktop\project kak eka\sidekat\public\index.php(37): CodeIgniter\CodeIgniter->run()
#5 C:\Users\XIANGLU\Desktop\project kak eka\sidekat\system\Commands\Server\rewrite.php(43): require_once('C:\\Users\\XIANGL...')
#6 {main}
CRITICAL - 2022-08-26 14:02:55 --> Call to undefined method App\Models\AccountModel::getKonstruksi
#0 C:\Users\XIANGLU\Desktop\project kak eka\sidekat\app\Controllers\Konstruksi.php(14): CodeIgniter\Model->__call('getKonstruksi', Array)
#1 C:\Users\XIANGLU\Desktop\project kak eka\sidekat\system\CodeIgniter.php(832): App\Controllers\Konstruksi->index()
#2 C:\Users\XIANGLU\Desktop\project kak eka\sidekat\system\CodeIgniter.php(419): CodeIgniter\CodeIgniter->runController(Object(App\Controllers\Konstruksi))
#3 C:\Users\XIANGLU\Desktop\project kak eka\sidekat\system\CodeIgniter.php(326): CodeIgniter\CodeIgniter->handleRequest(NULL, Object(Config\Cache), false)
#4 C:\Users\XIANGLU\Desktop\project kak eka\sidekat\public\index.php(37): CodeIgniter\CodeIgniter->run()
#5 C:\Users\XIANGLU\Desktop\project kak eka\sidekat\system\Commands\Server\rewrite.php(43): require_once('C:\\Users\\XIANGL...')
#6 {main}
CRITICAL - 2022-08-26 14:02:58 --> Call to undefined method App\Models\AccountModel::getKonstruksi
#0 C:\Users\XIANGLU\Desktop\project kak eka\sidekat\app\Controllers\Konstruksi.php(14): CodeIgniter\Model->__call('getKonstruksi', Array)
#1 C:\Users\XIANGLU\Desktop\project kak eka\sidekat\system\CodeIgniter.php(832): App\Controllers\Konstruksi->index()
#2 C:\Users\XIANGLU\Desktop\project kak eka\sidekat\system\CodeIgniter.php(419): CodeIgniter\CodeIgniter->runController(Object(App\Controllers\Konstruksi))
#3 C:\Users\XIANGLU\Desktop\project kak eka\sidekat\system\CodeIgniter.php(326): CodeIgniter\CodeIgniter->handleRequest(NULL, Object(Config\Cache), false)
#4 C:\Users\XIANGLU\Desktop\project kak eka\sidekat\public\index.php(37): CodeIgniter\CodeIgniter->run()
#5 C:\Users\XIANGLU\Desktop\project kak eka\sidekat\system\Commands\Server\rewrite.php(43): require_once('C:\\Users\\XIANGL...')
#6 {main}
CRITICAL - 2022-08-26 14:03:12 --> Call to a member function getKonstruksi() on null
#0 C:\Users\XIANGLU\Desktop\project kak eka\sidekat\system\CodeIgniter.php(832): App\Controllers\Konstruksi->index()
#1 C:\Users\XIANGLU\Desktop\project kak eka\sidekat\system\CodeIgniter.php(419): CodeIgniter\CodeIgniter->runController(Object(App\Controllers\Konstruksi))
#2 C:\Users\XIANGLU\Desktop\project kak eka\sidekat\system\CodeIgniter.php(326): CodeIgniter\CodeIgniter->handleRequest(NULL, Object(Config\Cache), false)
#3 C:\Users\XIANGLU\Desktop\project kak eka\sidekat\public\index.php(37): CodeIgniter\CodeIgniter->run()
#4 C:\Users\XIANGLU\Desktop\project kak eka\sidekat\system\Commands\Server\rewrite.php(43): require_once('C:\\Users\\XIANGL...')
#5 {main}
CRITICAL - 2022-08-26 14:07:50 --> Call to a member function getKonstruksi() on null
#0 C:\Users\XIANGLU\Desktop\project kak eka\sidekat\system\CodeIgniter.php(832): App\Controllers\Konstruksi->index()
#1 C:\Users\XIANGLU\Desktop\project kak eka\sidekat\system\CodeIgniter.php(419): CodeIgniter\CodeIgniter->runController(Object(App\Controllers\Konstruksi))
#2 C:\Users\XIANGLU\Desktop\project kak eka\sidekat\system\CodeIgniter.php(326): CodeIgniter\CodeIgniter->handleRequest(NULL, Object(Config\Cache), false)
#3 C:\Users\XIANGLU\Desktop\project kak eka\sidekat\public\index.php(37): CodeIgniter\CodeIgniter->run()
#4 C:\Users\XIANGLU\Desktop\project kak eka\sidekat\system\Commands\Server\rewrite.php(43): require_once('C:\\Users\\XIANGL...')
#5 {main}
CRITICAL - 2022-08-26 14:09:26 --> Call to a member function getKonstruksi() on null
#0 C:\Users\XIANGLU\Desktop\project kak eka\sidekat\system\CodeIgniter.php(832): App\Controllers\Konstruksi->index()
#1 C:\Users\XIANGLU\Desktop\project kak eka\sidekat\system\CodeIgniter.php(419): CodeIgniter\CodeIgniter->runController(Object(App\Controllers\Konstruksi))
#2 C:\Users\XIANGLU\Desktop\project kak eka\sidekat\system\CodeIgniter.php(326): CodeIgniter\CodeIgniter->handleRequest(NULL, Object(Config\Cache), false)
#3 C:\Users\XIANGLU\Desktop\project kak eka\sidekat\public\index.php(37): CodeIgniter\CodeIgniter->run()
#4 C:\Users\XIANGLU\Desktop\project kak eka\sidekat\system\Commands\Server\rewrite.php(43): require_once('C:\\Users\\XIANGL...')
#5 {main}
CRITICAL - 2022-08-26 14:11:05 --> Call to a member function getKonstruksi() on null
#0 C:\Users\XIANGLU\Desktop\project kak eka\sidekat\system\CodeIgniter.php(832): App\Controllers\Konstruksi->index()
#1 C:\Users\XIANGLU\Desktop\project kak eka\sidekat\system\CodeIgniter.php(419): CodeIgniter\CodeIgniter->runController(Object(App\Controllers\Konstruksi))
#2 C:\Users\XIANGLU\Desktop\project kak eka\sidekat\system\CodeIgniter.php(326): CodeIgniter\CodeIgniter->handleRequest(NULL, Object(Config\Cache), false)
#3 C:\Users\XIANGLU\Desktop\project kak eka\sidekat\public\index.php(37): CodeIgniter\CodeIgniter->run()
#4 C:\Users\XIANGLU\Desktop\project kak eka\sidekat\system\Commands\Server\rewrite.php(43): require_once('C:\\Users\\XIANGL...')
#5 {main}
CRITICAL - 2022-08-26 14:11:11 --> Call to a member function getKonstruksi() on null
#0 C:\Users\XIANGLU\Desktop\project kak eka\sidekat\system\CodeIgniter.php(832): App\Controllers\Konstruksi->index()
#1 C:\Users\XIANGLU\Desktop\project kak eka\sidekat\system\CodeIgniter.php(419): CodeIgniter\CodeIgniter->runController(Object(App\Controllers\Konstruksi))
#2 C:\Users\XIANGLU\Desktop\project kak eka\sidekat\system\CodeIgniter.php(326): CodeIgniter\CodeIgniter->handleRequest(NULL, Object(Config\Cache), false)
#3 C:\Users\XIANGLU\Desktop\project kak eka\sidekat\public\index.php(37): CodeIgniter\CodeIgniter->run()
#4 C:\Users\XIANGLU\Desktop\project kak eka\sidekat\system\Commands\Server\rewrite.php(43): require_once('C:\\Users\\XIANGL...')
#5 {main}
CRITICAL - 2022-08-26 14:12:16 --> Call to a member function getKonstruksi() on null
#0 C:\Users\XIANGLU\Desktop\project kak eka\sidekat\system\CodeIgniter.php(832): App\Controllers\Konstruksi->index()
#1 C:\Users\XIANGLU\Desktop\project kak eka\sidekat\system\CodeIgniter.php(419): CodeIgniter\CodeIgniter->runController(Object(App\Controllers\Konstruksi))
#2 C:\Users\XIANGLU\Desktop\project kak eka\sidekat\system\CodeIgniter.php(326): CodeIgniter\CodeIgniter->handleRequest(NULL, Object(Config\Cache), false)
#3 C:\Users\XIANGLU\Desktop\project kak eka\sidekat\public\index.php(37): CodeIgniter\CodeIgniter->run()
#4 C:\Users\XIANGLU\Desktop\project kak eka\sidekat\system\Commands\Server\rewrite.php(43): require_once('C:\\Users\\XIANGL...')
#5 {main}
CRITICAL - 2022-08-26 14:13:30 --> Call to a member function getKonstruksi() on null
#0 C:\Users\XIANGLU\Desktop\project kak eka\sidekat\system\CodeIgniter.php(832): App\Controllers\Konstruksi->index()
#1 C:\Users\XIANGLU\Desktop\project kak eka\sidekat\system\CodeIgniter.php(419): CodeIgniter\CodeIgniter->runController(Object(App\Controllers\Konstruksi))
#2 C:\Users\XIANGLU\Desktop\project kak eka\sidekat\system\CodeIgniter.php(326): CodeIgniter\CodeIgniter->handleRequest(NULL, Object(Config\Cache), false)
#3 C:\Users\XIANGLU\Desktop\project kak eka\sidekat\public\index.php(37): CodeIgniter\CodeIgniter->run()
#4 C:\Users\XIANGLU\Desktop\project kak eka\sidekat\system\Commands\Server\rewrite.php(43): require_once('C:\\Users\\XIANGL...')
#5 {main}
CRITICAL - 2022-08-26 14:14:35 --> Undefined property: App\Controllers\Konstruksi::$KontruksiModel
#0 C:\Users\XIANGLU\Desktop\project kak eka\sidekat\app\Controllers\Konstruksi.php(15): CodeIgniter\Debug\Exceptions->errorHandler(8, 'Undefined prope...', 'C:\\Users\\XIANGL...', 15, Array)
#1 C:\Users\XIANGLU\Desktop\project kak eka\sidekat\system\CodeIgniter.php(832): App\Controllers\Konstruksi->index()
#2 C:\Users\XIANGLU\Desktop\project kak eka\sidekat\system\CodeIgniter.php(419): CodeIgniter\CodeIgniter->runController(Object(App\Controllers\Konstruksi))
#3 C:\Users\XIANGLU\Desktop\project kak eka\sidekat\system\CodeIgniter.php(326): CodeIgniter\CodeIgniter->handleRequest(NULL, Object(Config\Cache), false)
#4 C:\Users\XIANGLU\Desktop\project kak eka\sidekat\public\index.php(37): CodeIgniter\CodeIgniter->run()
#5 C:\Users\XIANGLU\Desktop\project kak eka\sidekat\system\Commands\Server\rewrite.php(43): require_once('C:\\Users\\XIANGL...')
#6 {main}
CRITICAL - 2022-08-26 14:14:47 --> Call to a member function getKonstruksi() on null
#0 C:\Users\XIANGLU\Desktop\project kak eka\sidekat\system\CodeIgniter.php(832): App\Controllers\Konstruksi->index()
#1 C:\Users\XIANGLU\Desktop\project kak eka\sidekat\system\CodeIgniter.php(419): CodeIgniter\CodeIgniter->runController(Object(App\Controllers\Konstruksi))
#2 C:\Users\XIANGLU\Desktop\project kak eka\sidekat\system\CodeIgniter.php(326): CodeIgniter\CodeIgniter->handleRequest(NULL, Object(Config\Cache), false)
#3 C:\Users\XIANGLU\Desktop\project kak eka\sidekat\public\index.php(37): CodeIgniter\CodeIgniter->run()
#4 C:\Users\XIANGLU\Desktop\project kak eka\sidekat\system\Commands\Server\rewrite.php(43): require_once('C:\\Users\\XIANGL...')
#5 {main}
CRITICAL - 2022-08-26 14:15:23 --> Call to a member function getKonstruksi() on null
#0 C:\Users\XIANGLU\Desktop\project kak eka\sidekat\system\CodeIgniter.php(832): App\Controllers\Konstruksi->index()
#1 C:\Users\XIANGLU\Desktop\project kak eka\sidekat\system\CodeIgniter.php(419): CodeIgniter\CodeIgniter->runController(Object(App\Controllers\Konstruksi))
#2 C:\Users\XIANGLU\Desktop\project kak eka\sidekat\system\CodeIgniter.php(326): CodeIgniter\CodeIgniter->handleRequest(NULL, Object(Config\Cache), false)
#3 C:\Users\XIANGLU\Desktop\project kak eka\sidekat\public\index.php(37): CodeIgniter\CodeIgniter->run()
#4 C:\Users\XIANGLU\Desktop\project kak eka\sidekat\system\Commands\Server\rewrite.php(43): require_once('C:\\Users\\XIANGL...')
#5 {main}
CRITICAL - 2022-08-26 14:22:29 --> Call to a member function getKonstruksi() on null
#0 C:\Users\XIANGLU\Desktop\project kak eka\sidekat\system\CodeIgniter.php(832): App\Controllers\Konstruksi->index()
#1 C:\Users\XIANGLU\Desktop\project kak eka\sidekat\system\CodeIgniter.php(419): CodeIgniter\CodeIgniter->runController(Object(App\Controllers\Konstruksi))
#2 C:\Users\XIANGLU\Desktop\project kak eka\sidekat\system\CodeIgniter.php(326): CodeIgniter\CodeIgniter->handleRequest(NULL, Object(Config\Cache), false)
#3 C:\Users\XIANGLU\Desktop\project kak eka\sidekat\public\index.php(37): CodeIgniter\CodeIgniter->run()
#4 C:\Users\XIANGLU\Desktop\project kak eka\sidekat\system\Commands\Server\rewrite.php(43): require_once('C:\\Users\\XIANGL...')
#5 {main}
CRITICAL - 2022-08-26 14:23:57 --> Call to a member function getKonstruksi() on null
#0 C:\Users\XIANGLU\Desktop\project kak eka\sidekat\system\CodeIgniter.php(832): App\Controllers\Konstruksi->index()
#1 C:\Users\XIANGLU\Desktop\project kak eka\sidekat\system\CodeIgniter.php(419): CodeIgniter\CodeIgniter->runController(Object(App\Controllers\Konstruksi))
#2 C:\Users\XIANGLU\Desktop\project kak eka\sidekat\system\CodeIgniter.php(326): CodeIgniter\CodeIgniter->handleRequest(NULL, Object(Config\Cache), false)
#3 C:\Users\XIANGLU\Desktop\project kak eka\sidekat\public\index.php(37): CodeIgniter\CodeIgniter->run()
#4 C:\Users\XIANGLU\Desktop\project kak eka\sidekat\system\Commands\Server\rewrite.php(43): require_once('C:\\Users\\XIANGL...')
#5 {main}
CRITICAL - 2022-08-26 14:24:22 --> Call to a member function getKonstruksi() on null
#0 C:\Users\XIANGLU\Desktop\project kak eka\sidekat\system\CodeIgniter.php(832): App\Controllers\Konstruksi->index()
#1 C:\Users\XIANGLU\Desktop\project kak eka\sidekat\system\CodeIgniter.php(419): CodeIgniter\CodeIgniter->runController(Object(App\Controllers\Konstruksi))
#2 C:\Users\XIANGLU\Desktop\project kak eka\sidekat\system\CodeIgniter.php(326): CodeIgniter\CodeIgniter->handleRequest(NULL, Object(Config\Cache), false)
#3 C:\Users\XIANGLU\Desktop\project kak eka\sidekat\public\index.php(37): CodeIgniter\CodeIgniter->run()
#4 C:\Users\XIANGLU\Desktop\project kak eka\sidekat\system\Commands\Server\rewrite.php(43): require_once('C:\\Users\\XIANGL...')
#5 {main}
CRITICAL - 2022-08-26 14:26:08 --> Call to a member function getKonstruksi() on null
#0 C:\Users\XIANGLU\Desktop\project kak eka\sidekat\system\CodeIgniter.php(832): App\Controllers\Konstruksi->index()
#1 C:\Users\XIANGLU\Desktop\project kak eka\sidekat\system\CodeIgniter.php(419): CodeIgniter\CodeIgniter->runController(Object(App\Controllers\Konstruksi))
#2 C:\Users\XIANGLU\Desktop\project kak eka\sidekat\system\CodeIgniter.php(326): CodeIgniter\CodeIgniter->handleRequest(NULL, Object(Config\Cache), false)
#3 C:\Users\XIANGLU\Desktop\project kak eka\sidekat\public\index.php(37): CodeIgniter\CodeIgniter->run()
#4 C:\Users\XIANGLU\Desktop\project kak eka\sidekat\system\Commands\Server\rewrite.php(43): require_once('C:\\Users\\XIANGL...')
#5 {main}
CRITICAL - 2022-08-26 14:26:42 --> Call to a member function getKonstruksi() on null
#0 C:\Users\XIANGLU\Desktop\project kak eka\sidekat\system\CodeIgniter.php(832): App\Controllers\Konstruksi->index()
#1 C:\Users\XIANGLU\Desktop\project kak eka\sidekat\system\CodeIgniter.php(419): CodeIgniter\CodeIgniter->runController(Object(App\Controllers\Konstruksi))
#2 C:\Users\XIANGLU\Desktop\project kak eka\sidekat\system\CodeIgniter.php(326): CodeIgniter\CodeIgniter->handleRequest(NULL, Object(Config\Cache), false)
#3 C:\Users\XIANGLU\Desktop\project kak eka\sidekat\public\index.php(37): CodeIgniter\CodeIgniter->run()
#4 C:\Users\XIANGLU\Desktop\project kak eka\sidekat\system\Commands\Server\rewrite.php(43): require_once('C:\\Users\\XIANGL...')
#5 {main}
CRITICAL - 2022-08-26 14:28:02 --> Call to a member function getKonstruksi() on null
#0 C:\Users\XIANGLU\Desktop\project kak eka\sidekat\system\CodeIgniter.php(832): App\Controllers\Konstruksi->index()
#1 C:\Users\XIANGLU\Desktop\project kak eka\sidekat\system\CodeIgniter.php(419): CodeIgniter\CodeIgniter->runController(Object(App\Controllers\Konstruksi))
#2 C:\Users\XIANGLU\Desktop\project kak eka\sidekat\system\CodeIgniter.php(326): CodeIgniter\CodeIgniter->handleRequest(NULL, Object(Config\Cache), false)
#3 C:\Users\XIANGLU\Desktop\project kak eka\sidekat\public\index.php(37): CodeIgniter\CodeIgniter->run()
#4 C:\Users\XIANGLU\Desktop\project kak eka\sidekat\system\Commands\Server\rewrite.php(43): require_once('C:\\Users\\XIANGL...')
#5 {main}
CRITICAL - 2022-08-26 14:29:39 --> Call to a member function getKonstruksi() on null
#0 C:\Users\XIANGLU\Desktop\project kak eka\sidekat\system\CodeIgniter.php(832): App\Controllers\Konstruksi->index()
#1 C:\Users\XIANGLU\Desktop\project kak eka\sidekat\system\CodeIgniter.php(419): CodeIgniter\CodeIgniter->runController(Object(App\Controllers\Konstruksi))
#2 C:\Users\XIANGLU\Desktop\project kak eka\sidekat\system\CodeIgniter.php(326): CodeIgniter\CodeIgniter->handleRequest(NULL, Object(Config\Cache), false)
#3 C:\Users\XIANGLU\Desktop\project kak eka\sidekat\public\index.php(37): CodeIgniter\CodeIgniter->run()
#4 C:\Users\XIANGLU\Desktop\project kak eka\sidekat\system\Commands\Server\rewrite.php(43): require_once('C:\\Users\\XIANGL...')
#5 {main}
CRITICAL - 2022-08-26 14:30:41 --> Call to a member function getKonstruksi() on null
#0 C:\Users\XIANGLU\Desktop\project kak eka\sidekat\system\CodeIgniter.php(832): App\Controllers\Konstruksi->index()
#1 C:\Users\XIANGLU\Desktop\project kak eka\sidekat\system\CodeIgniter.php(419): CodeIgniter\CodeIgniter->runController(Object(App\Controllers\Konstruksi))
#2 C:\Users\XIANGLU\Desktop\project kak eka\sidekat\system\CodeIgniter.php(326): CodeIgniter\CodeIgniter->handleRequest(NULL, Object(Config\Cache), false)
#3 C:\Users\XIANGLU\Desktop\project kak eka\sidekat\public\index.php(37): CodeIgniter\CodeIgniter->run()
#4 C:\Users\XIANGLU\Desktop\project kak eka\sidekat\system\Commands\Server\rewrite.php(43): require_once('C:\\Users\\XIANGL...')
#5 {main}
CRITICAL - 2022-08-26 14:30:45 --> Call to a member function getKonstruksi() on null
#0 C:\Users\XIANGLU\Desktop\project kak eka\sidekat\system\CodeIgniter.php(832): App\Controllers\Konstruksi->index()
#1 C:\Users\XIANGLU\Desktop\project kak eka\sidekat\system\CodeIgniter.php(419): CodeIgniter\CodeIgniter->runController(Object(App\Controllers\Konstruksi))
#2 C:\Users\XIANGLU\Desktop\project kak eka\sidekat\system\CodeIgniter.php(326): CodeIgniter\CodeIgniter->handleRequest(NULL, Object(Config\Cache), false)
#3 C:\Users\XIANGLU\Desktop\project kak eka\sidekat\public\index.php(37): CodeIgniter\CodeIgniter->run()
#4 C:\Users\XIANGLU\Desktop\project kak eka\sidekat\system\Commands\Server\rewrite.php(43): require_once('C:\\Users\\XIANGL...')
#5 {main}
CRITICAL - 2022-08-26 14:40:25 --> Undefined variable: input_data
#0 C:\Users\XIANGLU\Desktop\project kak eka\sidekat\app\Views\layout\navbar.php(57): CodeIgniter\Debug\Exceptions->errorHandler(8, 'Undefined varia...', 'C:\\Users\\XIANGL...', 57, Array)
#1 C:\Users\XIANGLU\Desktop\project kak eka\sidekat\system\View\View.php(210): include('C:\\Users\\XIANGL...')
#2 C:\Users\XIANGLU\Desktop\project kak eka\sidekat\system\View\View.php(213): CodeIgniter\View\View->CodeIgniter\View\{closure}()
#3 C:\Users\XIANGLU\Desktop\project kak eka\sidekat\system\View\View.php(424): CodeIgniter\View\View->render('layout/navbar', NULL, true)
#4 C:\Users\XIANGLU\Desktop\project kak eka\sidekat\app\Views\layout\template.php(50): CodeIgniter\View\View->include('layout/navbar')
#5 C:\Users\XIANGLU\Desktop\project kak eka\sidekat\system\View\View.php(210): include('C:\\Users\\XIANGL...')
#6 C:\Users\XIANGLU\Desktop\project kak eka\sidekat\system\View\View.php(213): CodeIgniter\View\View->CodeIgniter\View\{closure}()
#7 C:\Users\XIANGLU\Desktop\project kak eka\sidekat\system\View\View.php(226): CodeIgniter\View\View->render('layout/template', Array, true)
#8 C:\Users\XIANGLU\Desktop\project kak eka\sidekat\system\Common.php(1089): CodeIgniter\View\View->render('pages/dashboard', Array, true)
#9 C:\Users\XIANGLU\Desktop\project kak eka\sidekat\app\Controllers\Dashboard.php(16): view('pages/dashboard', Array)
#10 C:\Users\XIANGLU\Desktop\project kak eka\sidekat\system\CodeIgniter.php(832): App\Controllers\Dashboard->index()
#11 C:\Users\XIANGLU\Desktop\project kak eka\sidekat\system\CodeIgniter.php(419): CodeIgniter\CodeIgniter->runController(Object(App\Controllers\Dashboard))
#12 C:\Users\XIANGLU\Desktop\project kak eka\sidekat\system\CodeIgniter.php(326): CodeIgniter\CodeIgniter->handleRequest(NULL, Object(Config\Cache), false)
#13 C:\Users\XIANGLU\Desktop\project kak eka\sidekat\public\index.php(37): CodeIgniter\CodeIgniter->run()
#14 C:\Users\XIANGLU\Desktop\project kak eka\sidekat\system\Commands\Server\rewrite.php(43): require_once('C:\\Users\\XIANGL...')
#15 {main}
CRITICAL - 2022-08-26 14:40:54 --> Undefined variable: input_data
#0 C:\Users\XIANGLU\Desktop\project kak eka\sidekat\app\Views\layout\navbar.php(57): CodeIgniter\Debug\Exceptions->errorHandler(8, 'Undefined varia...', 'C:\\Users\\XIANGL...', 57, Array)
#1 C:\Users\XIANGLU\Desktop\project kak eka\sidekat\system\View\View.php(210): include('C:\\Users\\XIANGL...')
#2 C:\Users\XIANGLU\Desktop\project kak eka\sidekat\system\View\View.php(213): CodeIgniter\View\View->CodeIgniter\View\{closure}()
#3 C:\Users\XIANGLU\Desktop\project kak eka\sidekat\system\View\View.php(424): CodeIgniter\View\View->render('layout/navbar', NULL, true)
#4 C:\Users\XIANGLU\Desktop\project kak eka\sidekat\app\Views\layout\template.php(50): CodeIgniter\View\View->include('layout/navbar')
#5 C:\Users\XIANGLU\Desktop\project kak eka\sidekat\system\View\View.php(210): include('C:\\Users\\XIANGL...')
#6 C:\Users\XIANGLU\Desktop\project kak eka\sidekat\system\View\View.php(213): CodeIgniter\View\View->CodeIgniter\View\{closure}()
#7 C:\Users\XIANGLU\Desktop\project kak eka\sidekat\system\View\View.php(226): CodeIgniter\View\View->render('layout/template', Array, true)
#8 C:\Users\XIANGLU\Desktop\project kak eka\sidekat\system\Common.php(1089): CodeIgniter\View\View->render('pages/dashboard', Array, true)
#9 C:\Users\XIANGLU\Desktop\project kak eka\sidekat\app\Controllers\Dashboard.php(16): view('pages/dashboard', Array)
#10 C:\Users\XIANGLU\Desktop\project kak eka\sidekat\system\CodeIgniter.php(832): App\Controllers\Dashboard->index()
#11 C:\Users\XIANGLU\Desktop\project kak eka\sidekat\system\CodeIgniter.php(419): CodeIgniter\CodeIgniter->runController(Object(App\Controllers\Dashboard))
#12 C:\Users\XIANGLU\Desktop\project kak eka\sidekat\system\CodeIgniter.php(326): CodeIgniter\CodeIgniter->handleRequest(NULL, Object(Config\Cache), false)
#13 C:\Users\XIANGLU\Desktop\project kak eka\sidekat\public\index.php(37): CodeIgniter\CodeIgniter->run()
#14 C:\Users\XIANGLU\Desktop\project kak eka\sidekat\system\Commands\Server\rewrite.php(43): require_once('C:\\Users\\XIANGL...')
#15 {main}
CRITICAL - 2022-08-26 14:40:58 --> Undefined variable: input_data
#0 C:\Users\XIANGLU\Desktop\project kak eka\sidekat\app\Views\layout\navbar.php(57): CodeIgniter\Debug\Exceptions->errorHandler(8, 'Undefined varia...', 'C:\\Users\\XIANGL...', 57, Array)
#1 C:\Users\XIANGLU\Desktop\project kak eka\sidekat\system\View\View.php(210): include('C:\\Users\\XIANGL...')
#2 C:\Users\XIANGLU\Desktop\project kak eka\sidekat\system\View\View.php(213): CodeIgniter\View\View->CodeIgniter\View\{closure}()
#3 C:\Users\XIANGLU\Desktop\project kak eka\sidekat\system\View\View.php(424): CodeIgniter\View\View->render('layout/navbar', NULL, true)
#4 C:\Users\XIANGLU\Desktop\project kak eka\sidekat\app\Views\layout\template.php(50): CodeIgniter\View\View->include('layout/navbar')
#5 C:\Users\XIANGLU\Desktop\project kak eka\sidekat\system\View\View.php(210): include('C:\\Users\\XIANGL...')
#6 C:\Users\XIANGLU\Desktop\project kak eka\sidekat\system\View\View.php(213): CodeIgniter\View\View->CodeIgniter\View\{closure}()
#7 C:\Users\XIANGLU\Desktop\project kak eka\sidekat\system\View\View.php(226): CodeIgniter\View\View->render('layout/template', Array, true)
#8 C:\Users\XIANGLU\Desktop\project kak eka\sidekat\system\Common.php(1089): CodeIgniter\View\View->render('pages/dashboard', Array, true)
#9 C:\Users\XIANGLU\Desktop\project kak eka\sidekat\app\Controllers\Dashboard.php(16): view('pages/dashboard', Array)
#10 C:\Users\XIANGLU\Desktop\project kak eka\sidekat\system\CodeIgniter.php(832): App\Controllers\Dashboard->index()
#11 C:\Users\XIANGLU\Desktop\project kak eka\sidekat\system\CodeIgniter.php(419): CodeIgniter\CodeIgniter->runController(Object(App\Controllers\Dashboard))
#12 C:\Users\XIANGLU\Desktop\project kak eka\sidekat\system\CodeIgniter.php(326): CodeIgniter\CodeIgniter->handleRequest(NULL, Object(Config\Cache), false)
#13 C:\Users\XIANGLU\Desktop\project kak eka\sidekat\public\index.php(37): CodeIgniter\CodeIgniter->run()
#14 C:\Users\XIANGLU\Desktop\project kak eka\sidekat\system\Commands\Server\rewrite.php(43): require_once('C:\\Users\\XIANGL...')
#15 {main}
CRITICAL - 2022-08-26 14:41:23 --> Undefined variable: input_data
#0 C:\Users\XIANGLU\Desktop\project kak eka\sidekat\app\Views\layout\navbar.php(57): CodeIgniter\Debug\Exceptions->errorHandler(8, 'Undefined varia...', 'C:\\Users\\XIANGL...', 57, Array)
#1 C:\Users\XIANGLU\Desktop\project kak eka\sidekat\system\View\View.php(210): include('C:\\Users\\XIANGL...')
#2 C:\Users\XIANGLU\Desktop\project kak eka\sidekat\system\View\View.php(213): CodeIgniter\View\View->CodeIgniter\View\{closure}()
#3 C:\Users\XIANGLU\Desktop\project kak eka\sidekat\system\View\View.php(424): CodeIgniter\View\View->render('layout/navbar', NULL, true)
#4 C:\Users\XIANGLU\Desktop\project kak eka\sidekat\app\Views\layout\template.php(50): CodeIgniter\View\View->include('layout/navbar')
#5 C:\Users\XIANGLU\Desktop\project kak eka\sidekat\system\View\View.php(210): include('C:\\Users\\XIANGL...')
#6 C:\Users\XIANGLU\Desktop\project kak eka\sidekat\system\View\View.php(213): CodeIgniter\View\View->CodeIgniter\View\{closure}()
#7 C:\Users\XIANGLU\Desktop\project kak eka\sidekat\system\View\View.php(226): CodeIgniter\View\View->render('layout/template', Array, true)
#8 C:\Users\XIANGLU\Desktop\project kak eka\sidekat\system\Common.php(1089): CodeIgniter\View\View->render('pages/dashboard', Array, true)
#9 C:\Users\XIANGLU\Desktop\project kak eka\sidekat\app\Controllers\Dashboard.php(16): view('pages/dashboard', Array)
#10 C:\Users\XIANGLU\Desktop\project kak eka\sidekat\system\CodeIgniter.php(832): App\Controllers\Dashboard->index()
#11 C:\Users\XIANGLU\Desktop\project kak eka\sidekat\system\CodeIgniter.php(419): CodeIgniter\CodeIgniter->runController(Object(App\Controllers\Dashboard))
#12 C:\Users\XIANGLU\Desktop\project kak eka\sidekat\system\CodeIgniter.php(326): CodeIgniter\CodeIgniter->handleRequest(NULL, Object(Config\Cache), false)
#13 C:\Users\XIANGLU\Desktop\project kak eka\sidekat\public\index.php(37): CodeIgniter\CodeIgniter->run()
#14 C:\Users\XIANGLU\Desktop\project kak eka\sidekat\system\Commands\Server\rewrite.php(43): require_once('C:\\Users\\XIANGL...')
#15 {main}
CRITICAL - 2022-08-26 14:41:29 --> Undefined variable: input_data
#0 C:\Users\XIANGLU\Desktop\project kak eka\sidekat\app\Views\layout\navbar.php(57): CodeIgniter\Debug\Exceptions->errorHandler(8, 'Undefined varia...', 'C:\\Users\\XIANGL...', 57, Array)
#1 C:\Users\XIANGLU\Desktop\project kak eka\sidekat\system\View\View.php(210): include('C:\\Users\\XIANGL...')
#2 C:\Users\XIANGLU\Desktop\project kak eka\sidekat\system\View\View.php(213): CodeIgniter\View\View->CodeIgniter\View\{closure}()
#3 C:\Users\XIANGLU\Desktop\project kak eka\sidekat\system\View\View.php(424): CodeIgniter\View\View->render('layout/navbar', NULL, true)
#4 C:\Users\XIANGLU\Desktop\project kak eka\sidekat\app\Views\layout\template.php(50): CodeIgniter\View\View->include('layout/navbar')
#5 C:\Users\XIANGLU\Desktop\project kak eka\sidekat\system\View\View.php(210): include('C:\\Users\\XIANGL...')
#6 C:\Users\XIANGLU\Desktop\project kak eka\sidekat\system\View\View.php(213): CodeIgniter\View\View->CodeIgniter\View\{closure}()
#7 C:\Users\XIANGLU\Desktop\project kak eka\sidekat\system\View\View.php(226): CodeIgniter\View\View->render('layout/template', Array, true)
#8 C:\Users\XIANGLU\Desktop\project kak eka\sidekat\system\Common.php(1089): CodeIgniter\View\View->render('pages/dashboard', Array, true)
#9 C:\Users\XIANGLU\Desktop\project kak eka\sidekat\app\Controllers\Dashboard.php(16): view('pages/dashboard', Array)
#10 C:\Users\XIANGLU\Desktop\project kak eka\sidekat\system\CodeIgniter.php(832): App\Controllers\Dashboard->index()
#11 C:\Users\XIANGLU\Desktop\project kak eka\sidekat\system\CodeIgniter.php(419): CodeIgniter\CodeIgniter->runController(Object(App\Controllers\Dashboard))
#12 C:\Users\XIANGLU\Desktop\project kak eka\sidekat\system\CodeIgniter.php(326): CodeIgniter\CodeIgniter->handleRequest(NULL, Object(Config\Cache), false)
#13 C:\Users\XIANGLU\Desktop\project kak eka\sidekat\public\index.php(37): CodeIgniter\CodeIgniter->run()
#14 C:\Users\XIANGLU\Desktop\project kak eka\sidekat\system\Commands\Server\rewrite.php(43): require_once('C:\\Users\\XIANGL...')
#15 {main}
CRITICAL - 2022-08-26 14:44:00 --> Undefined variable: input_data
#0 C:\Users\XIANGLU\Desktop\project kak eka\sidekat\app\Views\layout\navbar.php(57): CodeIgniter\Debug\Exceptions->errorHandler(8, 'Undefined varia...', 'C:\\Users\\XIANGL...', 57, Array)
#1 C:\Users\XIANGLU\Desktop\project kak eka\sidekat\system\View\View.php(210): include('C:\\Users\\XIANGL...')
#2 C:\Users\XIANGLU\Desktop\project kak eka\sidekat\system\View\View.php(213): CodeIgniter\View\View->CodeIgniter\View\{closure}()
#3 C:\Users\XIANGLU\Desktop\project kak eka\sidekat\system\View\View.php(424): CodeIgniter\View\View->render('layout/navbar', NULL, true)
#4 C:\Users\XIANGLU\Desktop\project kak eka\sidekat\app\Views\layout\template.php(50): CodeIgniter\View\View->include('layout/navbar')
#5 C:\Users\XIANGLU\Desktop\project kak eka\sidekat\system\View\View.php(210): include('C:\\Users\\XIANGL...')
#6 C:\Users\XIANGLU\Desktop\project kak eka\sidekat\system\View\View.php(213): CodeIgniter\View\View->CodeIgniter\View\{closure}()
#7 C:\Users\XIANGLU\Desktop\project kak eka\sidekat\system\View\View.php(226): CodeIgniter\View\View->render('layout/template', Array, true)
#8 C:\Users\XIANGLU\Desktop\project kak eka\sidekat\system\Common.php(1089): CodeIgniter\View\View->render('pages/dashboard', Array, true)
#9 C:\Users\XIANGLU\Desktop\project kak eka\sidekat\app\Controllers\Dashboard.php(16): view('pages/dashboard', Array)
#10 C:\Users\XIANGLU\Desktop\project kak eka\sidekat\system\CodeIgniter.php(832): App\Controllers\Dashboard->index()
#11 C:\Users\XIANGLU\Desktop\project kak eka\sidekat\system\CodeIgniter.php(419): CodeIgniter\CodeIgniter->runController(Object(App\Controllers\Dashboard))
#12 C:\Users\XIANGLU\Desktop\project kak eka\sidekat\system\CodeIgniter.php(326): CodeIgniter\CodeIgniter->handleRequest(NULL, Object(Config\Cache), false)
#13 C:\Users\XIANGLU\Desktop\project kak eka\sidekat\public\index.php(37): CodeIgniter\CodeIgniter->run()
#14 C:\Users\XIANGLU\Desktop\project kak eka\sidekat\system\Commands\Server\rewrite.php(43): require_once('C:\\Users\\XIANGL...')
#15 {main}
CRITICAL - 2022-08-26 15:28:55 --> Undefined variable: k
#0 C:\Users\XIANGLU\Desktop\project kak eka\sidekat\app\Views\pages\konstruksiView.php(41): CodeIgniter\Debug\Exceptions->errorHandler(8, 'Undefined varia...', 'C:\\Users\\XIANGL...', 41, Array)
#1 C:\Users\XIANGLU\Desktop\project kak eka\sidekat\system\View\View.php(210): include('C:\\Users\\XIANGL...')
#2 C:\Users\XIANGLU\Desktop\project kak eka\sidekat\system\View\View.php(213): CodeIgniter\View\View->CodeIgniter\View\{closure}()
#3 C:\Users\XIANGLU\Desktop\project kak eka\sidekat\system\Common.php(1089): CodeIgniter\View\View->render('pages/konstruks...', Array, true)
#4 C:\Users\XIANGLU\Desktop\project kak eka\sidekat\app\Controllers\Konstruksi.php(17): view('pages/konstruks...', Array)
#5 C:\Users\XIANGLU\Desktop\project kak eka\sidekat\system\CodeIgniter.php(832): App\Controllers\Konstruksi->index()
#6 C:\Users\XIANGLU\Desktop\project kak eka\sidekat\system\CodeIgniter.php(419): CodeIgniter\CodeIgniter->runController(Object(App\Controllers\Konstruksi))
#7 C:\Users\XIANGLU\Desktop\project kak eka\sidekat\system\CodeIgniter.php(326): CodeIgniter\CodeIgniter->handleRequest(NULL, Object(Config\Cache), false)
#8 C:\Users\XIANGLU\Desktop\project kak eka\sidekat\public\index.php(37): CodeIgniter\CodeIgniter->run()
#9 C:\Users\XIANGLU\Desktop\project kak eka\sidekat\system\Commands\Server\rewrite.php(43): require_once('C:\\Users\\XIANGL...')
#10 {main}
CRITICAL - 2022-08-26 16:07:36 --> Undefined variable: a
#0 C:\Users\XIANGLU\Desktop\project kak eka\sidekat\app\Views\pages\konstruksiView.php(59): CodeIgniter\Debug\Exceptions->errorHandler(8, 'Undefined varia...', 'C:\\Users\\XIANGL...', 59, Array)
#1 C:\Users\XIANGLU\Desktop\project kak eka\sidekat\system\View\View.php(210): include('C:\\Users\\XIANGL...')
#2 C:\Users\XIANGLU\Desktop\project kak eka\sidekat\system\View\View.php(213): CodeIgniter\View\View->CodeIgniter\View\{closure}()
#3 C:\Users\XIANGLU\Desktop\project kak eka\sidekat\system\Common.php(1089): CodeIgniter\View\View->render('pages/konstruks...', Array, true)
#4 C:\Users\XIANGLU\Desktop\project kak eka\sidekat\app\Controllers\Konstruksi.php(17): view('pages/konstruks...', Array)
#5 C:\Users\XIANGLU\Desktop\project kak eka\sidekat\system\CodeIgniter.php(832): App\Controllers\Konstruksi->index()
#6 C:\Users\XIANGLU\Desktop\project kak eka\sidekat\system\CodeIgniter.php(419): CodeIgniter\CodeIgniter->runController(Object(App\Controllers\Konstruksi))
#7 C:\Users\XIANGLU\Desktop\project kak eka\sidekat\system\CodeIgniter.php(326): CodeIgniter\CodeIgniter->handleRequest(NULL, Object(Config\Cache), false)
#8 C:\Users\XIANGLU\Desktop\project kak eka\sidekat\public\index.php(37): CodeIgniter\CodeIgniter->run()
#9 C:\Users\XIANGLU\Desktop\project kak eka\sidekat\system\Commands\Server\rewrite.php(43): require_once('C:\\Users\\XIANGL...')
#10 {main}
CRITICAL - 2022-08-26 16:08:26 --> Undefined variable: admin
#0 C:\Users\XIANGLU\Desktop\project kak eka\sidekat\app\Views\pages\konstruksiDetail.php(21): CodeIgniter\Debug\Exceptions->errorHandler(8, 'Undefined varia...', 'C:\\Users\\XIANGL...', 21, Array)
#1 C:\Users\XIANGLU\Desktop\project kak eka\sidekat\system\View\View.php(210): include('C:\\Users\\XIANGL...')
#2 C:\Users\XIANGLU\Desktop\project kak eka\sidekat\system\View\View.php(213): CodeIgniter\View\View->CodeIgniter\View\{closure}()
#3 C:\Users\XIANGLU\Desktop\project kak eka\sidekat\system\Common.php(1089): CodeIgniter\View\View->render('pages/konstruks...', Array, true)
#4 C:\Users\XIANGLU\Desktop\project kak eka\sidekat\app\Controllers\Konstruksi.php(29): view('pages/konstruks...', Array)
#5 C:\Users\XIANGLU\Desktop\project kak eka\sidekat\system\CodeIgniter.php(832): App\Controllers\Konstruksi->detail('1')
#6 C:\Users\XIANGLU\Desktop\project kak eka\sidekat\system\CodeIgniter.php(419): CodeIgniter\CodeIgniter->runController(Object(App\Controllers\Konstruksi))
#7 C:\Users\XIANGLU\Desktop\project kak eka\sidekat\system\CodeIgniter.php(326): CodeIgniter\CodeIgniter->handleRequest(NULL, Object(Config\Cache), false)
#8 C:\Users\XIANGLU\Desktop\project kak eka\sidekat\public\index.php(37): CodeIgniter\CodeIgniter->run()
#9 C:\Users\XIANGLU\Desktop\project kak eka\sidekat\system\Commands\Server\rewrite.php(43): require_once('C:\\Users\\XIANGL...')
#10 {main}
CRITICAL - 2022-08-26 16:58:43 --> syntax error, unexpected ''nama_paket_pengadaan'' (T_CONSTANT_ENCAPSED_STRING), expecting ']'
#0 C:\Users\XIANGLU\Desktop\project kak eka\sidekat\system\Router\Router.php(175): CodeIgniter\Router\Router->autoRoute('konstruksi/Add')
#1 C:\Users\XIANGLU\Desktop\project kak eka\sidekat\system\CodeIgniter.php(726): CodeIgniter\Router\Router->handle('konstruksi/Add')
#2 C:\Users\XIANGLU\Desktop\project kak eka\sidekat\system\CodeIgniter.php(368): CodeIgniter\CodeIgniter->tryToRouteIt(Object(CodeIgniter\Router\RouteCollection))
#3 C:\Users\XIANGLU\Desktop\project kak eka\sidekat\system\CodeIgniter.php(326): CodeIgniter\CodeIgniter->handleRequest(NULL, Object(Config\Cache), false)
#4 C:\Users\XIANGLU\Desktop\project kak eka\sidekat\public\index.php(37): CodeIgniter\CodeIgniter->run()
#5 C:\Users\XIANGLU\Desktop\project kak eka\sidekat\system\Commands\Server\rewrite.php(43): require_once('C:\\Users\\XIANGL...')
#6 {main}
CRITICAL - 2022-08-26 17:03:55 --> Undefined property: App\Controllers\Konstruksi::$konstruksiModel
#0 C:\Users\XIANGLU\Desktop\project kak eka\sidekat\app\Controllers\Konstruksi.php(151): CodeIgniter\Debug\Exceptions->errorHandler(8, 'Undefined prope...', 'C:\\Users\\XIANGL...', 151, Array)
#1 C:\Users\XIANGLU\Desktop\project kak eka\sidekat\system\CodeIgniter.php(832): App\Controllers\Konstruksi->save()
#2 C:\Users\XIANGLU\Desktop\project kak eka\sidekat\system\CodeIgniter.php(419): CodeIgniter\CodeIgniter->runController(Object(App\Controllers\Konstruksi))
#3 C:\Users\XIANGLU\Desktop\project kak eka\sidekat\system\CodeIgniter.php(326): CodeIgniter\CodeIgniter->handleRequest(NULL, Object(Config\Cache), false)
#4 C:\Users\XIANGLU\Desktop\project kak eka\sidekat\public\index.php(37): CodeIgniter\CodeIgniter->run()
#5 C:\Users\XIANGLU\Desktop\project kak eka\sidekat\system\Commands\Server\rewrite.php(43): require_once('C:\\Users\\XIANGL...')
#6 {main}
CRITICAL - 2022-08-26 17:04:18 --> Undefined property: App\Controllers\Konstruksi::$konstruksiModel
#0 C:\Users\XIANGLU\Desktop\project kak eka\sidekat\app\Controllers\Konstruksi.php(151): CodeIgniter\Debug\Exceptions->errorHandler(8, 'Undefined prope...', 'C:\\Users\\XIANGL...', 151, Array)
#1 C:\Users\XIANGLU\Desktop\project kak eka\sidekat\system\CodeIgniter.php(832): App\Controllers\Konstruksi->save()
#2 C:\Users\XIANGLU\Desktop\project kak eka\sidekat\system\CodeIgniter.php(419): CodeIgniter\CodeIgniter->runController(Object(App\Controllers\Konstruksi))
#3 C:\Users\XIANGLU\Desktop\project kak eka\sidekat\system\CodeIgniter.php(326): CodeIgniter\CodeIgniter->handleRequest(NULL, Object(Config\Cache), false)
#4 C:\Users\XIANGLU\Desktop\project kak eka\sidekat\public\index.php(37): CodeIgniter\CodeIgniter->run()
#5 C:\Users\XIANGLU\Desktop\project kak eka\sidekat\system\Commands\Server\rewrite.php(43): require_once('C:\\Users\\XIANGL...')
#6 {main}
CRITICAL - 2022-08-26 17:04:38 --> Undefined property: App\Controllers\Konstruksi::$konstruksiModel
#0 C:\Users\XIANGLU\Desktop\project kak eka\sidekat\app\Controllers\Konstruksi.php(151): CodeIgniter\Debug\Exceptions->errorHandler(8, 'Undefined prope...', 'C:\\Users\\XIANGL...', 151, Array)
#1 C:\Users\XIANGLU\Desktop\project kak eka\sidekat\system\CodeIgniter.php(832): App\Controllers\Konstruksi->save()
#2 C:\Users\XIANGLU\Desktop\project kak eka\sidekat\system\CodeIgniter.php(419): CodeIgniter\CodeIgniter->runController(Object(App\Controllers\Konstruksi))
#3 C:\Users\XIANGLU\Desktop\project kak eka\sidekat\system\CodeIgniter.php(326): CodeIgniter\CodeIgniter->handleRequest(NULL, Object(Config\Cache), false)
#4 C:\Users\XIANGLU\Desktop\project kak eka\sidekat\public\index.php(37): CodeIgniter\CodeIgniter->run()
#5 C:\Users\XIANGLU\Desktop\project kak eka\sidekat\system\Commands\Server\rewrite.php(43): require_once('C:\\Users\\XIANGL...')
#6 {main}
CRITICAL - 2022-08-26 17:10:28 --> Invalid file: pages/konstruksiEdit.php
#0 C:\Users\XIANGLU\Desktop\project kak eka\sidekat\system\View\View.php(198): CodeIgniter\Exceptions\FrameworkException::forInvalidFile('pages/konstruks...')
#1 C:\Users\XIANGLU\Desktop\project kak eka\sidekat\system\Common.php(1089): CodeIgniter\View\View->render('pages/konstruks...', Array, true)
#2 C:\Users\XIANGLU\Desktop\project kak eka\sidekat\app\Controllers\Konstruksi.php(187): view('pages/konstruks...', Array)
#3 C:\Users\XIANGLU\Desktop\project kak eka\sidekat\system\CodeIgniter.php(832): App\Controllers\Konstruksi->edit('1')
#4 C:\Users\XIANGLU\Desktop\project kak eka\sidekat\system\CodeIgniter.php(419): CodeIgniter\CodeIgniter->runController(Object(App\Controllers\Konstruksi))
#5 C:\Users\XIANGLU\Desktop\project kak eka\sidekat\system\CodeIgniter.php(326): CodeIgniter\CodeIgniter->handleRequest(NULL, Object(Config\Cache), false)
#6 C:\Users\XIANGLU\Desktop\project kak eka\sidekat\public\index.php(37): CodeIgniter\CodeIgniter->run()
#7 C:\Users\XIANGLU\Desktop\project kak eka\sidekat\system\Commands\Server\rewrite.php(43): require_once('C:\\Users\\XIANGL...')
#8 {main}
CRITICAL - 2022-08-26 17:11:32 --> Invalid file: pages/konstruksiEdit.php
#0 C:\Users\XIANGLU\Desktop\project kak eka\sidekat\system\View\View.php(198): CodeIgniter\Exceptions\FrameworkException::forInvalidFile('pages/konstruks...')
#1 C:\Users\XIANGLU\Desktop\project kak eka\sidekat\system\Common.php(1089): CodeIgniter\View\View->render('pages/konstruks...', Array, true)
#2 C:\Users\XIANGLU\Desktop\project kak eka\sidekat\app\Controllers\Konstruksi.php(187): view('pages/konstruks...', Array)
#3 C:\Users\XIANGLU\Desktop\project kak eka\sidekat\system\CodeIgniter.php(832): App\Controllers\Konstruksi->edit('1')
#4 C:\Users\XIANGLU\Desktop\project kak eka\sidekat\system\CodeIgniter.php(419): CodeIgniter\CodeIgniter->runController(Object(App\Controllers\Konstruksi))
#5 C:\Users\XIANGLU\Desktop\project kak eka\sidekat\system\CodeIgniter.php(326): CodeIgniter\CodeIgniter->handleRequest(NULL, Object(Config\Cache), false)
#6 C:\Users\XIANGLU\Desktop\project kak eka\sidekat\public\index.php(37): CodeIgniter\CodeIgniter->run()
#7 C:\Users\XIANGLU\Desktop\project kak eka\sidekat\system\Commands\Server\rewrite.php(43): require_once('C:\\Users\\XIANGL...')
#8 {main}
CRITICAL - 2022-08-26 17:32:43 --> Trying to access array offset on value of type null
#0 C:\Users\XIANGLU\Desktop\project kak eka\sidekat\app\Controllers\Konstruksi.php(198): CodeIgniter\Debug\Exceptions->errorHandler(8, 'Trying to acces...', 'C:\\Users\\XIANGL...', 198, Array)
#1 C:\Users\XIANGLU\Desktop\project kak eka\sidekat\system\CodeIgniter.php(832): App\Controllers\Konstruksi->update('1')
#2 C:\Users\XIANGLU\Desktop\project kak eka\sidekat\system\CodeIgniter.php(419): CodeIgniter\CodeIgniter->runController(Object(App\Controllers\Konstruksi))
#3 C:\Users\XIANGLU\Desktop\project kak eka\sidekat\system\CodeIgniter.php(326): CodeIgniter\CodeIgniter->handleRequest(NULL, Object(Config\Cache), false)
#4 C:\Users\XIANGLU\Desktop\project kak eka\sidekat\public\index.php(37): CodeIgniter\CodeIgniter->run()
#5 C:\Users\XIANGLU\Desktop\project kak eka\sidekat\system\Commands\Server\rewrite.php(43): require_once('C:\\Users\\XIANGL...')
#6 {main}
CRITICAL - 2022-08-26 17:34:46 --> Trying to access array offset on value of type null
#0 C:\Users\XIANGLU\Desktop\project kak eka\sidekat\app\Controllers\Konstruksi.php(198): CodeIgniter\Debug\Exceptions->errorHandler(8, 'Trying to acces...', 'C:\\Users\\XIANGL...', 198, Array)
#1 C:\Users\XIANGLU\Desktop\project kak eka\sidekat\system\CodeIgniter.php(832): App\Controllers\Konstruksi->update('1')
#2 C:\Users\XIANGLU\Desktop\project kak eka\sidekat\system\CodeIgniter.php(419): CodeIgniter\CodeIgniter->runController(Object(App\Controllers\Konstruksi))
#3 C:\Users\XIANGLU\Desktop\project kak eka\sidekat\system\CodeIgniter.php(326): CodeIgniter\CodeIgniter->handleRequest(NULL, Object(Config\Cache), false)
#4 C:\Users\XIANGLU\Desktop\project kak eka\sidekat\public\index.php(37): CodeIgniter\CodeIgniter->run()
#5 C:\Users\XIANGLU\Desktop\project kak eka\sidekat\system\Commands\Server\rewrite.php(43): require_once('C:\\Users\\XIANGL...')
#6 {main}
CRITICAL - 2022-08-26 17:35:13 --> Trying to access array offset on value of type null
#0 C:\Users\XIANGLU\Desktop\project kak eka\sidekat\app\Controllers\Konstruksi.php(198): CodeIgniter\Debug\Exceptions->errorHandler(8, 'Trying to acces...', 'C:\\Users\\XIANGL...', 198, Array)
#1 C:\Users\XIANGLU\Desktop\project kak eka\sidekat\system\CodeIgniter.php(832): App\Controllers\Konstruksi->update('1')
#2 C:\Users\XIANGLU\Desktop\project kak eka\sidekat\system\CodeIgniter.php(419): CodeIgniter\CodeIgniter->runController(Object(App\Controllers\Konstruksi))
#3 C:\Users\XIANGLU\Desktop\project kak eka\sidekat\system\CodeIgniter.php(326): CodeIgniter\CodeIgniter->handleRequest(NULL, Object(Config\Cache), false)
#4 C:\Users\XIANGLU\Desktop\project kak eka\sidekat\public\index.php(37): CodeIgniter\CodeIgniter->run()
#5 C:\Users\XIANGLU\Desktop\project kak eka\sidekat\system\Commands\Server\rewrite.php(43): require_once('C:\\Users\\XIANGL...')
#6 {main}
