CRITICAL - 2022-09-01 09:04:59 --> Undefined index: key
#0 C:\Users\XIANGLU\Desktop\project kak eka\sidekat\app\Controllers\Peralatan.php(62): CodeIgniter\Debug\Exceptions->errorHandler(8, 'Undefined index...', 'C:\\Users\\XIANGL...', 62, Array)
#1 C:\Users\XIANGLU\Desktop\project kak eka\sidekat\system\CodeIgniter.php(832): App\Controllers\Peralatan->save()
#2 C:\Users\XIANGLU\Desktop\project kak eka\sidekat\system\CodeIgniter.php(419): CodeIgniter\CodeIgniter->runController(Object(App\Controllers\Peralatan))
#3 C:\Users\XIANGLU\Desktop\project kak eka\sidekat\system\CodeIgniter.php(326): CodeIgniter\CodeIgniter->handleRequest(NULL, Object(Config\Cache), false)
#4 C:\Users\XIANGLU\Desktop\project kak eka\sidekat\public\index.php(37): CodeIgniter\CodeIgniter->run()
#5 C:\Users\XIANGLU\Desktop\project kak eka\sidekat\system\Commands\Server\rewrite.php(43): require_once('C:\\Users\\XIANGL...')
#6 {main}
CRITICAL - 2022-09-01 09:06:43 --> Undefined index: key
#0 C:\Users\XIANGLU\Desktop\project kak eka\sidekat\app\Controllers\Peralatan.php(63): CodeIgniter\Debug\Exceptions->errorHandler(8, 'Undefined index...', 'C:\\Users\\XIANGL...', 63, Array)
#1 C:\Users\XIANGLU\Desktop\project kak eka\sidekat\system\CodeIgniter.php(832): App\Controllers\Peralatan->save()
#2 C:\Users\XIANGLU\Desktop\project kak eka\sidekat\system\CodeIgniter.php(419): CodeIgniter\CodeIgniter->runController(Object(App\Controllers\Peralatan))
#3 C:\Users\XIANGLU\Desktop\project kak eka\sidekat\system\CodeIgniter.php(326): CodeIgniter\CodeIgniter->handleRequest(NULL, Object(Config\Cache), false)
#4 C:\Users\XIANGLU\Desktop\project kak eka\sidekat\public\index.php(37): CodeIgniter\CodeIgniter->run()
#5 C:\Users\XIANGLU\Desktop\project kak eka\sidekat\system\Commands\Server\rewrite.php(43): require_once('C:\\Users\\XIANGL...')
#6 {main}
CRITICAL - 2022-09-01 09:07:08 --> Undefined index: peralatan_utama
#0 C:\Users\XIANGLU\Desktop\project kak eka\sidekat\app\Views\pages\peralatanAdd.php(92): CodeIgniter\Debug\Exceptions->errorHandler(8, 'Undefined index...', 'C:\\Users\\XIANGL...', 92, Array)
#1 C:\Users\XIANGLU\Desktop\project kak eka\sidekat\system\View\View.php(210): include('C:\\Users\\XIANGL...')
#2 C:\Users\XIANGLU\Desktop\project kak eka\sidekat\system\View\View.php(213): CodeIgniter\View\View->CodeIgniter\View\{closure}()
#3 C:\Users\XIANGLU\Desktop\project kak eka\sidekat\system\Common.php(1089): CodeIgniter\View\View->render('pages/peralatan...', Array, true)
#4 C:\Users\XIANGLU\Desktop\project kak eka\sidekat\app\Controllers\Peralatan.php(54): view('pages/peralatan...', Array)
#5 C:\Users\XIANGLU\Desktop\project kak eka\sidekat\system\CodeIgniter.php(832): App\Controllers\Peralatan->Add()
#6 C:\Users\XIANGLU\Desktop\project kak eka\sidekat\system\CodeIgniter.php(419): CodeIgniter\CodeIgniter->runController(Object(App\Controllers\Peralatan))
#7 C:\Users\XIANGLU\Desktop\project kak eka\sidekat\system\CodeIgniter.php(326): CodeIgniter\CodeIgniter->handleRequest(NULL, Object(Config\Cache), false)
#8 C:\Users\XIANGLU\Desktop\project kak eka\sidekat\public\index.php(37): CodeIgniter\CodeIgniter->run()
#9 C:\Users\XIANGLU\Desktop\project kak eka\sidekat\system\Commands\Server\rewrite.php(43): require_once('C:\\Users\\XIANGL...')
#10 {main}
CRITICAL - 2022-09-01 09:07:48 --> Undefined index: peralatan_utama
#0 C:\Users\XIANGLU\Desktop\project kak eka\sidekat\app\Views\pages\peralatanAdd.php(92): CodeIgniter\Debug\Exceptions->errorHandler(8, 'Undefined index...', 'C:\\Users\\XIANGL...', 92, Array)
#1 C:\Users\XIANGLU\Desktop\project kak eka\sidekat\system\View\View.php(210): include('C:\\Users\\XIANGL...')
#2 C:\Users\XIANGLU\Desktop\project kak eka\sidekat\system\View\View.php(213): CodeIgniter\View\View->CodeIgniter\View\{closure}()
#3 C:\Users\XIANGLU\Desktop\project kak eka\sidekat\system\Common.php(1089): CodeIgniter\View\View->render('pages/peralatan...', Array, true)
#4 C:\Users\XIANGLU\Desktop\project kak eka\sidekat\app\Controllers\Peralatan.php(55): view('pages/peralatan...', Array)
#5 C:\Users\XIANGLU\Desktop\project kak eka\sidekat\system\CodeIgniter.php(832): App\Controllers\Peralatan->Add()
#6 C:\Users\XIANGLU\Desktop\project kak eka\sidekat\system\CodeIgniter.php(419): CodeIgniter\CodeIgniter->runController(Object(App\Controllers\Peralatan))
#7 C:\Users\XIANGLU\Desktop\project kak eka\sidekat\system\CodeIgniter.php(326): CodeIgniter\CodeIgniter->handleRequest(NULL, Object(Config\Cache), false)
#8 C:\Users\XIANGLU\Desktop\project kak eka\sidekat\public\index.php(37): CodeIgniter\CodeIgniter->run()
#9 C:\Users\XIANGLU\Desktop\project kak eka\sidekat\system\Commands\Server\rewrite.php(43): require_once('C:\\Users\\XIANGL...')
#10 {main}
CRITICAL - 2022-09-01 09:38:06 --> Invalid file: pages/peralatanEdit.php
#0 C:\Users\XIANGLU\Desktop\project kak eka\sidekat\system\View\View.php(198): CodeIgniter\Exceptions\FrameworkException::forInvalidFile('pages/peralatan...')
#1 C:\Users\XIANGLU\Desktop\project kak eka\sidekat\system\Common.php(1089): CodeIgniter\View\View->render('pages/peralatan...', Array, true)
#2 C:\Users\XIANGLU\Desktop\project kak eka\sidekat\app\Controllers\Peralatan.php(182): view('pages/peralatan...', Array)
#3 C:\Users\XIANGLU\Desktop\project kak eka\sidekat\system\CodeIgniter.php(832): App\Controllers\Peralatan->edit('10')
#4 C:\Users\XIANGLU\Desktop\project kak eka\sidekat\system\CodeIgniter.php(419): CodeIgniter\CodeIgniter->runController(Object(App\Controllers\Peralatan))
#5 C:\Users\XIANGLU\Desktop\project kak eka\sidekat\system\CodeIgniter.php(326): CodeIgniter\CodeIgniter->handleRequest(NULL, Object(Config\Cache), false)
#6 C:\Users\XIANGLU\Desktop\project kak eka\sidekat\public\index.php(37): CodeIgniter\CodeIgniter->run()
#7 C:\Users\XIANGLU\Desktop\project kak eka\sidekat\system\Commands\Server\rewrite.php(43): require_once('C:\\Users\\XIANGL...')
#8 {main}
CRITICAL - 2022-09-01 09:38:35 --> Undefined variable: detail
#0 C:\Users\XIANGLU\Desktop\project kak eka\sidekat\app\Views\pages\peralatanEdit.php(91): CodeIgniter\Debug\Exceptions->errorHandler(8, 'Undefined varia...', 'C:\\Users\\XIANGL...', 91, Array)
#1 C:\Users\XIANGLU\Desktop\project kak eka\sidekat\system\View\View.php(210): include('C:\\Users\\XIANGL...')
#2 C:\Users\XIANGLU\Desktop\project kak eka\sidekat\system\View\View.php(213): CodeIgniter\View\View->CodeIgniter\View\{closure}()
#3 C:\Users\XIANGLU\Desktop\project kak eka\sidekat\system\Common.php(1089): CodeIgniter\View\View->render('pages/peralatan...', Array, true)
#4 C:\Users\XIANGLU\Desktop\project kak eka\sidekat\app\Controllers\Peralatan.php(182): view('pages/peralatan...', Array)
#5 C:\Users\XIANGLU\Desktop\project kak eka\sidekat\system\CodeIgniter.php(832): App\Controllers\Peralatan->edit('10')
#6 C:\Users\XIANGLU\Desktop\project kak eka\sidekat\system\CodeIgniter.php(419): CodeIgniter\CodeIgniter->runController(Object(App\Controllers\Peralatan))
#7 C:\Users\XIANGLU\Desktop\project kak eka\sidekat\system\CodeIgniter.php(326): CodeIgniter\CodeIgniter->handleRequest(NULL, Object(Config\Cache), false)
#8 C:\Users\XIANGLU\Desktop\project kak eka\sidekat\public\index.php(37): CodeIgniter\CodeIgniter->run()
#9 C:\Users\XIANGLU\Desktop\project kak eka\sidekat\system\Commands\Server\rewrite.php(43): require_once('C:\\Users\\XIANGL...')
#10 {main}
CRITICAL - 2022-09-01 09:40:09 --> Undefined variable: detail
#0 C:\Users\XIANGLU\Desktop\project kak eka\sidekat\app\Controllers\Peralatan.php(181): CodeIgniter\Debug\Exceptions->errorHandler(8, 'Undefined varia...', 'C:\\Users\\XIANGL...', 181, Array)
#1 C:\Users\XIANGLU\Desktop\project kak eka\sidekat\system\CodeIgniter.php(832): App\Controllers\Peralatan->edit('10')
#2 C:\Users\XIANGLU\Desktop\project kak eka\sidekat\system\CodeIgniter.php(419): CodeIgniter\CodeIgniter->runController(Object(App\Controllers\Peralatan))
#3 C:\Users\XIANGLU\Desktop\project kak eka\sidekat\system\CodeIgniter.php(326): CodeIgniter\CodeIgniter->handleRequest(NULL, Object(Config\Cache), false)
#4 C:\Users\XIANGLU\Desktop\project kak eka\sidekat\public\index.php(37): CodeIgniter\CodeIgniter->run()
#5 C:\Users\XIANGLU\Desktop\project kak eka\sidekat\system\Commands\Server\rewrite.php(43): require_once('C:\\Users\\XIANGL...')
#6 {main}
CRITICAL - 2022-09-01 09:40:45 --> Invalid argument supplied for foreach()
#0 C:\Users\XIANGLU\Desktop\project kak eka\sidekat\app\Views\pages\peralatanEdit.php(91): CodeIgniter\Debug\Exceptions->errorHandler(2, 'Invalid argumen...', 'C:\\Users\\XIANGL...', 91, Array)
#1 C:\Users\XIANGLU\Desktop\project kak eka\sidekat\system\View\View.php(210): include('C:\\Users\\XIANGL...')
#2 C:\Users\XIANGLU\Desktop\project kak eka\sidekat\system\View\View.php(213): CodeIgniter\View\View->CodeIgniter\View\{closure}()
#3 C:\Users\XIANGLU\Desktop\project kak eka\sidekat\system\Common.php(1089): CodeIgniter\View\View->render('pages/peralatan...', Array, true)
#4 C:\Users\XIANGLU\Desktop\project kak eka\sidekat\app\Controllers\Peralatan.php(184): view('pages/peralatan...', Array)
#5 C:\Users\XIANGLU\Desktop\project kak eka\sidekat\system\CodeIgniter.php(832): App\Controllers\Peralatan->edit('10')
#6 C:\Users\XIANGLU\Desktop\project kak eka\sidekat\system\CodeIgniter.php(419): CodeIgniter\CodeIgniter->runController(Object(App\Controllers\Peralatan))
#7 C:\Users\XIANGLU\Desktop\project kak eka\sidekat\system\CodeIgniter.php(326): CodeIgniter\CodeIgniter->handleRequest(NULL, Object(Config\Cache), false)
#8 C:\Users\XIANGLU\Desktop\project kak eka\sidekat\public\index.php(37): CodeIgniter\CodeIgniter->run()
#9 C:\Users\XIANGLU\Desktop\project kak eka\sidekat\system\Commands\Server\rewrite.php(43): require_once('C:\\Users\\XIANGL...')
#10 {main}
CRITICAL - 2022-09-01 09:42:56 --> Undefined variable: detail
#0 C:\Users\XIANGLU\Desktop\project kak eka\sidekat\app\Views\pages\peralatanEdit.php(91): CodeIgniter\Debug\Exceptions->errorHandler(8, 'Undefined varia...', 'C:\\Users\\XIANGL...', 91, Array)
#1 C:\Users\XIANGLU\Desktop\project kak eka\sidekat\system\View\View.php(210): include('C:\\Users\\XIANGL...')
#2 C:\Users\XIANGLU\Desktop\project kak eka\sidekat\system\View\View.php(213): CodeIgniter\View\View->CodeIgniter\View\{closure}()
#3 C:\Users\XIANGLU\Desktop\project kak eka\sidekat\system\Common.php(1089): CodeIgniter\View\View->render('pages/peralatan...', Array, true)
#4 C:\Users\XIANGLU\Desktop\project kak eka\sidekat\app\Controllers\Peralatan.php(182): view('pages/peralatan...', Array)
#5 C:\Users\XIANGLU\Desktop\project kak eka\sidekat\system\CodeIgniter.php(832): App\Controllers\Peralatan->edit('10')
#6 C:\Users\XIANGLU\Desktop\project kak eka\sidekat\system\CodeIgniter.php(419): CodeIgniter\CodeIgniter->runController(Object(App\Controllers\Peralatan))
#7 C:\Users\XIANGLU\Desktop\project kak eka\sidekat\system\CodeIgniter.php(326): CodeIgniter\CodeIgniter->handleRequest(NULL, Object(Config\Cache), false)
#8 C:\Users\XIANGLU\Desktop\project kak eka\sidekat\public\index.php(37): CodeIgniter\CodeIgniter->run()
#9 C:\Users\XIANGLU\Desktop\project kak eka\sidekat\system\Commands\Server\rewrite.php(43): require_once('C:\\Users\\XIANGL...')
#10 {main}
CRITICAL - 2022-09-01 09:44:09 --> Undefined variable: peralatan
#0 C:\Users\XIANGLU\Desktop\project kak eka\sidekat\app\Views\pages\peralatanEdit.php(25): CodeIgniter\Debug\Exceptions->errorHandler(8, 'Undefined varia...', 'C:\\Users\\XIANGL...', 25, Array)
#1 C:\Users\XIANGLU\Desktop\project kak eka\sidekat\system\View\View.php(210): include('C:\\Users\\XIANGL...')
#2 C:\Users\XIANGLU\Desktop\project kak eka\sidekat\system\View\View.php(213): CodeIgniter\View\View->CodeIgniter\View\{closure}()
#3 C:\Users\XIANGLU\Desktop\project kak eka\sidekat\system\Common.php(1089): CodeIgniter\View\View->render('pages/peralatan...', Array, true)
#4 C:\Users\XIANGLU\Desktop\project kak eka\sidekat\app\Controllers\Peralatan.php(182): view('pages/peralatan...', Array)
#5 C:\Users\XIANGLU\Desktop\project kak eka\sidekat\system\CodeIgniter.php(832): App\Controllers\Peralatan->edit('10')
#6 C:\Users\XIANGLU\Desktop\project kak eka\sidekat\system\CodeIgniter.php(419): CodeIgniter\CodeIgniter->runController(Object(App\Controllers\Peralatan))
#7 C:\Users\XIANGLU\Desktop\project kak eka\sidekat\system\CodeIgniter.php(326): CodeIgniter\CodeIgniter->handleRequest(NULL, Object(Config\Cache), false)
#8 C:\Users\XIANGLU\Desktop\project kak eka\sidekat\public\index.php(37): CodeIgniter\CodeIgniter->run()
#9 C:\Users\XIANGLU\Desktop\project kak eka\sidekat\system\Commands\Server\rewrite.php(43): require_once('C:\\Users\\XIANGL...')
#10 {main}
CRITICAL - 2022-09-01 09:44:25 --> Undefined variable: detail
#0 C:\Users\XIANGLU\Desktop\project kak eka\sidekat\app\Views\pages\peralatanEdit.php(91): CodeIgniter\Debug\Exceptions->errorHandler(8, 'Undefined varia...', 'C:\\Users\\XIANGL...', 91, Array)
#1 C:\Users\XIANGLU\Desktop\project kak eka\sidekat\system\View\View.php(210): include('C:\\Users\\XIANGL...')
#2 C:\Users\XIANGLU\Desktop\project kak eka\sidekat\system\View\View.php(213): CodeIgniter\View\View->CodeIgniter\View\{closure}()
#3 C:\Users\XIANGLU\Desktop\project kak eka\sidekat\system\Common.php(1089): CodeIgniter\View\View->render('pages/peralatan...', Array, true)
#4 C:\Users\XIANGLU\Desktop\project kak eka\sidekat\app\Controllers\Peralatan.php(182): view('pages/peralatan...', Array)
#5 C:\Users\XIANGLU\Desktop\project kak eka\sidekat\system\CodeIgniter.php(832): App\Controllers\Peralatan->edit('10')
#6 C:\Users\XIANGLU\Desktop\project kak eka\sidekat\system\CodeIgniter.php(419): CodeIgniter\CodeIgniter->runController(Object(App\Controllers\Peralatan))
#7 C:\Users\XIANGLU\Desktop\project kak eka\sidekat\system\CodeIgniter.php(326): CodeIgniter\CodeIgniter->handleRequest(NULL, Object(Config\Cache), false)
#8 C:\Users\XIANGLU\Desktop\project kak eka\sidekat\public\index.php(37): CodeIgniter\CodeIgniter->run()
#9 C:\Users\XIANGLU\Desktop\project kak eka\sidekat\system\Commands\Server\rewrite.php(43): require_once('C:\\Users\\XIANGL...')
#10 {main}
CRITICAL - 2022-09-01 09:46:12 --> Undefined variable: detail
#0 C:\Users\XIANGLU\Desktop\project kak eka\sidekat\app\Views\pages\peralatanEdit.php(91): CodeIgniter\Debug\Exceptions->errorHandler(8, 'Undefined varia...', 'C:\\Users\\XIANGL...', 91, Array)
#1 C:\Users\XIANGLU\Desktop\project kak eka\sidekat\system\View\View.php(210): include('C:\\Users\\XIANGL...')
#2 C:\Users\XIANGLU\Desktop\project kak eka\sidekat\system\View\View.php(213): CodeIgniter\View\View->CodeIgniter\View\{closure}()
#3 C:\Users\XIANGLU\Desktop\project kak eka\sidekat\system\Common.php(1089): CodeIgniter\View\View->render('pages/peralatan...', Array, true)
#4 C:\Users\XIANGLU\Desktop\project kak eka\sidekat\app\Controllers\Peralatan.php(182): view('pages/peralatan...', Array)
#5 C:\Users\XIANGLU\Desktop\project kak eka\sidekat\system\CodeIgniter.php(832): App\Controllers\Peralatan->edit('10')
#6 C:\Users\XIANGLU\Desktop\project kak eka\sidekat\system\CodeIgniter.php(419): CodeIgniter\CodeIgniter->runController(Object(App\Controllers\Peralatan))
#7 C:\Users\XIANGLU\Desktop\project kak eka\sidekat\system\CodeIgniter.php(326): CodeIgniter\CodeIgniter->handleRequest(NULL, Object(Config\Cache), false)
#8 C:\Users\XIANGLU\Desktop\project kak eka\sidekat\public\index.php(37): CodeIgniter\CodeIgniter->run()
#9 C:\Users\XIANGLU\Desktop\project kak eka\sidekat\system\Commands\Server\rewrite.php(43): require_once('C:\\Users\\XIANGL...')
#10 {main}
CRITICAL - 2022-09-01 09:48:49 --> Illegal string offset 'peralatan_utama'
#0 C:\Users\XIANGLU\Desktop\project kak eka\sidekat\app\Views\pages\peralatanEdit.php(93): CodeIgniter\Debug\Exceptions->errorHandler(2, 'Illegal string ...', 'C:\\Users\\XIANGL...', 93, Array)
#1 C:\Users\XIANGLU\Desktop\project kak eka\sidekat\system\View\View.php(210): include('C:\\Users\\XIANGL...')
#2 C:\Users\XIANGLU\Desktop\project kak eka\sidekat\system\View\View.php(213): CodeIgniter\View\View->CodeIgniter\View\{closure}()
#3 C:\Users\XIANGLU\Desktop\project kak eka\sidekat\system\Common.php(1089): CodeIgniter\View\View->render('pages/peralatan...', Array, true)
#4 C:\Users\XIANGLU\Desktop\project kak eka\sidekat\app\Controllers\Peralatan.php(183): view('pages/peralatan...', Array)
#5 C:\Users\XIANGLU\Desktop\project kak eka\sidekat\system\CodeIgniter.php(832): App\Controllers\Peralatan->edit('10')
#6 C:\Users\XIANGLU\Desktop\project kak eka\sidekat\system\CodeIgniter.php(419): CodeIgniter\CodeIgniter->runController(Object(App\Controllers\Peralatan))
#7 C:\Users\XIANGLU\Desktop\project kak eka\sidekat\system\CodeIgniter.php(326): CodeIgniter\CodeIgniter->handleRequest(NULL, Object(Config\Cache), false)
#8 C:\Users\XIANGLU\Desktop\project kak eka\sidekat\public\index.php(37): CodeIgniter\CodeIgniter->run()
#9 C:\Users\XIANGLU\Desktop\project kak eka\sidekat\system\Commands\Server\rewrite.php(43): require_once('C:\\Users\\XIANGL...')
#10 {main}
CRITICAL - 2022-09-01 09:49:58 --> Illegal string offset 'peralatan_utama'
#0 C:\Users\XIANGLU\Desktop\project kak eka\sidekat\app\Views\pages\peralatanEdit.php(93): CodeIgniter\Debug\Exceptions->errorHandler(2, 'Illegal string ...', 'C:\\Users\\XIANGL...', 93, Array)
#1 C:\Users\XIANGLU\Desktop\project kak eka\sidekat\system\View\View.php(210): include('C:\\Users\\XIANGL...')
#2 C:\Users\XIANGLU\Desktop\project kak eka\sidekat\system\View\View.php(213): CodeIgniter\View\View->CodeIgniter\View\{closure}()
#3 C:\Users\XIANGLU\Desktop\project kak eka\sidekat\system\Common.php(1089): CodeIgniter\View\View->render('pages/peralatan...', Array, true)
#4 C:\Users\XIANGLU\Desktop\project kak eka\sidekat\app\Controllers\Peralatan.php(183): view('pages/peralatan...', Array)
#5 C:\Users\XIANGLU\Desktop\project kak eka\sidekat\system\CodeIgniter.php(832): App\Controllers\Peralatan->edit('10')
#6 C:\Users\XIANGLU\Desktop\project kak eka\sidekat\system\CodeIgniter.php(419): CodeIgniter\CodeIgniter->runController(Object(App\Controllers\Peralatan))
#7 C:\Users\XIANGLU\Desktop\project kak eka\sidekat\system\CodeIgniter.php(326): CodeIgniter\CodeIgniter->handleRequest(NULL, Object(Config\Cache), false)
#8 C:\Users\XIANGLU\Desktop\project kak eka\sidekat\public\index.php(37): CodeIgniter\CodeIgniter->run()
#9 C:\Users\XIANGLU\Desktop\project kak eka\sidekat\system\Commands\Server\rewrite.php(43): require_once('C:\\Users\\XIANGL...')
#10 {main}
CRITICAL - 2022-09-01 09:51:00 --> Illegal string offset 'peralatan_utama'
#0 C:\Users\XIANGLU\Desktop\project kak eka\sidekat\app\Views\pages\peralatanEdit.php(93): CodeIgniter\Debug\Exceptions->errorHandler(2, 'Illegal string ...', 'C:\\Users\\XIANGL...', 93, Array)
#1 C:\Users\XIANGLU\Desktop\project kak eka\sidekat\system\View\View.php(210): include('C:\\Users\\XIANGL...')
#2 C:\Users\XIANGLU\Desktop\project kak eka\sidekat\system\View\View.php(213): CodeIgniter\View\View->CodeIgniter\View\{closure}()
#3 C:\Users\XIANGLU\Desktop\project kak eka\sidekat\system\Common.php(1089): CodeIgniter\View\View->render('pages/peralatan...', Array, true)
#4 C:\Users\XIANGLU\Desktop\project kak eka\sidekat\app\Controllers\Peralatan.php(183): view('pages/peralatan...', Array)
#5 C:\Users\XIANGLU\Desktop\project kak eka\sidekat\system\CodeIgniter.php(832): App\Controllers\Peralatan->edit('10')
#6 C:\Users\XIANGLU\Desktop\project kak eka\sidekat\system\CodeIgniter.php(419): CodeIgniter\CodeIgniter->runController(Object(App\Controllers\Peralatan))
#7 C:\Users\XIANGLU\Desktop\project kak eka\sidekat\system\CodeIgniter.php(326): CodeIgniter\CodeIgniter->handleRequest(NULL, Object(Config\Cache), false)
#8 C:\Users\XIANGLU\Desktop\project kak eka\sidekat\public\index.php(37): CodeIgniter\CodeIgniter->run()
#9 C:\Users\XIANGLU\Desktop\project kak eka\sidekat\system\Commands\Server\rewrite.php(43): require_once('C:\\Users\\XIANGL...')
#10 {main}
ERROR - 2022-09-01 09:51:30 --> Unknown column 'peralatan.id_peralatan_detail' in 'on clause'
CRITICAL - 2022-09-01 09:51:30 --> Unknown column 'peralatan.id_peralatan_detail' in 'on clause'
#0 C:\Users\XIANGLU\Desktop\project kak eka\sidekat\system\Database\MySQLi\Connection.php(292): mysqli->query('SELECT *\nFROM `...', 0)
#1 C:\Users\XIANGLU\Desktop\project kak eka\sidekat\system\Database\BaseConnection.php(670): CodeIgniter\Database\MySQLi\Connection->execute('SELECT *\nFROM `...')
#2 C:\Users\XIANGLU\Desktop\project kak eka\sidekat\system\Database\BaseConnection.php(598): CodeIgniter\Database\BaseConnection->simpleQuery('SELECT *\nFROM `...')
#3 C:\Users\XIANGLU\Desktop\project kak eka\sidekat\system\Database\BaseBuilder.php(1455): CodeIgniter\Database\BaseConnection->query('SELECT *\nFROM `...', Array, false)
#4 C:\Users\XIANGLU\Desktop\project kak eka\sidekat\system\Model.php(183): CodeIgniter\Database\BaseBuilder->get()
#5 C:\Users\XIANGLU\Desktop\project kak eka\sidekat\system\BaseModel.php(584): CodeIgniter\Model->doFindAll(0, 0)
#6 C:\Users\XIANGLU\Desktop\project kak eka\sidekat\app\Models\PeralatanModel.php(43): CodeIgniter\BaseModel->findAll()
#7 C:\Users\XIANGLU\Desktop\project kak eka\sidekat\app\Controllers\Peralatan.php(181): App\Models\PeralatanModel->getPeralatanDetail()
#8 C:\Users\XIANGLU\Desktop\project kak eka\sidekat\system\CodeIgniter.php(832): App\Controllers\Peralatan->edit('10')
#9 C:\Users\XIANGLU\Desktop\project kak eka\sidekat\system\CodeIgniter.php(419): CodeIgniter\CodeIgniter->runController(Object(App\Controllers\Peralatan))
#10 C:\Users\XIANGLU\Desktop\project kak eka\sidekat\system\CodeIgniter.php(326): CodeIgniter\CodeIgniter->handleRequest(NULL, Object(Config\Cache), false)
#11 C:\Users\XIANGLU\Desktop\project kak eka\sidekat\public\index.php(37): CodeIgniter\CodeIgniter->run()
#12 C:\Users\XIANGLU\Desktop\project kak eka\sidekat\system\Commands\Server\rewrite.php(43): require_once('C:\\Users\\XIANGL...')
#13 {main}
ERROR - 2022-09-01 09:51:39 --> Unknown column 'peralatan.id_peralatan_detail' in 'on clause'
CRITICAL - 2022-09-01 09:51:39 --> Unknown column 'peralatan.id_peralatan_detail' in 'on clause'
#0 C:\Users\XIANGLU\Desktop\project kak eka\sidekat\system\Database\MySQLi\Connection.php(292): mysqli->query('SELECT *\nFROM `...', 0)
#1 C:\Users\XIANGLU\Desktop\project kak eka\sidekat\system\Database\BaseConnection.php(670): CodeIgniter\Database\MySQLi\Connection->execute('SELECT *\nFROM `...')
#2 C:\Users\XIANGLU\Desktop\project kak eka\sidekat\system\Database\BaseConnection.php(598): CodeIgniter\Database\BaseConnection->simpleQuery('SELECT *\nFROM `...')
#3 C:\Users\XIANGLU\Desktop\project kak eka\sidekat\system\Database\BaseBuilder.php(1455): CodeIgniter\Database\BaseConnection->query('SELECT *\nFROM `...', Array, false)
#4 C:\Users\XIANGLU\Desktop\project kak eka\sidekat\system\Model.php(183): CodeIgniter\Database\BaseBuilder->get()
#5 C:\Users\XIANGLU\Desktop\project kak eka\sidekat\system\BaseModel.php(584): CodeIgniter\Model->doFindAll(0, 0)
#6 C:\Users\XIANGLU\Desktop\project kak eka\sidekat\app\Models\PeralatanModel.php(43): CodeIgniter\BaseModel->findAll()
#7 C:\Users\XIANGLU\Desktop\project kak eka\sidekat\app\Controllers\Peralatan.php(181): App\Models\PeralatanModel->getPeralatanDetail()
#8 C:\Users\XIANGLU\Desktop\project kak eka\sidekat\system\CodeIgniter.php(832): App\Controllers\Peralatan->edit('10')
#9 C:\Users\XIANGLU\Desktop\project kak eka\sidekat\system\CodeIgniter.php(419): CodeIgniter\CodeIgniter->runController(Object(App\Controllers\Peralatan))
#10 C:\Users\XIANGLU\Desktop\project kak eka\sidekat\system\CodeIgniter.php(326): CodeIgniter\CodeIgniter->handleRequest(NULL, Object(Config\Cache), false)
#11 C:\Users\XIANGLU\Desktop\project kak eka\sidekat\public\index.php(37): CodeIgniter\CodeIgniter->run()
#12 C:\Users\XIANGLU\Desktop\project kak eka\sidekat\system\Commands\Server\rewrite.php(43): require_once('C:\\Users\\XIANGL...')
#13 {main}
ERROR - 2022-09-01 09:51:41 --> Unknown column 'peralatan.id_peralatan_detail' in 'on clause'
CRITICAL - 2022-09-01 09:51:41 --> Unknown column 'peralatan.id_peralatan_detail' in 'on clause'
#0 C:\Users\XIANGLU\Desktop\project kak eka\sidekat\system\Database\MySQLi\Connection.php(292): mysqli->query('SELECT *\nFROM `...', 0)
#1 C:\Users\XIANGLU\Desktop\project kak eka\sidekat\system\Database\BaseConnection.php(670): CodeIgniter\Database\MySQLi\Connection->execute('SELECT *\nFROM `...')
#2 C:\Users\XIANGLU\Desktop\project kak eka\sidekat\system\Database\BaseConnection.php(598): CodeIgniter\Database\BaseConnection->simpleQuery('SELECT *\nFROM `...')
#3 C:\Users\XIANGLU\Desktop\project kak eka\sidekat\system\Database\BaseBuilder.php(1455): CodeIgniter\Database\BaseConnection->query('SELECT *\nFROM `...', Array, false)
#4 C:\Users\XIANGLU\Desktop\project kak eka\sidekat\system\Model.php(183): CodeIgniter\Database\BaseBuilder->get()
#5 C:\Users\XIANGLU\Desktop\project kak eka\sidekat\system\BaseModel.php(584): CodeIgniter\Model->doFindAll(0, 0)
#6 C:\Users\XIANGLU\Desktop\project kak eka\sidekat\app\Models\PeralatanModel.php(43): CodeIgniter\BaseModel->findAll()
#7 C:\Users\XIANGLU\Desktop\project kak eka\sidekat\app\Controllers\Peralatan.php(181): App\Models\PeralatanModel->getPeralatanDetail()
#8 C:\Users\XIANGLU\Desktop\project kak eka\sidekat\system\CodeIgniter.php(832): App\Controllers\Peralatan->edit('10')
#9 C:\Users\XIANGLU\Desktop\project kak eka\sidekat\system\CodeIgniter.php(419): CodeIgniter\CodeIgniter->runController(Object(App\Controllers\Peralatan))
#10 C:\Users\XIANGLU\Desktop\project kak eka\sidekat\system\CodeIgniter.php(326): CodeIgniter\CodeIgniter->handleRequest(NULL, Object(Config\Cache), false)
#11 C:\Users\XIANGLU\Desktop\project kak eka\sidekat\public\index.php(37): CodeIgniter\CodeIgniter->run()
#12 C:\Users\XIANGLU\Desktop\project kak eka\sidekat\system\Commands\Server\rewrite.php(43): require_once('C:\\Users\\XIANGL...')
#13 {main}
CRITICAL - 2022-09-01 09:54:35 --> Illegal string offset 'peralatan_utama'
#0 C:\Users\XIANGLU\Desktop\project kak eka\sidekat\app\Views\pages\peralatanEdit.php(93): CodeIgniter\Debug\Exceptions->errorHandler(2, 'Illegal string ...', 'C:\\Users\\XIANGL...', 93, Array)
#1 C:\Users\XIANGLU\Desktop\project kak eka\sidekat\system\View\View.php(210): include('C:\\Users\\XIANGL...')
#2 C:\Users\XIANGLU\Desktop\project kak eka\sidekat\system\View\View.php(213): CodeIgniter\View\View->CodeIgniter\View\{closure}()
#3 C:\Users\XIANGLU\Desktop\project kak eka\sidekat\system\Common.php(1089): CodeIgniter\View\View->render('pages/peralatan...', Array, true)
#4 C:\Users\XIANGLU\Desktop\project kak eka\sidekat\app\Controllers\Peralatan.php(182): view('pages/peralatan...', Array)
#5 C:\Users\XIANGLU\Desktop\project kak eka\sidekat\system\CodeIgniter.php(832): App\Controllers\Peralatan->edit('10')
#6 C:\Users\XIANGLU\Desktop\project kak eka\sidekat\system\CodeIgniter.php(419): CodeIgniter\CodeIgniter->runController(Object(App\Controllers\Peralatan))
#7 C:\Users\XIANGLU\Desktop\project kak eka\sidekat\system\CodeIgniter.php(326): CodeIgniter\CodeIgniter->handleRequest(NULL, Object(Config\Cache), false)
#8 C:\Users\XIANGLU\Desktop\project kak eka\sidekat\public\index.php(37): CodeIgniter\CodeIgniter->run()
#9 C:\Users\XIANGLU\Desktop\project kak eka\sidekat\system\Commands\Server\rewrite.php(43): require_once('C:\\Users\\XIANGL...')
#10 {main}
CRITICAL - 2022-09-01 09:58:27 --> Illegal string offset 'peralatan_utama'
#0 C:\Users\XIANGLU\Desktop\project kak eka\sidekat\app\Views\pages\peralatanEdit.php(93): CodeIgniter\Debug\Exceptions->errorHandler(2, 'Illegal string ...', 'C:\\Users\\XIANGL...', 93, Array)
#1 C:\Users\XIANGLU\Desktop\project kak eka\sidekat\system\View\View.php(210): include('C:\\Users\\XIANGL...')
#2 C:\Users\XIANGLU\Desktop\project kak eka\sidekat\system\View\View.php(213): CodeIgniter\View\View->CodeIgniter\View\{closure}()
#3 C:\Users\XIANGLU\Desktop\project kak eka\sidekat\system\Common.php(1089): CodeIgniter\View\View->render('pages/peralatan...', Array, true)
#4 C:\Users\XIANGLU\Desktop\project kak eka\sidekat\app\Controllers\Peralatan.php(183): view('pages/peralatan...', Array)
#5 C:\Users\XIANGLU\Desktop\project kak eka\sidekat\system\CodeIgniter.php(832): App\Controllers\Peralatan->edit('10')
#6 C:\Users\XIANGLU\Desktop\project kak eka\sidekat\system\CodeIgniter.php(419): CodeIgniter\CodeIgniter->runController(Object(App\Controllers\Peralatan))
#7 C:\Users\XIANGLU\Desktop\project kak eka\sidekat\system\CodeIgniter.php(326): CodeIgniter\CodeIgniter->handleRequest(NULL, Object(Config\Cache), false)
#8 C:\Users\XIANGLU\Desktop\project kak eka\sidekat\public\index.php(37): CodeIgniter\CodeIgniter->run()
#9 C:\Users\XIANGLU\Desktop\project kak eka\sidekat\system\Commands\Server\rewrite.php(43): require_once('C:\\Users\\XIANGL...')
#10 {main}
CRITICAL - 2022-09-01 10:08:15 --> Too few arguments to function App\Controllers\Peralatan::update(), 0 passed in C:\Users\XIANGLU\Desktop\project kak eka\sidekat\system\CodeIgniter.php on line 832 and exactly 1 expected
#0 C:\Users\XIANGLU\Desktop\project kak eka\sidekat\system\CodeIgniter.php(832): App\Controllers\Peralatan->update()
#1 C:\Users\XIANGLU\Desktop\project kak eka\sidekat\system\CodeIgniter.php(419): CodeIgniter\CodeIgniter->runController(Object(App\Controllers\Peralatan))
#2 C:\Users\XIANGLU\Desktop\project kak eka\sidekat\system\CodeIgniter.php(326): CodeIgniter\CodeIgniter->handleRequest(NULL, Object(Config\Cache), false)
#3 C:\Users\XIANGLU\Desktop\project kak eka\sidekat\public\index.php(37): CodeIgniter\CodeIgniter->run()
#4 C:\Users\XIANGLU\Desktop\project kak eka\sidekat\system\Commands\Server\rewrite.php(43): require_once('C:\\Users\\XIANGL...')
#5 {main}
CRITICAL - 2022-09-01 10:09:49 --> Too few arguments to function App\Controllers\Peralatan::update(), 0 passed in C:\Users\XIANGLU\Desktop\project kak eka\sidekat\system\CodeIgniter.php on line 832 and exactly 1 expected
#0 C:\Users\XIANGLU\Desktop\project kak eka\sidekat\system\CodeIgniter.php(832): App\Controllers\Peralatan->update()
#1 C:\Users\XIANGLU\Desktop\project kak eka\sidekat\system\CodeIgniter.php(419): CodeIgniter\CodeIgniter->runController(Object(App\Controllers\Peralatan))
#2 C:\Users\XIANGLU\Desktop\project kak eka\sidekat\system\CodeIgniter.php(326): CodeIgniter\CodeIgniter->handleRequest(NULL, Object(Config\Cache), false)
#3 C:\Users\XIANGLU\Desktop\project kak eka\sidekat\public\index.php(37): CodeIgniter\CodeIgniter->run()
#4 C:\Users\XIANGLU\Desktop\project kak eka\sidekat\system\Commands\Server\rewrite.php(43): require_once('C:\\Users\\XIANGL...')
#5 {main}
CRITICAL - 2022-09-01 10:10:05 --> Too few arguments to function App\Controllers\Peralatan::update(), 0 passed in C:\Users\XIANGLU\Desktop\project kak eka\sidekat\system\CodeIgniter.php on line 832 and exactly 1 expected
#0 C:\Users\XIANGLU\Desktop\project kak eka\sidekat\system\CodeIgniter.php(832): App\Controllers\Peralatan->update()
#1 C:\Users\XIANGLU\Desktop\project kak eka\sidekat\system\CodeIgniter.php(419): CodeIgniter\CodeIgniter->runController(Object(App\Controllers\Peralatan))
#2 C:\Users\XIANGLU\Desktop\project kak eka\sidekat\system\CodeIgniter.php(326): CodeIgniter\CodeIgniter->handleRequest(NULL, Object(Config\Cache), false)
#3 C:\Users\XIANGLU\Desktop\project kak eka\sidekat\public\index.php(37): CodeIgniter\CodeIgniter->run()
#4 C:\Users\XIANGLU\Desktop\project kak eka\sidekat\system\Commands\Server\rewrite.php(43): require_once('C:\\Users\\XIANGL...')
#5 {main}
CRITICAL - 2022-09-01 10:10:58 --> Too few arguments to function App\Controllers\Peralatan::update(), 0 passed in C:\Users\XIANGLU\Desktop\project kak eka\sidekat\system\CodeIgniter.php on line 832 and exactly 1 expected
#0 C:\Users\XIANGLU\Desktop\project kak eka\sidekat\system\CodeIgniter.php(832): App\Controllers\Peralatan->update()
#1 C:\Users\XIANGLU\Desktop\project kak eka\sidekat\system\CodeIgniter.php(419): CodeIgniter\CodeIgniter->runController(Object(App\Controllers\Peralatan))
#2 C:\Users\XIANGLU\Desktop\project kak eka\sidekat\system\CodeIgniter.php(326): CodeIgniter\CodeIgniter->handleRequest(NULL, Object(Config\Cache), false)
#3 C:\Users\XIANGLU\Desktop\project kak eka\sidekat\public\index.php(37): CodeIgniter\CodeIgniter->run()
#4 C:\Users\XIANGLU\Desktop\project kak eka\sidekat\system\Commands\Server\rewrite.php(43): require_once('C:\\Users\\XIANGL...')
#5 {main}
CRITICAL - 2022-09-01 10:12:14 --> Too few arguments to function App\Controllers\Peralatan::update(), 0 passed in C:\Users\XIANGLU\Desktop\project kak eka\sidekat\system\CodeIgniter.php on line 832 and exactly 1 expected
#0 C:\Users\XIANGLU\Desktop\project kak eka\sidekat\system\CodeIgniter.php(832): App\Controllers\Peralatan->update()
#1 C:\Users\XIANGLU\Desktop\project kak eka\sidekat\system\CodeIgniter.php(419): CodeIgniter\CodeIgniter->runController(Object(App\Controllers\Peralatan))
#2 C:\Users\XIANGLU\Desktop\project kak eka\sidekat\system\CodeIgniter.php(326): CodeIgniter\CodeIgniter->handleRequest(NULL, Object(Config\Cache), false)
#3 C:\Users\XIANGLU\Desktop\project kak eka\sidekat\public\index.php(37): CodeIgniter\CodeIgniter->run()
#4 C:\Users\XIANGLU\Desktop\project kak eka\sidekat\system\Commands\Server\rewrite.php(43): require_once('C:\\Users\\XIANGL...')
#5 {main}
CRITICAL - 2022-09-01 10:13:08 --> Too few arguments to function App\Controllers\Peralatan::update(), 0 passed in C:\Users\XIANGLU\Desktop\project kak eka\sidekat\system\CodeIgniter.php on line 832 and exactly 1 expected
#0 C:\Users\XIANGLU\Desktop\project kak eka\sidekat\system\CodeIgniter.php(832): App\Controllers\Peralatan->update()
#1 C:\Users\XIANGLU\Desktop\project kak eka\sidekat\system\CodeIgniter.php(419): CodeIgniter\CodeIgniter->runController(Object(App\Controllers\Peralatan))
#2 C:\Users\XIANGLU\Desktop\project kak eka\sidekat\system\CodeIgniter.php(326): CodeIgniter\CodeIgniter->handleRequest(NULL, Object(Config\Cache), false)
#3 C:\Users\XIANGLU\Desktop\project kak eka\sidekat\public\index.php(37): CodeIgniter\CodeIgniter->run()
#4 C:\Users\XIANGLU\Desktop\project kak eka\sidekat\system\Commands\Server\rewrite.php(43): require_once('C:\\Users\\XIANGL...')
#5 {main}
CRITICAL - 2022-09-01 10:13:18 --> Undefined variable: id_peralatan
#0 C:\Users\XIANGLU\Desktop\project kak eka\sidekat\app\Views\pages\peralatanEdit.php(18): CodeIgniter\Debug\Exceptions->errorHandler(8, 'Undefined varia...', 'C:\\Users\\XIANGL...', 18, Array)
#1 C:\Users\XIANGLU\Desktop\project kak eka\sidekat\system\View\View.php(210): include('C:\\Users\\XIANGL...')
#2 C:\Users\XIANGLU\Desktop\project kak eka\sidekat\system\View\View.php(213): CodeIgniter\View\View->CodeIgniter\View\{closure}()
#3 C:\Users\XIANGLU\Desktop\project kak eka\sidekat\system\Common.php(1089): CodeIgniter\View\View->render('pages/peralatan...', Array, true)
#4 C:\Users\XIANGLU\Desktop\project kak eka\sidekat\app\Controllers\Peralatan.php(184): view('pages/peralatan...', Array)
#5 C:\Users\XIANGLU\Desktop\project kak eka\sidekat\system\CodeIgniter.php(832): App\Controllers\Peralatan->edit('10')
#6 C:\Users\XIANGLU\Desktop\project kak eka\sidekat\system\CodeIgniter.php(419): CodeIgniter\CodeIgniter->runController(Object(App\Controllers\Peralatan))
#7 C:\Users\XIANGLU\Desktop\project kak eka\sidekat\system\CodeIgniter.php(326): CodeIgniter\CodeIgniter->handleRequest(NULL, Object(Config\Cache), false)
#8 C:\Users\XIANGLU\Desktop\project kak eka\sidekat\public\index.php(37): CodeIgniter\CodeIgniter->run()
#9 C:\Users\XIANGLU\Desktop\project kak eka\sidekat\system\Commands\Server\rewrite.php(43): require_once('C:\\Users\\XIANGL...')
#10 {main}
CRITICAL - 2022-09-01 10:13:33 --> Undefined variable: id_peralatan
#0 C:\Users\XIANGLU\Desktop\project kak eka\sidekat\app\Views\pages\peralatanEdit.php(18): CodeIgniter\Debug\Exceptions->errorHandler(8, 'Undefined varia...', 'C:\\Users\\XIANGL...', 18, Array)
#1 C:\Users\XIANGLU\Desktop\project kak eka\sidekat\system\View\View.php(210): include('C:\\Users\\XIANGL...')
#2 C:\Users\XIANGLU\Desktop\project kak eka\sidekat\system\View\View.php(213): CodeIgniter\View\View->CodeIgniter\View\{closure}()
#3 C:\Users\XIANGLU\Desktop\project kak eka\sidekat\system\Common.php(1089): CodeIgniter\View\View->render('pages/peralatan...', Array, true)
#4 C:\Users\XIANGLU\Desktop\project kak eka\sidekat\app\Controllers\Peralatan.php(184): view('pages/peralatan...', Array)
#5 C:\Users\XIANGLU\Desktop\project kak eka\sidekat\system\CodeIgniter.php(832): App\Controllers\Peralatan->edit('10')
#6 C:\Users\XIANGLU\Desktop\project kak eka\sidekat\system\CodeIgniter.php(419): CodeIgniter\CodeIgniter->runController(Object(App\Controllers\Peralatan))
#7 C:\Users\XIANGLU\Desktop\project kak eka\sidekat\system\CodeIgniter.php(326): CodeIgniter\CodeIgniter->handleRequest(NULL, Object(Config\Cache), false)
#8 C:\Users\XIANGLU\Desktop\project kak eka\sidekat\public\index.php(37): CodeIgniter\CodeIgniter->run()
#9 C:\Users\XIANGLU\Desktop\project kak eka\sidekat\system\Commands\Server\rewrite.php(43): require_once('C:\\Users\\XIANGL...')
#10 {main}
CRITICAL - 2022-09-01 10:13:44 --> Undefined variable: id_peralatan
#0 C:\Users\XIANGLU\Desktop\project kak eka\sidekat\app\Views\pages\peralatanEdit.php(18): CodeIgniter\Debug\Exceptions->errorHandler(8, 'Undefined varia...', 'C:\\Users\\XIANGL...', 18, Array)
#1 C:\Users\XIANGLU\Desktop\project kak eka\sidekat\system\View\View.php(210): include('C:\\Users\\XIANGL...')
#2 C:\Users\XIANGLU\Desktop\project kak eka\sidekat\system\View\View.php(213): CodeIgniter\View\View->CodeIgniter\View\{closure}()
#3 C:\Users\XIANGLU\Desktop\project kak eka\sidekat\system\Common.php(1089): CodeIgniter\View\View->render('pages/peralatan...', Array, true)
#4 C:\Users\XIANGLU\Desktop\project kak eka\sidekat\app\Controllers\Peralatan.php(184): view('pages/peralatan...', Array)
#5 C:\Users\XIANGLU\Desktop\project kak eka\sidekat\system\CodeIgniter.php(832): App\Controllers\Peralatan->edit('10')
#6 C:\Users\XIANGLU\Desktop\project kak eka\sidekat\system\CodeIgniter.php(419): CodeIgniter\CodeIgniter->runController(Object(App\Controllers\Peralatan))
#7 C:\Users\XIANGLU\Desktop\project kak eka\sidekat\system\CodeIgniter.php(326): CodeIgniter\CodeIgniter->handleRequest(NULL, Object(Config\Cache), false)
#8 C:\Users\XIANGLU\Desktop\project kak eka\sidekat\public\index.php(37): CodeIgniter\CodeIgniter->run()
#9 C:\Users\XIANGLU\Desktop\project kak eka\sidekat\system\Commands\Server\rewrite.php(43): require_once('C:\\Users\\XIANGL...')
#10 {main}
CRITICAL - 2022-09-01 10:13:58 --> Undefined variable: id_peralatan
#0 C:\Users\XIANGLU\Desktop\project kak eka\sidekat\app\Views\pages\peralatanEdit.php(18): CodeIgniter\Debug\Exceptions->errorHandler(8, 'Undefined varia...', 'C:\\Users\\XIANGL...', 18, Array)
#1 C:\Users\XIANGLU\Desktop\project kak eka\sidekat\system\View\View.php(210): include('C:\\Users\\XIANGL...')
#2 C:\Users\XIANGLU\Desktop\project kak eka\sidekat\system\View\View.php(213): CodeIgniter\View\View->CodeIgniter\View\{closure}()
#3 C:\Users\XIANGLU\Desktop\project kak eka\sidekat\system\Common.php(1089): CodeIgniter\View\View->render('pages/peralatan...', Array, true)
#4 C:\Users\XIANGLU\Desktop\project kak eka\sidekat\app\Controllers\Peralatan.php(184): view('pages/peralatan...', Array)
#5 C:\Users\XIANGLU\Desktop\project kak eka\sidekat\system\CodeIgniter.php(832): App\Controllers\Peralatan->edit('10')
#6 C:\Users\XIANGLU\Desktop\project kak eka\sidekat\system\CodeIgniter.php(419): CodeIgniter\CodeIgniter->runController(Object(App\Controllers\Peralatan))
#7 C:\Users\XIANGLU\Desktop\project kak eka\sidekat\system\CodeIgniter.php(326): CodeIgniter\CodeIgniter->handleRequest(NULL, Object(Config\Cache), false)
#8 C:\Users\XIANGLU\Desktop\project kak eka\sidekat\public\index.php(37): CodeIgniter\CodeIgniter->run()
#9 C:\Users\XIANGLU\Desktop\project kak eka\sidekat\system\Commands\Server\rewrite.php(43): require_once('C:\\Users\\XIANGL...')
#10 {main}
CRITICAL - 2022-09-01 10:14:00 --> Undefined variable: id_peralatan
#0 C:\Users\XIANGLU\Desktop\project kak eka\sidekat\app\Views\pages\peralatanEdit.php(18): CodeIgniter\Debug\Exceptions->errorHandler(8, 'Undefined varia...', 'C:\\Users\\XIANGL...', 18, Array)
#1 C:\Users\XIANGLU\Desktop\project kak eka\sidekat\system\View\View.php(210): include('C:\\Users\\XIANGL...')
#2 C:\Users\XIANGLU\Desktop\project kak eka\sidekat\system\View\View.php(213): CodeIgniter\View\View->CodeIgniter\View\{closure}()
#3 C:\Users\XIANGLU\Desktop\project kak eka\sidekat\system\Common.php(1089): CodeIgniter\View\View->render('pages/peralatan...', Array, true)
#4 C:\Users\XIANGLU\Desktop\project kak eka\sidekat\app\Controllers\Peralatan.php(184): view('pages/peralatan...', Array)
#5 C:\Users\XIANGLU\Desktop\project kak eka\sidekat\system\CodeIgniter.php(832): App\Controllers\Peralatan->edit('10')
#6 C:\Users\XIANGLU\Desktop\project kak eka\sidekat\system\CodeIgniter.php(419): CodeIgniter\CodeIgniter->runController(Object(App\Controllers\Peralatan))
#7 C:\Users\XIANGLU\Desktop\project kak eka\sidekat\system\CodeIgniter.php(326): CodeIgniter\CodeIgniter->handleRequest(NULL, Object(Config\Cache), false)
#8 C:\Users\XIANGLU\Desktop\project kak eka\sidekat\public\index.php(37): CodeIgniter\CodeIgniter->run()
#9 C:\Users\XIANGLU\Desktop\project kak eka\sidekat\system\Commands\Server\rewrite.php(43): require_once('C:\\Users\\XIANGL...')
#10 {main}
CRITICAL - 2022-09-01 10:14:32 --> Undefined variable: id_peralatan
#0 C:\Users\XIANGLU\Desktop\project kak eka\sidekat\app\Views\pages\peralatanEdit.php(18): CodeIgniter\Debug\Exceptions->errorHandler(8, 'Undefined varia...', 'C:\\Users\\XIANGL...', 18, Array)
#1 C:\Users\XIANGLU\Desktop\project kak eka\sidekat\system\View\View.php(210): include('C:\\Users\\XIANGL...')
#2 C:\Users\XIANGLU\Desktop\project kak eka\sidekat\system\View\View.php(213): CodeIgniter\View\View->CodeIgniter\View\{closure}()
#3 C:\Users\XIANGLU\Desktop\project kak eka\sidekat\system\Common.php(1089): CodeIgniter\View\View->render('pages/peralatan...', Array, true)
#4 C:\Users\XIANGLU\Desktop\project kak eka\sidekat\app\Controllers\Peralatan.php(184): view('pages/peralatan...', Array)
#5 C:\Users\XIANGLU\Desktop\project kak eka\sidekat\system\CodeIgniter.php(832): App\Controllers\Peralatan->edit('10')
#6 C:\Users\XIANGLU\Desktop\project kak eka\sidekat\system\CodeIgniter.php(419): CodeIgniter\CodeIgniter->runController(Object(App\Controllers\Peralatan))
#7 C:\Users\XIANGLU\Desktop\project kak eka\sidekat\system\CodeIgniter.php(326): CodeIgniter\CodeIgniter->handleRequest(NULL, Object(Config\Cache), false)
#8 C:\Users\XIANGLU\Desktop\project kak eka\sidekat\public\index.php(37): CodeIgniter\CodeIgniter->run()
#9 C:\Users\XIANGLU\Desktop\project kak eka\sidekat\system\Commands\Server\rewrite.php(43): require_once('C:\\Users\\XIANGL...')
#10 {main}
CRITICAL - 2022-09-01 10:15:24 --> Undefined variable: id_peralatan
#0 C:\Users\XIANGLU\Desktop\project kak eka\sidekat\app\Views\pages\peralatanEdit.php(18): CodeIgniter\Debug\Exceptions->errorHandler(8, 'Undefined varia...', 'C:\\Users\\XIANGL...', 18, Array)
#1 C:\Users\XIANGLU\Desktop\project kak eka\sidekat\system\View\View.php(210): include('C:\\Users\\XIANGL...')
#2 C:\Users\XIANGLU\Desktop\project kak eka\sidekat\system\View\View.php(213): CodeIgniter\View\View->CodeIgniter\View\{closure}()
#3 C:\Users\XIANGLU\Desktop\project kak eka\sidekat\system\Common.php(1089): CodeIgniter\View\View->render('pages/peralatan...', Array, true)
#4 C:\Users\XIANGLU\Desktop\project kak eka\sidekat\app\Controllers\Peralatan.php(184): view('pages/peralatan...', Array)
#5 C:\Users\XIANGLU\Desktop\project kak eka\sidekat\system\CodeIgniter.php(832): App\Controllers\Peralatan->edit('10')
#6 C:\Users\XIANGLU\Desktop\project kak eka\sidekat\system\CodeIgniter.php(419): CodeIgniter\CodeIgniter->runController(Object(App\Controllers\Peralatan))
#7 C:\Users\XIANGLU\Desktop\project kak eka\sidekat\system\CodeIgniter.php(326): CodeIgniter\CodeIgniter->handleRequest(NULL, Object(Config\Cache), false)
#8 C:\Users\XIANGLU\Desktop\project kak eka\sidekat\public\index.php(37): CodeIgniter\CodeIgniter->run()
#9 C:\Users\XIANGLU\Desktop\project kak eka\sidekat\system\Commands\Server\rewrite.php(43): require_once('C:\\Users\\XIANGL...')
#10 {main}
CRITICAL - 2022-09-01 10:24:17 --> Too few arguments to function App\Controllers\Peralatan::edit(), 0 passed in C:\Users\XIANGLU\Desktop\project kak eka\sidekat\system\CodeIgniter.php on line 832 and exactly 1 expected
#0 C:\Users\XIANGLU\Desktop\project kak eka\sidekat\system\CodeIgniter.php(832): App\Controllers\Peralatan->edit()
#1 C:\Users\XIANGLU\Desktop\project kak eka\sidekat\system\CodeIgniter.php(419): CodeIgniter\CodeIgniter->runController(Object(App\Controllers\Peralatan))
#2 C:\Users\XIANGLU\Desktop\project kak eka\sidekat\system\CodeIgniter.php(326): CodeIgniter\CodeIgniter->handleRequest(NULL, Object(Config\Cache), false)
#3 C:\Users\XIANGLU\Desktop\project kak eka\sidekat\public\index.php(37): CodeIgniter\CodeIgniter->run()
#4 C:\Users\XIANGLU\Desktop\project kak eka\sidekat\system\Commands\Server\rewrite.php(43): require_once('C:\\Users\\XIANGL...')
#5 {main}
CRITICAL - 2022-09-01 10:29:13 --> Too few arguments to function App\Controllers\Peralatan::edit(), 0 passed in C:\Users\XIANGLU\Desktop\project kak eka\sidekat\system\CodeIgniter.php on line 832 and exactly 1 expected
#0 C:\Users\XIANGLU\Desktop\project kak eka\sidekat\system\CodeIgniter.php(832): App\Controllers\Peralatan->edit()
#1 C:\Users\XIANGLU\Desktop\project kak eka\sidekat\system\CodeIgniter.php(419): CodeIgniter\CodeIgniter->runController(Object(App\Controllers\Peralatan))
#2 C:\Users\XIANGLU\Desktop\project kak eka\sidekat\system\CodeIgniter.php(326): CodeIgniter\CodeIgniter->handleRequest(NULL, Object(Config\Cache), false)
#3 C:\Users\XIANGLU\Desktop\project kak eka\sidekat\public\index.php(37): CodeIgniter\CodeIgniter->run()
#4 C:\Users\XIANGLU\Desktop\project kak eka\sidekat\system\Commands\Server\rewrite.php(43): require_once('C:\\Users\\XIANGL...')
#5 {main}
CRITICAL - 2022-09-01 10:29:17 --> A non-numeric value encountered
#0 C:\Users\XIANGLU\Desktop\project kak eka\sidekat\app\Controllers\Peralatan.php(197): CodeIgniter\Debug\Exceptions->errorHandler(2, 'A non-numeric v...', 'C:\\Users\\XIANGL...', 197, Array)
#1 C:\Users\XIANGLU\Desktop\project kak eka\sidekat\system\CodeIgniter.php(832): App\Controllers\Peralatan->update('10')
#2 C:\Users\XIANGLU\Desktop\project kak eka\sidekat\system\CodeIgniter.php(419): CodeIgniter\CodeIgniter->runController(Object(App\Controllers\Peralatan))
#3 C:\Users\XIANGLU\Desktop\project kak eka\sidekat\system\CodeIgniter.php(326): CodeIgniter\CodeIgniter->handleRequest(NULL, Object(Config\Cache), false)
#4 C:\Users\XIANGLU\Desktop\project kak eka\sidekat\public\index.php(37): CodeIgniter\CodeIgniter->run()
#5 C:\Users\XIANGLU\Desktop\project kak eka\sidekat\system\Commands\Server\rewrite.php(43): require_once('C:\\Users\\XIANGL...')
#6 {main}
CRITICAL - 2022-09-01 10:39:31 --> Undefined index: id_peralatan_detail
#0 C:\Users\XIANGLU\Desktop\project kak eka\sidekat\app\Controllers\Peralatan.php(280): CodeIgniter\Debug\Exceptions->errorHandler(8, 'Undefined index...', 'C:\\Users\\XIANGL...', 280, Array)
#1 C:\Users\XIANGLU\Desktop\project kak eka\sidekat\system\CodeIgniter.php(832): App\Controllers\Peralatan->update('11')
#2 C:\Users\XIANGLU\Desktop\project kak eka\sidekat\system\CodeIgniter.php(419): CodeIgniter\CodeIgniter->runController(Object(App\Controllers\Peralatan))
#3 C:\Users\XIANGLU\Desktop\project kak eka\sidekat\system\CodeIgniter.php(326): CodeIgniter\CodeIgniter->handleRequest(NULL, Object(Config\Cache), false)
#4 C:\Users\XIANGLU\Desktop\project kak eka\sidekat\public\index.php(37): CodeIgniter\CodeIgniter->run()
#5 C:\Users\XIANGLU\Desktop\project kak eka\sidekat\system\Commands\Server\rewrite.php(43): require_once('C:\\Users\\XIANGL...')
#6 {main}
