CRITICAL - 2022-08-14 10:47:03 --> Undefined variable: jabatan
#0 C:\Users\XIANGLU\Desktop\Rakha\projectRakha\app\Views\pages\accountAdd.php(46): CodeIgniter\Debug\Exceptions->errorHandler(8, 'Undefined varia...', 'C:\\Users\\XIANGL...', 46, Array)
#1 C:\Users\XIANGLU\Desktop\Rakha\projectRakha\system\View\View.php(210): include('C:\\Users\\XIANGL...')
#2 C:\Users\XIANGLU\Desktop\Rakha\projectRakha\system\View\View.php(213): CodeIgniter\View\View->CodeIgniter\View\{closure}()
#3 C:\Users\XIANGLU\Desktop\Rakha\projectRakha\system\Common.php(1089): CodeIgniter\View\View->render('pages/accountAd...', Array, true)
#4 C:\Users\XIANGLU\Desktop\Rakha\projectRakha\app\Controllers\Admin.php(43): view('pages/accountAd...', Array)
#5 C:\Users\XIANGLU\Desktop\Rakha\projectRakha\system\CodeIgniter.php(832): App\Controllers\Admin->Add()
#6 C:\Users\XIANGLU\Desktop\Rakha\projectRakha\system\CodeIgniter.php(419): CodeIgniter\CodeIgniter->runController(Object(App\Controllers\Admin))
#7 C:\Users\XIANGLU\Desktop\Rakha\projectRakha\system\CodeIgniter.php(326): CodeIgniter\CodeIgniter->handleRequest(NULL, Object(Config\Cache), false)
#8 C:\Users\XIANGLU\Desktop\Rakha\projectRakha\public\index.php(37): CodeIgniter\CodeIgniter->run()
#9 C:\Users\XIANGLU\Desktop\Rakha\projectRakha\system\Commands\Server\rewrite.php(43): require_once('C:\\Users\\XIANGL...')
#10 {main}
CRITICAL - 2022-08-14 10:47:59 --> Undefined variable: jabatan
#0 C:\Users\XIANGLU\Desktop\Rakha\projectRakha\app\Views\pages\accountAdd.php(46): CodeIgniter\Debug\Exceptions->errorHandler(8, 'Undefined varia...', 'C:\\Users\\XIANGL...', 46, Array)
#1 C:\Users\XIANGLU\Desktop\Rakha\projectRakha\system\View\View.php(210): include('C:\\Users\\XIANGL...')
#2 C:\Users\XIANGLU\Desktop\Rakha\projectRakha\system\View\View.php(213): CodeIgniter\View\View->CodeIgniter\View\{closure}()
#3 C:\Users\XIANGLU\Desktop\Rakha\projectRakha\system\Common.php(1089): CodeIgniter\View\View->render('pages/accountAd...', Array, true)
#4 C:\Users\XIANGLU\Desktop\Rakha\projectRakha\app\Controllers\Admin.php(43): view('pages/accountAd...', Array)
#5 C:\Users\XIANGLU\Desktop\Rakha\projectRakha\system\CodeIgniter.php(832): App\Controllers\Admin->Add()
#6 C:\Users\XIANGLU\Desktop\Rakha\projectRakha\system\CodeIgniter.php(419): CodeIgniter\CodeIgniter->runController(Object(App\Controllers\Admin))
#7 C:\Users\XIANGLU\Desktop\Rakha\projectRakha\system\CodeIgniter.php(326): CodeIgniter\CodeIgniter->handleRequest(NULL, Object(Config\Cache), false)
#8 C:\Users\XIANGLU\Desktop\Rakha\projectRakha\public\index.php(37): CodeIgniter\CodeIgniter->run()
#9 C:\Users\XIANGLU\Desktop\Rakha\projectRakha\system\Commands\Server\rewrite.php(43): require_once('C:\\Users\\XIANGL...')
#10 {main}
CRITICAL - 2022-08-14 10:58:09 --> Undefined variable: jabatan
#0 C:\Users\XIANGLU\Desktop\Rakha\projectRakha\app\Views\pages\accountAdd.php(46): CodeIgniter\Debug\Exceptions->errorHandler(8, 'Undefined varia...', 'C:\\Users\\XIANGL...', 46, Array)
#1 C:\Users\XIANGLU\Desktop\Rakha\projectRakha\system\View\View.php(210): include('C:\\Users\\XIANGL...')
#2 C:\Users\XIANGLU\Desktop\Rakha\projectRakha\system\View\View.php(213): CodeIgniter\View\View->CodeIgniter\View\{closure}()
#3 C:\Users\XIANGLU\Desktop\Rakha\projectRakha\system\Common.php(1089): CodeIgniter\View\View->render('pages/accountAd...', Array, true)
#4 C:\Users\XIANGLU\Desktop\Rakha\projectRakha\app\Controllers\Admin.php(43): view('pages/accountAd...', Array)
#5 C:\Users\XIANGLU\Desktop\Rakha\projectRakha\system\CodeIgniter.php(832): App\Controllers\Admin->Add()
#6 C:\Users\XIANGLU\Desktop\Rakha\projectRakha\system\CodeIgniter.php(419): CodeIgniter\CodeIgniter->runController(Object(App\Controllers\Admin))
#7 C:\Users\XIANGLU\Desktop\Rakha\projectRakha\system\CodeIgniter.php(326): CodeIgniter\CodeIgniter->handleRequest(NULL, Object(Config\Cache), false)
#8 C:\Users\XIANGLU\Desktop\Rakha\projectRakha\public\index.php(37): CodeIgniter\CodeIgniter->run()
#9 C:\Users\XIANGLU\Desktop\Rakha\projectRakha\system\Commands\Server\rewrite.php(43): require_once('C:\\Users\\XIANGL...')
#10 {main}
CRITICAL - 2022-08-14 10:58:45 --> Undefined variable: jabatan
#0 C:\Users\XIANGLU\Desktop\Rakha\projectRakha\app\Views\pages\accountAdd.php(46): CodeIgniter\Debug\Exceptions->errorHandler(8, 'Undefined varia...', 'C:\\Users\\XIANGL...', 46, Array)
#1 C:\Users\XIANGLU\Desktop\Rakha\projectRakha\system\View\View.php(210): include('C:\\Users\\XIANGL...')
#2 C:\Users\XIANGLU\Desktop\Rakha\projectRakha\system\View\View.php(213): CodeIgniter\View\View->CodeIgniter\View\{closure}()
#3 C:\Users\XIANGLU\Desktop\Rakha\projectRakha\system\Common.php(1089): CodeIgniter\View\View->render('pages/accountAd...', Array, true)
#4 C:\Users\XIANGLU\Desktop\Rakha\projectRakha\app\Controllers\Admin.php(43): view('pages/accountAd...', Array)
#5 C:\Users\XIANGLU\Desktop\Rakha\projectRakha\system\CodeIgniter.php(832): App\Controllers\Admin->Add()
#6 C:\Users\XIANGLU\Desktop\Rakha\projectRakha\system\CodeIgniter.php(419): CodeIgniter\CodeIgniter->runController(Object(App\Controllers\Admin))
#7 C:\Users\XIANGLU\Desktop\Rakha\projectRakha\system\CodeIgniter.php(326): CodeIgniter\CodeIgniter->handleRequest(NULL, Object(Config\Cache), false)
#8 C:\Users\XIANGLU\Desktop\Rakha\projectRakha\public\index.php(37): CodeIgniter\CodeIgniter->run()
#9 C:\Users\XIANGLU\Desktop\Rakha\projectRakha\system\Commands\Server\rewrite.php(43): require_once('C:\\Users\\XIANGL...')
#10 {main}
CRITICAL - 2022-08-14 11:00:07 --> Undefined variable: jabatan
#0 C:\Users\XIANGLU\Desktop\Rakha\projectRakha\app\Views\pages\accountAdd.php(46): CodeIgniter\Debug\Exceptions->errorHandler(8, 'Undefined varia...', 'C:\\Users\\XIANGL...', 46, Array)
#1 C:\Users\XIANGLU\Desktop\Rakha\projectRakha\system\View\View.php(210): include('C:\\Users\\XIANGL...')
#2 C:\Users\XIANGLU\Desktop\Rakha\projectRakha\system\View\View.php(213): CodeIgniter\View\View->CodeIgniter\View\{closure}()
#3 C:\Users\XIANGLU\Desktop\Rakha\projectRakha\system\Common.php(1089): CodeIgniter\View\View->render('pages/accountAd...', Array, true)
#4 C:\Users\XIANGLU\Desktop\Rakha\projectRakha\app\Controllers\Admin.php(54): view('pages/accountAd...', Array)
#5 C:\Users\XIANGLU\Desktop\Rakha\projectRakha\system\CodeIgniter.php(832): App\Controllers\Admin->Add()
#6 C:\Users\XIANGLU\Desktop\Rakha\projectRakha\system\CodeIgniter.php(419): CodeIgniter\CodeIgniter->runController(Object(App\Controllers\Admin))
#7 C:\Users\XIANGLU\Desktop\Rakha\projectRakha\system\CodeIgniter.php(326): CodeIgniter\CodeIgniter->handleRequest(NULL, Object(Config\Cache), false)
#8 C:\Users\XIANGLU\Desktop\Rakha\projectRakha\public\index.php(37): CodeIgniter\CodeIgniter->run()
#9 C:\Users\XIANGLU\Desktop\Rakha\projectRakha\system\Commands\Server\rewrite.php(43): require_once('C:\\Users\\XIANGL...')
#10 {main}
CRITICAL - 2022-08-14 11:09:52 --> Undefined variable: validation
#0 C:\Users\XIANGLU\Desktop\Rakha\projectRakha\app\Views\pages\register.php(48): CodeIgniter\Debug\Exceptions->errorHandler(8, 'Undefined varia...', 'C:\\Users\\XIANGL...', 48, Array)
#1 C:\Users\XIANGLU\Desktop\Rakha\projectRakha\system\View\View.php(210): include('C:\\Users\\XIANGL...')
#2 C:\Users\XIANGLU\Desktop\Rakha\projectRakha\system\View\View.php(213): CodeIgniter\View\View->CodeIgniter\View\{closure}()
#3 C:\Users\XIANGLU\Desktop\Rakha\projectRakha\system\Common.php(1089): CodeIgniter\View\View->render('pages/register', Array, true)
#4 C:\Users\XIANGLU\Desktop\Rakha\projectRakha\app\Controllers\login.php(24): view('pages/register', Array)
#5 C:\Users\XIANGLU\Desktop\Rakha\projectRakha\system\CodeIgniter.php(832): App\Controllers\login->register()
#6 C:\Users\XIANGLU\Desktop\Rakha\projectRakha\system\CodeIgniter.php(419): CodeIgniter\CodeIgniter->runController(Object(App\Controllers\login))
#7 C:\Users\XIANGLU\Desktop\Rakha\projectRakha\system\CodeIgniter.php(326): CodeIgniter\CodeIgniter->handleRequest(NULL, Object(Config\Cache), false)
#8 C:\Users\XIANGLU\Desktop\Rakha\projectRakha\public\index.php(37): CodeIgniter\CodeIgniter->run()
#9 C:\Users\XIANGLU\Desktop\Rakha\projectRakha\system\Commands\Server\rewrite.php(43): require_once('C:\\Users\\XIANGL...')
#10 {main}
CRITICAL - 2022-08-14 11:12:51 --> Undefined variable: validation
#0 C:\Users\XIANGLU\Desktop\Rakha\projectRakha\app\Views\pages\register.php(48): CodeIgniter\Debug\Exceptions->errorHandler(8, 'Undefined varia...', 'C:\\Users\\XIANGL...', 48, Array)
#1 C:\Users\XIANGLU\Desktop\Rakha\projectRakha\system\View\View.php(210): include('C:\\Users\\XIANGL...')
#2 C:\Users\XIANGLU\Desktop\Rakha\projectRakha\system\View\View.php(213): CodeIgniter\View\View->CodeIgniter\View\{closure}()
#3 C:\Users\XIANGLU\Desktop\Rakha\projectRakha\system\Common.php(1089): CodeIgniter\View\View->render('pages/register', Array, true)
#4 C:\Users\XIANGLU\Desktop\Rakha\projectRakha\app\Controllers\login.php(24): view('pages/register', Array)
#5 C:\Users\XIANGLU\Desktop\Rakha\projectRakha\system\CodeIgniter.php(832): App\Controllers\login->register()
#6 C:\Users\XIANGLU\Desktop\Rakha\projectRakha\system\CodeIgniter.php(419): CodeIgniter\CodeIgniter->runController(Object(App\Controllers\login))
#7 C:\Users\XIANGLU\Desktop\Rakha\projectRakha\system\CodeIgniter.php(326): CodeIgniter\CodeIgniter->handleRequest(NULL, Object(Config\Cache), false)
#8 C:\Users\XIANGLU\Desktop\Rakha\projectRakha\public\index.php(37): CodeIgniter\CodeIgniter->run()
#9 C:\Users\XIANGLU\Desktop\Rakha\projectRakha\system\Commands\Server\rewrite.php(43): require_once('C:\\Users\\XIANGL...')
#10 {main}
CRITICAL - 2022-08-14 11:12:54 --> Undefined variable: validation
#0 C:\Users\XIANGLU\Desktop\Rakha\projectRakha\app\Views\pages\register.php(48): CodeIgniter\Debug\Exceptions->errorHandler(8, 'Undefined varia...', 'C:\\Users\\XIANGL...', 48, Array)
#1 C:\Users\XIANGLU\Desktop\Rakha\projectRakha\system\View\View.php(210): include('C:\\Users\\XIANGL...')
#2 C:\Users\XIANGLU\Desktop\Rakha\projectRakha\system\View\View.php(213): CodeIgniter\View\View->CodeIgniter\View\{closure}()
#3 C:\Users\XIANGLU\Desktop\Rakha\projectRakha\system\Common.php(1089): CodeIgniter\View\View->render('pages/register', Array, true)
#4 C:\Users\XIANGLU\Desktop\Rakha\projectRakha\app\Controllers\login.php(24): view('pages/register', Array)
#5 C:\Users\XIANGLU\Desktop\Rakha\projectRakha\system\CodeIgniter.php(832): App\Controllers\login->register()
#6 C:\Users\XIANGLU\Desktop\Rakha\projectRakha\system\CodeIgniter.php(419): CodeIgniter\CodeIgniter->runController(Object(App\Controllers\login))
#7 C:\Users\XIANGLU\Desktop\Rakha\projectRakha\system\CodeIgniter.php(326): CodeIgniter\CodeIgniter->handleRequest(NULL, Object(Config\Cache), false)
#8 C:\Users\XIANGLU\Desktop\Rakha\projectRakha\public\index.php(37): CodeIgniter\CodeIgniter->run()
#9 C:\Users\XIANGLU\Desktop\Rakha\projectRakha\system\Commands\Server\rewrite.php(43): require_once('C:\\Users\\XIANGL...')
#10 {main}
CRITICAL - 2022-08-14 12:26:43 --> Undefined variable: jabatan
#0 C:\Users\XIANGLU\Desktop\Rakha\projectRakha\app\Views\pages\register.php(71): CodeIgniter\Debug\Exceptions->errorHandler(8, 'Undefined varia...', 'C:\\Users\\XIANGL...', 71, Array)
#1 C:\Users\XIANGLU\Desktop\Rakha\projectRakha\system\View\View.php(210): include('C:\\Users\\XIANGL...')
#2 C:\Users\XIANGLU\Desktop\Rakha\projectRakha\system\View\View.php(213): CodeIgniter\View\View->CodeIgniter\View\{closure}()
#3 C:\Users\XIANGLU\Desktop\Rakha\projectRakha\system\Common.php(1089): CodeIgniter\View\View->render('pages/register', Array, true)
#4 C:\Users\XIANGLU\Desktop\Rakha\projectRakha\app\Controllers\login.php(25): view('pages/register', Array)
#5 C:\Users\XIANGLU\Desktop\Rakha\projectRakha\system\CodeIgniter.php(832): App\Controllers\login->register()
#6 C:\Users\XIANGLU\Desktop\Rakha\projectRakha\system\CodeIgniter.php(419): CodeIgniter\CodeIgniter->runController(Object(App\Controllers\login))
#7 C:\Users\XIANGLU\Desktop\Rakha\projectRakha\system\CodeIgniter.php(326): CodeIgniter\CodeIgniter->handleRequest(NULL, Object(Config\Cache), false)
#8 C:\Users\XIANGLU\Desktop\Rakha\projectRakha\public\index.php(37): CodeIgniter\CodeIgniter->run()
#9 C:\Users\XIANGLU\Desktop\Rakha\projectRakha\system\Commands\Server\rewrite.php(43): require_once('C:\\Users\\XIANGL...')
#10 {main}
CRITICAL - 2022-08-14 12:27:53 --> Undefined property: App\Controllers\login::$JabatanModel
#0 C:\Users\XIANGLU\Desktop\Rakha\projectRakha\app\Controllers\login.php(24): CodeIgniter\Debug\Exceptions->errorHandler(8, 'Undefined prope...', 'C:\\Users\\XIANGL...', 24, Array)
#1 C:\Users\XIANGLU\Desktop\Rakha\projectRakha\system\CodeIgniter.php(832): App\Controllers\login->register()
#2 C:\Users\XIANGLU\Desktop\Rakha\projectRakha\system\CodeIgniter.php(419): CodeIgniter\CodeIgniter->runController(Object(App\Controllers\login))
#3 C:\Users\XIANGLU\Desktop\Rakha\projectRakha\system\CodeIgniter.php(326): CodeIgniter\CodeIgniter->handleRequest(NULL, Object(Config\Cache), false)
#4 C:\Users\XIANGLU\Desktop\Rakha\projectRakha\public\index.php(37): CodeIgniter\CodeIgniter->run()
#5 C:\Users\XIANGLU\Desktop\Rakha\projectRakha\system\Commands\Server\rewrite.php(43): require_once('C:\\Users\\XIANGL...')
#6 {main}
CRITICAL - 2022-08-14 12:28:28 --> Undefined property: App\Controllers\login::$JabatanModel
#0 C:\Users\XIANGLU\Desktop\Rakha\projectRakha\app\Controllers\login.php(24): CodeIgniter\Debug\Exceptions->errorHandler(8, 'Undefined prope...', 'C:\\Users\\XIANGL...', 24, Array)
#1 C:\Users\XIANGLU\Desktop\Rakha\projectRakha\system\CodeIgniter.php(832): App\Controllers\login->register()
#2 C:\Users\XIANGLU\Desktop\Rakha\projectRakha\system\CodeIgniter.php(419): CodeIgniter\CodeIgniter->runController(Object(App\Controllers\login))
#3 C:\Users\XIANGLU\Desktop\Rakha\projectRakha\system\CodeIgniter.php(326): CodeIgniter\CodeIgniter->handleRequest(NULL, Object(Config\Cache), false)
#4 C:\Users\XIANGLU\Desktop\Rakha\projectRakha\public\index.php(37): CodeIgniter\CodeIgniter->run()
#5 C:\Users\XIANGLU\Desktop\Rakha\projectRakha\system\Commands\Server\rewrite.php(43): require_once('C:\\Users\\XIANGL...')
#6 {main}
CRITICAL - 2022-08-14 12:29:09 --> Undefined property: App\Controllers\login::$JabatanModel
#0 C:\Users\XIANGLU\Desktop\Rakha\projectRakha\app\Controllers\login.php(24): CodeIgniter\Debug\Exceptions->errorHandler(8, 'Undefined prope...', 'C:\\Users\\XIANGL...', 24, Array)
#1 C:\Users\XIANGLU\Desktop\Rakha\projectRakha\system\CodeIgniter.php(832): App\Controllers\login->register()
#2 C:\Users\XIANGLU\Desktop\Rakha\projectRakha\system\CodeIgniter.php(419): CodeIgniter\CodeIgniter->runController(Object(App\Controllers\login))
#3 C:\Users\XIANGLU\Desktop\Rakha\projectRakha\system\CodeIgniter.php(326): CodeIgniter\CodeIgniter->handleRequest(NULL, Object(Config\Cache), false)
#4 C:\Users\XIANGLU\Desktop\Rakha\projectRakha\public\index.php(37): CodeIgniter\CodeIgniter->run()
#5 C:\Users\XIANGLU\Desktop\Rakha\projectRakha\system\Commands\Server\rewrite.php(43): require_once('C:\\Users\\XIANGL...')
#6 {main}
CRITICAL - 2022-08-14 14:13:54 --> Undefined variable: validation
#0 C:\Users\XIANGLU\Desktop\Rakha\projectRakha\app\Views\pages\login.php(65): CodeIgniter\Debug\Exceptions->errorHandler(8, 'Undefined varia...', 'C:\\Users\\XIANGL...', 65, Array)
#1 C:\Users\XIANGLU\Desktop\Rakha\projectRakha\system\View\View.php(210): include('C:\\Users\\XIANGL...')
#2 C:\Users\XIANGLU\Desktop\Rakha\projectRakha\system\View\View.php(213): CodeIgniter\View\View->CodeIgniter\View\{closure}()
#3 C:\Users\XIANGLU\Desktop\Rakha\projectRakha\system\Common.php(1089): CodeIgniter\View\View->render('pages/login', Array, true)
#4 C:\Users\XIANGLU\Desktop\Rakha\projectRakha\app\Controllers\login.php(17): view('pages/login', Array)
#5 C:\Users\XIANGLU\Desktop\Rakha\projectRakha\system\CodeIgniter.php(832): App\Controllers\login->index()
#6 C:\Users\XIANGLU\Desktop\Rakha\projectRakha\system\CodeIgniter.php(419): CodeIgniter\CodeIgniter->runController(Object(App\Controllers\login))
#7 C:\Users\XIANGLU\Desktop\Rakha\projectRakha\system\CodeIgniter.php(326): CodeIgniter\CodeIgniter->handleRequest(NULL, Object(Config\Cache), false)
#8 C:\Users\XIANGLU\Desktop\Rakha\projectRakha\public\index.php(37): CodeIgniter\CodeIgniter->run()
#9 C:\Users\XIANGLU\Desktop\Rakha\projectRakha\system\Commands\Server\rewrite.php(43): require_once('C:\\Users\\XIANGL...')
#10 {main}
CRITICAL - 2022-08-14 14:17:22 --> Undefined variable: validation
#0 C:\Users\XIANGLU\Desktop\Rakha\projectRakha\app\Views\pages\login.php(72): CodeIgniter\Debug\Exceptions->errorHandler(8, 'Undefined varia...', 'C:\\Users\\XIANGL...', 72, Array)
#1 C:\Users\XIANGLU\Desktop\Rakha\projectRakha\system\View\View.php(210): include('C:\\Users\\XIANGL...')
#2 C:\Users\XIANGLU\Desktop\Rakha\projectRakha\system\View\View.php(213): CodeIgniter\View\View->CodeIgniter\View\{closure}()
#3 C:\Users\XIANGLU\Desktop\Rakha\projectRakha\system\Common.php(1089): CodeIgniter\View\View->render('pages/login', Array, true)
#4 C:\Users\XIANGLU\Desktop\Rakha\projectRakha\app\Controllers\login.php(17): view('pages/login', Array)
#5 C:\Users\XIANGLU\Desktop\Rakha\projectRakha\system\CodeIgniter.php(832): App\Controllers\login->index()
#6 C:\Users\XIANGLU\Desktop\Rakha\projectRakha\system\CodeIgniter.php(419): CodeIgniter\CodeIgniter->runController(Object(App\Controllers\login))
#7 C:\Users\XIANGLU\Desktop\Rakha\projectRakha\system\CodeIgniter.php(326): CodeIgniter\CodeIgniter->handleRequest(NULL, Object(Config\Cache), false)
#8 C:\Users\XIANGLU\Desktop\Rakha\projectRakha\public\index.php(37): CodeIgniter\CodeIgniter->run()
#9 C:\Users\XIANGLU\Desktop\Rakha\projectRakha\system\Commands\Server\rewrite.php(43): require_once('C:\\Users\\XIANGL...')
#10 {main}
CRITICAL - 2022-08-14 14:22:14 --> syntax error, unexpected end of file, expecting elseif (T_ELSEIF) or else (T_ELSE) or endif (T_ENDIF)
#0 C:\Users\XIANGLU\Desktop\Rakha\projectRakha\system\View\View.php(213): CodeIgniter\View\View->CodeIgniter\View\{closure}()
#1 C:\Users\XIANGLU\Desktop\Rakha\projectRakha\system\Common.php(1089): CodeIgniter\View\View->render('pages/login', Array, true)
#2 C:\Users\XIANGLU\Desktop\Rakha\projectRakha\app\Controllers\login.php(17): view('pages/login', Array)
#3 C:\Users\XIANGLU\Desktop\Rakha\projectRakha\system\CodeIgniter.php(832): App\Controllers\login->index()
#4 C:\Users\XIANGLU\Desktop\Rakha\projectRakha\system\CodeIgniter.php(419): CodeIgniter\CodeIgniter->runController(Object(App\Controllers\login))
#5 C:\Users\XIANGLU\Desktop\Rakha\projectRakha\system\CodeIgniter.php(326): CodeIgniter\CodeIgniter->handleRequest(NULL, Object(Config\Cache), false)
#6 C:\Users\XIANGLU\Desktop\Rakha\projectRakha\public\index.php(37): CodeIgniter\CodeIgniter->run()
#7 C:\Users\XIANGLU\Desktop\Rakha\projectRakha\system\Commands\Server\rewrite.php(43): require_once('C:\\Users\\XIANGL...')
#8 {main}
CRITICAL - 2022-08-14 14:22:23 --> syntax error, unexpected end of file, expecting elseif (T_ELSEIF) or else (T_ELSE) or endif (T_ENDIF)
#0 C:\Users\XIANGLU\Desktop\Rakha\projectRakha\system\View\View.php(213): CodeIgniter\View\View->CodeIgniter\View\{closure}()
#1 C:\Users\XIANGLU\Desktop\Rakha\projectRakha\system\Common.php(1089): CodeIgniter\View\View->render('pages/login', Array, true)
#2 C:\Users\XIANGLU\Desktop\Rakha\projectRakha\app\Controllers\login.php(17): view('pages/login', Array)
#3 C:\Users\XIANGLU\Desktop\Rakha\projectRakha\system\CodeIgniter.php(832): App\Controllers\login->index()
#4 C:\Users\XIANGLU\Desktop\Rakha\projectRakha\system\CodeIgniter.php(419): CodeIgniter\CodeIgniter->runController(Object(App\Controllers\login))
#5 C:\Users\XIANGLU\Desktop\Rakha\projectRakha\system\CodeIgniter.php(326): CodeIgniter\CodeIgniter->handleRequest(NULL, Object(Config\Cache), false)
#6 C:\Users\XIANGLU\Desktop\Rakha\projectRakha\public\index.php(37): CodeIgniter\CodeIgniter->run()
#7 C:\Users\XIANGLU\Desktop\Rakha\projectRakha\system\Commands\Server\rewrite.php(43): require_once('C:\\Users\\XIANGL...')
#8 {main}
CRITICAL - 2022-08-14 14:22:25 --> syntax error, unexpected end of file, expecting elseif (T_ELSEIF) or else (T_ELSE) or endif (T_ENDIF)
#0 C:\Users\XIANGLU\Desktop\Rakha\projectRakha\system\View\View.php(213): CodeIgniter\View\View->CodeIgniter\View\{closure}()
#1 C:\Users\XIANGLU\Desktop\Rakha\projectRakha\system\Common.php(1089): CodeIgniter\View\View->render('pages/login', Array, true)
#2 C:\Users\XIANGLU\Desktop\Rakha\projectRakha\app\Controllers\login.php(17): view('pages/login', Array)
#3 C:\Users\XIANGLU\Desktop\Rakha\projectRakha\system\CodeIgniter.php(832): App\Controllers\login->index()
#4 C:\Users\XIANGLU\Desktop\Rakha\projectRakha\system\CodeIgniter.php(419): CodeIgniter\CodeIgniter->runController(Object(App\Controllers\login))
#5 C:\Users\XIANGLU\Desktop\Rakha\projectRakha\system\CodeIgniter.php(326): CodeIgniter\CodeIgniter->handleRequest(NULL, Object(Config\Cache), false)
#6 C:\Users\XIANGLU\Desktop\Rakha\projectRakha\public\index.php(37): CodeIgniter\CodeIgniter->run()
#7 C:\Users\XIANGLU\Desktop\Rakha\projectRakha\system\Commands\Server\rewrite.php(43): require_once('C:\\Users\\XIANGL...')
#8 {main}
CRITICAL - 2022-08-14 14:26:32 --> Call to undefined method App\Models\AccountModel::getnik
#0 C:\Users\XIANGLU\Desktop\Rakha\projectRakha\app\Controllers\login.php(28): CodeIgniter\Model->__call('getnik', Array)
#1 C:\Users\XIANGLU\Desktop\Rakha\projectRakha\system\CodeIgniter.php(832): App\Controllers\login->proses()
#2 C:\Users\XIANGLU\Desktop\Rakha\projectRakha\system\CodeIgniter.php(419): CodeIgniter\CodeIgniter->runController(Object(App\Controllers\login))
#3 C:\Users\XIANGLU\Desktop\Rakha\projectRakha\system\CodeIgniter.php(326): CodeIgniter\CodeIgniter->handleRequest(NULL, Object(Config\Cache), false)
#4 C:\Users\XIANGLU\Desktop\Rakha\projectRakha\public\index.php(37): CodeIgniter\CodeIgniter->run()
#5 C:\Users\XIANGLU\Desktop\Rakha\projectRakha\system\Commands\Server\rewrite.php(43): require_once('C:\\Users\\XIANGL...')
#6 {main}
ERROR - 2022-08-14 14:32:29 --> Unknown column 'j.nama' in 'field list'
CRITICAL - 2022-08-14 14:32:29 --> Unknown column 'j.nama' in 'field list'
#0 C:\Users\XIANGLU\Desktop\Rakha\projectRakha\system\Database\MySQLi\Connection.php(292): mysqli->query('SELECT `account...', 0)
#1 C:\Users\XIANGLU\Desktop\Rakha\projectRakha\system\Database\BaseConnection.php(670): CodeIgniter\Database\MySQLi\Connection->execute('SELECT `account...')
#2 C:\Users\XIANGLU\Desktop\Rakha\projectRakha\system\Database\BaseConnection.php(598): CodeIgniter\Database\BaseConnection->simpleQuery('SELECT `account...')
#3 C:\Users\XIANGLU\Desktop\Rakha\projectRakha\system\Database\BaseBuilder.php(1455): CodeIgniter\Database\BaseConnection->query('SELECT `account...', Array, false)
#4 C:\Users\XIANGLU\Desktop\Rakha\projectRakha\system\Model.php(210): CodeIgniter\Database\BaseBuilder->get()
#5 C:\Users\XIANGLU\Desktop\Rakha\projectRakha\system\BaseModel.php(622): CodeIgniter\Model->doFirst()
#6 C:\Users\XIANGLU\Desktop\Rakha\projectRakha\app\Models\AccountModel.php(46): CodeIgniter\BaseModel->first()
#7 C:\Users\XIANGLU\Desktop\Rakha\projectRakha\app\Controllers\login.php(28): App\Models\AccountModel->getNik('147108170494002...')
#8 C:\Users\XIANGLU\Desktop\Rakha\projectRakha\system\CodeIgniter.php(832): App\Controllers\login->proses()
#9 C:\Users\XIANGLU\Desktop\Rakha\projectRakha\system\CodeIgniter.php(419): CodeIgniter\CodeIgniter->runController(Object(App\Controllers\login))
#10 C:\Users\XIANGLU\Desktop\Rakha\projectRakha\system\CodeIgniter.php(326): CodeIgniter\CodeIgniter->handleRequest(NULL, Object(Config\Cache), false)
#11 C:\Users\XIANGLU\Desktop\Rakha\projectRakha\public\index.php(37): CodeIgniter\CodeIgniter->run()
#12 C:\Users\XIANGLU\Desktop\Rakha\projectRakha\system\Commands\Server\rewrite.php(43): require_once('C:\\Users\\XIANGL...')
#13 {main}
CRITICAL - 2022-08-14 14:34:22 --> Undefined variable: currentSidebarMenu
#0 C:\Users\XIANGLU\Desktop\Rakha\projectRakha\app\Views\layout\navbar.php(18): CodeIgniter\Debug\Exceptions->errorHandler(8, 'Undefined varia...', 'C:\\Users\\XIANGL...', 18, Array)
#1 C:\Users\XIANGLU\Desktop\Rakha\projectRakha\system\View\View.php(210): include('C:\\Users\\XIANGL...')
#2 C:\Users\XIANGLU\Desktop\Rakha\projectRakha\system\View\View.php(213): CodeIgniter\View\View->CodeIgniter\View\{closure}()
#3 C:\Users\XIANGLU\Desktop\Rakha\projectRakha\system\View\View.php(424): CodeIgniter\View\View->render('layout/navbar', NULL, true)
#4 C:\Users\XIANGLU\Desktop\Rakha\projectRakha\app\Views\layout\template.php(50): CodeIgniter\View\View->include('layout/navbar')
#5 C:\Users\XIANGLU\Desktop\Rakha\projectRakha\system\View\View.php(210): include('C:\\Users\\XIANGL...')
#6 C:\Users\XIANGLU\Desktop\Rakha\projectRakha\system\View\View.php(213): CodeIgniter\View\View->CodeIgniter\View\{closure}()
#7 C:\Users\XIANGLU\Desktop\Rakha\projectRakha\system\View\View.php(226): CodeIgniter\View\View->render('layout/template', Array, true)
#8 C:\Users\XIANGLU\Desktop\Rakha\projectRakha\system\Common.php(1089): CodeIgniter\View\View->render('pages/home', Array, true)
#9 C:\Users\XIANGLU\Desktop\Rakha\projectRakha\app\Controllers\Home.php(13): view('pages/home', Array)
#10 C:\Users\XIANGLU\Desktop\Rakha\projectRakha\system\CodeIgniter.php(832): App\Controllers\Home->index()
#11 C:\Users\XIANGLU\Desktop\Rakha\projectRakha\system\CodeIgniter.php(419): CodeIgniter\CodeIgniter->runController(Object(App\Controllers\Home))
#12 C:\Users\XIANGLU\Desktop\Rakha\projectRakha\system\CodeIgniter.php(326): CodeIgniter\CodeIgniter->handleRequest(NULL, Object(Config\Cache), false)
#13 C:\Users\XIANGLU\Desktop\Rakha\projectRakha\public\index.php(37): CodeIgniter\CodeIgniter->run()
#14 C:\Users\XIANGLU\Desktop\Rakha\projectRakha\system\Commands\Server\rewrite.php(43): require_once('C:\\Users\\XIANGL...')
#15 {main}
CRITICAL - 2022-08-14 14:34:46 --> Undefined variable: currentSidebarMenu
#0 C:\Users\XIANGLU\Desktop\Rakha\projectRakha\app\Views\layout\navbar.php(18): CodeIgniter\Debug\Exceptions->errorHandler(8, 'Undefined varia...', 'C:\\Users\\XIANGL...', 18, Array)
#1 C:\Users\XIANGLU\Desktop\Rakha\projectRakha\system\View\View.php(210): include('C:\\Users\\XIANGL...')
#2 C:\Users\XIANGLU\Desktop\Rakha\projectRakha\system\View\View.php(213): CodeIgniter\View\View->CodeIgniter\View\{closure}()
#3 C:\Users\XIANGLU\Desktop\Rakha\projectRakha\system\View\View.php(424): CodeIgniter\View\View->render('layout/navbar', NULL, true)
#4 C:\Users\XIANGLU\Desktop\Rakha\projectRakha\app\Views\layout\template.php(50): CodeIgniter\View\View->include('layout/navbar')
#5 C:\Users\XIANGLU\Desktop\Rakha\projectRakha\system\View\View.php(210): include('C:\\Users\\XIANGL...')
#6 C:\Users\XIANGLU\Desktop\Rakha\projectRakha\system\View\View.php(213): CodeIgniter\View\View->CodeIgniter\View\{closure}()
#7 C:\Users\XIANGLU\Desktop\Rakha\projectRakha\system\View\View.php(226): CodeIgniter\View\View->render('layout/template', Array, true)
#8 C:\Users\XIANGLU\Desktop\Rakha\projectRakha\system\Common.php(1089): CodeIgniter\View\View->render('pages/home', Array, true)
#9 C:\Users\XIANGLU\Desktop\Rakha\projectRakha\app\Controllers\Home.php(13): view('pages/home', Array)
#10 C:\Users\XIANGLU\Desktop\Rakha\projectRakha\system\CodeIgniter.php(832): App\Controllers\Home->index()
#11 C:\Users\XIANGLU\Desktop\Rakha\projectRakha\system\CodeIgniter.php(419): CodeIgniter\CodeIgniter->runController(Object(App\Controllers\Home))
#12 C:\Users\XIANGLU\Desktop\Rakha\projectRakha\system\CodeIgniter.php(326): CodeIgniter\CodeIgniter->handleRequest(NULL, Object(Config\Cache), false)
#13 C:\Users\XIANGLU\Desktop\Rakha\projectRakha\public\index.php(37): CodeIgniter\CodeIgniter->run()
#14 C:\Users\XIANGLU\Desktop\Rakha\projectRakha\system\Commands\Server\rewrite.php(43): require_once('C:\\Users\\XIANGL...')
#15 {main}
CRITICAL - 2022-08-14 14:34:47 --> Undefined variable: currentSidebarMenu
#0 C:\Users\XIANGLU\Desktop\Rakha\projectRakha\app\Views\layout\navbar.php(18): CodeIgniter\Debug\Exceptions->errorHandler(8, 'Undefined varia...', 'C:\\Users\\XIANGL...', 18, Array)
#1 C:\Users\XIANGLU\Desktop\Rakha\projectRakha\system\View\View.php(210): include('C:\\Users\\XIANGL...')
#2 C:\Users\XIANGLU\Desktop\Rakha\projectRakha\system\View\View.php(213): CodeIgniter\View\View->CodeIgniter\View\{closure}()
#3 C:\Users\XIANGLU\Desktop\Rakha\projectRakha\system\View\View.php(424): CodeIgniter\View\View->render('layout/navbar', NULL, true)
#4 C:\Users\XIANGLU\Desktop\Rakha\projectRakha\app\Views\layout\template.php(50): CodeIgniter\View\View->include('layout/navbar')
#5 C:\Users\XIANGLU\Desktop\Rakha\projectRakha\system\View\View.php(210): include('C:\\Users\\XIANGL...')
#6 C:\Users\XIANGLU\Desktop\Rakha\projectRakha\system\View\View.php(213): CodeIgniter\View\View->CodeIgniter\View\{closure}()
#7 C:\Users\XIANGLU\Desktop\Rakha\projectRakha\system\View\View.php(226): CodeIgniter\View\View->render('layout/template', Array, true)
#8 C:\Users\XIANGLU\Desktop\Rakha\projectRakha\system\Common.php(1089): CodeIgniter\View\View->render('pages/home', Array, true)
#9 C:\Users\XIANGLU\Desktop\Rakha\projectRakha\app\Controllers\Home.php(13): view('pages/home', Array)
#10 C:\Users\XIANGLU\Desktop\Rakha\projectRakha\system\CodeIgniter.php(832): App\Controllers\Home->index()
#11 C:\Users\XIANGLU\Desktop\Rakha\projectRakha\system\CodeIgniter.php(419): CodeIgniter\CodeIgniter->runController(Object(App\Controllers\Home))
#12 C:\Users\XIANGLU\Desktop\Rakha\projectRakha\system\CodeIgniter.php(326): CodeIgniter\CodeIgniter->handleRequest(NULL, Object(Config\Cache), false)
#13 C:\Users\XIANGLU\Desktop\Rakha\projectRakha\public\index.php(37): CodeIgniter\CodeIgniter->run()
#14 C:\Users\XIANGLU\Desktop\Rakha\projectRakha\system\Commands\Server\rewrite.php(43): require_once('C:\\Users\\XIANGL...')
#15 {main}
ERROR - 2022-08-14 14:34:51 --> Unknown column 'j.nama' in 'field list'
CRITICAL - 2022-08-14 14:34:51 --> Unknown column 'j.nama' in 'field list'
#0 C:\Users\XIANGLU\Desktop\Rakha\projectRakha\system\Database\MySQLi\Connection.php(292): mysqli->query('SELECT `account...', 0)
#1 C:\Users\XIANGLU\Desktop\Rakha\projectRakha\system\Database\BaseConnection.php(670): CodeIgniter\Database\MySQLi\Connection->execute('SELECT `account...')
#2 C:\Users\XIANGLU\Desktop\Rakha\projectRakha\system\Database\BaseConnection.php(598): CodeIgniter\Database\BaseConnection->simpleQuery('SELECT `account...')
#3 C:\Users\XIANGLU\Desktop\Rakha\projectRakha\system\Database\BaseBuilder.php(1455): CodeIgniter\Database\BaseConnection->query('SELECT `account...', Array, false)
#4 C:\Users\XIANGLU\Desktop\Rakha\projectRakha\system\Model.php(210): CodeIgniter\Database\BaseBuilder->get()
#5 C:\Users\XIANGLU\Desktop\Rakha\projectRakha\system\BaseModel.php(622): CodeIgniter\Model->doFirst()
#6 C:\Users\XIANGLU\Desktop\Rakha\projectRakha\app\Models\AccountModel.php(46): CodeIgniter\BaseModel->first()
#7 C:\Users\XIANGLU\Desktop\Rakha\projectRakha\app\Controllers\login.php(28): App\Models\AccountModel->getNik('147108170494002...')
#8 C:\Users\XIANGLU\Desktop\Rakha\projectRakha\system\CodeIgniter.php(832): App\Controllers\login->proses()
#9 C:\Users\XIANGLU\Desktop\Rakha\projectRakha\system\CodeIgniter.php(419): CodeIgniter\CodeIgniter->runController(Object(App\Controllers\login))
#10 C:\Users\XIANGLU\Desktop\Rakha\projectRakha\system\CodeIgniter.php(326): CodeIgniter\CodeIgniter->handleRequest(NULL, Object(Config\Cache), false)
#11 C:\Users\XIANGLU\Desktop\Rakha\projectRakha\public\index.php(37): CodeIgniter\CodeIgniter->run()
#12 C:\Users\XIANGLU\Desktop\Rakha\projectRakha\system\Commands\Server\rewrite.php(43): require_once('C:\\Users\\XIANGL...')
#13 {main}
