CRITICAL - 2022-07-21 08:09:21 --> Invalid file: pages/createTicketView.php
#0 C:\Users\XIANGLU\Desktop\projectRakha\system\View\View.php(198): CodeIgniter\Exceptions\FrameworkException::forInvalidFile('pages/createTic...')
#1 C:\Users\XIANGLU\Desktop\projectRakha\system\Common.php(1089): CodeIgniter\View\View->render('pages/createTic...', Array, true)
#2 C:\Users\XIANGLU\Desktop\projectRakha\app\Controllers\CreateTicket.php(14): view('pages/createTic...', Array)
#3 C:\Users\XIANGLU\Desktop\projectRakha\system\CodeIgniter.php(832): App\Controllers\CreateTicket->index()
#4 C:\Users\XIANGLU\Desktop\projectRakha\system\CodeIgniter.php(419): CodeIgniter\CodeIgniter->runController(Object(App\Controllers\CreateTicket))
#5 C:\Users\XIANGLU\Desktop\projectRakha\system\CodeIgniter.php(326): CodeIgniter\CodeIgniter->handleRequest(NULL, Object(Config\Cache), false)
#6 C:\Users\XIANGLU\Desktop\projectRakha\public\index.php(37): CodeIgniter\CodeIgniter->run()
#7 C:\Users\XIANGLU\Desktop\projectRakha\system\Commands\Server\rewrite.php(43): require_once('C:\\Users\\XIANGL...')
#8 {main}
CRITICAL - 2022-07-21 08:48:03 --> syntax error, unexpected ''nama'' (T_CONSTANT_ENCAPSED_STRING), expecting ']'
#0 C:\Users\XIANGLU\Desktop\projectRakha\system\Router\Router.php(175): CodeIgniter\Router\Router->autoRoute('admin/AccountAd...')
#1 C:\Users\XIANGLU\Desktop\projectRakha\system\CodeIgniter.php(726): CodeIgniter\Router\Router->handle('admin/AccountAd...')
#2 C:\Users\XIANGLU\Desktop\projectRakha\system\CodeIgniter.php(368): CodeIgniter\CodeIgniter->tryToRouteIt(Object(CodeIgniter\Router\RouteCollection))
#3 C:\Users\XIANGLU\Desktop\projectRakha\system\CodeIgniter.php(326): CodeIgniter\CodeIgniter->handleRequest(NULL, Object(Config\Cache), false)
#4 C:\Users\XIANGLU\Desktop\projectRakha\public\index.php(37): CodeIgniter\CodeIgniter->run()
#5 C:\Users\XIANGLU\Desktop\projectRakha\system\Commands\Server\rewrite.php(43): require_once('C:\\Users\\XIANGL...')
#6 {main}
CRITICAL - 2022-07-21 08:48:13 --> syntax error, unexpected ''nama'' (T_CONSTANT_ENCAPSED_STRING), expecting ']'
#0 C:\Users\XIANGLU\Desktop\projectRakha\system\Router\Router.php(175): CodeIgniter\Router\Router->autoRoute('admin/AccountAd...')
#1 C:\Users\XIANGLU\Desktop\projectRakha\system\CodeIgniter.php(726): CodeIgniter\Router\Router->handle('admin/AccountAd...')
#2 C:\Users\XIANGLU\Desktop\projectRakha\system\CodeIgniter.php(368): CodeIgniter\CodeIgniter->tryToRouteIt(Object(CodeIgniter\Router\RouteCollection))
#3 C:\Users\XIANGLU\Desktop\projectRakha\system\CodeIgniter.php(326): CodeIgniter\CodeIgniter->handleRequest(NULL, Object(Config\Cache), false)
#4 C:\Users\XIANGLU\Desktop\projectRakha\public\index.php(37): CodeIgniter\CodeIgniter->run()
#5 C:\Users\XIANGLU\Desktop\projectRakha\system\Commands\Server\rewrite.php(43): require_once('C:\\Users\\XIANGL...')
#6 {main}
CRITICAL - 2022-07-21 08:48:14 --> syntax error, unexpected ''nama'' (T_CONSTANT_ENCAPSED_STRING), expecting ']'
#0 C:\Users\XIANGLU\Desktop\projectRakha\system\Router\Router.php(175): CodeIgniter\Router\Router->autoRoute('Admin')
#1 C:\Users\XIANGLU\Desktop\projectRakha\system\CodeIgniter.php(726): CodeIgniter\Router\Router->handle('Admin')
#2 C:\Users\XIANGLU\Desktop\projectRakha\system\CodeIgniter.php(368): CodeIgniter\CodeIgniter->tryToRouteIt(Object(CodeIgniter\Router\RouteCollection))
#3 C:\Users\XIANGLU\Desktop\projectRakha\system\CodeIgniter.php(326): CodeIgniter\CodeIgniter->handleRequest(NULL, Object(Config\Cache), false)
#4 C:\Users\XIANGLU\Desktop\projectRakha\public\index.php(37): CodeIgniter\CodeIgniter->run()
#5 C:\Users\XIANGLU\Desktop\projectRakha\system\Commands\Server\rewrite.php(43): require_once('C:\\Users\\XIANGL...')
#6 {main}
ERROR - 2022-07-21 09:20:20 --> Unknown column 'created_at' in 'field list'
CRITICAL - 2022-07-21 09:20:20 --> Unknown column 'created_at' in 'field list'
#0 C:\Users\XIANGLU\Desktop\projectRakha\system\Database\MySQLi\Connection.php(292): mysqli->query('INSERT INTO `ac...', 0)
#1 C:\Users\XIANGLU\Desktop\projectRakha\system\Database\BaseConnection.php(670): CodeIgniter\Database\MySQLi\Connection->execute('INSERT INTO `ac...')
#2 C:\Users\XIANGLU\Desktop\projectRakha\system\Database\BaseConnection.php(598): CodeIgniter\Database\BaseConnection->simpleQuery('INSERT INTO `ac...')
#3 C:\Users\XIANGLU\Desktop\projectRakha\system\Database\BaseBuilder.php(1771): CodeIgniter\Database\BaseConnection->query('INSERT INTO `ac...', Array, false)
#4 C:\Users\XIANGLU\Desktop\projectRakha\system\Model.php(239): CodeIgniter\Database\BaseBuilder->insert()
#5 C:\Users\XIANGLU\Desktop\projectRakha\system\BaseModel.php(738): CodeIgniter\Model->doInsert(Array)
#6 C:\Users\XIANGLU\Desktop\projectRakha\system\Model.php(625): CodeIgniter\BaseModel->insert(Array, false)
#7 C:\Users\XIANGLU\Desktop\projectRakha\system\BaseModel.php(658): CodeIgniter\Model->insert(Array, false)
#8 C:\Users\XIANGLU\Desktop\projectRakha\app\Controllers\Admin.php(105): CodeIgniter\BaseModel->save(Array)
#9 C:\Users\XIANGLU\Desktop\projectRakha\system\CodeIgniter.php(832): App\Controllers\Admin->save()
#10 C:\Users\XIANGLU\Desktop\projectRakha\system\CodeIgniter.php(419): CodeIgniter\CodeIgniter->runController(Object(App\Controllers\Admin))
#11 C:\Users\XIANGLU\Desktop\projectRakha\system\CodeIgniter.php(326): CodeIgniter\CodeIgniter->handleRequest(NULL, Object(Config\Cache), false)
#12 C:\Users\XIANGLU\Desktop\projectRakha\public\index.php(37): CodeIgniter\CodeIgniter->run()
#13 C:\Users\XIANGLU\Desktop\projectRakha\system\Commands\Server\rewrite.php(43): require_once('C:\\Users\\XIANGL...')
#14 {main}
ERROR - 2022-07-21 09:21:57 --> Unknown column 'created_at' in 'field list'
CRITICAL - 2022-07-21 09:21:57 --> Unknown column 'created_at' in 'field list'
#0 C:\Users\XIANGLU\Desktop\projectRakha\system\Database\MySQLi\Connection.php(292): mysqli->query('INSERT INTO `ac...', 0)
#1 C:\Users\XIANGLU\Desktop\projectRakha\system\Database\BaseConnection.php(670): CodeIgniter\Database\MySQLi\Connection->execute('INSERT INTO `ac...')
#2 C:\Users\XIANGLU\Desktop\projectRakha\system\Database\BaseConnection.php(598): CodeIgniter\Database\BaseConnection->simpleQuery('INSERT INTO `ac...')
#3 C:\Users\XIANGLU\Desktop\projectRakha\system\Database\BaseBuilder.php(1771): CodeIgniter\Database\BaseConnection->query('INSERT INTO `ac...', Array, false)
#4 C:\Users\XIANGLU\Desktop\projectRakha\system\Model.php(239): CodeIgniter\Database\BaseBuilder->insert()
#5 C:\Users\XIANGLU\Desktop\projectRakha\system\BaseModel.php(738): CodeIgniter\Model->doInsert(Array)
#6 C:\Users\XIANGLU\Desktop\projectRakha\system\Model.php(625): CodeIgniter\BaseModel->insert(Array, false)
#7 C:\Users\XIANGLU\Desktop\projectRakha\system\BaseModel.php(658): CodeIgniter\Model->insert(Array, false)
#8 C:\Users\XIANGLU\Desktop\projectRakha\app\Controllers\Admin.php(105): CodeIgniter\BaseModel->save(Array)
#9 C:\Users\XIANGLU\Desktop\projectRakha\system\CodeIgniter.php(832): App\Controllers\Admin->save()
#10 C:\Users\XIANGLU\Desktop\projectRakha\system\CodeIgniter.php(419): CodeIgniter\CodeIgniter->runController(Object(App\Controllers\Admin))
#11 C:\Users\XIANGLU\Desktop\projectRakha\system\CodeIgniter.php(326): CodeIgniter\CodeIgniter->handleRequest(NULL, Object(Config\Cache), false)
#12 C:\Users\XIANGLU\Desktop\projectRakha\public\index.php(37): CodeIgniter\CodeIgniter->run()
#13 C:\Users\XIANGLU\Desktop\projectRakha\system\Commands\Server\rewrite.php(43): require_once('C:\\Users\\XIANGL...')
#14 {main}
CRITICAL - 2022-07-21 09:22:32 --> Trying to access array offset on value of type null
#0 C:\Users\XIANGLU\Desktop\projectRakha\app\Views\pages\detailAccountView.php(12): CodeIgniter\Debug\Exceptions->errorHandler(8, 'Trying to acces...', 'C:\\Users\\XIANGL...', 12, Array)
#1 C:\Users\XIANGLU\Desktop\projectRakha\system\View\View.php(210): include('C:\\Users\\XIANGL...')
#2 C:\Users\XIANGLU\Desktop\projectRakha\system\View\View.php(213): CodeIgniter\View\View->CodeIgniter\View\{closure}()
#3 C:\Users\XIANGLU\Desktop\projectRakha\system\Common.php(1089): CodeIgniter\View\View->render('pages/detailAcc...', Array, true)
#4 C:\Users\XIANGLU\Desktop\projectRakha\app\Controllers\Admin.php(40): view('pages/detailAcc...', Array)
#5 C:\Users\XIANGLU\Desktop\projectRakha\system\CodeIgniter.php(832): App\Controllers\Admin->detail('Delete')
#6 C:\Users\XIANGLU\Desktop\projectRakha\system\CodeIgniter.php(419): CodeIgniter\CodeIgniter->runController(Object(App\Controllers\Admin))
#7 C:\Users\XIANGLU\Desktop\projectRakha\system\CodeIgniter.php(326): CodeIgniter\CodeIgniter->handleRequest(NULL, Object(Config\Cache), false)
#8 C:\Users\XIANGLU\Desktop\projectRakha\public\index.php(37): CodeIgniter\CodeIgniter->run()
#9 C:\Users\XIANGLU\Desktop\projectRakha\system\Commands\Server\rewrite.php(43): require_once('C:\\Users\\XIANGL...')
#10 {main}
CRITICAL - 2022-07-21 09:23:42 --> Undefined index: jenis_kelamin
#0 C:\Users\XIANGLU\Desktop\projectRakha\app\Views\pages\detailAccountView.php(40): CodeIgniter\Debug\Exceptions->errorHandler(8, 'Undefined index...', 'C:\\Users\\XIANGL...', 40, Array)
#1 C:\Users\XIANGLU\Desktop\projectRakha\system\View\View.php(210): include('C:\\Users\\XIANGL...')
#2 C:\Users\XIANGLU\Desktop\projectRakha\system\View\View.php(213): CodeIgniter\View\View->CodeIgniter\View\{closure}()
#3 C:\Users\XIANGLU\Desktop\projectRakha\system\Common.php(1089): CodeIgniter\View\View->render('pages/detailAcc...', Array, true)
#4 C:\Users\XIANGLU\Desktop\projectRakha\app\Controllers\Admin.php(40): view('pages/detailAcc...', Array)
#5 C:\Users\XIANGLU\Desktop\projectRakha\system\CodeIgniter.php(832): App\Controllers\Admin->detail('asd')
#6 C:\Users\XIANGLU\Desktop\projectRakha\system\CodeIgniter.php(419): CodeIgniter\CodeIgniter->runController(Object(App\Controllers\Admin))
#7 C:\Users\XIANGLU\Desktop\projectRakha\system\CodeIgniter.php(326): CodeIgniter\CodeIgniter->handleRequest(NULL, Object(Config\Cache), false)
#8 C:\Users\XIANGLU\Desktop\projectRakha\public\index.php(37): CodeIgniter\CodeIgniter->run()
#9 C:\Users\XIANGLU\Desktop\projectRakha\system\Commands\Server\rewrite.php(43): require_once('C:\\Users\\XIANGL...')
#10 {main}
CRITICAL - 2022-07-21 09:24:23 --> Undefined index: tempat_lahir
#0 C:\Users\XIANGLU\Desktop\projectRakha\app\Views\pages\detailAccountView.php(40): CodeIgniter\Debug\Exceptions->errorHandler(8, 'Undefined index...', 'C:\\Users\\XIANGL...', 40, Array)
#1 C:\Users\XIANGLU\Desktop\projectRakha\system\View\View.php(210): include('C:\\Users\\XIANGL...')
#2 C:\Users\XIANGLU\Desktop\projectRakha\system\View\View.php(213): CodeIgniter\View\View->CodeIgniter\View\{closure}()
#3 C:\Users\XIANGLU\Desktop\projectRakha\system\Common.php(1089): CodeIgniter\View\View->render('pages/detailAcc...', Array, true)
#4 C:\Users\XIANGLU\Desktop\projectRakha\app\Controllers\Admin.php(40): view('pages/detailAcc...', Array)
#5 C:\Users\XIANGLU\Desktop\projectRakha\system\CodeIgniter.php(832): App\Controllers\Admin->detail('asd')
#6 C:\Users\XIANGLU\Desktop\projectRakha\system\CodeIgniter.php(419): CodeIgniter\CodeIgniter->runController(Object(App\Controllers\Admin))
#7 C:\Users\XIANGLU\Desktop\projectRakha\system\CodeIgniter.php(326): CodeIgniter\CodeIgniter->handleRequest(NULL, Object(Config\Cache), false)
#8 C:\Users\XIANGLU\Desktop\projectRakha\public\index.php(37): CodeIgniter\CodeIgniter->run()
#9 C:\Users\XIANGLU\Desktop\projectRakha\system\Commands\Server\rewrite.php(43): require_once('C:\\Users\\XIANGL...')
#10 {main}
CRITICAL - 2022-07-21 09:24:29 --> Undefined index: tempat_lahir
#0 C:\Users\XIANGLU\Desktop\projectRakha\app\Views\pages\detailAccountView.php(40): CodeIgniter\Debug\Exceptions->errorHandler(8, 'Undefined index...', 'C:\\Users\\XIANGL...', 40, Array)
#1 C:\Users\XIANGLU\Desktop\projectRakha\system\View\View.php(210): include('C:\\Users\\XIANGL...')
#2 C:\Users\XIANGLU\Desktop\projectRakha\system\View\View.php(213): CodeIgniter\View\View->CodeIgniter\View\{closure}()
#3 C:\Users\XIANGLU\Desktop\projectRakha\system\Common.php(1089): CodeIgniter\View\View->render('pages/detailAcc...', Array, true)
#4 C:\Users\XIANGLU\Desktop\projectRakha\app\Controllers\Admin.php(40): view('pages/detailAcc...', Array)
#5 C:\Users\XIANGLU\Desktop\projectRakha\system\CodeIgniter.php(832): App\Controllers\Admin->detail('asd')
#6 C:\Users\XIANGLU\Desktop\projectRakha\system\CodeIgniter.php(419): CodeIgniter\CodeIgniter->runController(Object(App\Controllers\Admin))
#7 C:\Users\XIANGLU\Desktop\projectRakha\system\CodeIgniter.php(326): CodeIgniter\CodeIgniter->handleRequest(NULL, Object(Config\Cache), false)
#8 C:\Users\XIANGLU\Desktop\projectRakha\public\index.php(37): CodeIgniter\CodeIgniter->run()
#9 C:\Users\XIANGLU\Desktop\projectRakha\system\Commands\Server\rewrite.php(43): require_once('C:\\Users\\XIANGL...')
#10 {main}
CRITICAL - 2022-07-21 09:24:32 --> Undefined index: tempat_lahir
#0 C:\Users\XIANGLU\Desktop\projectRakha\app\Views\pages\detailAccountView.php(40): CodeIgniter\Debug\Exceptions->errorHandler(8, 'Undefined index...', 'C:\\Users\\XIANGL...', 40, Array)
#1 C:\Users\XIANGLU\Desktop\projectRakha\system\View\View.php(210): include('C:\\Users\\XIANGL...')
#2 C:\Users\XIANGLU\Desktop\projectRakha\system\View\View.php(213): CodeIgniter\View\View->CodeIgniter\View\{closure}()
#3 C:\Users\XIANGLU\Desktop\projectRakha\system\Common.php(1089): CodeIgniter\View\View->render('pages/detailAcc...', Array, true)
#4 C:\Users\XIANGLU\Desktop\projectRakha\app\Controllers\Admin.php(40): view('pages/detailAcc...', Array)
#5 C:\Users\XIANGLU\Desktop\projectRakha\system\CodeIgniter.php(832): App\Controllers\Admin->detail('asd')
#6 C:\Users\XIANGLU\Desktop\projectRakha\system\CodeIgniter.php(419): CodeIgniter\CodeIgniter->runController(Object(App\Controllers\Admin))
#7 C:\Users\XIANGLU\Desktop\projectRakha\system\CodeIgniter.php(326): CodeIgniter\CodeIgniter->handleRequest(NULL, Object(Config\Cache), false)
#8 C:\Users\XIANGLU\Desktop\projectRakha\public\index.php(37): CodeIgniter\CodeIgniter->run()
#9 C:\Users\XIANGLU\Desktop\projectRakha\system\Commands\Server\rewrite.php(43): require_once('C:\\Users\\XIANGL...')
#10 {main}
CRITICAL - 2022-07-21 09:24:45 --> Undefined index: tanggal_bergabung
#0 C:\Users\XIANGLU\Desktop\projectRakha\app\Views\pages\detailAccountView.php(50): CodeIgniter\Debug\Exceptions->errorHandler(8, 'Undefined index...', 'C:\\Users\\XIANGL...', 50, Array)
#1 C:\Users\XIANGLU\Desktop\projectRakha\system\View\View.php(210): include('C:\\Users\\XIANGL...')
#2 C:\Users\XIANGLU\Desktop\projectRakha\system\View\View.php(213): CodeIgniter\View\View->CodeIgniter\View\{closure}()
#3 C:\Users\XIANGLU\Desktop\projectRakha\system\Common.php(1089): CodeIgniter\View\View->render('pages/detailAcc...', Array, true)
#4 C:\Users\XIANGLU\Desktop\projectRakha\app\Controllers\Admin.php(40): view('pages/detailAcc...', Array)
#5 C:\Users\XIANGLU\Desktop\projectRakha\system\CodeIgniter.php(832): App\Controllers\Admin->detail('asd')
#6 C:\Users\XIANGLU\Desktop\projectRakha\system\CodeIgniter.php(419): CodeIgniter\CodeIgniter->runController(Object(App\Controllers\Admin))
#7 C:\Users\XIANGLU\Desktop\projectRakha\system\CodeIgniter.php(326): CodeIgniter\CodeIgniter->handleRequest(NULL, Object(Config\Cache), false)
#8 C:\Users\XIANGLU\Desktop\projectRakha\public\index.php(37): CodeIgniter\CodeIgniter->run()
#9 C:\Users\XIANGLU\Desktop\projectRakha\system\Commands\Server\rewrite.php(43): require_once('C:\\Users\\XIANGL...')
#10 {main}
CRITICAL - 2022-07-21 09:25:07 --> Trying to access array offset on value of type null
#0 C:\Users\XIANGLU\Desktop\projectRakha\app\Views\pages\detailAccountView.php(12): CodeIgniter\Debug\Exceptions->errorHandler(8, 'Trying to acces...', 'C:\\Users\\XIANGL...', 12, Array)
#1 C:\Users\XIANGLU\Desktop\projectRakha\system\View\View.php(210): include('C:\\Users\\XIANGL...')
#2 C:\Users\XIANGLU\Desktop\projectRakha\system\View\View.php(213): CodeIgniter\View\View->CodeIgniter\View\{closure}()
#3 C:\Users\XIANGLU\Desktop\projectRakha\system\Common.php(1089): CodeIgniter\View\View->render('pages/detailAcc...', Array, true)
#4 C:\Users\XIANGLU\Desktop\projectRakha\app\Controllers\Admin.php(40): view('pages/detailAcc...', Array)
#5 C:\Users\XIANGLU\Desktop\projectRakha\system\CodeIgniter.php(832): App\Controllers\Admin->detail('Delete')
#6 C:\Users\XIANGLU\Desktop\projectRakha\system\CodeIgniter.php(419): CodeIgniter\CodeIgniter->runController(Object(App\Controllers\Admin))
#7 C:\Users\XIANGLU\Desktop\projectRakha\system\CodeIgniter.php(326): CodeIgniter\CodeIgniter->handleRequest(NULL, Object(Config\Cache), false)
#8 C:\Users\XIANGLU\Desktop\projectRakha\public\index.php(37): CodeIgniter\CodeIgniter->run()
#9 C:\Users\XIANGLU\Desktop\projectRakha\system\Commands\Server\rewrite.php(43): require_once('C:\\Users\\XIANGL...')
#10 {main}
CRITICAL - 2022-07-21 09:26:28 --> Trying to access array offset on value of type null
#0 C:\Users\XIANGLU\Desktop\projectRakha\app\Views\pages\detailAccountView.php(12): CodeIgniter\Debug\Exceptions->errorHandler(8, 'Trying to acces...', 'C:\\Users\\XIANGL...', 12, Array)
#1 C:\Users\XIANGLU\Desktop\projectRakha\system\View\View.php(210): include('C:\\Users\\XIANGL...')
#2 C:\Users\XIANGLU\Desktop\projectRakha\system\View\View.php(213): CodeIgniter\View\View->CodeIgniter\View\{closure}()
#3 C:\Users\XIANGLU\Desktop\projectRakha\system\Common.php(1089): CodeIgniter\View\View->render('pages/detailAcc...', Array, true)
#4 C:\Users\XIANGLU\Desktop\projectRakha\app\Controllers\Admin.php(40): view('pages/detailAcc...', Array)
#5 C:\Users\XIANGLU\Desktop\projectRakha\system\CodeIgniter.php(832): App\Controllers\Admin->detail('Delete')
#6 C:\Users\XIANGLU\Desktop\projectRakha\system\CodeIgniter.php(419): CodeIgniter\CodeIgniter->runController(Object(App\Controllers\Admin))
#7 C:\Users\XIANGLU\Desktop\projectRakha\system\CodeIgniter.php(326): CodeIgniter\CodeIgniter->handleRequest(NULL, Object(Config\Cache), false)
#8 C:\Users\XIANGLU\Desktop\projectRakha\public\index.php(37): CodeIgniter\CodeIgniter->run()
#9 C:\Users\XIANGLU\Desktop\projectRakha\system\Commands\Server\rewrite.php(43): require_once('C:\\Users\\XIANGL...')
#10 {main}
CRITICAL - 2022-07-21 09:27:37 --> Trying to access array offset on value of type null
#0 C:\Users\XIANGLU\Desktop\projectRakha\app\Views\pages\detailAccountView.php(12): CodeIgniter\Debug\Exceptions->errorHandler(8, 'Trying to acces...', 'C:\\Users\\XIANGL...', 12, Array)
#1 C:\Users\XIANGLU\Desktop\projectRakha\system\View\View.php(210): include('C:\\Users\\XIANGL...')
#2 C:\Users\XIANGLU\Desktop\projectRakha\system\View\View.php(213): CodeIgniter\View\View->CodeIgniter\View\{closure}()
#3 C:\Users\XIANGLU\Desktop\projectRakha\system\Common.php(1089): CodeIgniter\View\View->render('pages/detailAcc...', Array, true)
#4 C:\Users\XIANGLU\Desktop\projectRakha\app\Controllers\Admin.php(40): view('pages/detailAcc...', Array)
#5 C:\Users\XIANGLU\Desktop\projectRakha\system\CodeIgniter.php(832): App\Controllers\Admin->detail('Delete')
#6 C:\Users\XIANGLU\Desktop\projectRakha\system\CodeIgniter.php(419): CodeIgniter\CodeIgniter->runController(Object(App\Controllers\Admin))
#7 C:\Users\XIANGLU\Desktop\projectRakha\system\CodeIgniter.php(326): CodeIgniter\CodeIgniter->handleRequest(NULL, Object(Config\Cache), false)
#8 C:\Users\XIANGLU\Desktop\projectRakha\public\index.php(37): CodeIgniter\CodeIgniter->run()
#9 C:\Users\XIANGLU\Desktop\projectRakha\system\Commands\Server\rewrite.php(43): require_once('C:\\Users\\XIANGL...')
#10 {main}
CRITICAL - 2022-07-21 09:29:07 --> Trying to access array offset on value of type null
#0 C:\Users\XIANGLU\Desktop\projectRakha\app\Views\pages\detailAccountView.php(12): CodeIgniter\Debug\Exceptions->errorHandler(8, 'Trying to acces...', 'C:\\Users\\XIANGL...', 12, Array)
#1 C:\Users\XIANGLU\Desktop\projectRakha\system\View\View.php(210): include('C:\\Users\\XIANGL...')
#2 C:\Users\XIANGLU\Desktop\projectRakha\system\View\View.php(213): CodeIgniter\View\View->CodeIgniter\View\{closure}()
#3 C:\Users\XIANGLU\Desktop\projectRakha\system\Common.php(1089): CodeIgniter\View\View->render('pages/detailAcc...', Array, true)
#4 C:\Users\XIANGLU\Desktop\projectRakha\app\Controllers\Admin.php(40): view('pages/detailAcc...', Array)
#5 C:\Users\XIANGLU\Desktop\projectRakha\system\CodeIgniter.php(832): App\Controllers\Admin->detail('Delete')
#6 C:\Users\XIANGLU\Desktop\projectRakha\system\CodeIgniter.php(419): CodeIgniter\CodeIgniter->runController(Object(App\Controllers\Admin))
#7 C:\Users\XIANGLU\Desktop\projectRakha\system\CodeIgniter.php(326): CodeIgniter\CodeIgniter->handleRequest(NULL, Object(Config\Cache), false)
#8 C:\Users\XIANGLU\Desktop\projectRakha\public\index.php(37): CodeIgniter\CodeIgniter->run()
#9 C:\Users\XIANGLU\Desktop\projectRakha\system\Commands\Server\rewrite.php(43): require_once('C:\\Users\\XIANGL...')
#10 {main}
CRITICAL - 2022-07-21 09:31:20 --> Trying to access array offset on value of type null
#0 C:\Users\XIANGLU\Desktop\projectRakha\app\Views\pages\detailAccountView.php(12): CodeIgniter\Debug\Exceptions->errorHandler(8, 'Trying to acces...', 'C:\\Users\\XIANGL...', 12, Array)
#1 C:\Users\XIANGLU\Desktop\projectRakha\system\View\View.php(210): include('C:\\Users\\XIANGL...')
#2 C:\Users\XIANGLU\Desktop\projectRakha\system\View\View.php(213): CodeIgniter\View\View->CodeIgniter\View\{closure}()
#3 C:\Users\XIANGLU\Desktop\projectRakha\system\Common.php(1089): CodeIgniter\View\View->render('pages/detailAcc...', Array, true)
#4 C:\Users\XIANGLU\Desktop\projectRakha\app\Controllers\Admin.php(40): view('pages/detailAcc...', Array)
#5 C:\Users\XIANGLU\Desktop\projectRakha\system\CodeIgniter.php(832): App\Controllers\Admin->detail('Delete')
#6 C:\Users\XIANGLU\Desktop\projectRakha\system\CodeIgniter.php(419): CodeIgniter\CodeIgniter->runController(Object(App\Controllers\Admin))
#7 C:\Users\XIANGLU\Desktop\projectRakha\system\CodeIgniter.php(326): CodeIgniter\CodeIgniter->handleRequest(NULL, Object(Config\Cache), false)
#8 C:\Users\XIANGLU\Desktop\projectRakha\public\index.php(37): CodeIgniter\CodeIgniter->run()
#9 C:\Users\XIANGLU\Desktop\projectRakha\system\Commands\Server\rewrite.php(43): require_once('C:\\Users\\XIANGL...')
#10 {main}
CRITICAL - 2022-07-21 09:31:39 --> Trying to access array offset on value of type null
#0 C:\Users\XIANGLU\Desktop\projectRakha\app\Views\pages\detailAccountView.php(12): CodeIgniter\Debug\Exceptions->errorHandler(8, 'Trying to acces...', 'C:\\Users\\XIANGL...', 12, Array)
#1 C:\Users\XIANGLU\Desktop\projectRakha\system\View\View.php(210): include('C:\\Users\\XIANGL...')
#2 C:\Users\XIANGLU\Desktop\projectRakha\system\View\View.php(213): CodeIgniter\View\View->CodeIgniter\View\{closure}()
#3 C:\Users\XIANGLU\Desktop\projectRakha\system\Common.php(1089): CodeIgniter\View\View->render('pages/detailAcc...', Array, true)
#4 C:\Users\XIANGLU\Desktop\projectRakha\app\Controllers\Admin.php(40): view('pages/detailAcc...', Array)
#5 C:\Users\XIANGLU\Desktop\projectRakha\system\CodeIgniter.php(832): App\Controllers\Admin->detail('Delete')
#6 C:\Users\XIANGLU\Desktop\projectRakha\system\CodeIgniter.php(419): CodeIgniter\CodeIgniter->runController(Object(App\Controllers\Admin))
#7 C:\Users\XIANGLU\Desktop\projectRakha\system\CodeIgniter.php(326): CodeIgniter\CodeIgniter->handleRequest(NULL, Object(Config\Cache), false)
#8 C:\Users\XIANGLU\Desktop\projectRakha\public\index.php(37): CodeIgniter\CodeIgniter->run()
#9 C:\Users\XIANGLU\Desktop\projectRakha\system\Commands\Server\rewrite.php(43): require_once('C:\\Users\\XIANGL...')
#10 {main}
