ERROR - 2022-08-28 09:35:39 --> Error connecting to the database: No connection could be made because the target machine actively refused it.

CRITICAL - 2022-08-28 09:35:39 --> Unable to connect to the database.
Main connection [MySQLi]: No connection could be made because the target machine actively refused it.

#0 C:\Users\XIANGLU\Desktop\project kak eka\sidekat\system\Database\BaseConnection.php(577): CodeIgniter\Database\BaseConnection->initialize()
#1 C:\Users\XIANGLU\Desktop\project kak eka\sidekat\system\Database\BaseBuilder.php(1455): CodeIgniter\Database\BaseConnection->query('SELECT `account...', Array, false)
#2 C:\Users\XIANGLU\Desktop\project kak eka\sidekat\system\Model.php(210): CodeIgniter\Database\BaseBuilder->get()
#3 C:\Users\XIANGLU\Desktop\project kak eka\sidekat\system\BaseModel.php(622): CodeIgniter\Model->doFirst()
#4 C:\Users\XIANGLU\Desktop\project kak eka\sidekat\app\Models\AccountModel.php(50): CodeIgniter\BaseModel->first()
#5 C:\Users\XIANGLU\Desktop\project kak eka\sidekat\app\Controllers\login.php(28): App\Models\AccountModel->getNip('199210182022032...')
#6 C:\Users\XIANGLU\Desktop\project kak eka\sidekat\system\CodeIgniter.php(832): App\Controllers\login->proses()
#7 C:\Users\XIANGLU\Desktop\project kak eka\sidekat\system\CodeIgniter.php(419): CodeIgniter\CodeIgniter->runController(Object(App\Controllers\login))
#8 C:\Users\XIANGLU\Desktop\project kak eka\sidekat\system\CodeIgniter.php(326): CodeIgniter\CodeIgniter->handleRequest(NULL, Object(Config\Cache), false)
#9 C:\Users\XIANGLU\Desktop\project kak eka\sidekat\public\index.php(37): CodeIgniter\CodeIgniter->run()
#10 C:\Users\XIANGLU\Desktop\project kak eka\sidekat\system\Commands\Server\rewrite.php(43): require_once('C:\\Users\\XIANGL...')
#11 {main}
CRITICAL - 2022-08-28 09:47:26 --> Call to a member function delete() on null
#0 C:\Users\XIANGLU\Desktop\project kak eka\sidekat\system\CodeIgniter.php(832): App\Controllers\Konsultan->delete('1')
#1 C:\Users\XIANGLU\Desktop\project kak eka\sidekat\system\CodeIgniter.php(419): CodeIgniter\CodeIgniter->runController(Object(App\Controllers\Konsultan))
#2 C:\Users\XIANGLU\Desktop\project kak eka\sidekat\system\CodeIgniter.php(326): CodeIgniter\CodeIgniter->handleRequest(NULL, Object(Config\Cache), false)
#3 C:\Users\XIANGLU\Desktop\project kak eka\sidekat\public\index.php(37): CodeIgniter\CodeIgniter->run()
#4 C:\Users\XIANGLU\Desktop\project kak eka\sidekat\system\Commands\Server\rewrite.php(43): require_once('C:\\Users\\XIANGL...')
#5 {main}
CRITICAL - 2022-08-28 10:05:11 --> Call to undefined method App\Models\PeralatanModel::getPeralatan
#0 C:\Users\XIANGLU\Desktop\project kak eka\sidekat\app\Controllers\Peralatan.php(14): CodeIgniter\Model->__call('getPeralatan', Array)
#1 C:\Users\XIANGLU\Desktop\project kak eka\sidekat\system\CodeIgniter.php(832): App\Controllers\Peralatan->index()
#2 C:\Users\XIANGLU\Desktop\project kak eka\sidekat\system\CodeIgniter.php(419): CodeIgniter\CodeIgniter->runController(Object(App\Controllers\Peralatan))
#3 C:\Users\XIANGLU\Desktop\project kak eka\sidekat\system\CodeIgniter.php(326): CodeIgniter\CodeIgniter->handleRequest(NULL, Object(Config\Cache), false)
#4 C:\Users\XIANGLU\Desktop\project kak eka\sidekat\public\index.php(37): CodeIgniter\CodeIgniter->run()
#5 C:\Users\XIANGLU\Desktop\project kak eka\sidekat\system\Commands\Server\rewrite.php(43): require_once('C:\\Users\\XIANGL...')
#6 {main}
CRITICAL - 2022-08-28 11:32:10 --> Undefined variable: d
#0 C:\Users\XIANGLU\Desktop\project kak eka\sidekat\app\Views\pages\peralatanAdd.php(117): CodeIgniter\Debug\Exceptions->errorHandler(8, 'Undefined varia...', 'C:\\Users\\XIANGL...', 117, Array)
#1 C:\Users\XIANGLU\Desktop\project kak eka\sidekat\system\View\View.php(210): include('C:\\Users\\XIANGL...')
#2 C:\Users\XIANGLU\Desktop\project kak eka\sidekat\system\View\View.php(213): CodeIgniter\View\View->CodeIgniter\View\{closure}()
#3 C:\Users\XIANGLU\Desktop\project kak eka\sidekat\system\Common.php(1089): CodeIgniter\View\View->render('pages/peralatan...', Array, true)
#4 C:\Users\XIANGLU\Desktop\project kak eka\sidekat\app\Controllers\Peralatan.php(46): view('pages/peralatan...', Array)
#5 C:\Users\XIANGLU\Desktop\project kak eka\sidekat\system\CodeIgniter.php(832): App\Controllers\Peralatan->Add()
#6 C:\Users\XIANGLU\Desktop\project kak eka\sidekat\system\CodeIgniter.php(419): CodeIgniter\CodeIgniter->runController(Object(App\Controllers\Peralatan))
#7 C:\Users\XIANGLU\Desktop\project kak eka\sidekat\system\CodeIgniter.php(326): CodeIgniter\CodeIgniter->handleRequest(NULL, Object(Config\Cache), false)
#8 C:\Users\XIANGLU\Desktop\project kak eka\sidekat\public\index.php(37): CodeIgniter\CodeIgniter->run()
#9 C:\Users\XIANGLU\Desktop\project kak eka\sidekat\system\Commands\Server\rewrite.php(43): require_once('C:\\Users\\XIANGL...')
#10 {main}
CRITICAL - 2022-08-28 11:35:20 --> array_push() expects parameter 1 to be array, null given
#0 [internal function]: CodeIgniter\Debug\Exceptions->errorHandler(2, 'array_push() ex...', 'C:\\Users\\XIANGL...', 61, Array)
#1 C:\Users\XIANGLU\Desktop\project kak eka\sidekat\app\Controllers\Peralatan.php(61): array_push(NULL, Array)
#2 C:\Users\XIANGLU\Desktop\project kak eka\sidekat\system\CodeIgniter.php(832): App\Controllers\Peralatan->save()
#3 C:\Users\XIANGLU\Desktop\project kak eka\sidekat\system\CodeIgniter.php(419): CodeIgniter\CodeIgniter->runController(Object(App\Controllers\Peralatan))
#4 C:\Users\XIANGLU\Desktop\project kak eka\sidekat\system\CodeIgniter.php(326): CodeIgniter\CodeIgniter->handleRequest(NULL, Object(Config\Cache), false)
#5 C:\Users\XIANGLU\Desktop\project kak eka\sidekat\public\index.php(37): CodeIgniter\CodeIgniter->run()
#6 C:\Users\XIANGLU\Desktop\project kak eka\sidekat\system\Commands\Server\rewrite.php(43): require_once('C:\\Users\\XIANGL...')
#7 {main}
ERROR - 2022-08-28 11:59:06 --> Unknown column 'lama_kerja' in 'field list'
CRITICAL - 2022-08-28 11:59:06 --> Unknown column 'lama_kerja' in 'field list'
#0 C:\Users\XIANGLU\Desktop\project kak eka\sidekat\system\Database\MySQLi\Connection.php(292): mysqli->query('INSERT INTO `pe...', 0)
#1 C:\Users\XIANGLU\Desktop\project kak eka\sidekat\system\Database\BaseConnection.php(670): CodeIgniter\Database\MySQLi\Connection->execute('INSERT INTO `pe...')
#2 C:\Users\XIANGLU\Desktop\project kak eka\sidekat\system\Database\BaseConnection.php(598): CodeIgniter\Database\BaseConnection->simpleQuery('INSERT INTO `pe...')
#3 C:\Users\XIANGLU\Desktop\project kak eka\sidekat\system\Database\BaseBuilder.php(1771): CodeIgniter\Database\BaseConnection->query('INSERT INTO `pe...', Array, false)
#4 C:\Users\XIANGLU\Desktop\project kak eka\sidekat\system\Model.php(239): CodeIgniter\Database\BaseBuilder->insert()
#5 C:\Users\XIANGLU\Desktop\project kak eka\sidekat\system\BaseModel.php(738): CodeIgniter\Model->doInsert(Array)
#6 C:\Users\XIANGLU\Desktop\project kak eka\sidekat\system\Model.php(625): CodeIgniter\BaseModel->insert(Array, false)
#7 C:\Users\XIANGLU\Desktop\project kak eka\sidekat\system\BaseModel.php(658): CodeIgniter\Model->insert(Array, false)
#8 C:\Users\XIANGLU\Desktop\project kak eka\sidekat\app\Controllers\Peralatan.php(124): CodeIgniter\BaseModel->save(Array)
#9 C:\Users\XIANGLU\Desktop\project kak eka\sidekat\system\CodeIgniter.php(832): App\Controllers\Peralatan->save()
#10 C:\Users\XIANGLU\Desktop\project kak eka\sidekat\system\CodeIgniter.php(419): CodeIgniter\CodeIgniter->runController(Object(App\Controllers\Peralatan))
#11 C:\Users\XIANGLU\Desktop\project kak eka\sidekat\system\CodeIgniter.php(326): CodeIgniter\CodeIgniter->handleRequest(NULL, Object(Config\Cache), false)
#12 C:\Users\XIANGLU\Desktop\project kak eka\sidekat\public\index.php(37): CodeIgniter\CodeIgniter->run()
#13 C:\Users\XIANGLU\Desktop\project kak eka\sidekat\system\Commands\Server\rewrite.php(43): require_once('C:\\Users\\XIANGL...')
#14 {main}
ERROR - 2022-08-28 12:00:13 --> Unknown column 'created_at' in 'field list'
CRITICAL - 2022-08-28 12:00:13 --> Unknown column 'created_at' in 'field list'
#0 C:\Users\XIANGLU\Desktop\project kak eka\sidekat\system\Database\MySQLi\Connection.php(292): mysqli->query('INSERT INTO `pe...', 0)
#1 C:\Users\XIANGLU\Desktop\project kak eka\sidekat\system\Database\BaseConnection.php(670): CodeIgniter\Database\MySQLi\Connection->execute('INSERT INTO `pe...')
#2 C:\Users\XIANGLU\Desktop\project kak eka\sidekat\system\Database\BaseConnection.php(598): CodeIgniter\Database\BaseConnection->simpleQuery('INSERT INTO `pe...')
#3 C:\Users\XIANGLU\Desktop\project kak eka\sidekat\system\Database\BaseBuilder.php(1771): CodeIgniter\Database\BaseConnection->query('INSERT INTO `pe...', Array, false)
#4 C:\Users\XIANGLU\Desktop\project kak eka\sidekat\system\Model.php(239): CodeIgniter\Database\BaseBuilder->insert()
#5 C:\Users\XIANGLU\Desktop\project kak eka\sidekat\system\BaseModel.php(738): CodeIgniter\Model->doInsert(Array)
#6 C:\Users\XIANGLU\Desktop\project kak eka\sidekat\system\Model.php(625): CodeIgniter\BaseModel->insert(Array, false)
#7 C:\Users\XIANGLU\Desktop\project kak eka\sidekat\system\BaseModel.php(658): CodeIgniter\Model->insert(Array, false)
#8 C:\Users\XIANGLU\Desktop\project kak eka\sidekat\app\Controllers\Peralatan.php(135): CodeIgniter\BaseModel->save(Array)
#9 C:\Users\XIANGLU\Desktop\project kak eka\sidekat\system\CodeIgniter.php(832): App\Controllers\Peralatan->save()
#10 C:\Users\XIANGLU\Desktop\project kak eka\sidekat\system\CodeIgniter.php(419): CodeIgniter\CodeIgniter->runController(Object(App\Controllers\Peralatan))
#11 C:\Users\XIANGLU\Desktop\project kak eka\sidekat\system\CodeIgniter.php(326): CodeIgniter\CodeIgniter->handleRequest(NULL, Object(Config\Cache), false)
#12 C:\Users\XIANGLU\Desktop\project kak eka\sidekat\public\index.php(37): CodeIgniter\CodeIgniter->run()
#13 C:\Users\XIANGLU\Desktop\project kak eka\sidekat\system\Commands\Server\rewrite.php(43): require_once('C:\\Users\\XIANGL...')
#14 {main}
ERROR - 2022-08-28 12:01:00 --> Unknown column 'created_at' in 'field list'
CRITICAL - 2022-08-28 12:01:00 --> Unknown column 'created_at' in 'field list'
#0 C:\Users\XIANGLU\Desktop\project kak eka\sidekat\system\Database\MySQLi\Connection.php(292): mysqli->query('INSERT INTO `pe...', 0)
#1 C:\Users\XIANGLU\Desktop\project kak eka\sidekat\system\Database\BaseConnection.php(670): CodeIgniter\Database\MySQLi\Connection->execute('INSERT INTO `pe...')
#2 C:\Users\XIANGLU\Desktop\project kak eka\sidekat\system\Database\BaseConnection.php(598): CodeIgniter\Database\BaseConnection->simpleQuery('INSERT INTO `pe...')
#3 C:\Users\XIANGLU\Desktop\project kak eka\sidekat\system\Database\BaseBuilder.php(1771): CodeIgniter\Database\BaseConnection->query('INSERT INTO `pe...', Array, false)
#4 C:\Users\XIANGLU\Desktop\project kak eka\sidekat\system\Model.php(239): CodeIgniter\Database\BaseBuilder->insert()
#5 C:\Users\XIANGLU\Desktop\project kak eka\sidekat\system\BaseModel.php(738): CodeIgniter\Model->doInsert(Array)
#6 C:\Users\XIANGLU\Desktop\project kak eka\sidekat\system\Model.php(625): CodeIgniter\BaseModel->insert(Array, false)
#7 C:\Users\XIANGLU\Desktop\project kak eka\sidekat\system\BaseModel.php(658): CodeIgniter\Model->insert(Array, false)
#8 C:\Users\XIANGLU\Desktop\project kak eka\sidekat\app\Controllers\Peralatan.php(135): CodeIgniter\BaseModel->save(Array)
#9 C:\Users\XIANGLU\Desktop\project kak eka\sidekat\system\CodeIgniter.php(832): App\Controllers\Peralatan->save()
#10 C:\Users\XIANGLU\Desktop\project kak eka\sidekat\system\CodeIgniter.php(419): CodeIgniter\CodeIgniter->runController(Object(App\Controllers\Peralatan))
#11 C:\Users\XIANGLU\Desktop\project kak eka\sidekat\system\CodeIgniter.php(326): CodeIgniter\CodeIgniter->handleRequest(NULL, Object(Config\Cache), false)
#12 C:\Users\XIANGLU\Desktop\project kak eka\sidekat\public\index.php(37): CodeIgniter\CodeIgniter->run()
#13 C:\Users\XIANGLU\Desktop\project kak eka\sidekat\system\Commands\Server\rewrite.php(43): require_once('C:\\Users\\XIANGL...')
#14 {main}
ERROR - 2022-08-28 12:02:19 --> Duplicate entry '0' for key 'PRIMARY'
CRITICAL - 2022-08-28 12:02:19 --> Duplicate entry '0' for key 'PRIMARY'
#0 C:\Users\XIANGLU\Desktop\project kak eka\sidekat\system\Database\MySQLi\Connection.php(292): mysqli->query('INSERT INTO `pe...', 0)
#1 C:\Users\XIANGLU\Desktop\project kak eka\sidekat\system\Database\BaseConnection.php(670): CodeIgniter\Database\MySQLi\Connection->execute('INSERT INTO `pe...')
#2 C:\Users\XIANGLU\Desktop\project kak eka\sidekat\system\Database\BaseConnection.php(598): CodeIgniter\Database\BaseConnection->simpleQuery('INSERT INTO `pe...')
#3 C:\Users\XIANGLU\Desktop\project kak eka\sidekat\system\Database\BaseBuilder.php(1771): CodeIgniter\Database\BaseConnection->query('INSERT INTO `pe...', Array, false)
#4 C:\Users\XIANGLU\Desktop\project kak eka\sidekat\system\Model.php(239): CodeIgniter\Database\BaseBuilder->insert()
#5 C:\Users\XIANGLU\Desktop\project kak eka\sidekat\system\BaseModel.php(738): CodeIgniter\Model->doInsert(Array)
#6 C:\Users\XIANGLU\Desktop\project kak eka\sidekat\system\Model.php(625): CodeIgniter\BaseModel->insert(Array, false)
#7 C:\Users\XIANGLU\Desktop\project kak eka\sidekat\system\BaseModel.php(658): CodeIgniter\Model->insert(Array, false)
#8 C:\Users\XIANGLU\Desktop\project kak eka\sidekat\app\Controllers\Peralatan.php(135): CodeIgniter\BaseModel->save(Array)
#9 C:\Users\XIANGLU\Desktop\project kak eka\sidekat\system\CodeIgniter.php(832): App\Controllers\Peralatan->save()
#10 C:\Users\XIANGLU\Desktop\project kak eka\sidekat\system\CodeIgniter.php(419): CodeIgniter\CodeIgniter->runController(Object(App\Controllers\Peralatan))
#11 C:\Users\XIANGLU\Desktop\project kak eka\sidekat\system\CodeIgniter.php(326): CodeIgniter\CodeIgniter->handleRequest(NULL, Object(Config\Cache), false)
#12 C:\Users\XIANGLU\Desktop\project kak eka\sidekat\public\index.php(37): CodeIgniter\CodeIgniter->run()
#13 C:\Users\XIANGLU\Desktop\project kak eka\sidekat\system\Commands\Server\rewrite.php(43): require_once('C:\\Users\\XIANGL...')
#14 {main}
ERROR - 2022-08-28 12:03:58 --> Duplicate entry '0' for key 'PRIMARY'
CRITICAL - 2022-08-28 12:03:58 --> Duplicate entry '0' for key 'PRIMARY'
#0 C:\Users\XIANGLU\Desktop\project kak eka\sidekat\system\Database\MySQLi\Connection.php(292): mysqli->query('INSERT INTO `pe...', 0)
#1 C:\Users\XIANGLU\Desktop\project kak eka\sidekat\system\Database\BaseConnection.php(670): CodeIgniter\Database\MySQLi\Connection->execute('INSERT INTO `pe...')
#2 C:\Users\XIANGLU\Desktop\project kak eka\sidekat\system\Database\BaseConnection.php(598): CodeIgniter\Database\BaseConnection->simpleQuery('INSERT INTO `pe...')
#3 C:\Users\XIANGLU\Desktop\project kak eka\sidekat\system\Database\BaseBuilder.php(1771): CodeIgniter\Database\BaseConnection->query('INSERT INTO `pe...', Array, false)
#4 C:\Users\XIANGLU\Desktop\project kak eka\sidekat\system\Model.php(239): CodeIgniter\Database\BaseBuilder->insert()
#5 C:\Users\XIANGLU\Desktop\project kak eka\sidekat\system\BaseModel.php(738): CodeIgniter\Model->doInsert(Array)
#6 C:\Users\XIANGLU\Desktop\project kak eka\sidekat\system\Model.php(625): CodeIgniter\BaseModel->insert(Array, false)
#7 C:\Users\XIANGLU\Desktop\project kak eka\sidekat\system\BaseModel.php(658): CodeIgniter\Model->insert(Array, false)
#8 C:\Users\XIANGLU\Desktop\project kak eka\sidekat\app\Controllers\Peralatan.php(135): CodeIgniter\BaseModel->save(Array)
#9 C:\Users\XIANGLU\Desktop\project kak eka\sidekat\system\CodeIgniter.php(832): App\Controllers\Peralatan->save()
#10 C:\Users\XIANGLU\Desktop\project kak eka\sidekat\system\CodeIgniter.php(419): CodeIgniter\CodeIgniter->runController(Object(App\Controllers\Peralatan))
#11 C:\Users\XIANGLU\Desktop\project kak eka\sidekat\system\CodeIgniter.php(326): CodeIgniter\CodeIgniter->handleRequest(NULL, Object(Config\Cache), false)
#12 C:\Users\XIANGLU\Desktop\project kak eka\sidekat\public\index.php(37): CodeIgniter\CodeIgniter->run()
#13 C:\Users\XIANGLU\Desktop\project kak eka\sidekat\system\Commands\Server\rewrite.php(43): require_once('C:\\Users\\XIANGL...')
#14 {main}
CRITICAL - 2022-08-28 12:11:00 --> Too few arguments to function App\Controllers\Peralatan::delete(), 0 passed in C:\Users\XIANGLU\Desktop\project kak eka\sidekat\system\CodeIgniter.php on line 832 and exactly 1 expected
#0 C:\Users\XIANGLU\Desktop\project kak eka\sidekat\system\CodeIgniter.php(832): App\Controllers\Peralatan->delete()
#1 C:\Users\XIANGLU\Desktop\project kak eka\sidekat\system\CodeIgniter.php(419): CodeIgniter\CodeIgniter->runController(Object(App\Controllers\Peralatan))
#2 C:\Users\XIANGLU\Desktop\project kak eka\sidekat\system\CodeIgniter.php(326): CodeIgniter\CodeIgniter->handleRequest(NULL, Object(Config\Cache), false)
#3 C:\Users\XIANGLU\Desktop\project kak eka\sidekat\public\index.php(37): CodeIgniter\CodeIgniter->run()
#4 C:\Users\XIANGLU\Desktop\project kak eka\sidekat\system\Commands\Server\rewrite.php(43): require_once('C:\\Users\\XIANGL...')
#5 {main}
CRITICAL - 2022-08-28 12:14:44 --> Too few arguments to function App\Controllers\Peralatan::delete(), 0 passed in C:\Users\XIANGLU\Desktop\project kak eka\sidekat\system\CodeIgniter.php on line 832 and exactly 1 expected
#0 C:\Users\XIANGLU\Desktop\project kak eka\sidekat\system\CodeIgniter.php(832): App\Controllers\Peralatan->delete()
#1 C:\Users\XIANGLU\Desktop\project kak eka\sidekat\system\CodeIgniter.php(419): CodeIgniter\CodeIgniter->runController(Object(App\Controllers\Peralatan))
#2 C:\Users\XIANGLU\Desktop\project kak eka\sidekat\system\CodeIgniter.php(326): CodeIgniter\CodeIgniter->handleRequest(NULL, Object(Config\Cache), false)
#3 C:\Users\XIANGLU\Desktop\project kak eka\sidekat\public\index.php(37): CodeIgniter\CodeIgniter->run()
#4 C:\Users\XIANGLU\Desktop\project kak eka\sidekat\system\Commands\Server\rewrite.php(43): require_once('C:\\Users\\XIANGL...')
#5 {main}
CRITICAL - 2022-08-28 12:20:43 --> Too few arguments to function App\Controllers\Peralatan::delete(), 0 passed in C:\Users\XIANGLU\Desktop\project kak eka\sidekat\system\CodeIgniter.php on line 832 and exactly 1 expected
#0 C:\Users\XIANGLU\Desktop\project kak eka\sidekat\system\CodeIgniter.php(832): App\Controllers\Peralatan->delete()
#1 C:\Users\XIANGLU\Desktop\project kak eka\sidekat\system\CodeIgniter.php(419): CodeIgniter\CodeIgniter->runController(Object(App\Controllers\Peralatan))
#2 C:\Users\XIANGLU\Desktop\project kak eka\sidekat\system\CodeIgniter.php(326): CodeIgniter\CodeIgniter->handleRequest(NULL, Object(Config\Cache), false)
#3 C:\Users\XIANGLU\Desktop\project kak eka\sidekat\public\index.php(37): CodeIgniter\CodeIgniter->run()
#4 C:\Users\XIANGLU\Desktop\project kak eka\sidekat\system\Commands\Server\rewrite.php(43): require_once('C:\\Users\\XIANGL...')
#5 {main}
CRITICAL - 2022-08-28 12:21:12 --> Too few arguments to function App\Controllers\Peralatan::delete(), 0 passed in C:\Users\XIANGLU\Desktop\project kak eka\sidekat\system\CodeIgniter.php on line 832 and exactly 1 expected
#0 C:\Users\XIANGLU\Desktop\project kak eka\sidekat\system\CodeIgniter.php(832): App\Controllers\Peralatan->delete()
#1 C:\Users\XIANGLU\Desktop\project kak eka\sidekat\system\CodeIgniter.php(419): CodeIgniter\CodeIgniter->runController(Object(App\Controllers\Peralatan))
#2 C:\Users\XIANGLU\Desktop\project kak eka\sidekat\system\CodeIgniter.php(326): CodeIgniter\CodeIgniter->handleRequest(NULL, Object(Config\Cache), false)
#3 C:\Users\XIANGLU\Desktop\project kak eka\sidekat\public\index.php(37): CodeIgniter\CodeIgniter->run()
#4 C:\Users\XIANGLU\Desktop\project kak eka\sidekat\system\Commands\Server\rewrite.php(43): require_once('C:\\Users\\XIANGL...')
#5 {main}
CRITICAL - 2022-08-28 13:14:52 --> Undefined variable: conn
#0 C:\Users\XIANGLU\Desktop\project kak eka\sidekat\app\Views\pages\dashboard.php(8): CodeIgniter\Debug\Exceptions->errorHandler(8, 'Undefined varia...', 'C:\\Users\\XIANGL...', 8, Array)
#1 C:\Users\XIANGLU\Desktop\project kak eka\sidekat\system\View\View.php(210): include('C:\\Users\\XIANGL...')
#2 C:\Users\XIANGLU\Desktop\project kak eka\sidekat\system\View\View.php(213): CodeIgniter\View\View->CodeIgniter\View\{closure}()
#3 C:\Users\XIANGLU\Desktop\project kak eka\sidekat\system\Common.php(1089): CodeIgniter\View\View->render('pages/dashboard', Array, true)
#4 C:\Users\XIANGLU\Desktop\project kak eka\sidekat\app\Controllers\Dashboard.php(16): view('pages/dashboard', Array)
#5 C:\Users\XIANGLU\Desktop\project kak eka\sidekat\system\CodeIgniter.php(832): App\Controllers\Dashboard->index()
#6 C:\Users\XIANGLU\Desktop\project kak eka\sidekat\system\CodeIgniter.php(419): CodeIgniter\CodeIgniter->runController(Object(App\Controllers\Dashboard))
#7 C:\Users\XIANGLU\Desktop\project kak eka\sidekat\system\CodeIgniter.php(326): CodeIgniter\CodeIgniter->handleRequest(NULL, Object(Config\Cache), false)
#8 C:\Users\XIANGLU\Desktop\project kak eka\sidekat\public\index.php(37): CodeIgniter\CodeIgniter->run()
#9 C:\Users\XIANGLU\Desktop\project kak eka\sidekat\system\Commands\Server\rewrite.php(43): require_once('C:\\Users\\XIANGL...')
#10 {main}
CRITICAL - 2022-08-28 13:41:13 --> Too few arguments to function App\Controllers\Dashboard::index(), 0 passed in C:\Users\XIANGLU\Desktop\project kak eka\sidekat\system\CodeIgniter.php on line 832 and exactly 1 expected
#0 C:\Users\XIANGLU\Desktop\project kak eka\sidekat\system\CodeIgniter.php(832): App\Controllers\Dashboard->index()
#1 C:\Users\XIANGLU\Desktop\project kak eka\sidekat\system\CodeIgniter.php(419): CodeIgniter\CodeIgniter->runController(Object(App\Controllers\Dashboard))
#2 C:\Users\XIANGLU\Desktop\project kak eka\sidekat\system\CodeIgniter.php(326): CodeIgniter\CodeIgniter->handleRequest(NULL, Object(Config\Cache), false)
#3 C:\Users\XIANGLU\Desktop\project kak eka\sidekat\public\index.php(37): CodeIgniter\CodeIgniter->run()
#4 C:\Users\XIANGLU\Desktop\project kak eka\sidekat\system\Commands\Server\rewrite.php(43): require_once('C:\\Users\\XIANGL...')
#5 {main}
CRITICAL - 2022-08-28 14:06:53 --> Argument 1 passed to CodeIgniter\Database\BaseBuilder::get() must be of the type int or null, string given, called in C:\Users\XIANGLU\Desktop\project kak eka\sidekat\system\Model.php on line 728
#0 C:\Users\XIANGLU\Desktop\project kak eka\sidekat\system\Model.php(728): CodeIgniter\Database\BaseBuilder->get('konstruksi.*')
#1 C:\Users\XIANGLU\Desktop\project kak eka\sidekat\app\Models\KonstruksiModel.php(38): CodeIgniter\Model->__call('get', Array)
#2 C:\Users\XIANGLU\Desktop\project kak eka\sidekat\app\Controllers\Dashboard.php(18): App\Models\KonstruksiModel->getKonstruksiReport()
#3 C:\Users\XIANGLU\Desktop\project kak eka\sidekat\system\CodeIgniter.php(832): App\Controllers\Dashboard->index()
#4 C:\Users\XIANGLU\Desktop\project kak eka\sidekat\system\CodeIgniter.php(419): CodeIgniter\CodeIgniter->runController(Object(App\Controllers\Dashboard))
#5 C:\Users\XIANGLU\Desktop\project kak eka\sidekat\system\CodeIgniter.php(326): CodeIgniter\CodeIgniter->handleRequest(NULL, Object(Config\Cache), false)
#6 C:\Users\XIANGLU\Desktop\project kak eka\sidekat\public\index.php(37): CodeIgniter\CodeIgniter->run()
#7 C:\Users\XIANGLU\Desktop\project kak eka\sidekat\system\Commands\Server\rewrite.php(43): require_once('C:\\Users\\XIANGL...')
#8 {main}
CRITICAL - 2022-08-28 14:07:22 --> Array to string conversion
#0 C:\Users\XIANGLU\Desktop\project kak eka\sidekat\app\Views\pages\dashboard.php(21): CodeIgniter\Debug\Exceptions->errorHandler(8, 'Array to string...', 'C:\\Users\\XIANGL...', 21, Array)
#1 C:\Users\XIANGLU\Desktop\project kak eka\sidekat\system\View\View.php(210): include('C:\\Users\\XIANGL...')
#2 C:\Users\XIANGLU\Desktop\project kak eka\sidekat\system\View\View.php(213): CodeIgniter\View\View->CodeIgniter\View\{closure}()
#3 C:\Users\XIANGLU\Desktop\project kak eka\sidekat\system\Common.php(1089): CodeIgniter\View\View->render('pages/dashboard', Array, true)
#4 C:\Users\XIANGLU\Desktop\project kak eka\sidekat\app\Controllers\Dashboard.php(21): view('pages/dashboard', Array)
#5 C:\Users\XIANGLU\Desktop\project kak eka\sidekat\system\CodeIgniter.php(832): App\Controllers\Dashboard->index()
#6 C:\Users\XIANGLU\Desktop\project kak eka\sidekat\system\CodeIgniter.php(419): CodeIgniter\CodeIgniter->runController(Object(App\Controllers\Dashboard))
#7 C:\Users\XIANGLU\Desktop\project kak eka\sidekat\system\CodeIgniter.php(326): CodeIgniter\CodeIgniter->handleRequest(NULL, Object(Config\Cache), false)
#8 C:\Users\XIANGLU\Desktop\project kak eka\sidekat\public\index.php(37): CodeIgniter\CodeIgniter->run()
#9 C:\Users\XIANGLU\Desktop\project kak eka\sidekat\system\Commands\Server\rewrite.php(43): require_once('C:\\Users\\XIANGL...')
#10 {main}
CRITICAL - 2022-08-28 14:12:10 --> Array to string conversion
#0 C:\Users\XIANGLU\Desktop\project kak eka\sidekat\app\Views\pages\dashboard.php(21): CodeIgniter\Debug\Exceptions->errorHandler(8, 'Array to string...', 'C:\\Users\\XIANGL...', 21, Array)
#1 C:\Users\XIANGLU\Desktop\project kak eka\sidekat\system\View\View.php(210): include('C:\\Users\\XIANGL...')
#2 C:\Users\XIANGLU\Desktop\project kak eka\sidekat\system\View\View.php(213): CodeIgniter\View\View->CodeIgniter\View\{closure}()
#3 C:\Users\XIANGLU\Desktop\project kak eka\sidekat\system\Common.php(1089): CodeIgniter\View\View->render('pages/dashboard', Array, true)
#4 C:\Users\XIANGLU\Desktop\project kak eka\sidekat\app\Controllers\Dashboard.php(21): view('pages/dashboard', Array)
#5 C:\Users\XIANGLU\Desktop\project kak eka\sidekat\system\CodeIgniter.php(832): App\Controllers\Dashboard->index()
#6 C:\Users\XIANGLU\Desktop\project kak eka\sidekat\system\CodeIgniter.php(419): CodeIgniter\CodeIgniter->runController(Object(App\Controllers\Dashboard))
#7 C:\Users\XIANGLU\Desktop\project kak eka\sidekat\system\CodeIgniter.php(326): CodeIgniter\CodeIgniter->handleRequest(NULL, Object(Config\Cache), false)
#8 C:\Users\XIANGLU\Desktop\project kak eka\sidekat\public\index.php(37): CodeIgniter\CodeIgniter->run()
#9 C:\Users\XIANGLU\Desktop\project kak eka\sidekat\system\Commands\Server\rewrite.php(43): require_once('C:\\Users\\XIANGL...')
#10 {main}
CRITICAL - 2022-08-28 14:12:14 --> Array to string conversion
#0 C:\Users\XIANGLU\Desktop\project kak eka\sidekat\app\Views\pages\dashboard.php(21): CodeIgniter\Debug\Exceptions->errorHandler(8, 'Array to string...', 'C:\\Users\\XIANGL...', 21, Array)
#1 C:\Users\XIANGLU\Desktop\project kak eka\sidekat\system\View\View.php(210): include('C:\\Users\\XIANGL...')
#2 C:\Users\XIANGLU\Desktop\project kak eka\sidekat\system\View\View.php(213): CodeIgniter\View\View->CodeIgniter\View\{closure}()
#3 C:\Users\XIANGLU\Desktop\project kak eka\sidekat\system\Common.php(1089): CodeIgniter\View\View->render('pages/dashboard', Array, true)
#4 C:\Users\XIANGLU\Desktop\project kak eka\sidekat\app\Controllers\Dashboard.php(21): view('pages/dashboard', Array)
#5 C:\Users\XIANGLU\Desktop\project kak eka\sidekat\system\CodeIgniter.php(832): App\Controllers\Dashboard->index()
#6 C:\Users\XIANGLU\Desktop\project kak eka\sidekat\system\CodeIgniter.php(419): CodeIgniter\CodeIgniter->runController(Object(App\Controllers\Dashboard))
#7 C:\Users\XIANGLU\Desktop\project kak eka\sidekat\system\CodeIgniter.php(326): CodeIgniter\CodeIgniter->handleRequest(NULL, Object(Config\Cache), false)
#8 C:\Users\XIANGLU\Desktop\project kak eka\sidekat\public\index.php(37): CodeIgniter\CodeIgniter->run()
#9 C:\Users\XIANGLU\Desktop\project kak eka\sidekat\system\Commands\Server\rewrite.php(43): require_once('C:\\Users\\XIANGL...')
#10 {main}
CRITICAL - 2022-08-28 14:12:40 --> Undefined index: id_konstruksi
#0 C:\Users\XIANGLU\Desktop\project kak eka\sidekat\app\Views\pages\dashboard.php(21): CodeIgniter\Debug\Exceptions->errorHandler(8, 'Undefined index...', 'C:\\Users\\XIANGL...', 21, Array)
#1 C:\Users\XIANGLU\Desktop\project kak eka\sidekat\system\View\View.php(210): include('C:\\Users\\XIANGL...')
#2 C:\Users\XIANGLU\Desktop\project kak eka\sidekat\system\View\View.php(213): CodeIgniter\View\View->CodeIgniter\View\{closure}()
#3 C:\Users\XIANGLU\Desktop\project kak eka\sidekat\system\Common.php(1089): CodeIgniter\View\View->render('pages/dashboard', Array, true)
#4 C:\Users\XIANGLU\Desktop\project kak eka\sidekat\app\Controllers\Dashboard.php(21): view('pages/dashboard', Array)
#5 C:\Users\XIANGLU\Desktop\project kak eka\sidekat\system\CodeIgniter.php(832): App\Controllers\Dashboard->index()
#6 C:\Users\XIANGLU\Desktop\project kak eka\sidekat\system\CodeIgniter.php(419): CodeIgniter\CodeIgniter->runController(Object(App\Controllers\Dashboard))
#7 C:\Users\XIANGLU\Desktop\project kak eka\sidekat\system\CodeIgniter.php(326): CodeIgniter\CodeIgniter->handleRequest(NULL, Object(Config\Cache), false)
#8 C:\Users\XIANGLU\Desktop\project kak eka\sidekat\public\index.php(37): CodeIgniter\CodeIgniter->run()
#9 C:\Users\XIANGLU\Desktop\project kak eka\sidekat\system\Commands\Server\rewrite.php(43): require_once('C:\\Users\\XIANGL...')
#10 {main}
CRITICAL - 2022-08-28 14:12:46 --> Undefined index: konstruksi
#0 C:\Users\XIANGLU\Desktop\project kak eka\sidekat\app\Views\pages\dashboard.php(21): CodeIgniter\Debug\Exceptions->errorHandler(8, 'Undefined index...', 'C:\\Users\\XIANGL...', 21, Array)
#1 C:\Users\XIANGLU\Desktop\project kak eka\sidekat\system\View\View.php(210): include('C:\\Users\\XIANGL...')
#2 C:\Users\XIANGLU\Desktop\project kak eka\sidekat\system\View\View.php(213): CodeIgniter\View\View->CodeIgniter\View\{closure}()
#3 C:\Users\XIANGLU\Desktop\project kak eka\sidekat\system\Common.php(1089): CodeIgniter\View\View->render('pages/dashboard', Array, true)
#4 C:\Users\XIANGLU\Desktop\project kak eka\sidekat\app\Controllers\Dashboard.php(21): view('pages/dashboard', Array)
#5 C:\Users\XIANGLU\Desktop\project kak eka\sidekat\system\CodeIgniter.php(832): App\Controllers\Dashboard->index()
#6 C:\Users\XIANGLU\Desktop\project kak eka\sidekat\system\CodeIgniter.php(419): CodeIgniter\CodeIgniter->runController(Object(App\Controllers\Dashboard))
#7 C:\Users\XIANGLU\Desktop\project kak eka\sidekat\system\CodeIgniter.php(326): CodeIgniter\CodeIgniter->handleRequest(NULL, Object(Config\Cache), false)
#8 C:\Users\XIANGLU\Desktop\project kak eka\sidekat\public\index.php(37): CodeIgniter\CodeIgniter->run()
#9 C:\Users\XIANGLU\Desktop\project kak eka\sidekat\system\Commands\Server\rewrite.php(43): require_once('C:\\Users\\XIANGL...')
#10 {main}
CRITICAL - 2022-08-28 14:13:56 --> Undefined index: konstruksi
#0 C:\Users\XIANGLU\Desktop\project kak eka\sidekat\app\Views\pages\dashboard.php(21): CodeIgniter\Debug\Exceptions->errorHandler(8, 'Undefined index...', 'C:\\Users\\XIANGL...', 21, Array)
#1 C:\Users\XIANGLU\Desktop\project kak eka\sidekat\system\View\View.php(210): include('C:\\Users\\XIANGL...')
#2 C:\Users\XIANGLU\Desktop\project kak eka\sidekat\system\View\View.php(213): CodeIgniter\View\View->CodeIgniter\View\{closure}()
#3 C:\Users\XIANGLU\Desktop\project kak eka\sidekat\system\Common.php(1089): CodeIgniter\View\View->render('pages/dashboard', Array, true)
#4 C:\Users\XIANGLU\Desktop\project kak eka\sidekat\app\Controllers\Dashboard.php(21): view('pages/dashboard', Array)
#5 C:\Users\XIANGLU\Desktop\project kak eka\sidekat\system\CodeIgniter.php(832): App\Controllers\Dashboard->index()
#6 C:\Users\XIANGLU\Desktop\project kak eka\sidekat\system\CodeIgniter.php(419): CodeIgniter\CodeIgniter->runController(Object(App\Controllers\Dashboard))
#7 C:\Users\XIANGLU\Desktop\project kak eka\sidekat\system\CodeIgniter.php(326): CodeIgniter\CodeIgniter->handleRequest(NULL, Object(Config\Cache), false)
#8 C:\Users\XIANGLU\Desktop\project kak eka\sidekat\public\index.php(37): CodeIgniter\CodeIgniter->run()
#9 C:\Users\XIANGLU\Desktop\project kak eka\sidekat\system\Commands\Server\rewrite.php(43): require_once('C:\\Users\\XIANGL...')
#10 {main}
