ERROR - 2022-09-02 15:32:37 --> Unknown column 'nip' in 'where clause'
CRITICAL - 2022-09-02 15:32:37 --> Unknown column 'nip' in 'where clause'
#0 C:\Users\XIANGLU\Desktop\Rakha\projectRakha\system\Database\MySQLi\Connection.php(292): mysqli->query('SELECT `account...', 0)
#1 C:\Users\XIANGLU\Desktop\Rakha\projectRakha\system\Database\BaseConnection.php(670): CodeIgniter\Database\MySQLi\Connection->execute('SELECT `account...')
#2 C:\Users\XIANGLU\Desktop\Rakha\projectRakha\system\Database\BaseConnection.php(598): CodeIgniter\Database\BaseConnection->simpleQuery('SELECT `account...')
#3 C:\Users\XIANGLU\Desktop\Rakha\projectRakha\system\Database\BaseBuilder.php(1455): CodeIgniter\Database\BaseConnection->query('SELECT `account...', Array, false)
#4 C:\Users\XIANGLU\Desktop\Rakha\projectRakha\system\Model.php(210): CodeIgniter\Database\BaseBuilder->get()
#5 C:\Users\XIANGLU\Desktop\Rakha\projectRakha\system\BaseModel.php(622): CodeIgniter\Model->doFirst()
#6 C:\Users\XIANGLU\Desktop\Rakha\projectRakha\app\Models\AccountModel.php(50): CodeIgniter\BaseModel->first()
#7 C:\Users\XIANGLU\Desktop\Rakha\projectRakha\app\Controllers\Login.php(28): App\Models\AccountModel->getNip('147108170494002...')
#8 C:\Users\XIANGLU\Desktop\Rakha\projectRakha\system\CodeIgniter.php(832): App\Controllers\login->proses()
#9 C:\Users\XIANGLU\Desktop\Rakha\projectRakha\system\CodeIgniter.php(419): CodeIgniter\CodeIgniter->runController(Object(App\Controllers\login))
#10 C:\Users\XIANGLU\Desktop\Rakha\projectRakha\system\CodeIgniter.php(326): CodeIgniter\CodeIgniter->handleRequest(NULL, Object(Config\Cache), false)
#11 C:\Users\XIANGLU\Desktop\Rakha\projectRakha\public\index.php(37): CodeIgniter\CodeIgniter->run()
#12 C:\Users\XIANGLU\Desktop\Rakha\projectRakha\system\Commands\Server\rewrite.php(43): require_once('C:\\Users\\XIANGL...')
#13 {main}
ERROR - 2022-09-02 15:34:41 --> Unknown column 'nip' in 'where clause'
CRITICAL - 2022-09-02 15:34:41 --> Unknown column 'nip' in 'where clause'
#0 C:\Users\XIANGLU\Desktop\Rakha\projectRakha\system\Database\MySQLi\Connection.php(292): mysqli->query('SELECT `account...', 0)
#1 C:\Users\XIANGLU\Desktop\Rakha\projectRakha\system\Database\BaseConnection.php(670): CodeIgniter\Database\MySQLi\Connection->execute('SELECT `account...')
#2 C:\Users\XIANGLU\Desktop\Rakha\projectRakha\system\Database\BaseConnection.php(598): CodeIgniter\Database\BaseConnection->simpleQuery('SELECT `account...')
#3 C:\Users\XIANGLU\Desktop\Rakha\projectRakha\system\Database\BaseBuilder.php(1455): CodeIgniter\Database\BaseConnection->query('SELECT `account...', Array, false)
#4 C:\Users\XIANGLU\Desktop\Rakha\projectRakha\system\Model.php(210): CodeIgniter\Database\BaseBuilder->get()
#5 C:\Users\XIANGLU\Desktop\Rakha\projectRakha\system\BaseModel.php(622): CodeIgniter\Model->doFirst()
#6 C:\Users\XIANGLU\Desktop\Rakha\projectRakha\app\Models\AccountModel.php(50): CodeIgniter\BaseModel->first()
#7 C:\Users\XIANGLU\Desktop\Rakha\projectRakha\app\Controllers\Login.php(28): App\Models\AccountModel->getNip('147108170494002...')
#8 C:\Users\XIANGLU\Desktop\Rakha\projectRakha\system\CodeIgniter.php(832): App\Controllers\login->proses()
#9 C:\Users\XIANGLU\Desktop\Rakha\projectRakha\system\CodeIgniter.php(419): CodeIgniter\CodeIgniter->runController(Object(App\Controllers\login))
#10 C:\Users\XIANGLU\Desktop\Rakha\projectRakha\system\CodeIgniter.php(326): CodeIgniter\CodeIgniter->handleRequest(NULL, Object(Config\Cache), false)
#11 C:\Users\XIANGLU\Desktop\Rakha\projectRakha\public\index.php(37): CodeIgniter\CodeIgniter->run()
#12 C:\Users\XIANGLU\Desktop\Rakha\projectRakha\system\Commands\Server\rewrite.php(43): require_once('C:\\Users\\XIANGL...')
#13 {main}
ERROR - 2022-09-02 15:35:43 --> Table 'db_rakha.konstruksi' doesn't exist
CRITICAL - 2022-09-02 15:35:43 --> Table 'db_rakha.konstruksi' doesn't exist
#0 C:\Users\XIANGLU\Desktop\Rakha\projectRakha\system\Database\MySQLi\Connection.php(292): mysqli->query('SELECT count(id...', 0)
#1 C:\Users\XIANGLU\Desktop\Rakha\projectRakha\system\Database\BaseConnection.php(670): CodeIgniter\Database\MySQLi\Connection->execute('SELECT count(id...')
#2 C:\Users\XIANGLU\Desktop\Rakha\projectRakha\system\Database\BaseConnection.php(598): CodeIgniter\Database\BaseConnection->simpleQuery('SELECT count(id...')
#3 C:\Users\XIANGLU\Desktop\Rakha\projectRakha\system\Database\BaseBuilder.php(1455): CodeIgniter\Database\BaseConnection->query('SELECT count(id...', Array, false)
#4 C:\Users\XIANGLU\Desktop\Rakha\projectRakha\system\Model.php(210): CodeIgniter\Database\BaseBuilder->get()
#5 C:\Users\XIANGLU\Desktop\Rakha\projectRakha\system\BaseModel.php(622): CodeIgniter\Model->doFirst()
#6 C:\Users\XIANGLU\Desktop\Rakha\projectRakha\app\Models\KonstruksiModel.php(40): CodeIgniter\BaseModel->first()
#7 C:\Users\XIANGLU\Desktop\Rakha\projectRakha\app\Controllers\Dashboard.php(16): App\Models\KonstruksiModel->getTotalDataKonstruksi()
#8 C:\Users\XIANGLU\Desktop\Rakha\projectRakha\system\CodeIgniter.php(832): App\Controllers\Dashboard->index()
#9 C:\Users\XIANGLU\Desktop\Rakha\projectRakha\system\CodeIgniter.php(419): CodeIgniter\CodeIgniter->runController(Object(App\Controllers\Dashboard))
#10 C:\Users\XIANGLU\Desktop\Rakha\projectRakha\system\CodeIgniter.php(326): CodeIgniter\CodeIgniter->handleRequest(NULL, Object(Config\Cache), false)
#11 C:\Users\XIANGLU\Desktop\Rakha\projectRakha\public\index.php(37): CodeIgniter\CodeIgniter->run()
#12 C:\Users\XIANGLU\Desktop\Rakha\projectRakha\system\Commands\Server\rewrite.php(43): require_once('C:\\Users\\XIANGL...')
#13 {main}
CRITICAL - 2022-09-02 15:38:16 --> Undefined variable: totalDataKonstruksi
#0 C:\Users\XIANGLU\Desktop\Rakha\projectRakha\app\Views\pages\dashboard.php(21): CodeIgniter\Debug\Exceptions->errorHandler(8, 'Undefined varia...', 'C:\\Users\\XIANGL...', 21, Array)
#1 C:\Users\XIANGLU\Desktop\Rakha\projectRakha\system\View\View.php(210): include('C:\\Users\\XIANGL...')
#2 C:\Users\XIANGLU\Desktop\Rakha\projectRakha\system\View\View.php(213): CodeIgniter\View\View->CodeIgniter\View\{closure}()
#3 C:\Users\XIANGLU\Desktop\Rakha\projectRakha\system\Common.php(1089): CodeIgniter\View\View->render('pages/dashboard', Array, true)
#4 C:\Users\XIANGLU\Desktop\Rakha\projectRakha\app\Controllers\Dashboard.php(15): view('pages/dashboard', Array)
#5 C:\Users\XIANGLU\Desktop\Rakha\projectRakha\system\CodeIgniter.php(832): App\Controllers\Dashboard->index()
#6 C:\Users\XIANGLU\Desktop\Rakha\projectRakha\system\CodeIgniter.php(419): CodeIgniter\CodeIgniter->runController(Object(App\Controllers\Dashboard))
#7 C:\Users\XIANGLU\Desktop\Rakha\projectRakha\system\CodeIgniter.php(326): CodeIgniter\CodeIgniter->handleRequest(NULL, Object(Config\Cache), false)
#8 C:\Users\XIANGLU\Desktop\Rakha\projectRakha\public\index.php(37): CodeIgniter\CodeIgniter->run()
#9 C:\Users\XIANGLU\Desktop\Rakha\projectRakha\system\Commands\Server\rewrite.php(43): require_once('C:\\Users\\XIANGL...')
#10 {main}
CRITICAL - 2022-09-02 15:53:54 --> Undefined index: nip
#0 C:\Users\XIANGLU\Desktop\Rakha\projectRakha\app\Views\pages\profileView.php(25): CodeIgniter\Debug\Exceptions->errorHandler(8, 'Undefined index...', 'C:\\Users\\XIANGL...', 25, Array)
#1 C:\Users\XIANGLU\Desktop\Rakha\projectRakha\system\View\View.php(210): include('C:\\Users\\XIANGL...')
#2 C:\Users\XIANGLU\Desktop\Rakha\projectRakha\system\View\View.php(213): CodeIgniter\View\View->CodeIgniter\View\{closure}()
#3 C:\Users\XIANGLU\Desktop\Rakha\projectRakha\system\Common.php(1089): CodeIgniter\View\View->render('pages/profileVi...', Array, true)
#4 C:\Users\XIANGLU\Desktop\Rakha\projectRakha\app\Controllers\Profile.php(18): view('pages/profileVi...', Array)
#5 C:\Users\XIANGLU\Desktop\Rakha\projectRakha\system\CodeIgniter.php(832): App\Controllers\Profile->index('20')
#6 C:\Users\XIANGLU\Desktop\Rakha\projectRakha\system\CodeIgniter.php(419): CodeIgniter\CodeIgniter->runController(Object(App\Controllers\Profile))
#7 C:\Users\XIANGLU\Desktop\Rakha\projectRakha\system\CodeIgniter.php(326): CodeIgniter\CodeIgniter->handleRequest(NULL, Object(Config\Cache), false)
#8 C:\Users\XIANGLU\Desktop\Rakha\projectRakha\public\index.php(37): CodeIgniter\CodeIgniter->run()
#9 C:\Users\XIANGLU\Desktop\Rakha\projectRakha\system\Commands\Server\rewrite.php(43): require_once('C:\\Users\\XIANGL...')
#10 {main}
CRITICAL - 2022-09-02 15:54:42 --> Undefined index: nip
#0 C:\Users\XIANGLU\Desktop\Rakha\projectRakha\app\Views\pages\profileView.php(25): CodeIgniter\Debug\Exceptions->errorHandler(8, 'Undefined index...', 'C:\\Users\\XIANGL...', 25, Array)
#1 C:\Users\XIANGLU\Desktop\Rakha\projectRakha\system\View\View.php(210): include('C:\\Users\\XIANGL...')
#2 C:\Users\XIANGLU\Desktop\Rakha\projectRakha\system\View\View.php(213): CodeIgniter\View\View->CodeIgniter\View\{closure}()
#3 C:\Users\XIANGLU\Desktop\Rakha\projectRakha\system\Common.php(1089): CodeIgniter\View\View->render('pages/profileVi...', Array, true)
#4 C:\Users\XIANGLU\Desktop\Rakha\projectRakha\app\Controllers\Profile.php(18): view('pages/profileVi...', Array)
#5 C:\Users\XIANGLU\Desktop\Rakha\projectRakha\system\CodeIgniter.php(832): App\Controllers\Profile->index('20')
#6 C:\Users\XIANGLU\Desktop\Rakha\projectRakha\system\CodeIgniter.php(419): CodeIgniter\CodeIgniter->runController(Object(App\Controllers\Profile))
#7 C:\Users\XIANGLU\Desktop\Rakha\projectRakha\system\CodeIgniter.php(326): CodeIgniter\CodeIgniter->handleRequest(NULL, Object(Config\Cache), false)
#8 C:\Users\XIANGLU\Desktop\Rakha\projectRakha\public\index.php(37): CodeIgniter\CodeIgniter->run()
#9 C:\Users\XIANGLU\Desktop\Rakha\projectRakha\system\Commands\Server\rewrite.php(43): require_once('C:\\Users\\XIANGL...')
#10 {main}
CRITICAL - 2022-09-02 15:54:55 --> Undefined index: nip
#0 C:\Users\XIANGLU\Desktop\Rakha\projectRakha\app\Views\pages\profileView.php(25): CodeIgniter\Debug\Exceptions->errorHandler(8, 'Undefined index...', 'C:\\Users\\XIANGL...', 25, Array)
#1 C:\Users\XIANGLU\Desktop\Rakha\projectRakha\system\View\View.php(210): include('C:\\Users\\XIANGL...')
#2 C:\Users\XIANGLU\Desktop\Rakha\projectRakha\system\View\View.php(213): CodeIgniter\View\View->CodeIgniter\View\{closure}()
#3 C:\Users\XIANGLU\Desktop\Rakha\projectRakha\system\Common.php(1089): CodeIgniter\View\View->render('pages/profileVi...', Array, true)
#4 C:\Users\XIANGLU\Desktop\Rakha\projectRakha\app\Controllers\Profile.php(18): view('pages/profileVi...', Array)
#5 C:\Users\XIANGLU\Desktop\Rakha\projectRakha\system\CodeIgniter.php(832): App\Controllers\Profile->index('20')
#6 C:\Users\XIANGLU\Desktop\Rakha\projectRakha\system\CodeIgniter.php(419): CodeIgniter\CodeIgniter->runController(Object(App\Controllers\Profile))
#7 C:\Users\XIANGLU\Desktop\Rakha\projectRakha\system\CodeIgniter.php(326): CodeIgniter\CodeIgniter->handleRequest(NULL, Object(Config\Cache), false)
#8 C:\Users\XIANGLU\Desktop\Rakha\projectRakha\public\index.php(37): CodeIgniter\CodeIgniter->run()
#9 C:\Users\XIANGLU\Desktop\Rakha\projectRakha\system\Commands\Server\rewrite.php(43): require_once('C:\\Users\\XIANGL...')
#10 {main}
CRITICAL - 2022-09-02 15:55:52 --> Undefined index: jenis_kelamin
#0 C:\Users\XIANGLU\Desktop\Rakha\projectRakha\app\Views\pages\profileView.php(32): CodeIgniter\Debug\Exceptions->errorHandler(8, 'Undefined index...', 'C:\\Users\\XIANGL...', 32, Array)
#1 C:\Users\XIANGLU\Desktop\Rakha\projectRakha\system\View\View.php(210): include('C:\\Users\\XIANGL...')
#2 C:\Users\XIANGLU\Desktop\Rakha\projectRakha\system\View\View.php(213): CodeIgniter\View\View->CodeIgniter\View\{closure}()
#3 C:\Users\XIANGLU\Desktop\Rakha\projectRakha\system\Common.php(1089): CodeIgniter\View\View->render('pages/profileVi...', Array, true)
#4 C:\Users\XIANGLU\Desktop\Rakha\projectRakha\app\Controllers\Profile.php(18): view('pages/profileVi...', Array)
#5 C:\Users\XIANGLU\Desktop\Rakha\projectRakha\system\CodeIgniter.php(832): App\Controllers\Profile->index('20')
#6 C:\Users\XIANGLU\Desktop\Rakha\projectRakha\system\CodeIgniter.php(419): CodeIgniter\CodeIgniter->runController(Object(App\Controllers\Profile))
#7 C:\Users\XIANGLU\Desktop\Rakha\projectRakha\system\CodeIgniter.php(326): CodeIgniter\CodeIgniter->handleRequest(NULL, Object(Config\Cache), false)
#8 C:\Users\XIANGLU\Desktop\Rakha\projectRakha\public\index.php(37): CodeIgniter\CodeIgniter->run()
#9 C:\Users\XIANGLU\Desktop\Rakha\projectRakha\system\Commands\Server\rewrite.php(43): require_once('C:\\Users\\XIANGL...')
#10 {main}
CRITICAL - 2022-09-02 16:00:12 --> Trying to access array offset on value of type null
#0 C:\Users\XIANGLU\Desktop\Rakha\projectRakha\app\Views\pages\profileView.php(23): CodeIgniter\Debug\Exceptions->errorHandler(8, 'Trying to acces...', 'C:\\Users\\XIANGL...', 23, Array)
#1 C:\Users\XIANGLU\Desktop\Rakha\projectRakha\system\View\View.php(210): include('C:\\Users\\XIANGL...')
#2 C:\Users\XIANGLU\Desktop\Rakha\projectRakha\system\View\View.php(213): CodeIgniter\View\View->CodeIgniter\View\{closure}()
#3 C:\Users\XIANGLU\Desktop\Rakha\projectRakha\system\Common.php(1089): CodeIgniter\View\View->render('pages/profileVi...', Array, true)
#4 C:\Users\XIANGLU\Desktop\Rakha\projectRakha\app\Controllers\Profile.php(18): view('pages/profileVi...', Array)
#5 C:\Users\XIANGLU\Desktop\Rakha\projectRakha\system\CodeIgniter.php(832): App\Controllers\Profile->index('20')
#6 C:\Users\XIANGLU\Desktop\Rakha\projectRakha\system\CodeIgniter.php(419): CodeIgniter\CodeIgniter->runController(Object(App\Controllers\Profile))
#7 C:\Users\XIANGLU\Desktop\Rakha\projectRakha\system\CodeIgniter.php(326): CodeIgniter\CodeIgniter->handleRequest(NULL, Object(Config\Cache), false)
#8 C:\Users\XIANGLU\Desktop\Rakha\projectRakha\public\index.php(37): CodeIgniter\CodeIgniter->run()
#9 C:\Users\XIANGLU\Desktop\Rakha\projectRakha\system\Commands\Server\rewrite.php(43): require_once('C:\\Users\\XIANGL...')
#10 {main}
CRITICAL - 2022-09-02 16:03:30 --> Trying to access array offset on value of type null
#0 C:\Users\XIANGLU\Desktop\Rakha\projectRakha\app\Views\pages\profileView.php(23): CodeIgniter\Debug\Exceptions->errorHandler(8, 'Trying to acces...', 'C:\\Users\\XIANGL...', 23, Array)
#1 C:\Users\XIANGLU\Desktop\Rakha\projectRakha\system\View\View.php(210): include('C:\\Users\\XIANGL...')
#2 C:\Users\XIANGLU\Desktop\Rakha\projectRakha\system\View\View.php(213): CodeIgniter\View\View->CodeIgniter\View\{closure}()
#3 C:\Users\XIANGLU\Desktop\Rakha\projectRakha\system\Common.php(1089): CodeIgniter\View\View->render('pages/profileVi...', Array, true)
#4 C:\Users\XIANGLU\Desktop\Rakha\projectRakha\app\Controllers\Profile.php(17): view('pages/profileVi...', Array)
#5 C:\Users\XIANGLU\Desktop\Rakha\projectRakha\system\CodeIgniter.php(832): App\Controllers\Profile->index('20')
#6 C:\Users\XIANGLU\Desktop\Rakha\projectRakha\system\CodeIgniter.php(419): CodeIgniter\CodeIgniter->runController(Object(App\Controllers\Profile))
#7 C:\Users\XIANGLU\Desktop\Rakha\projectRakha\system\CodeIgniter.php(326): CodeIgniter\CodeIgniter->handleRequest(NULL, Object(Config\Cache), false)
#8 C:\Users\XIANGLU\Desktop\Rakha\projectRakha\public\index.php(37): CodeIgniter\CodeIgniter->run()
#9 C:\Users\XIANGLU\Desktop\Rakha\projectRakha\system\Commands\Server\rewrite.php(43): require_once('C:\\Users\\XIANGL...')
#10 {main}
CRITICAL - 2022-09-02 16:04:22 --> Trying to access array offset on value of type null
#0 C:\Users\XIANGLU\Desktop\Rakha\projectRakha\app\Views\pages\profileView.php(23): CodeIgniter\Debug\Exceptions->errorHandler(8, 'Trying to acces...', 'C:\\Users\\XIANGL...', 23, Array)
#1 C:\Users\XIANGLU\Desktop\Rakha\projectRakha\system\View\View.php(210): include('C:\\Users\\XIANGL...')
#2 C:\Users\XIANGLU\Desktop\Rakha\projectRakha\system\View\View.php(213): CodeIgniter\View\View->CodeIgniter\View\{closure}()
#3 C:\Users\XIANGLU\Desktop\Rakha\projectRakha\system\Common.php(1089): CodeIgniter\View\View->render('pages/profileVi...', Array, true)
#4 C:\Users\XIANGLU\Desktop\Rakha\projectRakha\app\Controllers\Profile.php(17): view('pages/profileVi...', Array)
#5 C:\Users\XIANGLU\Desktop\Rakha\projectRakha\system\CodeIgniter.php(832): App\Controllers\Profile->index('20')
#6 C:\Users\XIANGLU\Desktop\Rakha\projectRakha\system\CodeIgniter.php(419): CodeIgniter\CodeIgniter->runController(Object(App\Controllers\Profile))
#7 C:\Users\XIANGLU\Desktop\Rakha\projectRakha\system\CodeIgniter.php(326): CodeIgniter\CodeIgniter->handleRequest(NULL, Object(Config\Cache), false)
#8 C:\Users\XIANGLU\Desktop\Rakha\projectRakha\public\index.php(37): CodeIgniter\CodeIgniter->run()
#9 C:\Users\XIANGLU\Desktop\Rakha\projectRakha\system\Commands\Server\rewrite.php(43): require_once('C:\\Users\\XIANGL...')
#10 {main}
CRITICAL - 2022-09-02 16:04:31 --> Call to undefined method App\Models\AccountModel::getNik
#0 C:\Users\XIANGLU\Desktop\Rakha\projectRakha\app\Controllers\Login.php(28): CodeIgniter\Model->__call('getNik', Array)
#1 C:\Users\XIANGLU\Desktop\Rakha\projectRakha\system\CodeIgniter.php(832): App\Controllers\login->proses()
#2 C:\Users\XIANGLU\Desktop\Rakha\projectRakha\system\CodeIgniter.php(419): CodeIgniter\CodeIgniter->runController(Object(App\Controllers\login))
#3 C:\Users\XIANGLU\Desktop\Rakha\projectRakha\system\CodeIgniter.php(326): CodeIgniter\CodeIgniter->handleRequest(NULL, Object(Config\Cache), false)
#4 C:\Users\XIANGLU\Desktop\Rakha\projectRakha\public\index.php(37): CodeIgniter\CodeIgniter->run()
#5 C:\Users\XIANGLU\Desktop\Rakha\projectRakha\system\Commands\Server\rewrite.php(43): require_once('C:\\Users\\XIANGL...')
#6 {main}
CRITICAL - 2022-09-02 16:11:51 --> Undefined index: nip
#0 C:\Users\XIANGLU\Desktop\Rakha\projectRakha\app\Views\pages\adminView.php(52): CodeIgniter\Debug\Exceptions->errorHandler(8, 'Undefined index...', 'C:\\Users\\XIANGL...', 52, Array)
#1 C:\Users\XIANGLU\Desktop\Rakha\projectRakha\system\View\View.php(210): include('C:\\Users\\XIANGL...')
#2 C:\Users\XIANGLU\Desktop\Rakha\projectRakha\system\View\View.php(213): CodeIgniter\View\View->CodeIgniter\View\{closure}()
#3 C:\Users\XIANGLU\Desktop\Rakha\projectRakha\system\Common.php(1089): CodeIgniter\View\View->render('pages/adminView', Array, true)
#4 C:\Users\XIANGLU\Desktop\Rakha\projectRakha\app\Controllers\Admin.php(22): view('pages/adminView', Array)
#5 C:\Users\XIANGLU\Desktop\Rakha\projectRakha\system\CodeIgniter.php(832): App\Controllers\Admin->index()
#6 C:\Users\XIANGLU\Desktop\Rakha\projectRakha\system\CodeIgniter.php(419): CodeIgniter\CodeIgniter->runController(Object(App\Controllers\Admin))
#7 C:\Users\XIANGLU\Desktop\Rakha\projectRakha\system\CodeIgniter.php(326): CodeIgniter\CodeIgniter->handleRequest(NULL, Object(Config\Cache), false)
#8 C:\Users\XIANGLU\Desktop\Rakha\projectRakha\public\index.php(37): CodeIgniter\CodeIgniter->run()
#9 C:\Users\XIANGLU\Desktop\Rakha\projectRakha\system\Commands\Server\rewrite.php(43): require_once('C:\\Users\\XIANGL...')
#10 {main}
CRITICAL - 2022-09-02 16:12:46 --> Undefined index: nip
#0 C:\Users\XIANGLU\Desktop\Rakha\projectRakha\app\Views\pages\accountDetail.php(19): CodeIgniter\Debug\Exceptions->errorHandler(8, 'Undefined index...', 'C:\\Users\\XIANGL...', 19, Array)
#1 C:\Users\XIANGLU\Desktop\Rakha\projectRakha\system\View\View.php(210): include('C:\\Users\\XIANGL...')
#2 C:\Users\XIANGLU\Desktop\Rakha\projectRakha\system\View\View.php(213): CodeIgniter\View\View->CodeIgniter\View\{closure}()
#3 C:\Users\XIANGLU\Desktop\Rakha\projectRakha\system\Common.php(1089): CodeIgniter\View\View->render('pages/accountDe...', Array, true)
#4 C:\Users\XIANGLU\Desktop\Rakha\projectRakha\app\Controllers\Admin.php(35): view('pages/accountDe...', Array)
#5 C:\Users\XIANGLU\Desktop\Rakha\projectRakha\system\CodeIgniter.php(832): App\Controllers\Admin->detail('1')
#6 C:\Users\XIANGLU\Desktop\Rakha\projectRakha\system\CodeIgniter.php(419): CodeIgniter\CodeIgniter->runController(Object(App\Controllers\Admin))
#7 C:\Users\XIANGLU\Desktop\Rakha\projectRakha\system\CodeIgniter.php(326): CodeIgniter\CodeIgniter->handleRequest(NULL, Object(Config\Cache), false)
#8 C:\Users\XIANGLU\Desktop\Rakha\projectRakha\public\index.php(37): CodeIgniter\CodeIgniter->run()
#9 C:\Users\XIANGLU\Desktop\Rakha\projectRakha\system\Commands\Server\rewrite.php(43): require_once('C:\\Users\\XIANGL...')
#10 {main}
CRITICAL - 2022-09-02 16:13:18 --> Undefined index: nip
#0 C:\Users\XIANGLU\Desktop\Rakha\projectRakha\app\Views\pages\accountDetail.php(19): CodeIgniter\Debug\Exceptions->errorHandler(8, 'Undefined index...', 'C:\\Users\\XIANGL...', 19, Array)
#1 C:\Users\XIANGLU\Desktop\Rakha\projectRakha\system\View\View.php(210): include('C:\\Users\\XIANGL...')
#2 C:\Users\XIANGLU\Desktop\Rakha\projectRakha\system\View\View.php(213): CodeIgniter\View\View->CodeIgniter\View\{closure}()
#3 C:\Users\XIANGLU\Desktop\Rakha\projectRakha\system\Common.php(1089): CodeIgniter\View\View->render('pages/accountDe...', Array, true)
#4 C:\Users\XIANGLU\Desktop\Rakha\projectRakha\app\Controllers\Admin.php(35): view('pages/accountDe...', Array)
#5 C:\Users\XIANGLU\Desktop\Rakha\projectRakha\system\CodeIgniter.php(832): App\Controllers\Admin->detail('1')
#6 C:\Users\XIANGLU\Desktop\Rakha\projectRakha\system\CodeIgniter.php(419): CodeIgniter\CodeIgniter->runController(Object(App\Controllers\Admin))
#7 C:\Users\XIANGLU\Desktop\Rakha\projectRakha\system\CodeIgniter.php(326): CodeIgniter\CodeIgniter->handleRequest(NULL, Object(Config\Cache), false)
#8 C:\Users\XIANGLU\Desktop\Rakha\projectRakha\public\index.php(37): CodeIgniter\CodeIgniter->run()
#9 C:\Users\XIANGLU\Desktop\Rakha\projectRakha\system\Commands\Server\rewrite.php(43): require_once('C:\\Users\\XIANGL...')
#10 {main}
CRITICAL - 2022-09-02 16:13:57 --> Undefined index: nip
#0 C:\Users\XIANGLU\Desktop\Rakha\projectRakha\app\Views\pages\accountEdit.php(23): CodeIgniter\Debug\Exceptions->errorHandler(8, 'Undefined index...', 'C:\\Users\\XIANGL...', 23, Array)
#1 C:\Users\XIANGLU\Desktop\Rakha\projectRakha\system\View\View.php(210): include('C:\\Users\\XIANGL...')
#2 C:\Users\XIANGLU\Desktop\Rakha\projectRakha\system\View\View.php(213): CodeIgniter\View\View->CodeIgniter\View\{closure}()
#3 C:\Users\XIANGLU\Desktop\Rakha\projectRakha\system\Common.php(1089): CodeIgniter\View\View->render('pages/accountEd...', Array, true)
#4 C:\Users\XIANGLU\Desktop\Rakha\projectRakha\app\Controllers\Admin.php(183): view('pages/accountEd...', Array)
#5 C:\Users\XIANGLU\Desktop\Rakha\projectRakha\system\CodeIgniter.php(832): App\Controllers\Admin->edit('1')
#6 C:\Users\XIANGLU\Desktop\Rakha\projectRakha\system\CodeIgniter.php(419): CodeIgniter\CodeIgniter->runController(Object(App\Controllers\Admin))
#7 C:\Users\XIANGLU\Desktop\Rakha\projectRakha\system\CodeIgniter.php(326): CodeIgniter\CodeIgniter->handleRequest(NULL, Object(Config\Cache), false)
#8 C:\Users\XIANGLU\Desktop\Rakha\projectRakha\public\index.php(37): CodeIgniter\CodeIgniter->run()
#9 C:\Users\XIANGLU\Desktop\Rakha\projectRakha\system\Commands\Server\rewrite.php(43): require_once('C:\\Users\\XIANGL...')
#10 {main}
CRITICAL - 2022-09-02 16:14:22 --> Undefined variable: jabatan
#0 C:\Users\XIANGLU\Desktop\Rakha\projectRakha\app\Views\pages\accountEdit.php(44): CodeIgniter\Debug\Exceptions->errorHandler(8, 'Undefined varia...', 'C:\\Users\\XIANGL...', 44, Array)
#1 C:\Users\XIANGLU\Desktop\Rakha\projectRakha\system\View\View.php(210): include('C:\\Users\\XIANGL...')
#2 C:\Users\XIANGLU\Desktop\Rakha\projectRakha\system\View\View.php(213): CodeIgniter\View\View->CodeIgniter\View\{closure}()
#3 C:\Users\XIANGLU\Desktop\Rakha\projectRakha\system\Common.php(1089): CodeIgniter\View\View->render('pages/accountEd...', Array, true)
#4 C:\Users\XIANGLU\Desktop\Rakha\projectRakha\app\Controllers\Admin.php(183): view('pages/accountEd...', Array)
#5 C:\Users\XIANGLU\Desktop\Rakha\projectRakha\system\CodeIgniter.php(832): App\Controllers\Admin->edit('1')
#6 C:\Users\XIANGLU\Desktop\Rakha\projectRakha\system\CodeIgniter.php(419): CodeIgniter\CodeIgniter->runController(Object(App\Controllers\Admin))
#7 C:\Users\XIANGLU\Desktop\Rakha\projectRakha\system\CodeIgniter.php(326): CodeIgniter\CodeIgniter->handleRequest(NULL, Object(Config\Cache), false)
#8 C:\Users\XIANGLU\Desktop\Rakha\projectRakha\public\index.php(37): CodeIgniter\CodeIgniter->run()
#9 C:\Users\XIANGLU\Desktop\Rakha\projectRakha\system\Commands\Server\rewrite.php(43): require_once('C:\\Users\\XIANGL...')
#10 {main}
CRITICAL - 2022-09-02 16:22:29 --> Undefined variable: jabatan
#0 C:\Users\XIANGLU\Desktop\Rakha\projectRakha\app\Views\pages\profileEdit.php(43): CodeIgniter\Debug\Exceptions->errorHandler(8, 'Undefined varia...', 'C:\\Users\\XIANGL...', 43, Array)
#1 C:\Users\XIANGLU\Desktop\Rakha\projectRakha\system\View\View.php(210): include('C:\\Users\\XIANGL...')
#2 C:\Users\XIANGLU\Desktop\Rakha\projectRakha\system\View\View.php(213): CodeIgniter\View\View->CodeIgniter\View\{closure}()
#3 C:\Users\XIANGLU\Desktop\Rakha\projectRakha\system\Common.php(1089): CodeIgniter\View\View->render('pages/profileEd...', Array, true)
#4 C:\Users\XIANGLU\Desktop\Rakha\projectRakha\app\Controllers\Profile.php(31): view('pages/profileEd...', Array)
#5 C:\Users\XIANGLU\Desktop\Rakha\projectRakha\system\CodeIgniter.php(832): App\Controllers\Profile->edit('1')
#6 C:\Users\XIANGLU\Desktop\Rakha\projectRakha\system\CodeIgniter.php(419): CodeIgniter\CodeIgniter->runController(Object(App\Controllers\Profile))
#7 C:\Users\XIANGLU\Desktop\Rakha\projectRakha\system\CodeIgniter.php(326): CodeIgniter\CodeIgniter->handleRequest(NULL, Object(Config\Cache), false)
#8 C:\Users\XIANGLU\Desktop\Rakha\projectRakha\public\index.php(37): CodeIgniter\CodeIgniter->run()
#9 C:\Users\XIANGLU\Desktop\Rakha\projectRakha\system\Commands\Server\rewrite.php(43): require_once('C:\\Users\\XIANGL...')
#10 {main}
CRITICAL - 2022-09-02 16:26:13 --> Undefined variable: jabatan
#0 C:\Users\XIANGLU\Desktop\Rakha\projectRakha\app\Views\pages\profileEdit.php(43): CodeIgniter\Debug\Exceptions->errorHandler(8, 'Undefined varia...', 'C:\\Users\\XIANGL...', 43, Array)
#1 C:\Users\XIANGLU\Desktop\Rakha\projectRakha\system\View\View.php(210): include('C:\\Users\\XIANGL...')
#2 C:\Users\XIANGLU\Desktop\Rakha\projectRakha\system\View\View.php(213): CodeIgniter\View\View->CodeIgniter\View\{closure}()
#3 C:\Users\XIANGLU\Desktop\Rakha\projectRakha\system\Common.php(1089): CodeIgniter\View\View->render('pages/profileEd...', Array, true)
#4 C:\Users\XIANGLU\Desktop\Rakha\projectRakha\app\Controllers\Profile.php(31): view('pages/profileEd...', Array)
#5 C:\Users\XIANGLU\Desktop\Rakha\projectRakha\system\CodeIgniter.php(832): App\Controllers\Profile->edit('1')
#6 C:\Users\XIANGLU\Desktop\Rakha\projectRakha\system\CodeIgniter.php(419): CodeIgniter\CodeIgniter->runController(Object(App\Controllers\Profile))
#7 C:\Users\XIANGLU\Desktop\Rakha\projectRakha\system\CodeIgniter.php(326): CodeIgniter\CodeIgniter->handleRequest(NULL, Object(Config\Cache), false)
#8 C:\Users\XIANGLU\Desktop\Rakha\projectRakha\public\index.php(37): CodeIgniter\CodeIgniter->run()
#9 C:\Users\XIANGLU\Desktop\Rakha\projectRakha\system\Commands\Server\rewrite.php(43): require_once('C:\\Users\\XIANGL...')
#10 {main}
CRITICAL - 2022-09-02 16:29:59 --> Too few arguments to function App\Controllers\Profile::index(), 0 passed in C:\Users\XIANGLU\Desktop\Rakha\projectRakha\system\CodeIgniter.php on line 832 and exactly 1 expected
#0 C:\Users\XIANGLU\Desktop\Rakha\projectRakha\system\CodeIgniter.php(832): App\Controllers\Profile->index()
#1 C:\Users\XIANGLU\Desktop\Rakha\projectRakha\system\CodeIgniter.php(419): CodeIgniter\CodeIgniter->runController(Object(App\Controllers\Profile))
#2 C:\Users\XIANGLU\Desktop\Rakha\projectRakha\system\CodeIgniter.php(326): CodeIgniter\CodeIgniter->handleRequest(NULL, Object(Config\Cache), false)
#3 C:\Users\XIANGLU\Desktop\Rakha\projectRakha\public\index.php(37): CodeIgniter\CodeIgniter->run()
#4 C:\Users\XIANGLU\Desktop\Rakha\projectRakha\system\Commands\Server\rewrite.php(43): require_once('C:\\Users\\XIANGL...')
#5 {main}
CRITICAL - 2022-09-02 16:30:31 --> Too few arguments to function App\Controllers\Profile::index(), 0 passed in C:\Users\XIANGLU\Desktop\Rakha\projectRakha\system\CodeIgniter.php on line 832 and exactly 1 expected
#0 C:\Users\XIANGLU\Desktop\Rakha\projectRakha\system\CodeIgniter.php(832): App\Controllers\Profile->index()
#1 C:\Users\XIANGLU\Desktop\Rakha\projectRakha\system\CodeIgniter.php(419): CodeIgniter\CodeIgniter->runController(Object(App\Controllers\Profile))
#2 C:\Users\XIANGLU\Desktop\Rakha\projectRakha\system\CodeIgniter.php(326): CodeIgniter\CodeIgniter->handleRequest(NULL, Object(Config\Cache), false)
#3 C:\Users\XIANGLU\Desktop\Rakha\projectRakha\public\index.php(37): CodeIgniter\CodeIgniter->run()
#4 C:\Users\XIANGLU\Desktop\Rakha\projectRakha\system\Commands\Server\rewrite.php(43): require_once('C:\\Users\\XIANGL...')
#5 {main}
CRITICAL - 2022-09-02 16:30:32 --> Invalid file: pages/profileEdit1.php
#0 C:\Users\XIANGLU\Desktop\Rakha\projectRakha\system\View\View.php(198): CodeIgniter\Exceptions\FrameworkException::forInvalidFile('pages/profileEd...')
#1 C:\Users\XIANGLU\Desktop\Rakha\projectRakha\system\Common.php(1089): CodeIgniter\View\View->render('pages/profileEd...', Array, true)
#2 C:\Users\XIANGLU\Desktop\Rakha\projectRakha\app\Controllers\Profile.php(32): view('pages/profileEd...', Array)
#3 C:\Users\XIANGLU\Desktop\Rakha\projectRakha\system\CodeIgniter.php(832): App\Controllers\Profile->edit('1')
#4 C:\Users\XIANGLU\Desktop\Rakha\projectRakha\system\CodeIgniter.php(419): CodeIgniter\CodeIgniter->runController(Object(App\Controllers\Profile))
#5 C:\Users\XIANGLU\Desktop\Rakha\projectRakha\system\CodeIgniter.php(326): CodeIgniter\CodeIgniter->handleRequest(NULL, Object(Config\Cache), false)
#6 C:\Users\XIANGLU\Desktop\Rakha\projectRakha\public\index.php(37): CodeIgniter\CodeIgniter->run()
#7 C:\Users\XIANGLU\Desktop\Rakha\projectRakha\system\Commands\Server\rewrite.php(43): require_once('C:\\Users\\XIANGL...')
#8 {main}
CRITICAL - 2022-09-02 16:30:36 --> Invalid file: pages/profileEdit1.php
#0 C:\Users\XIANGLU\Desktop\Rakha\projectRakha\system\View\View.php(198): CodeIgniter\Exceptions\FrameworkException::forInvalidFile('pages/profileEd...')
#1 C:\Users\XIANGLU\Desktop\Rakha\projectRakha\system\Common.php(1089): CodeIgniter\View\View->render('pages/profileEd...', Array, true)
#2 C:\Users\XIANGLU\Desktop\Rakha\projectRakha\app\Controllers\Profile.php(32): view('pages/profileEd...', Array)
#3 C:\Users\XIANGLU\Desktop\Rakha\projectRakha\system\CodeIgniter.php(832): App\Controllers\Profile->edit('1')
#4 C:\Users\XIANGLU\Desktop\Rakha\projectRakha\system\CodeIgniter.php(419): CodeIgniter\CodeIgniter->runController(Object(App\Controllers\Profile))
#5 C:\Users\XIANGLU\Desktop\Rakha\projectRakha\system\CodeIgniter.php(326): CodeIgniter\CodeIgniter->handleRequest(NULL, Object(Config\Cache), false)
#6 C:\Users\XIANGLU\Desktop\Rakha\projectRakha\public\index.php(37): CodeIgniter\CodeIgniter->run()
#7 C:\Users\XIANGLU\Desktop\Rakha\projectRakha\system\Commands\Server\rewrite.php(43): require_once('C:\\Users\\XIANGL...')
#8 {main}
CRITICAL - 2022-09-02 16:30:50 --> Invalid file: pages/profileEdit/1.php
#0 C:\Users\XIANGLU\Desktop\Rakha\projectRakha\system\View\View.php(198): CodeIgniter\Exceptions\FrameworkException::forInvalidFile('pages/profileEd...')
#1 C:\Users\XIANGLU\Desktop\Rakha\projectRakha\system\Common.php(1089): CodeIgniter\View\View->render('pages/profileEd...', Array, true)
#2 C:\Users\XIANGLU\Desktop\Rakha\projectRakha\app\Controllers\Profile.php(32): view('pages/profileEd...', Array)
#3 C:\Users\XIANGLU\Desktop\Rakha\projectRakha\system\CodeIgniter.php(832): App\Controllers\Profile->edit('1')
#4 C:\Users\XIANGLU\Desktop\Rakha\projectRakha\system\CodeIgniter.php(419): CodeIgniter\CodeIgniter->runController(Object(App\Controllers\Profile))
#5 C:\Users\XIANGLU\Desktop\Rakha\projectRakha\system\CodeIgniter.php(326): CodeIgniter\CodeIgniter->handleRequest(NULL, Object(Config\Cache), false)
#6 C:\Users\XIANGLU\Desktop\Rakha\projectRakha\public\index.php(37): CodeIgniter\CodeIgniter->run()
#7 C:\Users\XIANGLU\Desktop\Rakha\projectRakha\system\Commands\Server\rewrite.php(43): require_once('C:\\Users\\XIANGL...')
#8 {main}
CRITICAL - 2022-09-02 16:32:06 --> Too few arguments to function App\Controllers\Profile::index(), 0 passed in C:\Users\XIANGLU\Desktop\Rakha\projectRakha\system\CodeIgniter.php on line 832 and exactly 1 expected
#0 C:\Users\XIANGLU\Desktop\Rakha\projectRakha\system\CodeIgniter.php(832): App\Controllers\Profile->index()
#1 C:\Users\XIANGLU\Desktop\Rakha\projectRakha\system\CodeIgniter.php(419): CodeIgniter\CodeIgniter->runController(Object(App\Controllers\Profile))
#2 C:\Users\XIANGLU\Desktop\Rakha\projectRakha\system\CodeIgniter.php(326): CodeIgniter\CodeIgniter->handleRequest(NULL, Object(Config\Cache), false)
#3 C:\Users\XIANGLU\Desktop\Rakha\projectRakha\public\index.php(37): CodeIgniter\CodeIgniter->run()
#4 C:\Users\XIANGLU\Desktop\Rakha\projectRakha\system\Commands\Server\rewrite.php(43): require_once('C:\\Users\\XIANGL...')
#5 {main}
CRITICAL - 2022-09-02 16:32:37 --> Too few arguments to function App\Controllers\Profile::index(), 0 passed in C:\Users\XIANGLU\Desktop\Rakha\projectRakha\system\CodeIgniter.php on line 832 and exactly 1 expected
#0 C:\Users\XIANGLU\Desktop\Rakha\projectRakha\system\CodeIgniter.php(832): App\Controllers\Profile->index()
#1 C:\Users\XIANGLU\Desktop\Rakha\projectRakha\system\CodeIgniter.php(419): CodeIgniter\CodeIgniter->runController(Object(App\Controllers\Profile))
#2 C:\Users\XIANGLU\Desktop\Rakha\projectRakha\system\CodeIgniter.php(326): CodeIgniter\CodeIgniter->handleRequest(NULL, Object(Config\Cache), false)
#3 C:\Users\XIANGLU\Desktop\Rakha\projectRakha\public\index.php(37): CodeIgniter\CodeIgniter->run()
#4 C:\Users\XIANGLU\Desktop\Rakha\projectRakha\system\Commands\Server\rewrite.php(43): require_once('C:\\Users\\XIANGL...')
#5 {main}
CRITICAL - 2022-09-02 16:33:05 --> Too few arguments to function App\Controllers\Profile::index(), 0 passed in C:\Users\XIANGLU\Desktop\Rakha\projectRakha\system\CodeIgniter.php on line 832 and exactly 1 expected
#0 C:\Users\XIANGLU\Desktop\Rakha\projectRakha\system\CodeIgniter.php(832): App\Controllers\Profile->index()
#1 C:\Users\XIANGLU\Desktop\Rakha\projectRakha\system\CodeIgniter.php(419): CodeIgniter\CodeIgniter->runController(Object(App\Controllers\Profile))
#2 C:\Users\XIANGLU\Desktop\Rakha\projectRakha\system\CodeIgniter.php(326): CodeIgniter\CodeIgniter->handleRequest(NULL, Object(Config\Cache), false)
#3 C:\Users\XIANGLU\Desktop\Rakha\projectRakha\public\index.php(37): CodeIgniter\CodeIgniter->run()
#4 C:\Users\XIANGLU\Desktop\Rakha\projectRakha\system\Commands\Server\rewrite.php(43): require_once('C:\\Users\\XIANGL...')
#5 {main}
ERROR - 2022-09-02 17:17:49 --> Table 'db_rakha.masyararkat' doesn't exist
CRITICAL - 2022-09-02 17:17:49 --> Table 'db_rakha.masyararkat' doesn't exist
#0 C:\Users\XIANGLU\Desktop\Rakha\projectRakha\system\Database\MySQLi\Connection.php(292): mysqli->query('SELECT *\nFROM `...', 0)
#1 C:\Users\XIANGLU\Desktop\Rakha\projectRakha\system\Database\BaseConnection.php(670): CodeIgniter\Database\MySQLi\Connection->execute('SELECT *\nFROM `...')
#2 C:\Users\XIANGLU\Desktop\Rakha\projectRakha\system\Database\BaseConnection.php(598): CodeIgniter\Database\BaseConnection->simpleQuery('SELECT *\nFROM `...')
#3 C:\Users\XIANGLU\Desktop\Rakha\projectRakha\system\Database\BaseBuilder.php(1455): CodeIgniter\Database\BaseConnection->query('SELECT *\nFROM `...', Array, false)
#4 C:\Users\XIANGLU\Desktop\Rakha\projectRakha\system\Model.php(183): CodeIgniter\Database\BaseBuilder->get()
#5 C:\Users\XIANGLU\Desktop\Rakha\projectRakha\system\BaseModel.php(584): CodeIgniter\Model->doFindAll(0, 0)
#6 C:\Users\XIANGLU\Desktop\Rakha\projectRakha\app\Models\MasyarakatModel.php(31): CodeIgniter\BaseModel->findAll()
#7 C:\Users\XIANGLU\Desktop\Rakha\projectRakha\app\Controllers\Masyarakat.php(16): App\Models\MasyarakatModel->getMasyarakat()
#8 C:\Users\XIANGLU\Desktop\Rakha\projectRakha\system\CodeIgniter.php(832): App\Controllers\Masyarakat->index()
#9 C:\Users\XIANGLU\Desktop\Rakha\projectRakha\system\CodeIgniter.php(419): CodeIgniter\CodeIgniter->runController(Object(App\Controllers\Masyarakat))
#10 C:\Users\XIANGLU\Desktop\Rakha\projectRakha\system\CodeIgniter.php(326): CodeIgniter\CodeIgniter->handleRequest(NULL, Object(Config\Cache), false)
#11 C:\Users\XIANGLU\Desktop\Rakha\projectRakha\public\index.php(37): CodeIgniter\CodeIgniter->run()
#12 C:\Users\XIANGLU\Desktop\Rakha\projectRakha\system\Commands\Server\rewrite.php(43): require_once('C:\\Users\\XIANGL...')
#13 {main}
CRITICAL - 2022-09-02 17:18:39 --> Undefined variable: account
#0 C:\Users\XIANGLU\Desktop\Rakha\projectRakha\app\Views\pages\masyarakatView.php(48): CodeIgniter\Debug\Exceptions->errorHandler(8, 'Undefined varia...', 'C:\\Users\\XIANGL...', 48, Array)
#1 C:\Users\XIANGLU\Desktop\Rakha\projectRakha\system\View\View.php(210): include('C:\\Users\\XIANGL...')
#2 C:\Users\XIANGLU\Desktop\Rakha\projectRakha\system\View\View.php(213): CodeIgniter\View\View->CodeIgniter\View\{closure}()
#3 C:\Users\XIANGLU\Desktop\Rakha\projectRakha\system\Common.php(1089): CodeIgniter\View\View->render('pages/masyaraka...', Array, true)
#4 C:\Users\XIANGLU\Desktop\Rakha\projectRakha\app\Controllers\Masyarakat.php(19): view('pages/masyaraka...', Array)
#5 C:\Users\XIANGLU\Desktop\Rakha\projectRakha\system\CodeIgniter.php(832): App\Controllers\Masyarakat->index()
#6 C:\Users\XIANGLU\Desktop\Rakha\projectRakha\system\CodeIgniter.php(419): CodeIgniter\CodeIgniter->runController(Object(App\Controllers\Masyarakat))
#7 C:\Users\XIANGLU\Desktop\Rakha\projectRakha\system\CodeIgniter.php(326): CodeIgniter\CodeIgniter->handleRequest(NULL, Object(Config\Cache), false)
#8 C:\Users\XIANGLU\Desktop\Rakha\projectRakha\public\index.php(37): CodeIgniter\CodeIgniter->run()
#9 C:\Users\XIANGLU\Desktop\Rakha\projectRakha\system\Commands\Server\rewrite.php(43): require_once('C:\\Users\\XIANGL...')
#10 {main}
CRITICAL - 2022-09-02 17:25:38 --> Invalid file: pages/masyarakatAdd.php
#0 C:\Users\XIANGLU\Desktop\Rakha\projectRakha\system\View\View.php(198): CodeIgniter\Exceptions\FrameworkException::forInvalidFile('pages/masyaraka...')
#1 C:\Users\XIANGLU\Desktop\Rakha\projectRakha\system\Common.php(1089): CodeIgniter\View\View->render('pages/masyaraka...', Array, true)
#2 C:\Users\XIANGLU\Desktop\Rakha\projectRakha\app\Controllers\Masyarakat.php(46): view('pages/masyaraka...', Array)
#3 C:\Users\XIANGLU\Desktop\Rakha\projectRakha\system\CodeIgniter.php(832): App\Controllers\Masyarakat->Add()
#4 C:\Users\XIANGLU\Desktop\Rakha\projectRakha\system\CodeIgniter.php(419): CodeIgniter\CodeIgniter->runController(Object(App\Controllers\Masyarakat))
#5 C:\Users\XIANGLU\Desktop\Rakha\projectRakha\system\CodeIgniter.php(326): CodeIgniter\CodeIgniter->handleRequest(NULL, Object(Config\Cache), false)
#6 C:\Users\XIANGLU\Desktop\Rakha\projectRakha\public\index.php(37): CodeIgniter\CodeIgniter->run()
#7 C:\Users\XIANGLU\Desktop\Rakha\projectRakha\system\Commands\Server\rewrite.php(43): require_once('C:\\Users\\XIANGL...')
#8 {main}
CRITICAL - 2022-09-02 17:42:55 --> Undefined index: id_agama
#0 C:\Users\XIANGLU\Desktop\Rakha\projectRakha\app\Views\pages\masyarakatAdd.php(73): CodeIgniter\Debug\Exceptions->errorHandler(8, 'Undefined index...', 'C:\\Users\\XIANGL...', 73, Array)
#1 C:\Users\XIANGLU\Desktop\Rakha\projectRakha\system\View\View.php(210): include('C:\\Users\\XIANGL...')
#2 C:\Users\XIANGLU\Desktop\Rakha\projectRakha\system\View\View.php(213): CodeIgniter\View\View->CodeIgniter\View\{closure}()
#3 C:\Users\XIANGLU\Desktop\Rakha\projectRakha\system\Common.php(1089): CodeIgniter\View\View->render('pages/masyaraka...', Array, true)
#4 C:\Users\XIANGLU\Desktop\Rakha\projectRakha\app\Controllers\Masyarakat.php(46): view('pages/masyaraka...', Array)
#5 C:\Users\XIANGLU\Desktop\Rakha\projectRakha\system\CodeIgniter.php(832): App\Controllers\Masyarakat->Add()
#6 C:\Users\XIANGLU\Desktop\Rakha\projectRakha\system\CodeIgniter.php(419): CodeIgniter\CodeIgniter->runController(Object(App\Controllers\Masyarakat))
#7 C:\Users\XIANGLU\Desktop\Rakha\projectRakha\system\CodeIgniter.php(326): CodeIgniter\CodeIgniter->handleRequest(NULL, Object(Config\Cache), false)
#8 C:\Users\XIANGLU\Desktop\Rakha\projectRakha\public\index.php(37): CodeIgniter\CodeIgniter->run()
#9 C:\Users\XIANGLU\Desktop\Rakha\projectRakha\system\Commands\Server\rewrite.php(43): require_once('C:\\Users\\XIANGL...')
#10 {main}
CRITICAL - 2022-09-02 18:00:15 --> Undefined property: App\Controllers\Masyarakat::$AgamaModel
#0 C:\Users\XIANGLU\Desktop\Rakha\projectRakha\app\Controllers\Masyarakat.php(42): CodeIgniter\Debug\Exceptions->errorHandler(8, 'Undefined prope...', 'C:\\Users\\XIANGL...', 42, Array)
#1 C:\Users\XIANGLU\Desktop\Rakha\projectRakha\system\CodeIgniter.php(832): App\Controllers\Masyarakat->Add()
#2 C:\Users\XIANGLU\Desktop\Rakha\projectRakha\system\CodeIgniter.php(419): CodeIgniter\CodeIgniter->runController(Object(App\Controllers\Masyarakat))
#3 C:\Users\XIANGLU\Desktop\Rakha\projectRakha\system\CodeIgniter.php(326): CodeIgniter\CodeIgniter->handleRequest(NULL, Object(Config\Cache), false)
#4 C:\Users\XIANGLU\Desktop\Rakha\projectRakha\public\index.php(37): CodeIgniter\CodeIgniter->run()
#5 C:\Users\XIANGLU\Desktop\Rakha\projectRakha\system\Commands\Server\rewrite.php(43): require_once('C:\\Users\\XIANGL...')
#6 {main}
CRITICAL - 2022-09-02 18:24:52 --> Too few arguments to function CodeIgniter\HTTP\IncomingRequest::getFile(), 0 passed in C:\Users\XIANGLU\Desktop\Rakha\projectRakha\app\Controllers\Masyarakat.php on line 51 and exactly 1 expected
#0 C:\Users\XIANGLU\Desktop\Rakha\projectRakha\app\Controllers\Masyarakat.php(51): CodeIgniter\HTTP\IncomingRequest->getFile()
#1 C:\Users\XIANGLU\Desktop\Rakha\projectRakha\system\CodeIgniter.php(832): App\Controllers\Masyarakat->save()
#2 C:\Users\XIANGLU\Desktop\Rakha\projectRakha\system\CodeIgniter.php(419): CodeIgniter\CodeIgniter->runController(Object(App\Controllers\Masyarakat))
#3 C:\Users\XIANGLU\Desktop\Rakha\projectRakha\system\CodeIgniter.php(326): CodeIgniter\CodeIgniter->handleRequest(NULL, Object(Config\Cache), false)
#4 C:\Users\XIANGLU\Desktop\Rakha\projectRakha\public\index.php(37): CodeIgniter\CodeIgniter->run()
#5 C:\Users\XIANGLU\Desktop\Rakha\projectRakha\system\Commands\Server\rewrite.php(43): require_once('C:\\Users\\XIANGL...')
#6 {main}
CRITICAL - 2022-09-02 18:25:01 --> Too few arguments to function CodeIgniter\HTTP\IncomingRequest::getFile(), 0 passed in C:\Users\XIANGLU\Desktop\Rakha\projectRakha\app\Controllers\Masyarakat.php on line 51 and exactly 1 expected
#0 C:\Users\XIANGLU\Desktop\Rakha\projectRakha\app\Controllers\Masyarakat.php(51): CodeIgniter\HTTP\IncomingRequest->getFile()
#1 C:\Users\XIANGLU\Desktop\Rakha\projectRakha\system\CodeIgniter.php(832): App\Controllers\Masyarakat->save()
#2 C:\Users\XIANGLU\Desktop\Rakha\projectRakha\system\CodeIgniter.php(419): CodeIgniter\CodeIgniter->runController(Object(App\Controllers\Masyarakat))
#3 C:\Users\XIANGLU\Desktop\Rakha\projectRakha\system\CodeIgniter.php(326): CodeIgniter\CodeIgniter->handleRequest(NULL, Object(Config\Cache), false)
#4 C:\Users\XIANGLU\Desktop\Rakha\projectRakha\public\index.php(37): CodeIgniter\CodeIgniter->run()
#5 C:\Users\XIANGLU\Desktop\Rakha\projectRakha\system\Commands\Server\rewrite.php(43): require_once('C:\\Users\\XIANGL...')
#6 {main}
CRITICAL - 2022-09-02 18:32:14 --> Undefined index: id_account
#0 C:\Users\XIANGLU\Desktop\Rakha\projectRakha\app\Views\pages\masyarakatView.php(64): CodeIgniter\Debug\Exceptions->errorHandler(8, 'Undefined index...', 'C:\\Users\\XIANGL...', 64, Array)
#1 C:\Users\XIANGLU\Desktop\Rakha\projectRakha\system\View\View.php(210): include('C:\\Users\\XIANGL...')
#2 C:\Users\XIANGLU\Desktop\Rakha\projectRakha\system\View\View.php(213): CodeIgniter\View\View->CodeIgniter\View\{closure}()
#3 C:\Users\XIANGLU\Desktop\Rakha\projectRakha\system\Common.php(1089): CodeIgniter\View\View->render('pages/masyaraka...', Array, true)
#4 C:\Users\XIANGLU\Desktop\Rakha\projectRakha\app\Controllers\Masyarakat.php(19): view('pages/masyaraka...', Array)
#5 C:\Users\XIANGLU\Desktop\Rakha\projectRakha\system\CodeIgniter.php(832): App\Controllers\Masyarakat->index()
#6 C:\Users\XIANGLU\Desktop\Rakha\projectRakha\system\CodeIgniter.php(419): CodeIgniter\CodeIgniter->runController(Object(App\Controllers\Masyarakat))
#7 C:\Users\XIANGLU\Desktop\Rakha\projectRakha\system\CodeIgniter.php(326): CodeIgniter\CodeIgniter->handleRequest(NULL, Object(Config\Cache), false)
#8 C:\Users\XIANGLU\Desktop\Rakha\projectRakha\public\index.php(37): CodeIgniter\CodeIgniter->run()
#9 C:\Users\XIANGLU\Desktop\Rakha\projectRakha\system\Commands\Server\rewrite.php(43): require_once('C:\\Users\\XIANGL...')
#10 {main}
CRITICAL - 2022-09-02 18:32:53 --> Invalid file: pages/masyarakatDetail.php
#0 C:\Users\XIANGLU\Desktop\Rakha\projectRakha\system\View\View.php(198): CodeIgniter\Exceptions\FrameworkException::forInvalidFile('pages/masyaraka...')
#1 C:\Users\XIANGLU\Desktop\Rakha\projectRakha\system\Common.php(1089): CodeIgniter\View\View->render('pages/masyaraka...', Array, true)
#2 C:\Users\XIANGLU\Desktop\Rakha\projectRakha\app\Controllers\Masyarakat.php(32): view('pages/masyaraka...', Array)
#3 C:\Users\XIANGLU\Desktop\Rakha\projectRakha\system\CodeIgniter.php(832): App\Controllers\Masyarakat->detail('1')
#4 C:\Users\XIANGLU\Desktop\Rakha\projectRakha\system\CodeIgniter.php(419): CodeIgniter\CodeIgniter->runController(Object(App\Controllers\Masyarakat))
#5 C:\Users\XIANGLU\Desktop\Rakha\projectRakha\system\CodeIgniter.php(326): CodeIgniter\CodeIgniter->handleRequest(NULL, Object(Config\Cache), false)
#6 C:\Users\XIANGLU\Desktop\Rakha\projectRakha\public\index.php(37): CodeIgniter\CodeIgniter->run()
#7 C:\Users\XIANGLU\Desktop\Rakha\projectRakha\system\Commands\Server\rewrite.php(43): require_once('C:\\Users\\XIANGL...')
#8 {main}
CRITICAL - 2022-09-02 18:34:03 --> Undefined property: App\Controllers\Masyarakat::$AgamaModel
#0 C:\Users\XIANGLU\Desktop\Rakha\projectRakha\app\Controllers\Masyarakat.php(192): CodeIgniter\Debug\Exceptions->errorHandler(8, 'Undefined prope...', 'C:\\Users\\XIANGL...', 192, Array)
#1 C:\Users\XIANGLU\Desktop\Rakha\projectRakha\system\CodeIgniter.php(832): App\Controllers\Masyarakat->edit('1')
#2 C:\Users\XIANGLU\Desktop\Rakha\projectRakha\system\CodeIgniter.php(419): CodeIgniter\CodeIgniter->runController(Object(App\Controllers\Masyarakat))
#3 C:\Users\XIANGLU\Desktop\Rakha\projectRakha\system\CodeIgniter.php(326): CodeIgniter\CodeIgniter->handleRequest(NULL, Object(Config\Cache), false)
#4 C:\Users\XIANGLU\Desktop\Rakha\projectRakha\public\index.php(37): CodeIgniter\CodeIgniter->run()
#5 C:\Users\XIANGLU\Desktop\Rakha\projectRakha\system\Commands\Server\rewrite.php(43): require_once('C:\\Users\\XIANGL...')
#6 {main}
CRITICAL - 2022-09-02 18:34:36 --> Undefined variable: admin
#0 C:\Users\XIANGLU\Desktop\Rakha\projectRakha\app\Views\pages\masyarakatDetail.php(17): CodeIgniter\Debug\Exceptions->errorHandler(8, 'Undefined varia...', 'C:\\Users\\XIANGL...', 17, Array)
#1 C:\Users\XIANGLU\Desktop\Rakha\projectRakha\system\View\View.php(210): include('C:\\Users\\XIANGL...')
#2 C:\Users\XIANGLU\Desktop\Rakha\projectRakha\system\View\View.php(213): CodeIgniter\View\View->CodeIgniter\View\{closure}()
#3 C:\Users\XIANGLU\Desktop\Rakha\projectRakha\system\Common.php(1089): CodeIgniter\View\View->render('pages/masyaraka...', Array, true)
#4 C:\Users\XIANGLU\Desktop\Rakha\projectRakha\app\Controllers\Masyarakat.php(32): view('pages/masyaraka...', Array)
#5 C:\Users\XIANGLU\Desktop\Rakha\projectRakha\system\CodeIgniter.php(832): App\Controllers\Masyarakat->detail('1')
#6 C:\Users\XIANGLU\Desktop\Rakha\projectRakha\system\CodeIgniter.php(419): CodeIgniter\CodeIgniter->runController(Object(App\Controllers\Masyarakat))
#7 C:\Users\XIANGLU\Desktop\Rakha\projectRakha\system\CodeIgniter.php(326): CodeIgniter\CodeIgniter->handleRequest(NULL, Object(Config\Cache), false)
#8 C:\Users\XIANGLU\Desktop\Rakha\projectRakha\public\index.php(37): CodeIgniter\CodeIgniter->run()
#9 C:\Users\XIANGLU\Desktop\Rakha\projectRakha\system\Commands\Server\rewrite.php(43): require_once('C:\\Users\\XIANGL...')
#10 {main}
CRITICAL - 2022-09-02 18:35:44 --> Undefined index: foto_profil
#0 C:\Users\XIANGLU\Desktop\Rakha\projectRakha\app\Views\pages\masyarakatDetail.php(17): CodeIgniter\Debug\Exceptions->errorHandler(8, 'Undefined index...', 'C:\\Users\\XIANGL...', 17, Array)
#1 C:\Users\XIANGLU\Desktop\Rakha\projectRakha\system\View\View.php(210): include('C:\\Users\\XIANGL...')
#2 C:\Users\XIANGLU\Desktop\Rakha\projectRakha\system\View\View.php(213): CodeIgniter\View\View->CodeIgniter\View\{closure}()
#3 C:\Users\XIANGLU\Desktop\Rakha\projectRakha\system\Common.php(1089): CodeIgniter\View\View->render('pages/masyaraka...', Array, true)
#4 C:\Users\XIANGLU\Desktop\Rakha\projectRakha\app\Controllers\Masyarakat.php(32): view('pages/masyaraka...', Array)
#5 C:\Users\XIANGLU\Desktop\Rakha\projectRakha\system\CodeIgniter.php(832): App\Controllers\Masyarakat->detail('1')
#6 C:\Users\XIANGLU\Desktop\Rakha\projectRakha\system\CodeIgniter.php(419): CodeIgniter\CodeIgniter->runController(Object(App\Controllers\Masyarakat))
#7 C:\Users\XIANGLU\Desktop\Rakha\projectRakha\system\CodeIgniter.php(326): CodeIgniter\CodeIgniter->handleRequest(NULL, Object(Config\Cache), false)
#8 C:\Users\XIANGLU\Desktop\Rakha\projectRakha\public\index.php(37): CodeIgniter\CodeIgniter->run()
#9 C:\Users\XIANGLU\Desktop\Rakha\projectRakha\system\Commands\Server\rewrite.php(43): require_once('C:\\Users\\XIANGL...')
#10 {main}
CRITICAL - 2022-09-02 18:35:55 --> Undefined index: nama_jabatan
#0 C:\Users\XIANGLU\Desktop\Rakha\projectRakha\app\Views\pages\masyarakatDetail.php(23): CodeIgniter\Debug\Exceptions->errorHandler(8, 'Undefined index...', 'C:\\Users\\XIANGL...', 23, Array)
#1 C:\Users\XIANGLU\Desktop\Rakha\projectRakha\system\View\View.php(210): include('C:\\Users\\XIANGL...')
#2 C:\Users\XIANGLU\Desktop\Rakha\projectRakha\system\View\View.php(213): CodeIgniter\View\View->CodeIgniter\View\{closure}()
#3 C:\Users\XIANGLU\Desktop\Rakha\projectRakha\system\Common.php(1089): CodeIgniter\View\View->render('pages/masyaraka...', Array, true)
#4 C:\Users\XIANGLU\Desktop\Rakha\projectRakha\app\Controllers\Masyarakat.php(32): view('pages/masyaraka...', Array)
#5 C:\Users\XIANGLU\Desktop\Rakha\projectRakha\system\CodeIgniter.php(832): App\Controllers\Masyarakat->detail('1')
#6 C:\Users\XIANGLU\Desktop\Rakha\projectRakha\system\CodeIgniter.php(419): CodeIgniter\CodeIgniter->runController(Object(App\Controllers\Masyarakat))
#7 C:\Users\XIANGLU\Desktop\Rakha\projectRakha\system\CodeIgniter.php(326): CodeIgniter\CodeIgniter->handleRequest(NULL, Object(Config\Cache), false)
#8 C:\Users\XIANGLU\Desktop\Rakha\projectRakha\public\index.php(37): CodeIgniter\CodeIgniter->run()
#9 C:\Users\XIANGLU\Desktop\Rakha\projectRakha\system\Commands\Server\rewrite.php(43): require_once('C:\\Users\\XIANGL...')
#10 {main}
CRITICAL - 2022-09-02 18:45:04 --> Invalid file: pages/masyarakatEdit.php
#0 C:\Users\XIANGLU\Desktop\Rakha\projectRakha\system\View\View.php(198): CodeIgniter\Exceptions\FrameworkException::forInvalidFile('pages/masyaraka...')
#1 C:\Users\XIANGLU\Desktop\Rakha\projectRakha\system\Common.php(1089): CodeIgniter\View\View->render('pages/masyaraka...', Array, true)
#2 C:\Users\XIANGLU\Desktop\Rakha\projectRakha\app\Controllers\Masyarakat.php(194): view('pages/masyaraka...', Array)
#3 C:\Users\XIANGLU\Desktop\Rakha\projectRakha\system\CodeIgniter.php(832): App\Controllers\Masyarakat->edit('1')
#4 C:\Users\XIANGLU\Desktop\Rakha\projectRakha\system\CodeIgniter.php(419): CodeIgniter\CodeIgniter->runController(Object(App\Controllers\Masyarakat))
#5 C:\Users\XIANGLU\Desktop\Rakha\projectRakha\system\CodeIgniter.php(326): CodeIgniter\CodeIgniter->handleRequest(NULL, Object(Config\Cache), false)
#6 C:\Users\XIANGLU\Desktop\Rakha\projectRakha\public\index.php(37): CodeIgniter\CodeIgniter->run()
#7 C:\Users\XIANGLU\Desktop\Rakha\projectRakha\system\Commands\Server\rewrite.php(43): require_once('C:\\Users\\XIANGL...')
#8 {main}
CRITICAL - 2022-09-02 19:04:25 --> Invalid file: pages/masyarakatEdit.php
#0 C:\Users\XIANGLU\Desktop\Rakha\projectRakha\system\View\View.php(198): CodeIgniter\Exceptions\FrameworkException::forInvalidFile('pages/masyaraka...')
#1 C:\Users\XIANGLU\Desktop\Rakha\projectRakha\system\Common.php(1089): CodeIgniter\View\View->render('pages/masyaraka...', Array, true)
#2 C:\Users\XIANGLU\Desktop\Rakha\projectRakha\app\Controllers\Masyarakat.php(193): view('pages/masyaraka...', Array)
#3 C:\Users\XIANGLU\Desktop\Rakha\projectRakha\system\CodeIgniter.php(832): App\Controllers\Masyarakat->edit('1')
#4 C:\Users\XIANGLU\Desktop\Rakha\projectRakha\system\CodeIgniter.php(419): CodeIgniter\CodeIgniter->runController(Object(App\Controllers\Masyarakat))
#5 C:\Users\XIANGLU\Desktop\Rakha\projectRakha\system\CodeIgniter.php(326): CodeIgniter\CodeIgniter->handleRequest(NULL, Object(Config\Cache), false)
#6 C:\Users\XIANGLU\Desktop\Rakha\projectRakha\public\index.php(37): CodeIgniter\CodeIgniter->run()
#7 C:\Users\XIANGLU\Desktop\Rakha\projectRakha\system\Commands\Server\rewrite.php(43): require_once('C:\\Users\\XIANGL...')
#8 {main}
CRITICAL - 2022-09-02 19:09:36 --> Undefined variable: admin
#0 C:\Users\XIANGLU\Desktop\Rakha\projectRakha\app\Views\pages\masyarakatEdit.php(53): CodeIgniter\Debug\Exceptions->errorHandler(8, 'Undefined varia...', 'C:\\Users\\XIANGL...', 53, Array)
#1 C:\Users\XIANGLU\Desktop\Rakha\projectRakha\system\View\View.php(210): include('C:\\Users\\XIANGL...')
#2 C:\Users\XIANGLU\Desktop\Rakha\projectRakha\system\View\View.php(213): CodeIgniter\View\View->CodeIgniter\View\{closure}()
#3 C:\Users\XIANGLU\Desktop\Rakha\projectRakha\system\Common.php(1089): CodeIgniter\View\View->render('pages/masyaraka...', Array, true)
#4 C:\Users\XIANGLU\Desktop\Rakha\projectRakha\app\Controllers\Masyarakat.php(193): view('pages/masyaraka...', Array)
#5 C:\Users\XIANGLU\Desktop\Rakha\projectRakha\system\CodeIgniter.php(832): App\Controllers\Masyarakat->edit('1')
#6 C:\Users\XIANGLU\Desktop\Rakha\projectRakha\system\CodeIgniter.php(419): CodeIgniter\CodeIgniter->runController(Object(App\Controllers\Masyarakat))
#7 C:\Users\XIANGLU\Desktop\Rakha\projectRakha\system\CodeIgniter.php(326): CodeIgniter\CodeIgniter->handleRequest(NULL, Object(Config\Cache), false)
#8 C:\Users\XIANGLU\Desktop\Rakha\projectRakha\public\index.php(37): CodeIgniter\CodeIgniter->run()
#9 C:\Users\XIANGLU\Desktop\Rakha\projectRakha\system\Commands\Server\rewrite.php(43): require_once('C:\\Users\\XIANGL...')
#10 {main}
CRITICAL - 2022-09-02 19:12:15 --> Undefined index: status_perkawinan   
#0 C:\Users\XIANGLU\Desktop\Rakha\projectRakha\app\Views\pages\masyarakatEdit.php(86): CodeIgniter\Debug\Exceptions->errorHandler(8, 'Undefined index...', 'C:\\Users\\XIANGL...', 86, Array)
#1 C:\Users\XIANGLU\Desktop\Rakha\projectRakha\system\View\View.php(210): include('C:\\Users\\XIANGL...')
#2 C:\Users\XIANGLU\Desktop\Rakha\projectRakha\system\View\View.php(213): CodeIgniter\View\View->CodeIgniter\View\{closure}()
#3 C:\Users\XIANGLU\Desktop\Rakha\projectRakha\system\Common.php(1089): CodeIgniter\View\View->render('pages/masyaraka...', Array, true)
#4 C:\Users\XIANGLU\Desktop\Rakha\projectRakha\app\Controllers\Masyarakat.php(193): view('pages/masyaraka...', Array)
#5 C:\Users\XIANGLU\Desktop\Rakha\projectRakha\system\CodeIgniter.php(832): App\Controllers\Masyarakat->edit('1')
#6 C:\Users\XIANGLU\Desktop\Rakha\projectRakha\system\CodeIgniter.php(419): CodeIgniter\CodeIgniter->runController(Object(App\Controllers\Masyarakat))
#7 C:\Users\XIANGLU\Desktop\Rakha\projectRakha\system\CodeIgniter.php(326): CodeIgniter\CodeIgniter->handleRequest(NULL, Object(Config\Cache), false)
#8 C:\Users\XIANGLU\Desktop\Rakha\projectRakha\public\index.php(37): CodeIgniter\CodeIgniter->run()
#9 C:\Users\XIANGLU\Desktop\Rakha\projectRakha\system\Commands\Server\rewrite.php(43): require_once('C:\\Users\\XIANGL...')
#10 {main}
CRITICAL - 2022-09-02 19:14:02 --> Undefined variable: admin
#0 C:\Users\XIANGLU\Desktop\Rakha\projectRakha\app\Views\pages\masyarakatEdit.php(120): CodeIgniter\Debug\Exceptions->errorHandler(8, 'Undefined varia...', 'C:\\Users\\XIANGL...', 120, Array)
#1 C:\Users\XIANGLU\Desktop\Rakha\projectRakha\system\View\View.php(210): include('C:\\Users\\XIANGL...')
#2 C:\Users\XIANGLU\Desktop\Rakha\projectRakha\system\View\View.php(213): CodeIgniter\View\View->CodeIgniter\View\{closure}()
#3 C:\Users\XIANGLU\Desktop\Rakha\projectRakha\system\Common.php(1089): CodeIgniter\View\View->render('pages/masyaraka...', Array, true)
#4 C:\Users\XIANGLU\Desktop\Rakha\projectRakha\app\Controllers\Masyarakat.php(193): view('pages/masyaraka...', Array)
#5 C:\Users\XIANGLU\Desktop\Rakha\projectRakha\system\CodeIgniter.php(832): App\Controllers\Masyarakat->edit('1')
#6 C:\Users\XIANGLU\Desktop\Rakha\projectRakha\system\CodeIgniter.php(419): CodeIgniter\CodeIgniter->runController(Object(App\Controllers\Masyarakat))
#7 C:\Users\XIANGLU\Desktop\Rakha\projectRakha\system\CodeIgniter.php(326): CodeIgniter\CodeIgniter->handleRequest(NULL, Object(Config\Cache), false)
#8 C:\Users\XIANGLU\Desktop\Rakha\projectRakha\public\index.php(37): CodeIgniter\CodeIgniter->run()
#9 C:\Users\XIANGLU\Desktop\Rakha\projectRakha\system\Commands\Server\rewrite.php(43): require_once('C:\\Users\\XIANGL...')
#10 {main}
CRITICAL - 2022-09-02 19:20:14 --> Too few arguments to function App\Controllers\Masyarakat::update(), 0 passed in C:\Users\XIANGLU\Desktop\Rakha\projectRakha\system\CodeIgniter.php on line 832 and exactly 1 expected
#0 C:\Users\XIANGLU\Desktop\Rakha\projectRakha\system\CodeIgniter.php(832): App\Controllers\Masyarakat->update()
#1 C:\Users\XIANGLU\Desktop\Rakha\projectRakha\system\CodeIgniter.php(419): CodeIgniter\CodeIgniter->runController(Object(App\Controllers\Masyarakat))
#2 C:\Users\XIANGLU\Desktop\Rakha\projectRakha\system\CodeIgniter.php(326): CodeIgniter\CodeIgniter->handleRequest(NULL, Object(Config\Cache), false)
#3 C:\Users\XIANGLU\Desktop\Rakha\projectRakha\public\index.php(37): CodeIgniter\CodeIgniter->run()
#4 C:\Users\XIANGLU\Desktop\Rakha\projectRakha\system\Commands\Server\rewrite.php(43): require_once('C:\\Users\\XIANGL...')
#5 {main}
CRITICAL - 2022-09-02 19:22:08 --> Too few arguments to function App\Controllers\Masyarakat::update(), 0 passed in C:\Users\XIANGLU\Desktop\Rakha\projectRakha\system\CodeIgniter.php on line 832 and exactly 1 expected
#0 C:\Users\XIANGLU\Desktop\Rakha\projectRakha\system\CodeIgniter.php(832): App\Controllers\Masyarakat->update()
#1 C:\Users\XIANGLU\Desktop\Rakha\projectRakha\system\CodeIgniter.php(419): CodeIgniter\CodeIgniter->runController(Object(App\Controllers\Masyarakat))
#2 C:\Users\XIANGLU\Desktop\Rakha\projectRakha\system\CodeIgniter.php(326): CodeIgniter\CodeIgniter->handleRequest(NULL, Object(Config\Cache), false)
#3 C:\Users\XIANGLU\Desktop\Rakha\projectRakha\public\index.php(37): CodeIgniter\CodeIgniter->run()
#4 C:\Users\XIANGLU\Desktop\Rakha\projectRakha\system\Commands\Server\rewrite.php(43): require_once('C:\\Users\\XIANGL...')
#5 {main}
