CRITICAL - 2022-08-11 09:59:39 --> Undefined variable: activeMenu
#0 C:\Users\XIANGLU\Desktop\Rakha\projectRakha\app\Views\layout\navbar.php(52): CodeIgniter\Debug\Exceptions->errorHandler(8, 'Undefined varia...', 'C:\\Users\\XIANGL...', 52, Array)
#1 C:\Users\XIANGLU\Desktop\Rakha\projectRakha\system\View\View.php(210): include('C:\\Users\\XIANGL...')
#2 C:\Users\XIANGLU\Desktop\Rakha\projectRakha\system\View\View.php(213): CodeIgniter\View\View->CodeIgniter\View\{closure}()
#3 C:\Users\XIANGLU\Desktop\Rakha\projectRakha\system\View\View.php(424): CodeIgniter\View\View->render('layout/navbar', NULL, true)
#4 C:\Users\XIANGLU\Desktop\Rakha\projectRakha\app\Views\layout\template.php(39): CodeIgniter\View\View->include('layout/navbar')
#5 C:\Users\XIANGLU\Desktop\Rakha\projectRakha\system\View\View.php(210): include('C:\\Users\\XIANGL...')
#6 C:\Users\XIANGLU\Desktop\Rakha\projectRakha\system\View\View.php(213): CodeIgniter\View\View->CodeIgniter\View\{closure}()
#7 C:\Users\XIANGLU\Desktop\Rakha\projectRakha\system\View\View.php(226): CodeIgniter\View\View->render('layout/template', Array, true)
#8 C:\Users\XIANGLU\Desktop\Rakha\projectRakha\system\Common.php(1089): CodeIgniter\View\View->render('pages/accountAd...', Array, true)
#9 C:\Users\XIANGLU\Desktop\Rakha\projectRakha\app\Controllers\Admin.php(40): view('pages/accountAd...', Array)
#10 C:\Users\XIANGLU\Desktop\Rakha\projectRakha\system\CodeIgniter.php(832): App\Controllers\Admin->Add()
#11 C:\Users\XIANGLU\Desktop\Rakha\projectRakha\system\CodeIgniter.php(419): CodeIgniter\CodeIgniter->runController(Object(App\Controllers\Admin))
#12 C:\Users\XIANGLU\Desktop\Rakha\projectRakha\system\CodeIgniter.php(326): CodeIgniter\CodeIgniter->handleRequest(NULL, Object(Config\Cache), false)
#13 C:\Users\XIANGLU\Desktop\Rakha\projectRakha\public\index.php(37): CodeIgniter\CodeIgniter->run()
#14 C:\Users\XIANGLU\Desktop\Rakha\projectRakha\system\Commands\Server\rewrite.php(43): require_once('C:\\Users\\XIANGL...')
#15 {main}
CRITICAL - 2022-08-11 10:26:01 --> Undefined property: CodeIgniter\View\View::$uri
#0 C:\Users\XIANGLU\Desktop\Rakha\projectRakha\app\Views\layout\navbar.php(52): CodeIgniter\Debug\Exceptions->errorHandler(8, 'Undefined prope...', 'C:\\Users\\XIANGL...', 52, Array)
#1 C:\Users\XIANGLU\Desktop\Rakha\projectRakha\system\View\View.php(210): include('C:\\Users\\XIANGL...')
#2 C:\Users\XIANGLU\Desktop\Rakha\projectRakha\system\View\View.php(213): CodeIgniter\View\View->CodeIgniter\View\{closure}()
#3 C:\Users\XIANGLU\Desktop\Rakha\projectRakha\system\View\View.php(424): CodeIgniter\View\View->render('layout/navbar', NULL, true)
#4 C:\Users\XIANGLU\Desktop\Rakha\projectRakha\app\Views\layout\template.php(39): CodeIgniter\View\View->include('layout/navbar')
#5 C:\Users\XIANGLU\Desktop\Rakha\projectRakha\system\View\View.php(210): include('C:\\Users\\XIANGL...')
#6 C:\Users\XIANGLU\Desktop\Rakha\projectRakha\system\View\View.php(213): CodeIgniter\View\View->CodeIgniter\View\{closure}()
#7 C:\Users\XIANGLU\Desktop\Rakha\projectRakha\system\View\View.php(226): CodeIgniter\View\View->render('layout/template', Array, true)
#8 C:\Users\XIANGLU\Desktop\Rakha\projectRakha\system\Common.php(1089): CodeIgniter\View\View->render('pages/dashboard', Array, true)
#9 C:\Users\XIANGLU\Desktop\Rakha\projectRakha\app\Controllers\Dashboard.php(15): view('pages/dashboard', Array)
#10 C:\Users\XIANGLU\Desktop\Rakha\projectRakha\system\CodeIgniter.php(832): App\Controllers\Dashboard->index()
#11 C:\Users\XIANGLU\Desktop\Rakha\projectRakha\system\CodeIgniter.php(419): CodeIgniter\CodeIgniter->runController(Object(App\Controllers\Dashboard))
#12 C:\Users\XIANGLU\Desktop\Rakha\projectRakha\system\CodeIgniter.php(326): CodeIgniter\CodeIgniter->handleRequest(NULL, Object(Config\Cache), false)
#13 C:\Users\XIANGLU\Desktop\Rakha\projectRakha\public\index.php(37): CodeIgniter\CodeIgniter->run()
#14 C:\Users\XIANGLU\Desktop\Rakha\projectRakha\system\Commands\Server\rewrite.php(43): require_once('C:\\Users\\XIANGL...')
#15 {main}
CRITICAL - 2022-08-11 10:26:16 --> Undefined property: CodeIgniter\View\View::$uri
#0 C:\Users\XIANGLU\Desktop\Rakha\projectRakha\app\Views\layout\navbar.php(52): CodeIgniter\Debug\Exceptions->errorHandler(8, 'Undefined prope...', 'C:\\Users\\XIANGL...', 52, Array)
#1 C:\Users\XIANGLU\Desktop\Rakha\projectRakha\system\View\View.php(210): include('C:\\Users\\XIANGL...')
#2 C:\Users\XIANGLU\Desktop\Rakha\projectRakha\system\View\View.php(213): CodeIgniter\View\View->CodeIgniter\View\{closure}()
#3 C:\Users\XIANGLU\Desktop\Rakha\projectRakha\system\View\View.php(424): CodeIgniter\View\View->render('layout/navbar', NULL, true)
#4 C:\Users\XIANGLU\Desktop\Rakha\projectRakha\app\Views\layout\template.php(39): CodeIgniter\View\View->include('layout/navbar')
#5 C:\Users\XIANGLU\Desktop\Rakha\projectRakha\system\View\View.php(210): include('C:\\Users\\XIANGL...')
#6 C:\Users\XIANGLU\Desktop\Rakha\projectRakha\system\View\View.php(213): CodeIgniter\View\View->CodeIgniter\View\{closure}()
#7 C:\Users\XIANGLU\Desktop\Rakha\projectRakha\system\View\View.php(226): CodeIgniter\View\View->render('layout/template', Array, true)
#8 C:\Users\XIANGLU\Desktop\Rakha\projectRakha\system\Common.php(1089): CodeIgniter\View\View->render('pages/dashboard', Array, true)
#9 C:\Users\XIANGLU\Desktop\Rakha\projectRakha\app\Controllers\Dashboard.php(15): view('pages/dashboard', Array)
#10 C:\Users\XIANGLU\Desktop\Rakha\projectRakha\system\CodeIgniter.php(832): App\Controllers\Dashboard->index()
#11 C:\Users\XIANGLU\Desktop\Rakha\projectRakha\system\CodeIgniter.php(419): CodeIgniter\CodeIgniter->runController(Object(App\Controllers\Dashboard))
#12 C:\Users\XIANGLU\Desktop\Rakha\projectRakha\system\CodeIgniter.php(326): CodeIgniter\CodeIgniter->handleRequest(NULL, Object(Config\Cache), false)
#13 C:\Users\XIANGLU\Desktop\Rakha\projectRakha\public\index.php(37): CodeIgniter\CodeIgniter->run()
#14 C:\Users\XIANGLU\Desktop\Rakha\projectRakha\system\Commands\Server\rewrite.php(43): require_once('C:\\Users\\XIANGL...')
#15 {main}
CRITICAL - 2022-08-11 12:47:27 --> Undefined variable: currentSidebarMenu
#0 C:\Users\XIANGLU\Desktop\Rakha\projectRakha\app\Views\layout\navbar.php(53): CodeIgniter\Debug\Exceptions->errorHandler(8, 'Undefined varia...', 'C:\\Users\\XIANGL...', 53, Array)
#1 C:\Users\XIANGLU\Desktop\Rakha\projectRakha\system\View\View.php(210): include('C:\\Users\\XIANGL...')
#2 C:\Users\XIANGLU\Desktop\Rakha\projectRakha\system\View\View.php(213): CodeIgniter\View\View->CodeIgniter\View\{closure}()
#3 C:\Users\XIANGLU\Desktop\Rakha\projectRakha\system\View\View.php(424): CodeIgniter\View\View->render('layout/navbar', NULL, true)
#4 C:\Users\XIANGLU\Desktop\Rakha\projectRakha\app\Views\layout\template.php(39): CodeIgniter\View\View->include('layout/navbar')
#5 C:\Users\XIANGLU\Desktop\Rakha\projectRakha\system\View\View.php(210): include('C:\\Users\\XIANGL...')
#6 C:\Users\XIANGLU\Desktop\Rakha\projectRakha\system\View\View.php(213): CodeIgniter\View\View->CodeIgniter\View\{closure}()
#7 C:\Users\XIANGLU\Desktop\Rakha\projectRakha\system\View\View.php(226): CodeIgniter\View\View->render('layout/template', Array, true)
#8 C:\Users\XIANGLU\Desktop\Rakha\projectRakha\system\Common.php(1089): CodeIgniter\View\View->render('pages/masyaraka...', Array, true)
#9 C:\Users\XIANGLU\Desktop\Rakha\projectRakha\app\Controllers\Masyarakat.php(15): view('pages/masyaraka...', Array)
#10 C:\Users\XIANGLU\Desktop\Rakha\projectRakha\system\CodeIgniter.php(832): App\Controllers\Masyarakat->index()
#11 C:\Users\XIANGLU\Desktop\Rakha\projectRakha\system\CodeIgniter.php(419): CodeIgniter\CodeIgniter->runController(Object(App\Controllers\Masyarakat))
#12 C:\Users\XIANGLU\Desktop\Rakha\projectRakha\system\CodeIgniter.php(326): CodeIgniter\CodeIgniter->handleRequest(NULL, Object(Config\Cache), false)
#13 C:\Users\XIANGLU\Desktop\Rakha\projectRakha\public\index.php(37): CodeIgniter\CodeIgniter->run()
#14 C:\Users\XIANGLU\Desktop\Rakha\projectRakha\system\Commands\Server\rewrite.php(43): require_once('C:\\Users\\XIANGL...')
#15 {main}
CRITICAL - 2022-08-11 12:48:45 --> Undefined variable: currentSidebarMenu
#0 C:\Users\XIANGLU\Desktop\Rakha\projectRakha\app\Views\layout\navbar.php(53): CodeIgniter\Debug\Exceptions->errorHandler(8, 'Undefined varia...', 'C:\\Users\\XIANGL...', 53, Array)
#1 C:\Users\XIANGLU\Desktop\Rakha\projectRakha\system\View\View.php(210): include('C:\\Users\\XIANGL...')
#2 C:\Users\XIANGLU\Desktop\Rakha\projectRakha\system\View\View.php(213): CodeIgniter\View\View->CodeIgniter\View\{closure}()
#3 C:\Users\XIANGLU\Desktop\Rakha\projectRakha\system\View\View.php(424): CodeIgniter\View\View->render('layout/navbar', NULL, true)
#4 C:\Users\XIANGLU\Desktop\Rakha\projectRakha\app\Views\layout\template.php(39): CodeIgniter\View\View->include('layout/navbar')
#5 C:\Users\XIANGLU\Desktop\Rakha\projectRakha\system\View\View.php(210): include('C:\\Users\\XIANGL...')
#6 C:\Users\XIANGLU\Desktop\Rakha\projectRakha\system\View\View.php(213): CodeIgniter\View\View->CodeIgniter\View\{closure}()
#7 C:\Users\XIANGLU\Desktop\Rakha\projectRakha\system\View\View.php(226): CodeIgniter\View\View->render('layout/template', Array, true)
#8 C:\Users\XIANGLU\Desktop\Rakha\projectRakha\system\Common.php(1089): CodeIgniter\View\View->render('pages/profileVi...', Array, true)
#9 C:\Users\XIANGLU\Desktop\Rakha\projectRakha\app\Controllers\Profile.php(14): view('pages/profileVi...', Array)
#10 C:\Users\XIANGLU\Desktop\Rakha\projectRakha\system\CodeIgniter.php(832): App\Controllers\Profile->index()
#11 C:\Users\XIANGLU\Desktop\Rakha\projectRakha\system\CodeIgniter.php(419): CodeIgniter\CodeIgniter->runController(Object(App\Controllers\Profile))
#12 C:\Users\XIANGLU\Desktop\Rakha\projectRakha\system\CodeIgniter.php(326): CodeIgniter\CodeIgniter->handleRequest(NULL, Object(Config\Cache), false)
#13 C:\Users\XIANGLU\Desktop\Rakha\projectRakha\public\index.php(37): CodeIgniter\CodeIgniter->run()
#14 C:\Users\XIANGLU\Desktop\Rakha\projectRakha\system\Commands\Server\rewrite.php(43): require_once('C:\\Users\\XIANGL...')
#15 {main}
CRITICAL - 2022-08-11 12:49:38 --> Undefined variable: currentSidebarMenu
#0 C:\Users\XIANGLU\Desktop\Rakha\projectRakha\app\Views\layout\navbar.php(19): CodeIgniter\Debug\Exceptions->errorHandler(8, 'Undefined varia...', 'C:\\Users\\XIANGL...', 19, Array)
#1 C:\Users\XIANGLU\Desktop\Rakha\projectRakha\system\View\View.php(210): include('C:\\Users\\XIANGL...')
#2 C:\Users\XIANGLU\Desktop\Rakha\projectRakha\system\View\View.php(213): CodeIgniter\View\View->CodeIgniter\View\{closure}()
#3 C:\Users\XIANGLU\Desktop\Rakha\projectRakha\system\View\View.php(424): CodeIgniter\View\View->render('layout/navbar', NULL, true)
#4 C:\Users\XIANGLU\Desktop\Rakha\projectRakha\app\Views\layout\template.php(39): CodeIgniter\View\View->include('layout/navbar')
#5 C:\Users\XIANGLU\Desktop\Rakha\projectRakha\system\View\View.php(210): include('C:\\Users\\XIANGL...')
#6 C:\Users\XIANGLU\Desktop\Rakha\projectRakha\system\View\View.php(213): CodeIgniter\View\View->CodeIgniter\View\{closure}()
#7 C:\Users\XIANGLU\Desktop\Rakha\projectRakha\system\View\View.php(226): CodeIgniter\View\View->render('layout/template', Array, true)
#8 C:\Users\XIANGLU\Desktop\Rakha\projectRakha\system\Common.php(1089): CodeIgniter\View\View->render('pages/profileVi...', Array, true)
#9 C:\Users\XIANGLU\Desktop\Rakha\projectRakha\app\Controllers\Profile.php(14): view('pages/profileVi...', Array)
#10 C:\Users\XIANGLU\Desktop\Rakha\projectRakha\system\CodeIgniter.php(832): App\Controllers\Profile->index()
#11 C:\Users\XIANGLU\Desktop\Rakha\projectRakha\system\CodeIgniter.php(419): CodeIgniter\CodeIgniter->runController(Object(App\Controllers\Profile))
#12 C:\Users\XIANGLU\Desktop\Rakha\projectRakha\system\CodeIgniter.php(326): CodeIgniter\CodeIgniter->handleRequest(NULL, Object(Config\Cache), false)
#13 C:\Users\XIANGLU\Desktop\Rakha\projectRakha\public\index.php(37): CodeIgniter\CodeIgniter->run()
#14 C:\Users\XIANGLU\Desktop\Rakha\projectRakha\system\Commands\Server\rewrite.php(43): require_once('C:\\Users\\XIANGL...')
#15 {main}
CRITICAL - 2022-08-11 12:49:41 --> Undefined variable: currentSidebarMenu
#0 C:\Users\XIANGLU\Desktop\Rakha\projectRakha\app\Views\layout\navbar.php(19): CodeIgniter\Debug\Exceptions->errorHandler(8, 'Undefined varia...', 'C:\\Users\\XIANGL...', 19, Array)
#1 C:\Users\XIANGLU\Desktop\Rakha\projectRakha\system\View\View.php(210): include('C:\\Users\\XIANGL...')
#2 C:\Users\XIANGLU\Desktop\Rakha\projectRakha\system\View\View.php(213): CodeIgniter\View\View->CodeIgniter\View\{closure}()
#3 C:\Users\XIANGLU\Desktop\Rakha\projectRakha\system\View\View.php(424): CodeIgniter\View\View->render('layout/navbar', NULL, true)
#4 C:\Users\XIANGLU\Desktop\Rakha\projectRakha\app\Views\layout\template.php(39): CodeIgniter\View\View->include('layout/navbar')
#5 C:\Users\XIANGLU\Desktop\Rakha\projectRakha\system\View\View.php(210): include('C:\\Users\\XIANGL...')
#6 C:\Users\XIANGLU\Desktop\Rakha\projectRakha\system\View\View.php(213): CodeIgniter\View\View->CodeIgniter\View\{closure}()
#7 C:\Users\XIANGLU\Desktop\Rakha\projectRakha\system\View\View.php(226): CodeIgniter\View\View->render('layout/template', Array, true)
#8 C:\Users\XIANGLU\Desktop\Rakha\projectRakha\system\Common.php(1089): CodeIgniter\View\View->render('pages/profileVi...', Array, true)
#9 C:\Users\XIANGLU\Desktop\Rakha\projectRakha\app\Controllers\Profile.php(14): view('pages/profileVi...', Array)
#10 C:\Users\XIANGLU\Desktop\Rakha\projectRakha\system\CodeIgniter.php(832): App\Controllers\Profile->index()
#11 C:\Users\XIANGLU\Desktop\Rakha\projectRakha\system\CodeIgniter.php(419): CodeIgniter\CodeIgniter->runController(Object(App\Controllers\Profile))
#12 C:\Users\XIANGLU\Desktop\Rakha\projectRakha\system\CodeIgniter.php(326): CodeIgniter\CodeIgniter->handleRequest(NULL, Object(Config\Cache), false)
#13 C:\Users\XIANGLU\Desktop\Rakha\projectRakha\public\index.php(37): CodeIgniter\CodeIgniter->run()
#14 C:\Users\XIANGLU\Desktop\Rakha\projectRakha\system\Commands\Server\rewrite.php(43): require_once('C:\\Users\\XIANGL...')
#15 {main}
CRITICAL - 2022-08-11 12:49:44 --> Undefined variable: currentSidebarMenu
#0 C:\Users\XIANGLU\Desktop\Rakha\projectRakha\app\Views\layout\navbar.php(19): CodeIgniter\Debug\Exceptions->errorHandler(8, 'Undefined varia...', 'C:\\Users\\XIANGL...', 19, Array)
#1 C:\Users\XIANGLU\Desktop\Rakha\projectRakha\system\View\View.php(210): include('C:\\Users\\XIANGL...')
#2 C:\Users\XIANGLU\Desktop\Rakha\projectRakha\system\View\View.php(213): CodeIgniter\View\View->CodeIgniter\View\{closure}()
#3 C:\Users\XIANGLU\Desktop\Rakha\projectRakha\system\View\View.php(424): CodeIgniter\View\View->render('layout/navbar', NULL, true)
#4 C:\Users\XIANGLU\Desktop\Rakha\projectRakha\app\Views\layout\template.php(39): CodeIgniter\View\View->include('layout/navbar')
#5 C:\Users\XIANGLU\Desktop\Rakha\projectRakha\system\View\View.php(210): include('C:\\Users\\XIANGL...')
#6 C:\Users\XIANGLU\Desktop\Rakha\projectRakha\system\View\View.php(213): CodeIgniter\View\View->CodeIgniter\View\{closure}()
#7 C:\Users\XIANGLU\Desktop\Rakha\projectRakha\system\View\View.php(226): CodeIgniter\View\View->render('layout/template', Array, true)
#8 C:\Users\XIANGLU\Desktop\Rakha\projectRakha\system\Common.php(1089): CodeIgniter\View\View->render('pages/profileVi...', Array, true)
#9 C:\Users\XIANGLU\Desktop\Rakha\projectRakha\app\Controllers\Profile.php(14): view('pages/profileVi...', Array)
#10 C:\Users\XIANGLU\Desktop\Rakha\projectRakha\system\CodeIgniter.php(832): App\Controllers\Profile->index()
#11 C:\Users\XIANGLU\Desktop\Rakha\projectRakha\system\CodeIgniter.php(419): CodeIgniter\CodeIgniter->runController(Object(App\Controllers\Profile))
#12 C:\Users\XIANGLU\Desktop\Rakha\projectRakha\system\CodeIgniter.php(326): CodeIgniter\CodeIgniter->handleRequest(NULL, Object(Config\Cache), false)
#13 C:\Users\XIANGLU\Desktop\Rakha\projectRakha\public\index.php(37): CodeIgniter\CodeIgniter->run()
#14 C:\Users\XIANGLU\Desktop\Rakha\projectRakha\system\Commands\Server\rewrite.php(43): require_once('C:\\Users\\XIANGL...')
#15 {main}
CRITICAL - 2022-08-11 14:15:36 --> Undefined variable: currentSidebarMenu
#0 C:\Users\XIANGLU\Desktop\Rakha\projectRakha\app\Views\layout\navbar.php(18): CodeIgniter\Debug\Exceptions->errorHandler(8, 'Undefined varia...', 'C:\\Users\\XIANGL...', 18, Array)
#1 C:\Users\XIANGLU\Desktop\Rakha\projectRakha\system\View\View.php(210): include('C:\\Users\\XIANGL...')
#2 C:\Users\XIANGLU\Desktop\Rakha\projectRakha\system\View\View.php(213): CodeIgniter\View\View->CodeIgniter\View\{closure}()
#3 C:\Users\XIANGLU\Desktop\Rakha\projectRakha\system\View\View.php(424): CodeIgniter\View\View->render('layout/navbar', NULL, true)
#4 C:\Users\XIANGLU\Desktop\Rakha\projectRakha\app\Views\layout\template.php(43): CodeIgniter\View\View->include('layout/navbar')
#5 C:\Users\XIANGLU\Desktop\Rakha\projectRakha\system\View\View.php(210): include('C:\\Users\\XIANGL...')
#6 C:\Users\XIANGLU\Desktop\Rakha\projectRakha\system\View\View.php(213): CodeIgniter\View\View->CodeIgniter\View\{closure}()
#7 C:\Users\XIANGLU\Desktop\Rakha\projectRakha\system\View\View.php(226): CodeIgniter\View\View->render('layout/template', Array, true)
#8 C:\Users\XIANGLU\Desktop\Rakha\projectRakha\system\Common.php(1089): CodeIgniter\View\View->render('pages/accountAd...', Array, true)
#9 C:\Users\XIANGLU\Desktop\Rakha\projectRakha\app\Controllers\Admin.php(40): view('pages/accountAd...', Array)
#10 C:\Users\XIANGLU\Desktop\Rakha\projectRakha\system\CodeIgniter.php(832): App\Controllers\Admin->Add()
#11 C:\Users\XIANGLU\Desktop\Rakha\projectRakha\system\CodeIgniter.php(419): CodeIgniter\CodeIgniter->runController(Object(App\Controllers\Admin))
#12 C:\Users\XIANGLU\Desktop\Rakha\projectRakha\system\CodeIgniter.php(326): CodeIgniter\CodeIgniter->handleRequest(NULL, Object(Config\Cache), false)
#13 C:\Users\XIANGLU\Desktop\Rakha\projectRakha\public\index.php(37): CodeIgniter\CodeIgniter->run()
#14 C:\Users\XIANGLU\Desktop\Rakha\projectRakha\system\Commands\Server\rewrite.php(43): require_once('C:\\Users\\XIANGL...')
#15 {main}
CRITICAL - 2022-08-11 14:18:08 --> syntax error, unexpected ''validation'' (T_CONSTANT_ENCAPSED_STRING), expecting ']'
#0 C:\Users\XIANGLU\Desktop\Rakha\projectRakha\system\Router\Router.php(175): CodeIgniter\Router\Router->autoRoute('admin/add')
#1 C:\Users\XIANGLU\Desktop\Rakha\projectRakha\system\CodeIgniter.php(726): CodeIgniter\Router\Router->handle('admin/add')
#2 C:\Users\XIANGLU\Desktop\Rakha\projectRakha\system\CodeIgniter.php(368): CodeIgniter\CodeIgniter->tryToRouteIt(Object(CodeIgniter\Router\RouteCollection))
#3 C:\Users\XIANGLU\Desktop\Rakha\projectRakha\system\CodeIgniter.php(326): CodeIgniter\CodeIgniter->handleRequest(NULL, Object(Config\Cache), false)
#4 C:\Users\XIANGLU\Desktop\Rakha\projectRakha\public\index.php(37): CodeIgniter\CodeIgniter->run()
#5 C:\Users\XIANGLU\Desktop\Rakha\projectRakha\system\Commands\Server\rewrite.php(43): require_once('C:\\Users\\XIANGL...')
#6 {main}
CRITICAL - 2022-08-11 14:24:31 --> Undefined variable: currentSidebarMenu
#0 C:\Users\XIANGLU\Desktop\Rakha\projectRakha\app\Views\layout\navbar.php(18): CodeIgniter\Debug\Exceptions->errorHandler(8, 'Undefined varia...', 'C:\\Users\\XIANGL...', 18, Array)
#1 C:\Users\XIANGLU\Desktop\Rakha\projectRakha\system\View\View.php(210): include('C:\\Users\\XIANGL...')
#2 C:\Users\XIANGLU\Desktop\Rakha\projectRakha\system\View\View.php(213): CodeIgniter\View\View->CodeIgniter\View\{closure}()
#3 C:\Users\XIANGLU\Desktop\Rakha\projectRakha\system\View\View.php(424): CodeIgniter\View\View->render('layout/navbar', NULL, true)
#4 C:\Users\XIANGLU\Desktop\Rakha\projectRakha\app\Views\layout\template.php(43): CodeIgniter\View\View->include('layout/navbar')
#5 C:\Users\XIANGLU\Desktop\Rakha\projectRakha\system\View\View.php(210): include('C:\\Users\\XIANGL...')
#6 C:\Users\XIANGLU\Desktop\Rakha\projectRakha\system\View\View.php(213): CodeIgniter\View\View->CodeIgniter\View\{closure}()
#7 C:\Users\XIANGLU\Desktop\Rakha\projectRakha\system\View\View.php(226): CodeIgniter\View\View->render('layout/template', Array, true)
#8 C:\Users\XIANGLU\Desktop\Rakha\projectRakha\system\Common.php(1089): CodeIgniter\View\View->render('pages/adminView', Array, true)
#9 C:\Users\XIANGLU\Desktop\Rakha\projectRakha\app\Controllers\Admin.php(19): view('pages/adminView', Array)
#10 C:\Users\XIANGLU\Desktop\Rakha\projectRakha\system\CodeIgniter.php(832): App\Controllers\Admin->index()
#11 C:\Users\XIANGLU\Desktop\Rakha\projectRakha\system\CodeIgniter.php(419): CodeIgniter\CodeIgniter->runController(Object(App\Controllers\Admin))
#12 C:\Users\XIANGLU\Desktop\Rakha\projectRakha\system\CodeIgniter.php(326): CodeIgniter\CodeIgniter->handleRequest(NULL, Object(Config\Cache), false)
#13 C:\Users\XIANGLU\Desktop\Rakha\projectRakha\public\index.php(37): CodeIgniter\CodeIgniter->run()
#14 C:\Users\XIANGLU\Desktop\Rakha\projectRakha\system\Commands\Server\rewrite.php(43): require_once('C:\\Users\\XIANGL...')
#15 {main}
CRITICAL - 2022-08-11 14:28:45 --> Undefined variable: currentSidebarMenu
#0 C:\Users\XIANGLU\Desktop\Rakha\projectRakha\app\Views\layout\navbar.php(18): CodeIgniter\Debug\Exceptions->errorHandler(8, 'Undefined varia...', 'C:\\Users\\XIANGL...', 18, Array)
#1 C:\Users\XIANGLU\Desktop\Rakha\projectRakha\system\View\View.php(210): include('C:\\Users\\XIANGL...')
#2 C:\Users\XIANGLU\Desktop\Rakha\projectRakha\system\View\View.php(213): CodeIgniter\View\View->CodeIgniter\View\{closure}()
#3 C:\Users\XIANGLU\Desktop\Rakha\projectRakha\system\View\View.php(424): CodeIgniter\View\View->render('layout/navbar', NULL, true)
#4 C:\Users\XIANGLU\Desktop\Rakha\projectRakha\app\Views\layout\template.php(43): CodeIgniter\View\View->include('layout/navbar')
#5 C:\Users\XIANGLU\Desktop\Rakha\projectRakha\system\View\View.php(210): include('C:\\Users\\XIANGL...')
#6 C:\Users\XIANGLU\Desktop\Rakha\projectRakha\system\View\View.php(213): CodeIgniter\View\View->CodeIgniter\View\{closure}()
#7 C:\Users\XIANGLU\Desktop\Rakha\projectRakha\system\View\View.php(226): CodeIgniter\View\View->render('layout/template', Array, true)
#8 C:\Users\XIANGLU\Desktop\Rakha\projectRakha\system\Common.php(1089): CodeIgniter\View\View->render('pages/adminView', Array, true)
#9 C:\Users\XIANGLU\Desktop\Rakha\projectRakha\app\Controllers\Admin.php(19): view('pages/adminView', Array)
#10 C:\Users\XIANGLU\Desktop\Rakha\projectRakha\system\CodeIgniter.php(832): App\Controllers\Admin->index()
#11 C:\Users\XIANGLU\Desktop\Rakha\projectRakha\system\CodeIgniter.php(419): CodeIgniter\CodeIgniter->runController(Object(App\Controllers\Admin))
#12 C:\Users\XIANGLU\Desktop\Rakha\projectRakha\system\CodeIgniter.php(326): CodeIgniter\CodeIgniter->handleRequest(NULL, Object(Config\Cache), false)
#13 C:\Users\XIANGLU\Desktop\Rakha\projectRakha\public\index.php(37): CodeIgniter\CodeIgniter->run()
#14 C:\Users\XIANGLU\Desktop\Rakha\projectRakha\system\Commands\Server\rewrite.php(43): require_once('C:\\Users\\XIANGL...')
#15 {main}
CRITICAL - 2022-08-11 14:32:58 --> Undefined variable: currentSidebarMenu
#0 C:\Users\XIANGLU\Desktop\Rakha\projectRakha\app\Views\layout\navbar.php(18): CodeIgniter\Debug\Exceptions->errorHandler(8, 'Undefined varia...', 'C:\\Users\\XIANGL...', 18, Array)
#1 C:\Users\XIANGLU\Desktop\Rakha\projectRakha\system\View\View.php(210): include('C:\\Users\\XIANGL...')
#2 C:\Users\XIANGLU\Desktop\Rakha\projectRakha\system\View\View.php(213): CodeIgniter\View\View->CodeIgniter\View\{closure}()
#3 C:\Users\XIANGLU\Desktop\Rakha\projectRakha\system\View\View.php(424): CodeIgniter\View\View->render('layout/navbar', NULL, true)
#4 C:\Users\XIANGLU\Desktop\Rakha\projectRakha\app\Views\layout\template.php(43): CodeIgniter\View\View->include('layout/navbar')
#5 C:\Users\XIANGLU\Desktop\Rakha\projectRakha\system\View\View.php(210): include('C:\\Users\\XIANGL...')
#6 C:\Users\XIANGLU\Desktop\Rakha\projectRakha\system\View\View.php(213): CodeIgniter\View\View->CodeIgniter\View\{closure}()
#7 C:\Users\XIANGLU\Desktop\Rakha\projectRakha\system\View\View.php(226): CodeIgniter\View\View->render('layout/template', Array, true)
#8 C:\Users\XIANGLU\Desktop\Rakha\projectRakha\system\Common.php(1089): CodeIgniter\View\View->render('pages/detailAcc...', Array, true)
#9 C:\Users\XIANGLU\Desktop\Rakha\projectRakha\app\Controllers\Admin.php(31): view('pages/detailAcc...', Array)
#10 C:\Users\XIANGLU\Desktop\Rakha\projectRakha\system\CodeIgniter.php(832): App\Controllers\Admin->detail('1')
#11 C:\Users\XIANGLU\Desktop\Rakha\projectRakha\system\CodeIgniter.php(419): CodeIgniter\CodeIgniter->runController(Object(App\Controllers\Admin))
#12 C:\Users\XIANGLU\Desktop\Rakha\projectRakha\system\CodeIgniter.php(326): CodeIgniter\CodeIgniter->handleRequest(NULL, Object(Config\Cache), false)
#13 C:\Users\XIANGLU\Desktop\Rakha\projectRakha\public\index.php(37): CodeIgniter\CodeIgniter->run()
#14 C:\Users\XIANGLU\Desktop\Rakha\projectRakha\system\Commands\Server\rewrite.php(43): require_once('C:\\Users\\XIANGL...')
#15 {main}
CRITICAL - 2022-08-11 14:33:53 --> Too few arguments to function App\Controllers\Admin::Delete(), 0 passed in C:\Users\XIANGLU\Desktop\Rakha\projectRakha\system\CodeIgniter.php on line 832 and exactly 1 expected
#0 C:\Users\XIANGLU\Desktop\Rakha\projectRakha\system\CodeIgniter.php(832): App\Controllers\Admin->Delete()
#1 C:\Users\XIANGLU\Desktop\Rakha\projectRakha\system\CodeIgniter.php(419): CodeIgniter\CodeIgniter->runController(Object(App\Controllers\Admin))
#2 C:\Users\XIANGLU\Desktop\Rakha\projectRakha\system\CodeIgniter.php(326): CodeIgniter\CodeIgniter->handleRequest(NULL, Object(Config\Cache), false)
#3 C:\Users\XIANGLU\Desktop\Rakha\projectRakha\public\index.php(37): CodeIgniter\CodeIgniter->run()
#4 C:\Users\XIANGLU\Desktop\Rakha\projectRakha\system\Commands\Server\rewrite.php(43): require_once('C:\\Users\\XIANGL...')
#5 {main}
CRITICAL - 2022-08-11 14:34:22 --> Too few arguments to function App\Controllers\Admin::Delete(), 0 passed in C:\Users\XIANGLU\Desktop\Rakha\projectRakha\system\CodeIgniter.php on line 832 and exactly 1 expected
#0 C:\Users\XIANGLU\Desktop\Rakha\projectRakha\system\CodeIgniter.php(832): App\Controllers\Admin->Delete()
#1 C:\Users\XIANGLU\Desktop\Rakha\projectRakha\system\CodeIgniter.php(419): CodeIgniter\CodeIgniter->runController(Object(App\Controllers\Admin))
#2 C:\Users\XIANGLU\Desktop\Rakha\projectRakha\system\CodeIgniter.php(326): CodeIgniter\CodeIgniter->handleRequest(NULL, Object(Config\Cache), false)
#3 C:\Users\XIANGLU\Desktop\Rakha\projectRakha\public\index.php(37): CodeIgniter\CodeIgniter->run()
#4 C:\Users\XIANGLU\Desktop\Rakha\projectRakha\system\Commands\Server\rewrite.php(43): require_once('C:\\Users\\XIANGL...')
#5 {main}
CRITICAL - 2022-08-11 14:34:46 --> Too few arguments to function App\Controllers\Admin::Delete(), 0 passed in C:\Users\XIANGLU\Desktop\Rakha\projectRakha\system\CodeIgniter.php on line 832 and exactly 1 expected
#0 C:\Users\XIANGLU\Desktop\Rakha\projectRakha\system\CodeIgniter.php(832): App\Controllers\Admin->Delete()
#1 C:\Users\XIANGLU\Desktop\Rakha\projectRakha\system\CodeIgniter.php(419): CodeIgniter\CodeIgniter->runController(Object(App\Controllers\Admin))
#2 C:\Users\XIANGLU\Desktop\Rakha\projectRakha\system\CodeIgniter.php(326): CodeIgniter\CodeIgniter->handleRequest(NULL, Object(Config\Cache), false)
#3 C:\Users\XIANGLU\Desktop\Rakha\projectRakha\public\index.php(37): CodeIgniter\CodeIgniter->run()
#4 C:\Users\XIANGLU\Desktop\Rakha\projectRakha\system\Commands\Server\rewrite.php(43): require_once('C:\\Users\\XIANGL...')
#5 {main}
CRITICAL - 2022-08-11 14:37:30 --> Too few arguments to function App\Controllers\Admin::Delete(), 0 passed in C:\Users\XIANGLU\Desktop\Rakha\projectRakha\system\CodeIgniter.php on line 832 and exactly 1 expected
#0 C:\Users\XIANGLU\Desktop\Rakha\projectRakha\system\CodeIgniter.php(832): App\Controllers\Admin->Delete()
#1 C:\Users\XIANGLU\Desktop\Rakha\projectRakha\system\CodeIgniter.php(419): CodeIgniter\CodeIgniter->runController(Object(App\Controllers\Admin))
#2 C:\Users\XIANGLU\Desktop\Rakha\projectRakha\system\CodeIgniter.php(326): CodeIgniter\CodeIgniter->handleRequest(NULL, Object(Config\Cache), false)
#3 C:\Users\XIANGLU\Desktop\Rakha\projectRakha\public\index.php(37): CodeIgniter\CodeIgniter->run()
#4 C:\Users\XIANGLU\Desktop\Rakha\projectRakha\system\Commands\Server\rewrite.php(43): require_once('C:\\Users\\XIANGL...')
#5 {main}
CRITICAL - 2022-08-11 14:37:45 --> Too few arguments to function App\Controllers\Admin::Delete(), 0 passed in C:\Users\XIANGLU\Desktop\Rakha\projectRakha\system\CodeIgniter.php on line 832 and exactly 1 expected
#0 C:\Users\XIANGLU\Desktop\Rakha\projectRakha\system\CodeIgniter.php(832): App\Controllers\Admin->Delete()
#1 C:\Users\XIANGLU\Desktop\Rakha\projectRakha\system\CodeIgniter.php(419): CodeIgniter\CodeIgniter->runController(Object(App\Controllers\Admin))
#2 C:\Users\XIANGLU\Desktop\Rakha\projectRakha\system\CodeIgniter.php(326): CodeIgniter\CodeIgniter->handleRequest(NULL, Object(Config\Cache), false)
#3 C:\Users\XIANGLU\Desktop\Rakha\projectRakha\public\index.php(37): CodeIgniter\CodeIgniter->run()
#4 C:\Users\XIANGLU\Desktop\Rakha\projectRakha\system\Commands\Server\rewrite.php(43): require_once('C:\\Users\\XIANGL...')
#5 {main}
CRITICAL - 2022-08-11 14:37:48 --> Too few arguments to function App\Controllers\Admin::Delete(), 0 passed in C:\Users\XIANGLU\Desktop\Rakha\projectRakha\system\CodeIgniter.php on line 832 and exactly 1 expected
#0 C:\Users\XIANGLU\Desktop\Rakha\projectRakha\system\CodeIgniter.php(832): App\Controllers\Admin->Delete()
#1 C:\Users\XIANGLU\Desktop\Rakha\projectRakha\system\CodeIgniter.php(419): CodeIgniter\CodeIgniter->runController(Object(App\Controllers\Admin))
#2 C:\Users\XIANGLU\Desktop\Rakha\projectRakha\system\CodeIgniter.php(326): CodeIgniter\CodeIgniter->handleRequest(NULL, Object(Config\Cache), false)
#3 C:\Users\XIANGLU\Desktop\Rakha\projectRakha\public\index.php(37): CodeIgniter\CodeIgniter->run()
#4 C:\Users\XIANGLU\Desktop\Rakha\projectRakha\system\Commands\Server\rewrite.php(43): require_once('C:\\Users\\XIANGL...')
#5 {main}
CRITICAL - 2022-08-11 14:39:24 --> Too few arguments to function App\Controllers\Admin::Delete(), 0 passed in C:\Users\XIANGLU\Desktop\Rakha\projectRakha\system\CodeIgniter.php on line 832 and exactly 1 expected
#0 C:\Users\XIANGLU\Desktop\Rakha\projectRakha\system\CodeIgniter.php(832): App\Controllers\Admin->Delete()
#1 C:\Users\XIANGLU\Desktop\Rakha\projectRakha\system\CodeIgniter.php(419): CodeIgniter\CodeIgniter->runController(Object(App\Controllers\Admin))
#2 C:\Users\XIANGLU\Desktop\Rakha\projectRakha\system\CodeIgniter.php(326): CodeIgniter\CodeIgniter->handleRequest(NULL, Object(Config\Cache), false)
#3 C:\Users\XIANGLU\Desktop\Rakha\projectRakha\public\index.php(37): CodeIgniter\CodeIgniter->run()
#4 C:\Users\XIANGLU\Desktop\Rakha\projectRakha\system\Commands\Server\rewrite.php(43): require_once('C:\\Users\\XIANGL...')
#5 {main}
